ARM GAS  C:\Users\au576633\AppData\Local\Temp\cctmwdqe.s 			page 1


   1              		.syntax unified
   2              		.cpu cortex-m3
   3              		.fpu softvfp
   4              		.eabi_attribute 20, 1
   5              		.eabi_attribute 21, 1
   6              		.eabi_attribute 23, 3
   7              		.eabi_attribute 24, 1
   8              		.eabi_attribute 25, 1
   9              		.eabi_attribute 26, 1
  10              		.eabi_attribute 30, 1
  11              		.eabi_attribute 34, 1
  12              		.eabi_attribute 18, 4
  13              		.thumb
  14              		.syntax unified
  15              		.file	"CoinDetection.c"
  16              		.text
  17              	.Ltext0:
  18              		.cfi_sections	.debug_frame
  19              		.section	.text.initCoinDetector,"ax",%progbits
  20              		.align	2
  21              		.global	initCoinDetector
  22              		.thumb
  23              		.thumb_func
  24              		.type	initCoinDetector, %function
  25              	initCoinDetector:
  26              	.LFB65:
  27              		.file 1 "CoinDetection.c"
   1:CoinDetection.c **** #include "CoinDetection.h"
   2:CoinDetection.c **** #define ISRENABLEDELAY 50
   3:CoinDetection.c **** 
   4:CoinDetection.c **** bool dispencerEnabled = true;
   5:CoinDetection.c **** 
   6:CoinDetection.c **** /*******************************************************************************
   7:CoinDetection.c **** * Function Name: handleCoinDetection
   8:CoinDetection.c **** ********************************************************************************
   9:CoinDetection.c **** *
  10:CoinDetection.c **** * Summary:    This function is called from the detection handeler
  11:CoinDetection.c **** *             It sends a message to the game controller that a coin has been
  12:CoinDetection.c **** *             detected then checks if the dispencer is enabled and calls the
  13:CoinDetection.c ****               appropriate function. Finnaly it reenables the detection ISR to 
  14:CoinDetection.c ****               make the system ready for a new coin.
  15:CoinDetection.c **** *
  16:CoinDetection.c **** * Parameters:
  17:CoinDetection.c **** *  None.
  18:CoinDetection.c **** *
  19:CoinDetection.c **** * Return:
  20:CoinDetection.c **** *  None.
  21:CoinDetection.c **** *
  22:CoinDetection.c **** *******************************************************************************/
  23:CoinDetection.c **** void handleCoinDetection()
  24:CoinDetection.c **** {
  25:CoinDetection.c ****     UART_PutString("Coin Detected\r\n");
  26:CoinDetection.c **** 
  27:CoinDetection.c ****     if(dispencerEnabled)
  28:CoinDetection.c ****     {
  29:CoinDetection.c ****         dispenserStatus();
  30:CoinDetection.c ****         coinInserted();
ARM GAS  C:\Users\au576633\AppData\Local\Temp\cctmwdqe.s 			page 2


  31:CoinDetection.c ****         acceptCoin();
  32:CoinDetection.c ****         if(countBalls() <= 2)
  33:CoinDetection.c ****             disableDispenser();
  34:CoinDetection.c ****         //DispenseBalls();
  35:CoinDetection.c ****     }
  36:CoinDetection.c ****     else
  37:CoinDetection.c ****     {
  38:CoinDetection.c ****         rejectCoin();
  39:CoinDetection.c ****     }
  40:CoinDetection.c ****     CyDelay(ISRENABLEDELAY);
  41:CoinDetection.c ****     isr_detection_Enable();
  42:CoinDetection.c ****     isr_detection_ClearPending();
  43:CoinDetection.c ****     CyDelay(ISRENABLEDELAY);
  44:CoinDetection.c **** };
  45:CoinDetection.c **** 
  46:CoinDetection.c **** /*******************************************************************************
  47:CoinDetection.c **** * Function Name: initCoinDetector
  48:CoinDetection.c **** ********************************************************************************
  49:CoinDetection.c **** *
  50:CoinDetection.c **** * Summary:    This function initialises the detection ISR.
  51:CoinDetection.c **** *
  52:CoinDetection.c **** * Parameters:
  53:CoinDetection.c **** *  None.
  54:CoinDetection.c **** *
  55:CoinDetection.c **** * Return:
  56:CoinDetection.c **** *  None.
  57:CoinDetection.c **** *
  58:CoinDetection.c **** *******************************************************************************/
  59:CoinDetection.c **** void initCoinDetector()
  60:CoinDetection.c **** {
  28              		.loc 1 60 0
  29              		.cfi_startproc
  30              		@ args = 0, pretend = 0, frame = 0
  31              		@ frame_needed = 0, uses_anonymous_args = 0
  32 0000 08B5     		push	{r3, lr}
  33              		.cfi_def_cfa_offset 8
  34              		.cfi_offset 3, -8
  35              		.cfi_offset 14, -4
  61:CoinDetection.c ****     isr_detection_StartEx(ISR_detection_handler);
  36              		.loc 1 61 0
  37 0002 0248     		ldr	r0, .L3
  38 0004 FFF7FEFF 		bl	isr_detection_StartEx
  39              	.LVL0:
  40 0008 08BD     		pop	{r3, pc}
  41              	.L4:
  42 000a 00BF     		.align	2
  43              	.L3:
  44 000c 00000000 		.word	ISR_detection_handler
  45              		.cfi_endproc
  46              	.LFE65:
  47              		.size	initCoinDetector, .-initCoinDetector
  48              		.section	.text.rejectCoin,"ax",%progbits
  49              		.align	2
  50              		.global	rejectCoin
  51              		.thumb
  52              		.thumb_func
  53              		.type	rejectCoin, %function
ARM GAS  C:\Users\au576633\AppData\Local\Temp\cctmwdqe.s 			page 3


  54              	rejectCoin:
  55              	.LFB67:
  62:CoinDetection.c **** };
  63:CoinDetection.c **** 
  64:CoinDetection.c **** 
  65:CoinDetection.c **** 
  66:CoinDetection.c **** /*******************************************************************************
  67:CoinDetection.c **** * Function Name: CY_ISR
  68:CoinDetection.c **** ********************************************************************************
  69:CoinDetection.c **** *
  70:CoinDetection.c **** * Summary:    This function is the default ISR handeler for the detection ISR.
  71:CoinDetection.c ****               It disables the ISR to prevent multiple coin detections then calls
  72:CoinDetection.c ****               the handleCoinDetection function. 
  73:CoinDetection.c **** *
  74:CoinDetection.c **** * Parameters:
  75:CoinDetection.c **** *  ISR_detection_handler spesifies which interrupt to handle
  76:CoinDetection.c **** *
  77:CoinDetection.c **** *******************************************************************************/
  78:CoinDetection.c **** CY_ISR(ISR_detection_handler)
  79:CoinDetection.c **** {
  80:CoinDetection.c ****     isr_detection_Disable();
  81:CoinDetection.c ****     UART_PutString("DetectionISR\r\n");
  82:CoinDetection.c ****     handleCoinDetection();
  83:CoinDetection.c **** }
  84:CoinDetection.c **** 
  85:CoinDetection.c **** 
  86:CoinDetection.c **** 
  87:CoinDetection.c **** /*******************************************************************************
  88:CoinDetection.c **** * Function Name: rejectCoin
  89:CoinDetection.c **** ********************************************************************************
  90:CoinDetection.c **** *
  91:CoinDetection.c **** * Summary:    This function is responcible for coin rejection, it calles the 
  92:CoinDetection.c ****               motor control functions required to reject a coin from the system.
  93:CoinDetection.c **** *
  94:CoinDetection.c **** * Parameters:
  95:CoinDetection.c **** *  None.
  96:CoinDetection.c **** *
  97:CoinDetection.c **** * Return:
  98:CoinDetection.c **** *  None.
  99:CoinDetection.c **** *
 100:CoinDetection.c **** *******************************************************************************/
 101:CoinDetection.c **** void rejectCoin()
 102:CoinDetection.c **** {
  56              		.loc 1 102 0
  57              		.cfi_startproc
  58              		@ args = 0, pretend = 0, frame = 0
  59              		@ frame_needed = 0, uses_anonymous_args = 0
  60 0000 08B5     		push	{r3, lr}
  61              		.cfi_def_cfa_offset 8
  62              		.cfi_offset 3, -8
  63              		.cfi_offset 14, -4
 103:CoinDetection.c ****     Rotate90();
  64              		.loc 1 103 0
  65 0002 FFF7FEFF 		bl	Rotate90
  66              	.LVL1:
 104:CoinDetection.c ****     revRotate90();
  67              		.loc 1 104 0
ARM GAS  C:\Users\au576633\AppData\Local\Temp\cctmwdqe.s 			page 4


  68 0006 FFF7FEFF 		bl	revRotate90
  69              	.LVL2:
  70 000a 08BD     		pop	{r3, pc}
  71              		.cfi_endproc
  72              	.LFE67:
  73              		.size	rejectCoin, .-rejectCoin
  74              		.section	.text.acceptCoin,"ax",%progbits
  75              		.align	2
  76              		.global	acceptCoin
  77              		.thumb
  78              		.thumb_func
  79              		.type	acceptCoin, %function
  80              	acceptCoin:
  81              	.LFB68:
 105:CoinDetection.c **** };
 106:CoinDetection.c **** 
 107:CoinDetection.c **** 
 108:CoinDetection.c **** 
 109:CoinDetection.c **** /*******************************************************************************
 110:CoinDetection.c **** * Function Name: acceptCoin
 111:CoinDetection.c **** ********************************************************************************
 112:CoinDetection.c **** *
 113:CoinDetection.c **** * Summary:    This function is responcible for accepting a coin into the system, 
 114:CoinDetection.c ****               it calles the motor control functions required to accept a coin
 115:CoinDetection.c ****               then reenables the detection ISR to make the system ready for a 
 116:CoinDetection.c ****               new coin.
 117:CoinDetection.c **** *
 118:CoinDetection.c **** * Parameters:
 119:CoinDetection.c **** *  None.
 120:CoinDetection.c **** *
 121:CoinDetection.c **** * Return:
 122:CoinDetection.c **** *  None.
 123:CoinDetection.c **** *
 124:CoinDetection.c **** *******************************************************************************/
 125:CoinDetection.c **** void acceptCoin()
 126:CoinDetection.c **** {
  82              		.loc 1 126 0
  83              		.cfi_startproc
  84              		@ args = 0, pretend = 0, frame = 0
  85              		@ frame_needed = 0, uses_anonymous_args = 0
  86 0000 08B5     		push	{r3, lr}
  87              		.cfi_def_cfa_offset 8
  88              		.cfi_offset 3, -8
  89              		.cfi_offset 14, -4
 127:CoinDetection.c ****     revRotate90();
  90              		.loc 1 127 0
  91 0002 FFF7FEFF 		bl	revRotate90
  92              	.LVL3:
 128:CoinDetection.c ****     Rotate90();
  93              		.loc 1 128 0
  94 0006 FFF7FEFF 		bl	Rotate90
  95              	.LVL4:
  96 000a 08BD     		pop	{r3, pc}
  97              		.cfi_endproc
  98              	.LFE68:
  99              		.size	acceptCoin, .-acceptCoin
 100              		.section	.text.disableDispenser,"ax",%progbits
ARM GAS  C:\Users\au576633\AppData\Local\Temp\cctmwdqe.s 			page 5


 101              		.align	2
 102              		.global	disableDispenser
 103              		.thumb
 104              		.thumb_func
 105              		.type	disableDispenser, %function
 106              	disableDispenser:
 107              	.LFB69:
 129:CoinDetection.c **** };
 130:CoinDetection.c **** 
 131:CoinDetection.c **** 
 132:CoinDetection.c **** 
 133:CoinDetection.c **** /*******************************************************************************
 134:CoinDetection.c **** * Function Name: disableDispencer
 135:CoinDetection.c **** ********************************************************************************
 136:CoinDetection.c **** *
 137:CoinDetection.c **** * Summary:    This function disables the dispenser, this function is called from
 138:CoinDetection.c ****               the I2C handler when it recives a message from the game controller 
 139:CoinDetection.c ****               that the game is active.
 140:CoinDetection.c **** *
 141:CoinDetection.c **** * Parameters:
 142:CoinDetection.c **** *  None.
 143:CoinDetection.c **** *
 144:CoinDetection.c **** * Return:
 145:CoinDetection.c **** *  None.
 146:CoinDetection.c **** *
 147:CoinDetection.c **** *******************************************************************************/
 148:CoinDetection.c **** void disableDispenser()
 149:CoinDetection.c **** {
 108              		.loc 1 149 0
 109              		.cfi_startproc
 110              		@ args = 0, pretend = 0, frame = 0
 111              		@ frame_needed = 0, uses_anonymous_args = 0
 112 0000 08B5     		push	{r3, lr}
 113              		.cfi_def_cfa_offset 8
 114              		.cfi_offset 3, -8
 115              		.cfi_offset 14, -4
 150:CoinDetection.c ****     dispencerEnabled = false;
 116              		.loc 1 150 0
 117 0002 0022     		movs	r2, #0
 118 0004 024B     		ldr	r3, .L11
 119 0006 1A70     		strb	r2, [r3]
 151:CoinDetection.c ****     UART_PutString("Coinmaster 2000 disabled\r\n");
 120              		.loc 1 151 0
 121 0008 0248     		ldr	r0, .L11+4
 122 000a FFF7FEFF 		bl	UART_PutString
 123              	.LVL5:
 124 000e 08BD     		pop	{r3, pc}
 125              	.L12:
 126              		.align	2
 127              	.L11:
 128 0010 00000000 		.word	.LANCHOR0
 129 0014 00000000 		.word	.LC0
 130              		.cfi_endproc
 131              	.LFE69:
 132              		.size	disableDispenser, .-disableDispenser
 133              		.section	.text.handleCoinDetection,"ax",%progbits
 134              		.align	2
ARM GAS  C:\Users\au576633\AppData\Local\Temp\cctmwdqe.s 			page 6


 135              		.global	handleCoinDetection
 136              		.thumb
 137              		.thumb_func
 138              		.type	handleCoinDetection, %function
 139              	handleCoinDetection:
 140              	.LFB64:
  24:CoinDetection.c ****     UART_PutString("Coin Detected\r\n");
 141              		.loc 1 24 0
 142              		.cfi_startproc
 143              		@ args = 0, pretend = 0, frame = 0
 144              		@ frame_needed = 0, uses_anonymous_args = 0
 145 0000 08B5     		push	{r3, lr}
 146              		.cfi_def_cfa_offset 8
 147              		.cfi_offset 3, -8
 148              		.cfi_offset 14, -4
  25:CoinDetection.c **** 
 149              		.loc 1 25 0
 150 0002 1048     		ldr	r0, .L17
 151 0004 FFF7FEFF 		bl	UART_PutString
 152              	.LVL6:
  27:CoinDetection.c ****     {
 153              		.loc 1 27 0
 154 0008 0F4B     		ldr	r3, .L17+4
 155 000a 1B78     		ldrb	r3, [r3]	@ zero_extendqisi2
 156 000c 63B1     		cbz	r3, .L14
  29:CoinDetection.c ****         coinInserted();
 157              		.loc 1 29 0
 158 000e FFF7FEFF 		bl	dispenserStatus
 159              	.LVL7:
  30:CoinDetection.c ****         acceptCoin();
 160              		.loc 1 30 0
 161 0012 FFF7FEFF 		bl	coinInserted
 162              	.LVL8:
  31:CoinDetection.c ****         if(countBalls() <= 2)
 163              		.loc 1 31 0
 164 0016 FFF7FEFF 		bl	acceptCoin
 165              	.LVL9:
  32:CoinDetection.c ****             disableDispenser();
 166              		.loc 1 32 0
 167 001a FFF7FEFF 		bl	countBalls
 168              	.LVL10:
 169 001e 0228     		cmp	r0, #2
 170 0020 04DC     		bgt	.L15
  33:CoinDetection.c ****         //DispenseBalls();
 171              		.loc 1 33 0
 172 0022 FFF7FEFF 		bl	disableDispenser
 173              	.LVL11:
 174 0026 01E0     		b	.L15
 175              	.L14:
  38:CoinDetection.c ****     }
 176              		.loc 1 38 0
 177 0028 FFF7FEFF 		bl	rejectCoin
 178              	.LVL12:
 179              	.L15:
  40:CoinDetection.c ****     isr_detection_Enable();
 180              		.loc 1 40 0
 181 002c 3220     		movs	r0, #50
ARM GAS  C:\Users\au576633\AppData\Local\Temp\cctmwdqe.s 			page 7


 182 002e FFF7FEFF 		bl	CyDelay
 183              	.LVL13:
  41:CoinDetection.c ****     isr_detection_ClearPending();
 184              		.loc 1 41 0
 185 0032 FFF7FEFF 		bl	isr_detection_Enable
 186              	.LVL14:
  42:CoinDetection.c ****     CyDelay(ISRENABLEDELAY);
 187              		.loc 1 42 0
 188 0036 FFF7FEFF 		bl	isr_detection_ClearPending
 189              	.LVL15:
  43:CoinDetection.c **** };
 190              		.loc 1 43 0
 191 003a 3220     		movs	r0, #50
 192 003c FFF7FEFF 		bl	CyDelay
 193              	.LVL16:
 194 0040 08BD     		pop	{r3, pc}
 195              	.L18:
 196 0042 00BF     		.align	2
 197              	.L17:
 198 0044 1C000000 		.word	.LC1
 199 0048 00000000 		.word	.LANCHOR0
 200              		.cfi_endproc
 201              	.LFE64:
 202              		.size	handleCoinDetection, .-handleCoinDetection
 203              		.section	.text.ISR_detection_handler,"ax",%progbits
 204              		.align	2
 205              		.global	ISR_detection_handler
 206              		.thumb
 207              		.thumb_func
 208              		.type	ISR_detection_handler, %function
 209              	ISR_detection_handler:
 210              	.LFB66:
  79:CoinDetection.c ****     isr_detection_Disable();
 211              		.loc 1 79 0
 212              		.cfi_startproc
 213              		@ args = 0, pretend = 0, frame = 0
 214              		@ frame_needed = 0, uses_anonymous_args = 0
 215 0000 08B5     		push	{r3, lr}
 216              		.cfi_def_cfa_offset 8
 217              		.cfi_offset 3, -8
 218              		.cfi_offset 14, -4
  80:CoinDetection.c ****     UART_PutString("DetectionISR\r\n");
 219              		.loc 1 80 0
 220 0002 FFF7FEFF 		bl	isr_detection_Disable
 221              	.LVL17:
  81:CoinDetection.c ****     handleCoinDetection();
 222              		.loc 1 81 0
 223 0006 0348     		ldr	r0, .L21
 224 0008 FFF7FEFF 		bl	UART_PutString
 225              	.LVL18:
  82:CoinDetection.c **** }
 226              		.loc 1 82 0
 227 000c FFF7FEFF 		bl	handleCoinDetection
 228              	.LVL19:
 229 0010 08BD     		pop	{r3, pc}
 230              	.L22:
 231 0012 00BF     		.align	2
ARM GAS  C:\Users\au576633\AppData\Local\Temp\cctmwdqe.s 			page 8


 232              	.L21:
 233 0014 2C000000 		.word	.LC2
 234              		.cfi_endproc
 235              	.LFE66:
 236              		.size	ISR_detection_handler, .-ISR_detection_handler
 237              		.section	.text.enableDispenser,"ax",%progbits
 238              		.align	2
 239              		.global	enableDispenser
 240              		.thumb
 241              		.thumb_func
 242              		.type	enableDispenser, %function
 243              	enableDispenser:
 244              	.LFB70:
 152:CoinDetection.c **** };
 153:CoinDetection.c **** 
 154:CoinDetection.c **** 
 155:CoinDetection.c **** 
 156:CoinDetection.c **** /*******************************************************************************
 157:CoinDetection.c **** * Function Name: enableDispencer
 158:CoinDetection.c **** ********************************************************************************
 159:CoinDetection.c **** *
 160:CoinDetection.c **** * Summary:    This function enables the dispenser, this function is called from
 161:CoinDetection.c ****               the I2C handler when it recives a message from the game controller 
 162:CoinDetection.c ****               that the game is idle.
 163:CoinDetection.c **** *
 164:CoinDetection.c **** * Parameters:
 165:CoinDetection.c **** *  None.
 166:CoinDetection.c **** *
 167:CoinDetection.c **** * Return:
 168:CoinDetection.c **** *  None.
 169:CoinDetection.c **** *
 170:CoinDetection.c **** *******************************************************************************/
 171:CoinDetection.c **** void enableDispenser()
 172:CoinDetection.c **** {
 245              		.loc 1 172 0
 246              		.cfi_startproc
 247              		@ args = 0, pretend = 0, frame = 0
 248              		@ frame_needed = 0, uses_anonymous_args = 0
 249 0000 08B5     		push	{r3, lr}
 250              		.cfi_def_cfa_offset 8
 251              		.cfi_offset 3, -8
 252              		.cfi_offset 14, -4
 173:CoinDetection.c ****     dispencerEnabled = true;
 253              		.loc 1 173 0
 254 0002 0122     		movs	r2, #1
 255 0004 024B     		ldr	r3, .L25
 256 0006 1A70     		strb	r2, [r3]
 174:CoinDetection.c ****     UART_PutString("Coinmaster 2000 enabled\r\n");
 257              		.loc 1 174 0
 258 0008 0248     		ldr	r0, .L25+4
 259 000a FFF7FEFF 		bl	UART_PutString
 260              	.LVL20:
 261 000e 08BD     		pop	{r3, pc}
 262              	.L26:
 263              		.align	2
 264              	.L25:
 265 0010 00000000 		.word	.LANCHOR0
ARM GAS  C:\Users\au576633\AppData\Local\Temp\cctmwdqe.s 			page 9


 266 0014 3C000000 		.word	.LC3
 267              		.cfi_endproc
 268              	.LFE70:
 269              		.size	enableDispenser, .-enableDispenser
 270              		.section	.text.resetDetectorISR,"ax",%progbits
 271              		.align	2
 272              		.global	resetDetectorISR
 273              		.thumb
 274              		.thumb_func
 275              		.type	resetDetectorISR, %function
 276              	resetDetectorISR:
 277              	.LFB71:
 175:CoinDetection.c **** };
 176:CoinDetection.c **** 
 177:CoinDetection.c **** 
 178:CoinDetection.c **** 
 179:CoinDetection.c **** /*******************************************************************************
 180:CoinDetection.c **** * Function Name: resetDetectorISR
 181:CoinDetection.c **** ********************************************************************************
 182:CoinDetection.c **** *
 183:CoinDetection.c **** * Summary:    Debugging function used to reenable the detection ISR.
 184:CoinDetection.c **** *
 185:CoinDetection.c **** * Parameters:
 186:CoinDetection.c **** *  None.
 187:CoinDetection.c **** *
 188:CoinDetection.c **** * Return:
 189:CoinDetection.c **** *  None.
 190:CoinDetection.c **** *
 191:CoinDetection.c **** *******************************************************************************/
 192:CoinDetection.c **** void resetDetectorISR()
 193:CoinDetection.c **** {
 278              		.loc 1 193 0
 279              		.cfi_startproc
 280              		@ args = 0, pretend = 0, frame = 0
 281              		@ frame_needed = 0, uses_anonymous_args = 0
 282 0000 08B5     		push	{r3, lr}
 283              		.cfi_def_cfa_offset 8
 284              		.cfi_offset 3, -8
 285              		.cfi_offset 14, -4
 194:CoinDetection.c ****     isr_detection_Enable();
 286              		.loc 1 194 0
 287 0002 FFF7FEFF 		bl	isr_detection_Enable
 288              	.LVL21:
 195:CoinDetection.c ****     UART_PutString("Interupt Reset\r\n");
 289              		.loc 1 195 0
 290 0006 0248     		ldr	r0, .L29
 291 0008 FFF7FEFF 		bl	UART_PutString
 292              	.LVL22:
 293 000c 08BD     		pop	{r3, pc}
 294              	.L30:
 295 000e 00BF     		.align	2
 296              	.L29:
 297 0010 58000000 		.word	.LC4
 298              		.cfi_endproc
 299              	.LFE71:
 300              		.size	resetDetectorISR, .-resetDetectorISR
 301              		.global	dispencerEnabled
ARM GAS  C:\Users\au576633\AppData\Local\Temp\cctmwdqe.s 			page 10


 302              		.data
 303              		.set	.LANCHOR0,. + 0
 304              		.type	dispencerEnabled, %object
 305              		.size	dispencerEnabled, 1
 306              	dispencerEnabled:
 307 0000 01       		.byte	1
 308              		.section	.rodata.str1.4,"aMS",%progbits,1
 309              		.align	2
 310              	.LC0:
 311 0000 436F696E 		.ascii	"Coinmaster 2000 disabled\015\012\000"
 311      6D617374 
 311      65722032 
 311      30303020 
 311      64697361 
 312 001b 00       		.space	1
 313              	.LC1:
 314 001c 436F696E 		.ascii	"Coin Detected\015\012\000"
 314      20446574 
 314      65637465 
 314      640D0A00 
 315              	.LC2:
 316 002c 44657465 		.ascii	"DetectionISR\015\012\000"
 316      6374696F 
 316      6E495352 
 316      0D0A00
 317 003b 00       		.space	1
 318              	.LC3:
 319 003c 436F696E 		.ascii	"Coinmaster 2000 enabled\015\012\000"
 319      6D617374 
 319      65722032 
 319      30303020 
 319      656E6162 
 320 0056 0000     		.space	2
 321              	.LC4:
 322 0058 496E7465 		.ascii	"Interupt Reset\015\012\000"
 322      72757074 
 322      20526573 
 322      65740D0A 
 322      00
 323              		.text
 324              	.Letext0:
 325              		.file 2 "c:\\program files (x86)\\cypress\\psoc creator\\4.2\\psoc creator\\import\\gnu\\arm\\5.4.
 326              		.file 3 "c:\\program files (x86)\\cypress\\psoc creator\\4.2\\psoc creator\\import\\gnu\\arm\\5.4.
 327              		.file 4 "Generated_Source\\PSoC5/core_cm3.h"
 328              		.file 5 "Generated_Source\\PSoC5/isr_detection.h"
 329              		.file 6 "MotorControl.h"
 330              		.file 7 "Generated_Source\\PSoC5/UART.h"
 331              		.file 8 "RPi_IF.h"
 332              		.file 9 "Balldispenser.h"
 333              		.file 10 "Generated_Source\\PSoC5/CyLib.h"
 334              		.section	.debug_info,"",%progbits
 335              	.Ldebug_info0:
 336 0000 18030000 		.4byte	0x318
 337 0004 0400     		.2byte	0x4
 338 0006 00000000 		.4byte	.Ldebug_abbrev0
 339 000a 04       		.byte	0x4
 340 000b 01       		.uleb128 0x1
ARM GAS  C:\Users\au576633\AppData\Local\Temp\cctmwdqe.s 			page 11


 341 000c ED000000 		.4byte	.LASF37
 342 0010 0C       		.byte	0xc
 343 0011 74020000 		.4byte	.LASF38
 344 0015 81000000 		.4byte	.LASF39
 345 0019 00000000 		.4byte	.Ldebug_ranges0+0
 346 001d 00000000 		.4byte	0
 347 0021 00000000 		.4byte	.Ldebug_line0
 348 0025 02       		.uleb128 0x2
 349 0026 01       		.byte	0x1
 350 0027 06       		.byte	0x6
 351 0028 A0020000 		.4byte	.LASF0
 352 002c 02       		.uleb128 0x2
 353 002d 01       		.byte	0x1
 354 002e 08       		.byte	0x8
 355 002f DF000000 		.4byte	.LASF1
 356 0033 02       		.uleb128 0x2
 357 0034 02       		.byte	0x2
 358 0035 05       		.byte	0x5
 359 0036 6A020000 		.4byte	.LASF2
 360 003a 02       		.uleb128 0x2
 361 003b 02       		.byte	0x2
 362 003c 07       		.byte	0x7
 363 003d 8D010000 		.4byte	.LASF3
 364 0041 03       		.uleb128 0x3
 365 0042 3C000000 		.4byte	.LASF9
 366 0046 02       		.byte	0x2
 367 0047 3F       		.byte	0x3f
 368 0048 4C000000 		.4byte	0x4c
 369 004c 02       		.uleb128 0x2
 370 004d 04       		.byte	0x4
 371 004e 05       		.byte	0x5
 372 004f 46000000 		.4byte	.LASF4
 373 0053 02       		.uleb128 0x2
 374 0054 04       		.byte	0x4
 375 0055 07       		.byte	0x7
 376 0056 7B010000 		.4byte	.LASF5
 377 005a 02       		.uleb128 0x2
 378 005b 08       		.byte	0x8
 379 005c 05       		.byte	0x5
 380 005d 57020000 		.4byte	.LASF6
 381 0061 02       		.uleb128 0x2
 382 0062 08       		.byte	0x8
 383 0063 07       		.byte	0x7
 384 0064 19020000 		.4byte	.LASF7
 385 0068 04       		.uleb128 0x4
 386 0069 04       		.byte	0x4
 387 006a 05       		.byte	0x5
 388 006b 696E7400 		.ascii	"int\000"
 389 006f 02       		.uleb128 0x2
 390 0070 04       		.byte	0x4
 391 0071 07       		.byte	0x7
 392 0072 0C020000 		.4byte	.LASF8
 393 0076 03       		.uleb128 0x3
 394 0077 46020000 		.4byte	.LASF10
 395 007b 03       		.byte	0x3
 396 007c 2C       		.byte	0x2c
 397 007d 41000000 		.4byte	0x41
ARM GAS  C:\Users\au576633\AppData\Local\Temp\cctmwdqe.s 			page 12


 398 0081 02       		.uleb128 0x2
 399 0082 04       		.byte	0x4
 400 0083 04       		.byte	0x4
 401 0084 7B000000 		.4byte	.LASF11
 402 0088 02       		.uleb128 0x2
 403 0089 08       		.byte	0x8
 404 008a 04       		.byte	0x4
 405 008b BE010000 		.4byte	.LASF12
 406 008f 02       		.uleb128 0x2
 407 0090 01       		.byte	0x1
 408 0091 08       		.byte	0x8
 409 0092 65020000 		.4byte	.LASF13
 410 0096 02       		.uleb128 0x2
 411 0097 08       		.byte	0x8
 412 0098 04       		.byte	0x4
 413 0099 94020000 		.4byte	.LASF14
 414 009d 02       		.uleb128 0x2
 415 009e 04       		.byte	0x4
 416 009f 07       		.byte	0x7
 417 00a0 4E020000 		.4byte	.LASF15
 418 00a4 05       		.uleb128 0x5
 419 00a5 A0010000 		.4byte	.LASF16
 420 00a9 01       		.byte	0x1
 421 00aa 3B       		.byte	0x3b
 422 00ab 00000000 		.4byte	.LFB65
 423 00af 10000000 		.4byte	.LFE65-.LFB65
 424 00b3 01       		.uleb128 0x1
 425 00b4 9C       		.byte	0x9c
 426 00b5 CD000000 		.4byte	0xcd
 427 00b9 06       		.uleb128 0x6
 428 00ba 08000000 		.4byte	.LVL0
 429 00be A2020000 		.4byte	0x2a2
 430 00c2 07       		.uleb128 0x7
 431 00c3 01       		.uleb128 0x1
 432 00c4 50       		.byte	0x50
 433 00c5 05       		.uleb128 0x5
 434 00c6 03       		.byte	0x3
 435 00c7 00000000 		.4byte	ISR_detection_handler
 436 00cb 00       		.byte	0
 437 00cc 00       		.byte	0
 438 00cd 05       		.uleb128 0x5
 439 00ce 70000000 		.4byte	.LASF17
 440 00d2 01       		.byte	0x1
 441 00d3 65       		.byte	0x65
 442 00d4 00000000 		.4byte	.LFB67
 443 00d8 0C000000 		.4byte	.LFE67-.LFB67
 444 00dc 01       		.uleb128 0x1
 445 00dd 9C       		.byte	0x9c
 446 00de F5000000 		.4byte	0xf5
 447 00e2 08       		.uleb128 0x8
 448 00e3 06000000 		.4byte	.LVL1
 449 00e7 AD020000 		.4byte	0x2ad
 450 00eb 08       		.uleb128 0x8
 451 00ec 0A000000 		.4byte	.LVL2
 452 00f0 B8020000 		.4byte	0x2b8
 453 00f4 00       		.byte	0
 454 00f5 05       		.uleb128 0x5
ARM GAS  C:\Users\au576633\AppData\Local\Temp\cctmwdqe.s 			page 13


 455 00f6 58000000 		.4byte	.LASF18
 456 00fa 01       		.byte	0x1
 457 00fb 7D       		.byte	0x7d
 458 00fc 00000000 		.4byte	.LFB68
 459 0100 0C000000 		.4byte	.LFE68-.LFB68
 460 0104 01       		.uleb128 0x1
 461 0105 9C       		.byte	0x9c
 462 0106 1D010000 		.4byte	0x11d
 463 010a 08       		.uleb128 0x8
 464 010b 06000000 		.4byte	.LVL3
 465 010f B8020000 		.4byte	0x2b8
 466 0113 08       		.uleb128 0x8
 467 0114 0A000000 		.4byte	.LVL4
 468 0118 AD020000 		.4byte	0x2ad
 469 011c 00       		.byte	0
 470 011d 05       		.uleb128 0x5
 471 011e D1010000 		.4byte	.LASF19
 472 0122 01       		.byte	0x1
 473 0123 94       		.byte	0x94
 474 0124 00000000 		.4byte	.LFB69
 475 0128 18000000 		.4byte	.LFE69-.LFB69
 476 012c 01       		.uleb128 0x1
 477 012d 9C       		.byte	0x9c
 478 012e 46010000 		.4byte	0x146
 479 0132 06       		.uleb128 0x6
 480 0133 0E000000 		.4byte	.LVL5
 481 0137 C3020000 		.4byte	0x2c3
 482 013b 07       		.uleb128 0x7
 483 013c 01       		.uleb128 0x1
 484 013d 50       		.byte	0x50
 485 013e 05       		.uleb128 0x5
 486 013f 03       		.byte	0x3
 487 0140 00000000 		.4byte	.LC0
 488 0144 00       		.byte	0
 489 0145 00       		.byte	0
 490 0146 05       		.uleb128 0x5
 491 0147 F8010000 		.4byte	.LASF20
 492 014b 01       		.byte	0x1
 493 014c 17       		.byte	0x17
 494 014d 00000000 		.4byte	.LFB64
 495 0151 4C000000 		.4byte	.LFE64-.LFB64
 496 0155 01       		.uleb128 0x1
 497 0156 9C       		.byte	0x9c
 498 0157 DF010000 		.4byte	0x1df
 499 015b 09       		.uleb128 0x9
 500 015c 08000000 		.4byte	.LVL6
 501 0160 C3020000 		.4byte	0x2c3
 502 0164 72010000 		.4byte	0x172
 503 0168 07       		.uleb128 0x7
 504 0169 01       		.uleb128 0x1
 505 016a 50       		.byte	0x50
 506 016b 05       		.uleb128 0x5
 507 016c 03       		.byte	0x3
 508 016d 1C000000 		.4byte	.LC1
 509 0171 00       		.byte	0
 510 0172 08       		.uleb128 0x8
 511 0173 12000000 		.4byte	.LVL7
ARM GAS  C:\Users\au576633\AppData\Local\Temp\cctmwdqe.s 			page 14


 512 0177 CE020000 		.4byte	0x2ce
 513 017b 08       		.uleb128 0x8
 514 017c 16000000 		.4byte	.LVL8
 515 0180 D9020000 		.4byte	0x2d9
 516 0184 08       		.uleb128 0x8
 517 0185 1A000000 		.4byte	.LVL9
 518 0189 F5000000 		.4byte	0xf5
 519 018d 08       		.uleb128 0x8
 520 018e 1E000000 		.4byte	.LVL10
 521 0192 E4020000 		.4byte	0x2e4
 522 0196 08       		.uleb128 0x8
 523 0197 26000000 		.4byte	.LVL11
 524 019b 1D010000 		.4byte	0x11d
 525 019f 08       		.uleb128 0x8
 526 01a0 2C000000 		.4byte	.LVL12
 527 01a4 CD000000 		.4byte	0xcd
 528 01a8 09       		.uleb128 0x9
 529 01a9 32000000 		.4byte	.LVL13
 530 01ad EF020000 		.4byte	0x2ef
 531 01b1 BC010000 		.4byte	0x1bc
 532 01b5 07       		.uleb128 0x7
 533 01b6 01       		.uleb128 0x1
 534 01b7 50       		.byte	0x50
 535 01b8 02       		.uleb128 0x2
 536 01b9 08       		.byte	0x8
 537 01ba 32       		.byte	0x32
 538 01bb 00       		.byte	0
 539 01bc 08       		.uleb128 0x8
 540 01bd 36000000 		.4byte	.LVL14
 541 01c1 FA020000 		.4byte	0x2fa
 542 01c5 08       		.uleb128 0x8
 543 01c6 3A000000 		.4byte	.LVL15
 544 01ca 05030000 		.4byte	0x305
 545 01ce 06       		.uleb128 0x6
 546 01cf 40000000 		.4byte	.LVL16
 547 01d3 EF020000 		.4byte	0x2ef
 548 01d7 07       		.uleb128 0x7
 549 01d8 01       		.uleb128 0x1
 550 01d9 50       		.byte	0x50
 551 01da 02       		.uleb128 0x2
 552 01db 08       		.byte	0x8
 553 01dc 32       		.byte	0x32
 554 01dd 00       		.byte	0
 555 01de 00       		.byte	0
 556 01df 0A       		.uleb128 0xa
 557 01e0 26000000 		.4byte	.LASF40
 558 01e4 01       		.byte	0x1
 559 01e5 4E       		.byte	0x4e
 560 01e6 00000000 		.4byte	.LFB66
 561 01ea 18000000 		.4byte	.LFE66-.LFB66
 562 01ee 01       		.uleb128 0x1
 563 01ef 9C       		.byte	0x9c
 564 01f0 1E020000 		.4byte	0x21e
 565 01f4 08       		.uleb128 0x8
 566 01f5 06000000 		.4byte	.LVL17
 567 01f9 10030000 		.4byte	0x310
 568 01fd 09       		.uleb128 0x9
ARM GAS  C:\Users\au576633\AppData\Local\Temp\cctmwdqe.s 			page 15


 569 01fe 0C000000 		.4byte	.LVL18
 570 0202 C3020000 		.4byte	0x2c3
 571 0206 14020000 		.4byte	0x214
 572 020a 07       		.uleb128 0x7
 573 020b 01       		.uleb128 0x1
 574 020c 50       		.byte	0x50
 575 020d 05       		.uleb128 0x5
 576 020e 03       		.byte	0x3
 577 020f 2C000000 		.4byte	.LC2
 578 0213 00       		.byte	0
 579 0214 08       		.uleb128 0x8
 580 0215 10000000 		.4byte	.LVL19
 581 0219 46010000 		.4byte	0x146
 582 021d 00       		.byte	0
 583 021e 05       		.uleb128 0x5
 584 021f 84020000 		.4byte	.LASF21
 585 0223 01       		.byte	0x1
 586 0224 AB       		.byte	0xab
 587 0225 00000000 		.4byte	.LFB70
 588 0229 18000000 		.4byte	.LFE70-.LFB70
 589 022d 01       		.uleb128 0x1
 590 022e 9C       		.byte	0x9c
 591 022f 47020000 		.4byte	0x247
 592 0233 06       		.uleb128 0x6
 593 0234 0E000000 		.4byte	.LVL20
 594 0238 C3020000 		.4byte	0x2c3
 595 023c 07       		.uleb128 0x7
 596 023d 01       		.uleb128 0x1
 597 023e 50       		.byte	0x50
 598 023f 05       		.uleb128 0x5
 599 0240 03       		.byte	0x3
 600 0241 3C000000 		.4byte	.LC3
 601 0245 00       		.byte	0
 602 0246 00       		.byte	0
 603 0247 05       		.uleb128 0x5
 604 0248 E4020000 		.4byte	.LASF22
 605 024c 01       		.byte	0x1
 606 024d C0       		.byte	0xc0
 607 024e 00000000 		.4byte	.LFB71
 608 0252 14000000 		.4byte	.LFE71-.LFB71
 609 0256 01       		.uleb128 0x1
 610 0257 9C       		.byte	0x9c
 611 0258 79020000 		.4byte	0x279
 612 025c 08       		.uleb128 0x8
 613 025d 06000000 		.4byte	.LVL21
 614 0261 FA020000 		.4byte	0x2fa
 615 0265 06       		.uleb128 0x6
 616 0266 0C000000 		.4byte	.LVL22
 617 026a C3020000 		.4byte	0x2c3
 618 026e 07       		.uleb128 0x7
 619 026f 01       		.uleb128 0x1
 620 0270 50       		.byte	0x50
 621 0271 05       		.uleb128 0x5
 622 0272 03       		.byte	0x3
 623 0273 58000000 		.4byte	.LC4
 624 0277 00       		.byte	0
 625 0278 00       		.byte	0
ARM GAS  C:\Users\au576633\AppData\Local\Temp\cctmwdqe.s 			page 16


 626 0279 0B       		.uleb128 0xb
 627 027a B1010000 		.4byte	.LASF23
 628 027e 04       		.byte	0x4
 629 027f 1207     		.2byte	0x712
 630 0281 85020000 		.4byte	0x285
 631 0285 0C       		.uleb128 0xc
 632 0286 76000000 		.4byte	0x76
 633 028a 0D       		.uleb128 0xd
 634 028b 15000000 		.4byte	.LASF24
 635 028f 01       		.byte	0x1
 636 0290 04       		.byte	0x4
 637 0291 9B020000 		.4byte	0x29b
 638 0295 05       		.uleb128 0x5
 639 0296 03       		.byte	0x3
 640 0297 00000000 		.4byte	dispencerEnabled
 641 029b 02       		.uleb128 0x2
 642 029c 01       		.byte	0x1
 643 029d 02       		.byte	0x2
 644 029e C6020000 		.4byte	.LASF25
 645 02a2 0E       		.uleb128 0xe
 646 02a3 E2010000 		.4byte	.LASF26
 647 02a7 E2010000 		.4byte	.LASF26
 648 02ab 05       		.byte	0x5
 649 02ac 18       		.byte	0x18
 650 02ad 0E       		.uleb128 0xe
 651 02ae 4F000000 		.4byte	.LASF27
 652 02b2 4F000000 		.4byte	.LASF27
 653 02b6 06       		.byte	0x6
 654 02b7 0E       		.byte	0xe
 655 02b8 0E       		.uleb128 0xe
 656 02b9 C5010000 		.4byte	.LASF28
 657 02bd C5010000 		.4byte	.LASF28
 658 02c1 06       		.byte	0x6
 659 02c2 12       		.byte	0x12
 660 02c3 0E       		.uleb128 0xe
 661 02c4 AC020000 		.4byte	.LASF29
 662 02c8 AC020000 		.4byte	.LASF29
 663 02cc 07       		.byte	0x7
 664 02cd 8B       		.byte	0x8b
 665 02ce 0E       		.uleb128 0xe
 666 02cf CC020000 		.4byte	.LASF30
 667 02d3 CC020000 		.4byte	.LASF30
 668 02d7 08       		.byte	0x8
 669 02d8 19       		.byte	0x19
 670 02d9 0E       		.uleb128 0xe
 671 02da 63000000 		.4byte	.LASF31
 672 02de 63000000 		.4byte	.LASF31
 673 02e2 08       		.byte	0x8
 674 02e3 0F       		.byte	0xf
 675 02e4 0E       		.uleb128 0xe
 676 02e5 BB020000 		.4byte	.LASF32
 677 02e9 BB020000 		.4byte	.LASF32
 678 02ed 09       		.byte	0x9
 679 02ee 0E       		.byte	0xe
 680 02ef 0E       		.uleb128 0xe
 681 02f0 DC020000 		.4byte	.LASF33
 682 02f4 DC020000 		.4byte	.LASF33
ARM GAS  C:\Users\au576633\AppData\Local\Temp\cctmwdqe.s 			page 17


 683 02f8 0A       		.byte	0xa
 684 02f9 76       		.byte	0x76
 685 02fa 0E       		.uleb128 0xe
 686 02fb 00000000 		.4byte	.LASF34
 687 02ff 00000000 		.4byte	.LASF34
 688 0303 05       		.byte	0x5
 689 0304 23       		.byte	0x23
 690 0305 0E       		.uleb128 0xe
 691 0306 F5020000 		.4byte	.LASF35
 692 030a F5020000 		.4byte	.LASF35
 693 030e 05       		.byte	0x5
 694 030f 28       		.byte	0x28
 695 0310 0E       		.uleb128 0xe
 696 0311 30020000 		.4byte	.LASF36
 697 0315 30020000 		.4byte	.LASF36
 698 0319 05       		.byte	0x5
 699 031a 25       		.byte	0x25
 700 031b 00       		.byte	0
 701              		.section	.debug_abbrev,"",%progbits
 702              	.Ldebug_abbrev0:
 703 0000 01       		.uleb128 0x1
 704 0001 11       		.uleb128 0x11
 705 0002 01       		.byte	0x1
 706 0003 25       		.uleb128 0x25
 707 0004 0E       		.uleb128 0xe
 708 0005 13       		.uleb128 0x13
 709 0006 0B       		.uleb128 0xb
 710 0007 03       		.uleb128 0x3
 711 0008 0E       		.uleb128 0xe
 712 0009 1B       		.uleb128 0x1b
 713 000a 0E       		.uleb128 0xe
 714 000b 55       		.uleb128 0x55
 715 000c 17       		.uleb128 0x17
 716 000d 11       		.uleb128 0x11
 717 000e 01       		.uleb128 0x1
 718 000f 10       		.uleb128 0x10
 719 0010 17       		.uleb128 0x17
 720 0011 00       		.byte	0
 721 0012 00       		.byte	0
 722 0013 02       		.uleb128 0x2
 723 0014 24       		.uleb128 0x24
 724 0015 00       		.byte	0
 725 0016 0B       		.uleb128 0xb
 726 0017 0B       		.uleb128 0xb
 727 0018 3E       		.uleb128 0x3e
 728 0019 0B       		.uleb128 0xb
 729 001a 03       		.uleb128 0x3
 730 001b 0E       		.uleb128 0xe
 731 001c 00       		.byte	0
 732 001d 00       		.byte	0
 733 001e 03       		.uleb128 0x3
 734 001f 16       		.uleb128 0x16
 735 0020 00       		.byte	0
 736 0021 03       		.uleb128 0x3
 737 0022 0E       		.uleb128 0xe
 738 0023 3A       		.uleb128 0x3a
 739 0024 0B       		.uleb128 0xb
ARM GAS  C:\Users\au576633\AppData\Local\Temp\cctmwdqe.s 			page 18


 740 0025 3B       		.uleb128 0x3b
 741 0026 0B       		.uleb128 0xb
 742 0027 49       		.uleb128 0x49
 743 0028 13       		.uleb128 0x13
 744 0029 00       		.byte	0
 745 002a 00       		.byte	0
 746 002b 04       		.uleb128 0x4
 747 002c 24       		.uleb128 0x24
 748 002d 00       		.byte	0
 749 002e 0B       		.uleb128 0xb
 750 002f 0B       		.uleb128 0xb
 751 0030 3E       		.uleb128 0x3e
 752 0031 0B       		.uleb128 0xb
 753 0032 03       		.uleb128 0x3
 754 0033 08       		.uleb128 0x8
 755 0034 00       		.byte	0
 756 0035 00       		.byte	0
 757 0036 05       		.uleb128 0x5
 758 0037 2E       		.uleb128 0x2e
 759 0038 01       		.byte	0x1
 760 0039 3F       		.uleb128 0x3f
 761 003a 19       		.uleb128 0x19
 762 003b 03       		.uleb128 0x3
 763 003c 0E       		.uleb128 0xe
 764 003d 3A       		.uleb128 0x3a
 765 003e 0B       		.uleb128 0xb
 766 003f 3B       		.uleb128 0x3b
 767 0040 0B       		.uleb128 0xb
 768 0041 11       		.uleb128 0x11
 769 0042 01       		.uleb128 0x1
 770 0043 12       		.uleb128 0x12
 771 0044 06       		.uleb128 0x6
 772 0045 40       		.uleb128 0x40
 773 0046 18       		.uleb128 0x18
 774 0047 9742     		.uleb128 0x2117
 775 0049 19       		.uleb128 0x19
 776 004a 01       		.uleb128 0x1
 777 004b 13       		.uleb128 0x13
 778 004c 00       		.byte	0
 779 004d 00       		.byte	0
 780 004e 06       		.uleb128 0x6
 781 004f 898201   		.uleb128 0x4109
 782 0052 01       		.byte	0x1
 783 0053 11       		.uleb128 0x11
 784 0054 01       		.uleb128 0x1
 785 0055 31       		.uleb128 0x31
 786 0056 13       		.uleb128 0x13
 787 0057 00       		.byte	0
 788 0058 00       		.byte	0
 789 0059 07       		.uleb128 0x7
 790 005a 8A8201   		.uleb128 0x410a
 791 005d 00       		.byte	0
 792 005e 02       		.uleb128 0x2
 793 005f 18       		.uleb128 0x18
 794 0060 9142     		.uleb128 0x2111
 795 0062 18       		.uleb128 0x18
 796 0063 00       		.byte	0
ARM GAS  C:\Users\au576633\AppData\Local\Temp\cctmwdqe.s 			page 19


 797 0064 00       		.byte	0
 798 0065 08       		.uleb128 0x8
 799 0066 898201   		.uleb128 0x4109
 800 0069 00       		.byte	0
 801 006a 11       		.uleb128 0x11
 802 006b 01       		.uleb128 0x1
 803 006c 31       		.uleb128 0x31
 804 006d 13       		.uleb128 0x13
 805 006e 00       		.byte	0
 806 006f 00       		.byte	0
 807 0070 09       		.uleb128 0x9
 808 0071 898201   		.uleb128 0x4109
 809 0074 01       		.byte	0x1
 810 0075 11       		.uleb128 0x11
 811 0076 01       		.uleb128 0x1
 812 0077 31       		.uleb128 0x31
 813 0078 13       		.uleb128 0x13
 814 0079 01       		.uleb128 0x1
 815 007a 13       		.uleb128 0x13
 816 007b 00       		.byte	0
 817 007c 00       		.byte	0
 818 007d 0A       		.uleb128 0xa
 819 007e 2E       		.uleb128 0x2e
 820 007f 01       		.byte	0x1
 821 0080 3F       		.uleb128 0x3f
 822 0081 19       		.uleb128 0x19
 823 0082 03       		.uleb128 0x3
 824 0083 0E       		.uleb128 0xe
 825 0084 3A       		.uleb128 0x3a
 826 0085 0B       		.uleb128 0xb
 827 0086 3B       		.uleb128 0x3b
 828 0087 0B       		.uleb128 0xb
 829 0088 27       		.uleb128 0x27
 830 0089 19       		.uleb128 0x19
 831 008a 11       		.uleb128 0x11
 832 008b 01       		.uleb128 0x1
 833 008c 12       		.uleb128 0x12
 834 008d 06       		.uleb128 0x6
 835 008e 40       		.uleb128 0x40
 836 008f 18       		.uleb128 0x18
 837 0090 9742     		.uleb128 0x2117
 838 0092 19       		.uleb128 0x19
 839 0093 01       		.uleb128 0x1
 840 0094 13       		.uleb128 0x13
 841 0095 00       		.byte	0
 842 0096 00       		.byte	0
 843 0097 0B       		.uleb128 0xb
 844 0098 34       		.uleb128 0x34
 845 0099 00       		.byte	0
 846 009a 03       		.uleb128 0x3
 847 009b 0E       		.uleb128 0xe
 848 009c 3A       		.uleb128 0x3a
 849 009d 0B       		.uleb128 0xb
 850 009e 3B       		.uleb128 0x3b
 851 009f 05       		.uleb128 0x5
 852 00a0 49       		.uleb128 0x49
 853 00a1 13       		.uleb128 0x13
ARM GAS  C:\Users\au576633\AppData\Local\Temp\cctmwdqe.s 			page 20


 854 00a2 3F       		.uleb128 0x3f
 855 00a3 19       		.uleb128 0x19
 856 00a4 3C       		.uleb128 0x3c
 857 00a5 19       		.uleb128 0x19
 858 00a6 00       		.byte	0
 859 00a7 00       		.byte	0
 860 00a8 0C       		.uleb128 0xc
 861 00a9 35       		.uleb128 0x35
 862 00aa 00       		.byte	0
 863 00ab 49       		.uleb128 0x49
 864 00ac 13       		.uleb128 0x13
 865 00ad 00       		.byte	0
 866 00ae 00       		.byte	0
 867 00af 0D       		.uleb128 0xd
 868 00b0 34       		.uleb128 0x34
 869 00b1 00       		.byte	0
 870 00b2 03       		.uleb128 0x3
 871 00b3 0E       		.uleb128 0xe
 872 00b4 3A       		.uleb128 0x3a
 873 00b5 0B       		.uleb128 0xb
 874 00b6 3B       		.uleb128 0x3b
 875 00b7 0B       		.uleb128 0xb
 876 00b8 49       		.uleb128 0x49
 877 00b9 13       		.uleb128 0x13
 878 00ba 3F       		.uleb128 0x3f
 879 00bb 19       		.uleb128 0x19
 880 00bc 02       		.uleb128 0x2
 881 00bd 18       		.uleb128 0x18
 882 00be 00       		.byte	0
 883 00bf 00       		.byte	0
 884 00c0 0E       		.uleb128 0xe
 885 00c1 2E       		.uleb128 0x2e
 886 00c2 00       		.byte	0
 887 00c3 3F       		.uleb128 0x3f
 888 00c4 19       		.uleb128 0x19
 889 00c5 3C       		.uleb128 0x3c
 890 00c6 19       		.uleb128 0x19
 891 00c7 6E       		.uleb128 0x6e
 892 00c8 0E       		.uleb128 0xe
 893 00c9 03       		.uleb128 0x3
 894 00ca 0E       		.uleb128 0xe
 895 00cb 3A       		.uleb128 0x3a
 896 00cc 0B       		.uleb128 0xb
 897 00cd 3B       		.uleb128 0x3b
 898 00ce 0B       		.uleb128 0xb
 899 00cf 00       		.byte	0
 900 00d0 00       		.byte	0
 901 00d1 00       		.byte	0
 902              		.section	.debug_aranges,"",%progbits
 903 0000 54000000 		.4byte	0x54
 904 0004 0200     		.2byte	0x2
 905 0006 00000000 		.4byte	.Ldebug_info0
 906 000a 04       		.byte	0x4
 907 000b 00       		.byte	0
 908 000c 0000     		.2byte	0
 909 000e 0000     		.2byte	0
 910 0010 00000000 		.4byte	.LFB65
ARM GAS  C:\Users\au576633\AppData\Local\Temp\cctmwdqe.s 			page 21


 911 0014 10000000 		.4byte	.LFE65-.LFB65
 912 0018 00000000 		.4byte	.LFB67
 913 001c 0C000000 		.4byte	.LFE67-.LFB67
 914 0020 00000000 		.4byte	.LFB68
 915 0024 0C000000 		.4byte	.LFE68-.LFB68
 916 0028 00000000 		.4byte	.LFB69
 917 002c 18000000 		.4byte	.LFE69-.LFB69
 918 0030 00000000 		.4byte	.LFB64
 919 0034 4C000000 		.4byte	.LFE64-.LFB64
 920 0038 00000000 		.4byte	.LFB66
 921 003c 18000000 		.4byte	.LFE66-.LFB66
 922 0040 00000000 		.4byte	.LFB70
 923 0044 18000000 		.4byte	.LFE70-.LFB70
 924 0048 00000000 		.4byte	.LFB71
 925 004c 14000000 		.4byte	.LFE71-.LFB71
 926 0050 00000000 		.4byte	0
 927 0054 00000000 		.4byte	0
 928              		.section	.debug_ranges,"",%progbits
 929              	.Ldebug_ranges0:
 930 0000 00000000 		.4byte	.LFB65
 931 0004 10000000 		.4byte	.LFE65
 932 0008 00000000 		.4byte	.LFB67
 933 000c 0C000000 		.4byte	.LFE67
 934 0010 00000000 		.4byte	.LFB68
 935 0014 0C000000 		.4byte	.LFE68
 936 0018 00000000 		.4byte	.LFB69
 937 001c 18000000 		.4byte	.LFE69
 938 0020 00000000 		.4byte	.LFB64
 939 0024 4C000000 		.4byte	.LFE64
 940 0028 00000000 		.4byte	.LFB66
 941 002c 18000000 		.4byte	.LFE66
 942 0030 00000000 		.4byte	.LFB70
 943 0034 18000000 		.4byte	.LFE70
 944 0038 00000000 		.4byte	.LFB71
 945 003c 14000000 		.4byte	.LFE71
 946 0040 00000000 		.4byte	0
 947 0044 00000000 		.4byte	0
 948              		.section	.debug_line,"",%progbits
 949              	.Ldebug_line0:
 950 0000 3F020000 		.section	.debug_str,"MS",%progbits,1
 950      0200A101 
 950      00000201 
 950      FB0E0D00 
 950      01010101 
 951              	.LASF34:
 952 0000 6973725F 		.ascii	"isr_detection_Enable\000"
 952      64657465 
 952      6374696F 
 952      6E5F456E 
 952      61626C65 
 953              	.LASF24:
 954 0015 64697370 		.ascii	"dispencerEnabled\000"
 954      656E6365 
 954      72456E61 
 954      626C6564 
 954      00
 955              	.LASF40:
ARM GAS  C:\Users\au576633\AppData\Local\Temp\cctmwdqe.s 			page 22


 956 0026 4953525F 		.ascii	"ISR_detection_handler\000"
 956      64657465 
 956      6374696F 
 956      6E5F6861 
 956      6E646C65 
 957              	.LASF9:
 958 003c 5F5F696E 		.ascii	"__int32_t\000"
 958      7433325F 
 958      7400
 959              	.LASF4:
 960 0046 6C6F6E67 		.ascii	"long int\000"
 960      20696E74 
 960      00
 961              	.LASF27:
 962 004f 526F7461 		.ascii	"Rotate90\000"
 962      74653930 
 962      00
 963              	.LASF18:
 964 0058 61636365 		.ascii	"acceptCoin\000"
 964      7074436F 
 964      696E00
 965              	.LASF31:
 966 0063 636F696E 		.ascii	"coinInserted\000"
 966      496E7365 
 966      72746564 
 966      00
 967              	.LASF17:
 968 0070 72656A65 		.ascii	"rejectCoin\000"
 968      6374436F 
 968      696E00
 969              	.LASF11:
 970 007b 666C6F61 		.ascii	"float\000"
 970      7400
 971              	.LASF39:
 972 0081 5C5C766D 		.ascii	"\\\\vmware-host\\Shared Folders\\Documents\\BallDis"
 972      77617265 
 972      2D686F73 
 972      745C5368 
 972      61726564 
 973 00af 70417070 		.ascii	"pApp\\Workspace12\\Bolddispenser_CoinMaster.cydsn\000"
 973      5C576F72 
 973      6B737061 
 973      63653132 
 973      5C426F6C 
 974              	.LASF1:
 975 00df 756E7369 		.ascii	"unsigned char\000"
 975      676E6564 
 975      20636861 
 975      7200
 976              	.LASF37:
 977 00ed 474E5520 		.ascii	"GNU C11 5.4.1 20160609 (release) [ARM/embedded-5-br"
 977      43313120 
 977      352E342E 
 977      31203230 
 977      31363036 
 978 0120 616E6368 		.ascii	"anch revision 237715] -mcpu=cortex-m3 -mthumb -g -O"
 978      20726576 
ARM GAS  C:\Users\au576633\AppData\Local\Temp\cctmwdqe.s 			page 23


 978      6973696F 
 978      6E203233 
 978      37373135 
 979 0153 67202D66 		.ascii	"g -ffunction-sections -ffat-lto-objects\000"
 979      66756E63 
 979      74696F6E 
 979      2D736563 
 979      74696F6E 
 980              	.LASF5:
 981 017b 6C6F6E67 		.ascii	"long unsigned int\000"
 981      20756E73 
 981      69676E65 
 981      6420696E 
 981      7400
 982              	.LASF3:
 983 018d 73686F72 		.ascii	"short unsigned int\000"
 983      7420756E 
 983      7369676E 
 983      65642069 
 983      6E7400
 984              	.LASF16:
 985 01a0 696E6974 		.ascii	"initCoinDetector\000"
 985      436F696E 
 985      44657465 
 985      63746F72 
 985      00
 986              	.LASF23:
 987 01b1 49544D5F 		.ascii	"ITM_RxBuffer\000"
 987      52784275 
 987      66666572 
 987      00
 988              	.LASF12:
 989 01be 646F7562 		.ascii	"double\000"
 989      6C6500
 990              	.LASF28:
 991 01c5 72657652 		.ascii	"revRotate90\000"
 991      6F746174 
 991      65393000 
 992              	.LASF19:
 993 01d1 64697361 		.ascii	"disableDispenser\000"
 993      626C6544 
 993      69737065 
 993      6E736572 
 993      00
 994              	.LASF26:
 995 01e2 6973725F 		.ascii	"isr_detection_StartEx\000"
 995      64657465 
 995      6374696F 
 995      6E5F5374 
 995      61727445 
 996              	.LASF20:
 997 01f8 68616E64 		.ascii	"handleCoinDetection\000"
 997      6C65436F 
 997      696E4465 
 997      74656374 
 997      696F6E00 
 998              	.LASF8:
ARM GAS  C:\Users\au576633\AppData\Local\Temp\cctmwdqe.s 			page 24


 999 020c 756E7369 		.ascii	"unsigned int\000"
 999      676E6564 
 999      20696E74 
 999      00
 1000              	.LASF7:
 1001 0219 6C6F6E67 		.ascii	"long long unsigned int\000"
 1001      206C6F6E 
 1001      6720756E 
 1001      7369676E 
 1001      65642069 
 1002              	.LASF36:
 1003 0230 6973725F 		.ascii	"isr_detection_Disable\000"
 1003      64657465 
 1003      6374696F 
 1003      6E5F4469 
 1003      7361626C 
 1004              	.LASF10:
 1005 0246 696E7433 		.ascii	"int32_t\000"
 1005      325F7400 
 1006              	.LASF15:
 1007 024e 73697A65 		.ascii	"sizetype\000"
 1007      74797065 
 1007      00
 1008              	.LASF6:
 1009 0257 6C6F6E67 		.ascii	"long long int\000"
 1009      206C6F6E 
 1009      6720696E 
 1009      7400
 1010              	.LASF13:
 1011 0265 63686172 		.ascii	"char\000"
 1011      00
 1012              	.LASF2:
 1013 026a 73686F72 		.ascii	"short int\000"
 1013      7420696E 
 1013      7400
 1014              	.LASF38:
 1015 0274 436F696E 		.ascii	"CoinDetection.c\000"
 1015      44657465 
 1015      6374696F 
 1015      6E2E6300 
 1016              	.LASF21:
 1017 0284 656E6162 		.ascii	"enableDispenser\000"
 1017      6C654469 
 1017      7370656E 
 1017      73657200 
 1018              	.LASF14:
 1019 0294 6C6F6E67 		.ascii	"long double\000"
 1019      20646F75 
 1019      626C6500 
 1020              	.LASF0:
 1021 02a0 7369676E 		.ascii	"signed char\000"
 1021      65642063 
 1021      68617200 
 1022              	.LASF29:
 1023 02ac 55415254 		.ascii	"UART_PutString\000"
 1023      5F507574 
 1023      53747269 
ARM GAS  C:\Users\au576633\AppData\Local\Temp\cctmwdqe.s 			page 25


 1023      6E6700
 1024              	.LASF32:
 1025 02bb 636F756E 		.ascii	"countBalls\000"
 1025      7442616C 
 1025      6C7300
 1026              	.LASF25:
 1027 02c6 5F426F6F 		.ascii	"_Bool\000"
 1027      6C00
 1028              	.LASF30:
 1029 02cc 64697370 		.ascii	"dispenserStatus\000"
 1029      656E7365 
 1029      72537461 
 1029      74757300 
 1030              	.LASF33:
 1031 02dc 43794465 		.ascii	"CyDelay\000"
 1031      6C617900 
 1032              	.LASF22:
 1033 02e4 72657365 		.ascii	"resetDetectorISR\000"
 1033      74446574 
 1033      6563746F 
 1033      72495352 
 1033      00
 1034              	.LASF35:
 1035 02f5 6973725F 		.ascii	"isr_detection_ClearPending\000"
 1035      64657465 
 1035      6374696F 
 1035      6E5F436C 
 1035      65617250 
 1036              		.ident	"GCC: (GNU Tools for ARM Embedded Processors) 5.4.1 20160609 (release) [ARM/embedded-5-bran
