ARM GAS  C:\Users\au576633\AppData\Local\Temp\cchE1zAP.s 			page 1


   1              		.syntax unified
   2              		.cpu cortex-m3
   3              		.fpu softvfp
   4              		.eabi_attribute 20, 1
   5              		.eabi_attribute 21, 1
   6              		.eabi_attribute 23, 3
   7              		.eabi_attribute 24, 1
   8              		.eabi_attribute 25, 1
   9              		.eabi_attribute 26, 1
  10              		.eabi_attribute 30, 1
  11              		.eabi_attribute 34, 1
  12              		.eabi_attribute 18, 4
  13              		.thumb
  14              		.syntax unified
  15              		.file	"main.c"
  16              		.text
  17              	.Ltext0:
  18              		.cfi_sections	.debug_frame
  19              		.section	.text.main,"ax",%progbits
  20              		.align	2
  21              		.global	main
  22              		.thumb
  23              		.thumb_func
  24              		.type	main, %function
  25              	main:
  26              	.LFB64:
  27              		.file 1 "main.c"
   1:main.c        **** /* ========================================
   2:main.c        ****  *
   3:main.c        ****  * Copyright YOUR COMPANY, THE YEAR
   4:main.c        ****  * All Rights Reserved
   5:main.c        ****  * UNPUBLISHED, LICENSED SOFTWARE.
   6:main.c        ****  *
   7:main.c        ****  * CONFIDENTIAL AND PROPRIETARY INFORMATION
   8:main.c        ****  * WHICH IS THE PROPERTY OF your company.
   9:main.c        ****  *
  10:main.c        ****  * ========================================
  11:main.c        **** */
  12:main.c        **** #include "project.h"
  13:main.c        **** #include "Balldispenser.h"
  14:main.c        **** #include "CoinDetection.h"
  15:main.c        **** #include "RPi_IF.h"
  16:main.c        **** #include "UART_debug.h"
  17:main.c        **** 
  18:main.c        **** 
  19:main.c        **** 
  20:main.c        **** 
  21:main.c        **** int main(void)
  22:main.c        **** {
  28              		.loc 1 22 0
  29              		.cfi_startproc
  30              		@ Volatile: function does not return.
  31              		@ args = 0, pretend = 0, frame = 0
  32              		@ frame_needed = 0, uses_anonymous_args = 0
  33 0000 08B5     		push	{r3, lr}
  34              		.cfi_def_cfa_offset 8
  35              		.cfi_offset 3, -8
ARM GAS  C:\Users\au576633\AppData\Local\Temp\cchE1zAP.s 			page 2


  36              		.cfi_offset 14, -4
  23:main.c        ****     CyGlobalIntEnable; /* Enable global interrupts. */
  37              		.loc 1 23 0
  38              		.syntax unified
  39              	@ 23 "main.c" 1
  40 0002 62B6     		CPSIE   i
  41              	@ 0 "" 2
  24:main.c        ****     
  25:main.c        ****     
  26:main.c        ****     initBallDispenser();
  42              		.loc 1 26 0
  43              		.thumb
  44              		.syntax unified
  45 0004 FFF7FEFF 		bl	initBallDispenser
  46              	.LVL0:
  27:main.c        ****     initCoinDetector();
  47              		.loc 1 27 0
  48 0008 FFF7FEFF 		bl	initCoinDetector
  49              	.LVL1:
  28:main.c        ****     initMotorControl();
  50              		.loc 1 28 0
  51 000c FFF7FEFF 		bl	initMotorControl
  52              	.LVL2:
  29:main.c        ****     initUART();
  53              		.loc 1 29 0
  54 0010 FFF7FEFF 		bl	initUART
  55              	.LVL3:
  30:main.c        ****     RPI_IF_init();
  56              		.loc 1 30 0
  57 0014 FFF7FEFF 		bl	RPI_IF_init
  58              	.LVL4:
  59              	.L2:
  31:main.c        **** 
  32:main.c        ****     /* Place your initialization/startup code here (e.g. MyInst_Start()) */
  33:main.c        **** 
  34:main.c        ****     for(;;)
  35:main.c        ****     {
  36:main.c        ****         RPi_IF_handleData();
  60              		.loc 1 36 0 discriminator 1
  61 0018 FFF7FEFF 		bl	RPi_IF_handleData
  62              	.LVL5:
  63 001c FCE7     		b	.L2
  64              		.cfi_endproc
  65              	.LFE64:
  66              		.size	main, .-main
  67 001e 00BF     		.text
  68              	.Letext0:
  69              		.file 2 "c:\\program files (x86)\\cypress\\psoc creator\\4.2\\psoc creator\\import\\gnu\\arm\\5.4.
  70              		.file 3 "c:\\program files (x86)\\cypress\\psoc creator\\4.2\\psoc creator\\import\\gnu\\arm\\5.4.
  71              		.file 4 "Balldispenser.h"
  72              		.file 5 "CoinDetection.h"
  73              		.file 6 "MotorControl.h"
  74              		.file 7 "UART_debug.h"
  75              		.file 8 "RPi_IF.h"
  76              		.file 9 "Generated_Source\\PSoC5/core_cm3.h"
  77              		.section	.debug_info,"",%progbits
  78              	.Ldebug_info0:
ARM GAS  C:\Users\au576633\AppData\Local\Temp\cchE1zAP.s 			page 3


  79 0000 44010000 		.4byte	0x144
  80 0004 0400     		.2byte	0x4
  81 0006 00000000 		.4byte	.Ldebug_abbrev0
  82 000a 04       		.byte	0x4
  83 000b 01       		.uleb128 0x1
  84 000c 3A000000 		.4byte	.LASF22
  85 0010 0C       		.byte	0xc
  86 0011 2E000000 		.4byte	.LASF23
  87 0015 F0000000 		.4byte	.LASF24
  88 0019 00000000 		.4byte	.Ldebug_ranges0+0
  89 001d 00000000 		.4byte	0
  90 0021 00000000 		.4byte	.Ldebug_line0
  91 0025 02       		.uleb128 0x2
  92 0026 01       		.byte	0x1
  93 0027 06       		.byte	0x6
  94 0028 CF010000 		.4byte	.LASF0
  95 002c 02       		.uleb128 0x2
  96 002d 01       		.byte	0x1
  97 002e 08       		.byte	0x8
  98 002f 4E010000 		.4byte	.LASF1
  99 0033 02       		.uleb128 0x2
 100 0034 02       		.byte	0x2
 101 0035 05       		.byte	0x5
 102 0036 7C010000 		.4byte	.LASF2
 103 003a 02       		.uleb128 0x2
 104 003b 02       		.byte	0x2
 105 003c 07       		.byte	0x7
 106 003d 0E000000 		.4byte	.LASF3
 107 0041 03       		.uleb128 0x3
 108 0042 E7010000 		.4byte	.LASF9
 109 0046 02       		.byte	0x2
 110 0047 3F       		.byte	0x3f
 111 0048 4C000000 		.4byte	0x4c
 112 004c 02       		.uleb128 0x2
 113 004d 04       		.byte	0x4
 114 004e 05       		.byte	0x5
 115 004f 61010000 		.4byte	.LASF4
 116 0053 02       		.uleb128 0x2
 117 0054 04       		.byte	0x4
 118 0055 07       		.byte	0x7
 119 0056 9F010000 		.4byte	.LASF5
 120 005a 02       		.uleb128 0x2
 121 005b 08       		.byte	0x8
 122 005c 05       		.byte	0x5
 123 005d 00000000 		.4byte	.LASF6
 124 0061 02       		.uleb128 0x2
 125 0062 08       		.byte	0x8
 126 0063 07       		.byte	0x7
 127 0064 D9000000 		.4byte	.LASF7
 128 0068 04       		.uleb128 0x4
 129 0069 04       		.byte	0x4
 130 006a 05       		.byte	0x5
 131 006b 696E7400 		.ascii	"int\000"
 132 006f 02       		.uleb128 0x2
 133 0070 04       		.byte	0x4
 134 0071 07       		.byte	0x7
 135 0072 21000000 		.4byte	.LASF8
ARM GAS  C:\Users\au576633\AppData\Local\Temp\cchE1zAP.s 			page 4


 136 0076 03       		.uleb128 0x3
 137 0077 0C020000 		.4byte	.LASF10
 138 007b 03       		.byte	0x3
 139 007c 2C       		.byte	0x2c
 140 007d 41000000 		.4byte	0x41
 141 0081 02       		.uleb128 0x2
 142 0082 04       		.byte	0x4
 143 0083 04       		.byte	0x4
 144 0084 F1010000 		.4byte	.LASF11
 145 0088 02       		.uleb128 0x2
 146 0089 08       		.byte	0x8
 147 008a 04       		.byte	0x4
 148 008b 98010000 		.4byte	.LASF12
 149 008f 02       		.uleb128 0x2
 150 0090 01       		.byte	0x1
 151 0091 08       		.byte	0x8
 152 0092 5C010000 		.4byte	.LASF13
 153 0096 02       		.uleb128 0x2
 154 0097 08       		.byte	0x8
 155 0098 04       		.byte	0x4
 156 0099 DB010000 		.4byte	.LASF14
 157 009d 02       		.uleb128 0x2
 158 009e 04       		.byte	0x4
 159 009f 07       		.byte	0x7
 160 00a0 14020000 		.4byte	.LASF15
 161 00a4 05       		.uleb128 0x5
 162 00a5 35000000 		.4byte	.LASF25
 163 00a9 01       		.byte	0x1
 164 00aa 15       		.byte	0x15
 165 00ab 68000000 		.4byte	0x68
 166 00af 00000000 		.4byte	.LFB64
 167 00b3 1E000000 		.4byte	.LFE64-.LFB64
 168 00b7 01       		.uleb128 0x1
 169 00b8 9C       		.byte	0x9c
 170 00b9 F4000000 		.4byte	0xf4
 171 00bd 06       		.uleb128 0x6
 172 00be 08000000 		.4byte	.LVL0
 173 00c2 05010000 		.4byte	0x105
 174 00c6 06       		.uleb128 0x6
 175 00c7 0C000000 		.4byte	.LVL1
 176 00cb 10010000 		.4byte	0x110
 177 00cf 06       		.uleb128 0x6
 178 00d0 10000000 		.4byte	.LVL2
 179 00d4 1B010000 		.4byte	0x11b
 180 00d8 06       		.uleb128 0x6
 181 00d9 14000000 		.4byte	.LVL3
 182 00dd 26010000 		.4byte	0x126
 183 00e1 06       		.uleb128 0x6
 184 00e2 18000000 		.4byte	.LVL4
 185 00e6 31010000 		.4byte	0x131
 186 00ea 06       		.uleb128 0x6
 187 00eb 1C000000 		.4byte	.LVL5
 188 00ef 3C010000 		.4byte	0x13c
 189 00f3 00       		.byte	0
 190 00f4 07       		.uleb128 0x7
 191 00f5 C2010000 		.4byte	.LASF26
 192 00f9 09       		.byte	0x9
ARM GAS  C:\Users\au576633\AppData\Local\Temp\cchE1zAP.s 			page 5


 193 00fa 1207     		.2byte	0x712
 194 00fc 00010000 		.4byte	0x100
 195 0100 08       		.uleb128 0x8
 196 0101 76000000 		.4byte	0x76
 197 0105 09       		.uleb128 0x9
 198 0106 6A010000 		.4byte	.LASF16
 199 010a 6A010000 		.4byte	.LASF16
 200 010e 04       		.byte	0x4
 201 010f 0C       		.byte	0xc
 202 0110 09       		.uleb128 0x9
 203 0111 B1010000 		.4byte	.LASF17
 204 0115 B1010000 		.4byte	.LASF17
 205 0119 05       		.byte	0x5
 206 011a 1A       		.byte	0x1a
 207 011b 09       		.uleb128 0x9
 208 011c C8000000 		.4byte	.LASF18
 209 0120 C8000000 		.4byte	.LASF18
 210 0124 06       		.byte	0x6
 211 0125 18       		.byte	0x18
 212 0126 09       		.uleb128 0x9
 213 0127 03020000 		.4byte	.LASF19
 214 012b 03020000 		.4byte	.LASF19
 215 012f 07       		.byte	0x7
 216 0130 08       		.byte	0x8
 217 0131 09       		.uleb128 0x9
 218 0132 F7010000 		.4byte	.LASF20
 219 0136 F7010000 		.4byte	.LASF20
 220 013a 08       		.byte	0x8
 221 013b 0D       		.byte	0xd
 222 013c 09       		.uleb128 0x9
 223 013d 86010000 		.4byte	.LASF21
 224 0141 86010000 		.4byte	.LASF21
 225 0145 08       		.byte	0x8
 226 0146 15       		.byte	0x15
 227 0147 00       		.byte	0
 228              		.section	.debug_abbrev,"",%progbits
 229              	.Ldebug_abbrev0:
 230 0000 01       		.uleb128 0x1
 231 0001 11       		.uleb128 0x11
 232 0002 01       		.byte	0x1
 233 0003 25       		.uleb128 0x25
 234 0004 0E       		.uleb128 0xe
 235 0005 13       		.uleb128 0x13
 236 0006 0B       		.uleb128 0xb
 237 0007 03       		.uleb128 0x3
 238 0008 0E       		.uleb128 0xe
 239 0009 1B       		.uleb128 0x1b
 240 000a 0E       		.uleb128 0xe
 241 000b 55       		.uleb128 0x55
 242 000c 17       		.uleb128 0x17
 243 000d 11       		.uleb128 0x11
 244 000e 01       		.uleb128 0x1
 245 000f 10       		.uleb128 0x10
 246 0010 17       		.uleb128 0x17
 247 0011 00       		.byte	0
 248 0012 00       		.byte	0
 249 0013 02       		.uleb128 0x2
ARM GAS  C:\Users\au576633\AppData\Local\Temp\cchE1zAP.s 			page 6


 250 0014 24       		.uleb128 0x24
 251 0015 00       		.byte	0
 252 0016 0B       		.uleb128 0xb
 253 0017 0B       		.uleb128 0xb
 254 0018 3E       		.uleb128 0x3e
 255 0019 0B       		.uleb128 0xb
 256 001a 03       		.uleb128 0x3
 257 001b 0E       		.uleb128 0xe
 258 001c 00       		.byte	0
 259 001d 00       		.byte	0
 260 001e 03       		.uleb128 0x3
 261 001f 16       		.uleb128 0x16
 262 0020 00       		.byte	0
 263 0021 03       		.uleb128 0x3
 264 0022 0E       		.uleb128 0xe
 265 0023 3A       		.uleb128 0x3a
 266 0024 0B       		.uleb128 0xb
 267 0025 3B       		.uleb128 0x3b
 268 0026 0B       		.uleb128 0xb
 269 0027 49       		.uleb128 0x49
 270 0028 13       		.uleb128 0x13
 271 0029 00       		.byte	0
 272 002a 00       		.byte	0
 273 002b 04       		.uleb128 0x4
 274 002c 24       		.uleb128 0x24
 275 002d 00       		.byte	0
 276 002e 0B       		.uleb128 0xb
 277 002f 0B       		.uleb128 0xb
 278 0030 3E       		.uleb128 0x3e
 279 0031 0B       		.uleb128 0xb
 280 0032 03       		.uleb128 0x3
 281 0033 08       		.uleb128 0x8
 282 0034 00       		.byte	0
 283 0035 00       		.byte	0
 284 0036 05       		.uleb128 0x5
 285 0037 2E       		.uleb128 0x2e
 286 0038 01       		.byte	0x1
 287 0039 3F       		.uleb128 0x3f
 288 003a 19       		.uleb128 0x19
 289 003b 03       		.uleb128 0x3
 290 003c 0E       		.uleb128 0xe
 291 003d 3A       		.uleb128 0x3a
 292 003e 0B       		.uleb128 0xb
 293 003f 3B       		.uleb128 0x3b
 294 0040 0B       		.uleb128 0xb
 295 0041 27       		.uleb128 0x27
 296 0042 19       		.uleb128 0x19
 297 0043 49       		.uleb128 0x49
 298 0044 13       		.uleb128 0x13
 299 0045 8701     		.uleb128 0x87
 300 0047 19       		.uleb128 0x19
 301 0048 11       		.uleb128 0x11
 302 0049 01       		.uleb128 0x1
 303 004a 12       		.uleb128 0x12
 304 004b 06       		.uleb128 0x6
 305 004c 40       		.uleb128 0x40
 306 004d 18       		.uleb128 0x18
ARM GAS  C:\Users\au576633\AppData\Local\Temp\cchE1zAP.s 			page 7


 307 004e 9742     		.uleb128 0x2117
 308 0050 19       		.uleb128 0x19
 309 0051 01       		.uleb128 0x1
 310 0052 13       		.uleb128 0x13
 311 0053 00       		.byte	0
 312 0054 00       		.byte	0
 313 0055 06       		.uleb128 0x6
 314 0056 898201   		.uleb128 0x4109
 315 0059 00       		.byte	0
 316 005a 11       		.uleb128 0x11
 317 005b 01       		.uleb128 0x1
 318 005c 31       		.uleb128 0x31
 319 005d 13       		.uleb128 0x13
 320 005e 00       		.byte	0
 321 005f 00       		.byte	0
 322 0060 07       		.uleb128 0x7
 323 0061 34       		.uleb128 0x34
 324 0062 00       		.byte	0
 325 0063 03       		.uleb128 0x3
 326 0064 0E       		.uleb128 0xe
 327 0065 3A       		.uleb128 0x3a
 328 0066 0B       		.uleb128 0xb
 329 0067 3B       		.uleb128 0x3b
 330 0068 05       		.uleb128 0x5
 331 0069 49       		.uleb128 0x49
 332 006a 13       		.uleb128 0x13
 333 006b 3F       		.uleb128 0x3f
 334 006c 19       		.uleb128 0x19
 335 006d 3C       		.uleb128 0x3c
 336 006e 19       		.uleb128 0x19
 337 006f 00       		.byte	0
 338 0070 00       		.byte	0
 339 0071 08       		.uleb128 0x8
 340 0072 35       		.uleb128 0x35
 341 0073 00       		.byte	0
 342 0074 49       		.uleb128 0x49
 343 0075 13       		.uleb128 0x13
 344 0076 00       		.byte	0
 345 0077 00       		.byte	0
 346 0078 09       		.uleb128 0x9
 347 0079 2E       		.uleb128 0x2e
 348 007a 00       		.byte	0
 349 007b 3F       		.uleb128 0x3f
 350 007c 19       		.uleb128 0x19
 351 007d 3C       		.uleb128 0x3c
 352 007e 19       		.uleb128 0x19
 353 007f 6E       		.uleb128 0x6e
 354 0080 0E       		.uleb128 0xe
 355 0081 03       		.uleb128 0x3
 356 0082 0E       		.uleb128 0xe
 357 0083 3A       		.uleb128 0x3a
 358 0084 0B       		.uleb128 0xb
 359 0085 3B       		.uleb128 0x3b
 360 0086 0B       		.uleb128 0xb
 361 0087 00       		.byte	0
 362 0088 00       		.byte	0
 363 0089 00       		.byte	0
ARM GAS  C:\Users\au576633\AppData\Local\Temp\cchE1zAP.s 			page 8


 364              		.section	.debug_aranges,"",%progbits
 365 0000 1C000000 		.4byte	0x1c
 366 0004 0200     		.2byte	0x2
 367 0006 00000000 		.4byte	.Ldebug_info0
 368 000a 04       		.byte	0x4
 369 000b 00       		.byte	0
 370 000c 0000     		.2byte	0
 371 000e 0000     		.2byte	0
 372 0010 00000000 		.4byte	.LFB64
 373 0014 1E000000 		.4byte	.LFE64-.LFB64
 374 0018 00000000 		.4byte	0
 375 001c 00000000 		.4byte	0
 376              		.section	.debug_ranges,"",%progbits
 377              	.Ldebug_ranges0:
 378 0000 00000000 		.4byte	.LFB64
 379 0004 1E000000 		.4byte	.LFE64
 380 0008 00000000 		.4byte	0
 381 000c 00000000 		.4byte	0
 382              		.section	.debug_line,"",%progbits
 383              	.Ldebug_line0:
 384 0000 B3010000 		.section	.debug_str,"MS",%progbits,1
 384      02009301 
 384      00000201 
 384      FB0E0D00 
 384      01010101 
 385              	.LASF6:
 386 0000 6C6F6E67 		.ascii	"long long int\000"
 386      206C6F6E 
 386      6720696E 
 386      7400
 387              	.LASF3:
 388 000e 73686F72 		.ascii	"short unsigned int\000"
 388      7420756E 
 388      7369676E 
 388      65642069 
 388      6E7400
 389              	.LASF8:
 390 0021 756E7369 		.ascii	"unsigned int\000"
 390      676E6564 
 390      20696E74 
 390      00
 391              	.LASF23:
 392 002e 6D61696E 		.ascii	"main.c\000"
 392      2E6300
 393              	.LASF25:
 394 0035 6D61696E 		.ascii	"main\000"
 394      00
 395              	.LASF22:
 396 003a 474E5520 		.ascii	"GNU C11 5.4.1 20160609 (release) [ARM/embedded-5-br"
 396      43313120 
 396      352E342E 
 396      31203230 
 396      31363036 
 397 006d 616E6368 		.ascii	"anch revision 237715] -mcpu=cortex-m3 -mthumb -g -O"
 397      20726576 
 397      6973696F 
 397      6E203233 
ARM GAS  C:\Users\au576633\AppData\Local\Temp\cchE1zAP.s 			page 9


 397      37373135 
 398 00a0 67202D66 		.ascii	"g -ffunction-sections -ffat-lto-objects\000"
 398      66756E63 
 398      74696F6E 
 398      2D736563 
 398      74696F6E 
 399              	.LASF18:
 400 00c8 696E6974 		.ascii	"initMotorControl\000"
 400      4D6F746F 
 400      72436F6E 
 400      74726F6C 
 400      00
 401              	.LASF7:
 402 00d9 6C6F6E67 		.ascii	"long long unsigned int\000"
 402      206C6F6E 
 402      6720756E 
 402      7369676E 
 402      65642069 
 403              	.LASF24:
 404 00f0 5C5C766D 		.ascii	"\\\\vmware-host\\Shared Folders\\Documents\\BallDis"
 404      77617265 
 404      2D686F73 
 404      745C5368 
 404      61726564 
 405 011e 70417070 		.ascii	"pApp\\Workspace12\\Bolddispenser_CoinMaster.cydsn\000"
 405      5C576F72 
 405      6B737061 
 405      63653132 
 405      5C426F6C 
 406              	.LASF1:
 407 014e 756E7369 		.ascii	"unsigned char\000"
 407      676E6564 
 407      20636861 
 407      7200
 408              	.LASF13:
 409 015c 63686172 		.ascii	"char\000"
 409      00
 410              	.LASF4:
 411 0161 6C6F6E67 		.ascii	"long int\000"
 411      20696E74 
 411      00
 412              	.LASF16:
 413 016a 696E6974 		.ascii	"initBallDispenser\000"
 413      42616C6C 
 413      44697370 
 413      656E7365 
 413      7200
 414              	.LASF2:
 415 017c 73686F72 		.ascii	"short int\000"
 415      7420696E 
 415      7400
 416              	.LASF21:
 417 0186 5250695F 		.ascii	"RPi_IF_handleData\000"
 417      49465F68 
 417      616E646C 
 417      65446174 
 417      6100
ARM GAS  C:\Users\au576633\AppData\Local\Temp\cchE1zAP.s 			page 10


 418              	.LASF12:
 419 0198 646F7562 		.ascii	"double\000"
 419      6C6500
 420              	.LASF5:
 421 019f 6C6F6E67 		.ascii	"long unsigned int\000"
 421      20756E73 
 421      69676E65 
 421      6420696E 
 421      7400
 422              	.LASF17:
 423 01b1 696E6974 		.ascii	"initCoinDetector\000"
 423      436F696E 
 423      44657465 
 423      63746F72 
 423      00
 424              	.LASF26:
 425 01c2 49544D5F 		.ascii	"ITM_RxBuffer\000"
 425      52784275 
 425      66666572 
 425      00
 426              	.LASF0:
 427 01cf 7369676E 		.ascii	"signed char\000"
 427      65642063 
 427      68617200 
 428              	.LASF14:
 429 01db 6C6F6E67 		.ascii	"long double\000"
 429      20646F75 
 429      626C6500 
 430              	.LASF9:
 431 01e7 5F5F696E 		.ascii	"__int32_t\000"
 431      7433325F 
 431      7400
 432              	.LASF11:
 433 01f1 666C6F61 		.ascii	"float\000"
 433      7400
 434              	.LASF20:
 435 01f7 5250495F 		.ascii	"RPI_IF_init\000"
 435      49465F69 
 435      6E697400 
 436              	.LASF19:
 437 0203 696E6974 		.ascii	"initUART\000"
 437      55415254 
 437      00
 438              	.LASF10:
 439 020c 696E7433 		.ascii	"int32_t\000"
 439      325F7400 
 440              	.LASF15:
 441 0214 73697A65 		.ascii	"sizetype\000"
 441      74797065 
 441      00
 442              		.ident	"GCC: (GNU Tools for ARM Embedded Processors) 5.4.1 20160609 (release) [ARM/embedded-5-bran
