ARM GAS  C:\Users\au576633\AppData\Local\Temp\ccn1iZsn.s 			page 1


   1              		.syntax unified
   2              		.cpu cortex-m3
   3              		.fpu softvfp
   4              		.eabi_attribute 20, 1
   5              		.eabi_attribute 21, 1
   6              		.eabi_attribute 23, 3
   7              		.eabi_attribute 24, 1
   8              		.eabi_attribute 25, 1
   9              		.eabi_attribute 26, 1
  10              		.eabi_attribute 30, 1
  11              		.eabi_attribute 34, 1
  12              		.eabi_attribute 18, 4
  13              		.thumb
  14              		.syntax unified
  15              		.file	"UART_debug.c"
  16              		.text
  17              	.Ltext0:
  18              		.cfi_sections	.debug_frame
  19              		.section	.text.handleCommand,"ax",%progbits
  20              		.align	2
  21              		.global	handleCommand
  22              		.thumb
  23              		.thumb_func
  24              		.type	handleCommand, %function
  25              	handleCommand:
  26              	.LFB64:
  27              		.file 1 "UART_debug.c"
   1:UART_debug.c  **** #include "UART_debug.h"
   2:UART_debug.c  **** 
   3:UART_debug.c  **** void handleCommand(char cmd)
   4:UART_debug.c  **** {
  28              		.loc 1 4 0
  29              		.cfi_startproc
  30              		@ args = 0, pretend = 0, frame = 0
  31              		@ frame_needed = 0, uses_anonymous_args = 0
  32              	.LVL0:
  33 0000 08B5     		push	{r3, lr}
  34              		.cfi_def_cfa_offset 8
  35              		.cfi_offset 3, -8
  36              		.cfi_offset 14, -4
   5:UART_debug.c  ****     switch(cmd)
  37              		.loc 1 5 0
  38 0002 3138     		subs	r0, r0, #49
  39              	.LVL1:
  40 0004 4828     		cmp	r0, #72
  41 0006 42D8     		bhi	.L1
  42 0008 DFE800F0 		tbb	[pc, r0]
  43              	.L4:
  44 000c 25       		.byte	(.L3-.L4)/2
  45 000d 29       		.byte	(.L5-.L4)/2
  46 000e 41       		.byte	(.L1-.L4)/2
  47 000f 41       		.byte	(.L1-.L4)/2
  48 0010 41       		.byte	(.L1-.L4)/2
  49 0011 41       		.byte	(.L1-.L4)/2
  50 0012 41       		.byte	(.L1-.L4)/2
  51 0013 41       		.byte	(.L1-.L4)/2
  52 0014 41       		.byte	(.L1-.L4)/2
ARM GAS  C:\Users\au576633\AppData\Local\Temp\ccn1iZsn.s 			page 2


  53 0015 41       		.byte	(.L1-.L4)/2
  54 0016 41       		.byte	(.L1-.L4)/2
  55 0017 41       		.byte	(.L1-.L4)/2
  56 0018 41       		.byte	(.L1-.L4)/2
  57 0019 41       		.byte	(.L1-.L4)/2
  58 001a 41       		.byte	(.L1-.L4)/2
  59 001b 41       		.byte	(.L1-.L4)/2
  60 001c 41       		.byte	(.L1-.L4)/2
  61 001d 41       		.byte	(.L1-.L4)/2
  62 001e 41       		.byte	(.L1-.L4)/2
  63 001f 41       		.byte	(.L1-.L4)/2
  64 0020 41       		.byte	(.L1-.L4)/2
  65 0021 41       		.byte	(.L1-.L4)/2
  66 0022 41       		.byte	(.L1-.L4)/2
  67 0023 41       		.byte	(.L1-.L4)/2
  68 0024 41       		.byte	(.L1-.L4)/2
  69 0025 41       		.byte	(.L1-.L4)/2
  70 0026 41       		.byte	(.L1-.L4)/2
  71 0027 41       		.byte	(.L1-.L4)/2
  72 0028 41       		.byte	(.L1-.L4)/2
  73 0029 41       		.byte	(.L1-.L4)/2
  74 002a 41       		.byte	(.L1-.L4)/2
  75 002b 41       		.byte	(.L1-.L4)/2
  76 002c 41       		.byte	(.L1-.L4)/2
  77 002d 41       		.byte	(.L1-.L4)/2
  78 002e 41       		.byte	(.L1-.L4)/2
  79 002f 41       		.byte	(.L1-.L4)/2
  80 0030 41       		.byte	(.L1-.L4)/2
  81 0031 41       		.byte	(.L1-.L4)/2
  82 0032 41       		.byte	(.L1-.L4)/2
  83 0033 41       		.byte	(.L1-.L4)/2
  84 0034 41       		.byte	(.L1-.L4)/2
  85 0035 41       		.byte	(.L1-.L4)/2
  86 0036 41       		.byte	(.L1-.L4)/2
  87 0037 41       		.byte	(.L1-.L4)/2
  88 0038 41       		.byte	(.L1-.L4)/2
  89 0039 41       		.byte	(.L1-.L4)/2
  90 003a 41       		.byte	(.L1-.L4)/2
  91 003b 41       		.byte	(.L1-.L4)/2
  92 003c 30       		.byte	(.L6-.L4)/2
  93 003d 41       		.byte	(.L1-.L4)/2
  94 003e 41       		.byte	(.L1-.L4)/2
  95 003f 41       		.byte	(.L1-.L4)/2
  96 0040 41       		.byte	(.L1-.L4)/2
  97 0041 41       		.byte	(.L1-.L4)/2
  98 0042 41       		.byte	(.L1-.L4)/2
  99 0043 41       		.byte	(.L1-.L4)/2
 100 0044 41       		.byte	(.L1-.L4)/2
 101 0045 41       		.byte	(.L1-.L4)/2
 102 0046 41       		.byte	(.L1-.L4)/2
 103 0047 33       		.byte	(.L7-.L4)/2
 104 0048 41       		.byte	(.L1-.L4)/2
 105 0049 41       		.byte	(.L1-.L4)/2
 106 004a 41       		.byte	(.L1-.L4)/2
 107 004b 41       		.byte	(.L1-.L4)/2
 108 004c 41       		.byte	(.L1-.L4)/2
 109 004d 2D       		.byte	(.L8-.L4)/2
ARM GAS  C:\Users\au576633\AppData\Local\Temp\ccn1iZsn.s 			page 3


 110 004e 41       		.byte	(.L1-.L4)/2
 111 004f 36       		.byte	(.L9-.L4)/2
 112 0050 3E       		.byte	(.L10-.L4)/2
 113 0051 41       		.byte	(.L1-.L4)/2
 114 0052 41       		.byte	(.L1-.L4)/2
 115 0053 41       		.byte	(.L1-.L4)/2
 116 0054 3A       		.byte	(.L11-.L4)/2
 117 0055 00       		.p2align 1
 118              	.L3:
   6:UART_debug.c  ****     {
   7:UART_debug.c  ****         
   8:UART_debug.c  ****         case '1' :
   9:UART_debug.c  ****         {
  10:UART_debug.c  ****             DispenseBalls(1);
 119              		.loc 1 10 0
 120 0056 0120     		movs	r0, #1
 121 0058 FFF7FEFF 		bl	DispenseBalls
 122              	.LVL2:
  11:UART_debug.c  ****         }
  12:UART_debug.c  ****             break;
 123              		.loc 1 12 0
 124 005c 08BD     		pop	{r3, pc}
 125              	.L5:
  13:UART_debug.c  ****         
  14:UART_debug.c  ****         case '2' :
  15:UART_debug.c  ****         {
  16:UART_debug.c  ****             DispenseBalls(2);
 126              		.loc 1 16 0
 127 005e 0220     		movs	r0, #2
 128 0060 FFF7FEFF 		bl	DispenseBalls
 129              	.LVL3:
  17:UART_debug.c  ****         }
  18:UART_debug.c  ****             break;
 130              		.loc 1 18 0
 131 0064 08BD     		pop	{r3, pc}
 132              	.L8:
  19:UART_debug.c  ****         
  20:UART_debug.c  ****         case 'r' :
  21:UART_debug.c  ****         {
  22:UART_debug.c  ****             rejectCoin();
 133              		.loc 1 22 0
 134 0066 FFF7FEFF 		bl	rejectCoin
 135              	.LVL4:
  23:UART_debug.c  ****         }
  24:UART_debug.c  ****             break;
 136              		.loc 1 24 0
 137 006a 08BD     		pop	{r3, pc}
 138              	.L6:
  25:UART_debug.c  **** 
  26:UART_debug.c  ****         case 'a' :
  27:UART_debug.c  ****         {
  28:UART_debug.c  ****             acceptCoin();
 139              		.loc 1 28 0
 140 006c FFF7FEFF 		bl	acceptCoin
 141              	.LVL5:
  29:UART_debug.c  ****         }
  30:UART_debug.c  ****             break;
ARM GAS  C:\Users\au576633\AppData\Local\Temp\ccn1iZsn.s 			page 4


 142              		.loc 1 30 0
 143 0070 08BD     		pop	{r3, pc}
 144              	.L7:
  31:UART_debug.c  **** 
  32:UART_debug.c  ****         case 'l' :
  33:UART_debug.c  ****         {
  34:UART_debug.c  ****             resetDetectorISR();
 145              		.loc 1 34 0
 146 0072 FFF7FEFF 		bl	resetDetectorISR
 147              	.LVL6:
  35:UART_debug.c  ****         }
  36:UART_debug.c  ****             break;
 148              		.loc 1 36 0
 149 0076 08BD     		pop	{r3, pc}
 150              	.L9:
  37:UART_debug.c  ****         case 't' :
  38:UART_debug.c  ****         {
  39:UART_debug.c  ****             SendToRPi(0x1E);
 151              		.loc 1 39 0
 152 0078 1E20     		movs	r0, #30
 153 007a FFF7FEFF 		bl	SendToRPi
 154              	.LVL7:
  40:UART_debug.c  ****         }
  41:UART_debug.c  ****             break;
 155              		.loc 1 41 0
 156 007e 08BD     		pop	{r3, pc}
 157              	.L11:
  42:UART_debug.c  ****         case 'y' :
  43:UART_debug.c  ****         {
  44:UART_debug.c  ****             SendToRPi(0x1f);
 158              		.loc 1 44 0
 159 0080 1F20     		movs	r0, #31
 160 0082 FFF7FEFF 		bl	SendToRPi
 161              	.LVL8:
  45:UART_debug.c  ****         }
  46:UART_debug.c  ****             break;
 162              		.loc 1 46 0
 163 0086 08BD     		pop	{r3, pc}
 164              	.L10:
  47:UART_debug.c  ****         case 'u' :
  48:UART_debug.c  ****         {
  49:UART_debug.c  ****             SendToRPi(0x20);
 165              		.loc 1 49 0
 166 0088 2020     		movs	r0, #32
 167 008a FFF7FEFF 		bl	SendToRPi
 168              	.LVL9:
 169              	.L1:
 170 008e 08BD     		pop	{r3, pc}
 171              		.cfi_endproc
 172              	.LFE64:
 173              		.size	handleCommand, .-handleCommand
 174              		.section	.text.handleUART,"ax",%progbits
 175              		.align	2
 176              		.global	handleUART
 177              		.thumb
 178              		.thumb_func
 179              		.type	handleUART, %function
ARM GAS  C:\Users\au576633\AppData\Local\Temp\ccn1iZsn.s 			page 5


 180              	handleUART:
 181              	.LFB65:
  50:UART_debug.c  ****         }
  51:UART_debug.c  ****             break;
  52:UART_debug.c  **** 
  53:UART_debug.c  ****         default :
  54:UART_debug.c  ****         {
  55:UART_debug.c  ****             // nothing
  56:UART_debug.c  ****         }
  57:UART_debug.c  ****             break;
  58:UART_debug.c  ****     }
  59:UART_debug.c  **** };
  60:UART_debug.c  **** 
  61:UART_debug.c  **** void handleUART()
  62:UART_debug.c  **** {
 182              		.loc 1 62 0
 183              		.cfi_startproc
 184              		@ args = 0, pretend = 0, frame = 0
 185              		@ frame_needed = 0, uses_anonymous_args = 0
 186 0000 10B5     		push	{r4, lr}
 187              		.cfi_def_cfa_offset 8
 188              		.cfi_offset 4, -8
 189              		.cfi_offset 14, -4
  63:UART_debug.c  ****     char cmdchar = UART_GetChar();
 190              		.loc 1 63 0
 191 0002 FFF7FEFF 		bl	UART_GetChar
 192              	.LVL10:
  64:UART_debug.c  ****     if (cmdchar)
 193              		.loc 1 64 0
 194 0006 40B1     		cbz	r0, .L13
 195 0008 0446     		mov	r4, r0
  65:UART_debug.c  ****     {
  66:UART_debug.c  ****         UART_PutChar(cmdchar); // echo back
 196              		.loc 1 66 0
 197 000a FFF7FEFF 		bl	UART_PutChar
 198              	.LVL11:
  67:UART_debug.c  ****         UART_PutString("\r\n");
 199              		.loc 1 67 0
 200 000e 0348     		ldr	r0, .L16
 201 0010 FFF7FEFF 		bl	UART_PutString
 202              	.LVL12:
  68:UART_debug.c  ****         handleCommand(cmdchar);
 203              		.loc 1 68 0
 204 0014 2046     		mov	r0, r4
 205 0016 FFF7FEFF 		bl	handleCommand
 206              	.LVL13:
 207              	.L13:
 208 001a 10BD     		pop	{r4, pc}
 209              	.L17:
 210              		.align	2
 211              	.L16:
 212 001c 00000000 		.word	.LC0
 213              		.cfi_endproc
 214              	.LFE65:
 215              		.size	handleUART, .-handleUART
 216              		.section	.text.ISR_UART_rx_handler,"ax",%progbits
 217              		.align	2
ARM GAS  C:\Users\au576633\AppData\Local\Temp\ccn1iZsn.s 			page 6


 218              		.global	ISR_UART_rx_handler
 219              		.thumb
 220              		.thumb_func
 221              		.type	ISR_UART_rx_handler, %function
 222              	ISR_UART_rx_handler:
 223              	.LFB66:
  69:UART_debug.c  ****     }
  70:UART_debug.c  **** };
  71:UART_debug.c  **** 
  72:UART_debug.c  **** CY_ISR(ISR_UART_rx_handler)
  73:UART_debug.c  ****         {
 224              		.loc 1 73 0
 225              		.cfi_startproc
 226              		@ args = 0, pretend = 0, frame = 0
 227              		@ frame_needed = 0, uses_anonymous_args = 0
 228 0000 08B5     		push	{r3, lr}
 229              		.cfi_def_cfa_offset 8
 230              		.cfi_offset 3, -8
 231              		.cfi_offset 14, -4
  74:UART_debug.c  ****                 handleUART();
 232              		.loc 1 74 0
 233 0002 FFF7FEFF 		bl	handleUART
 234              	.LVL14:
 235 0006 08BD     		pop	{r3, pc}
 236              		.cfi_endproc
 237              	.LFE66:
 238              		.size	ISR_UART_rx_handler, .-ISR_UART_rx_handler
 239              		.section	.text.initUART,"ax",%progbits
 240              		.align	2
 241              		.global	initUART
 242              		.thumb
 243              		.thumb_func
 244              		.type	initUART, %function
 245              	initUART:
 246              	.LFB67:
  75:UART_debug.c  ****         }
  76:UART_debug.c  **** 
  77:UART_debug.c  **** void initUART()
  78:UART_debug.c  **** {
 247              		.loc 1 78 0
 248              		.cfi_startproc
 249              		@ args = 0, pretend = 0, frame = 0
 250              		@ frame_needed = 0, uses_anonymous_args = 0
 251 0000 08B5     		push	{r3, lr}
 252              		.cfi_def_cfa_offset 8
 253              		.cfi_offset 3, -8
 254              		.cfi_offset 14, -4
  79:UART_debug.c  ****     isr_uart_rx_StartEx(ISR_UART_rx_handler);
 255              		.loc 1 79 0
 256 0002 0948     		ldr	r0, .L22
 257 0004 FFF7FEFF 		bl	isr_uart_rx_StartEx
 258              	.LVL15:
  80:UART_debug.c  ****     UART_Start();
 259              		.loc 1 80 0
 260 0008 FFF7FEFF 		bl	UART_Start
 261              	.LVL16:
  81:UART_debug.c  ****     UART_PutString("Coinmaster 2000 ready for service\r\n");
ARM GAS  C:\Users\au576633\AppData\Local\Temp\ccn1iZsn.s 			page 7


 262              		.loc 1 81 0
 263 000c 0748     		ldr	r0, .L22+4
 264 000e FFF7FEFF 		bl	UART_PutString
 265              	.LVL17:
  82:UART_debug.c  ****     UART_PutString("r: Reject Coin\r\n");
 266              		.loc 1 82 0
 267 0012 0748     		ldr	r0, .L22+8
 268 0014 FFF7FEFF 		bl	UART_PutString
 269              	.LVL18:
  83:UART_debug.c  ****     UART_PutString("a: Accept Coin\r\n");
 270              		.loc 1 83 0
 271 0018 0648     		ldr	r0, .L22+12
 272 001a FFF7FEFF 		bl	UART_PutString
 273              	.LVL19:
  84:UART_debug.c  ****     UART_PutString("R: Reset Detector ISR");
 274              		.loc 1 84 0
 275 001e 0648     		ldr	r0, .L22+16
 276 0020 FFF7FEFF 		bl	UART_PutString
 277              	.LVL20:
 278 0024 08BD     		pop	{r3, pc}
 279              	.L23:
 280 0026 00BF     		.align	2
 281              	.L22:
 282 0028 00000000 		.word	ISR_UART_rx_handler
 283 002c 04000000 		.word	.LC1
 284 0030 28000000 		.word	.LC2
 285 0034 3C000000 		.word	.LC3
 286 0038 50000000 		.word	.LC4
 287              		.cfi_endproc
 288              	.LFE67:
 289              		.size	initUART, .-initUART
 290              		.section	.rodata.str1.4,"aMS",%progbits,1
 291              		.align	2
 292              	.LC0:
 293 0000 0D0A00   		.ascii	"\015\012\000"
 294 0003 00       		.space	1
 295              	.LC1:
 296 0004 436F696E 		.ascii	"Coinmaster 2000 ready for service\015\012\000"
 296      6D617374 
 296      65722032 
 296      30303020 
 296      72656164 
 297              	.LC2:
 298 0028 723A2052 		.ascii	"r: Reject Coin\015\012\000"
 298      656A6563 
 298      7420436F 
 298      696E0D0A 
 298      00
 299 0039 000000   		.space	3
 300              	.LC3:
 301 003c 613A2041 		.ascii	"a: Accept Coin\015\012\000"
 301      63636570 
 301      7420436F 
 301      696E0D0A 
 301      00
 302 004d 000000   		.space	3
 303              	.LC4:
ARM GAS  C:\Users\au576633\AppData\Local\Temp\ccn1iZsn.s 			page 8


 304 0050 523A2052 		.ascii	"R: Reset Detector ISR\000"
 304      65736574 
 304      20446574 
 304      6563746F 
 304      72204953 
 305              		.text
 306              	.Letext0:
 307              		.file 2 "c:\\program files (x86)\\cypress\\psoc creator\\4.2\\psoc creator\\import\\gnu\\arm\\5.4.
 308              		.file 3 "c:\\program files (x86)\\cypress\\psoc creator\\4.2\\psoc creator\\import\\gnu\\arm\\5.4.
 309              		.file 4 "Balldispenser.h"
 310              		.file 5 "CoinDetection.h"
 311              		.file 6 "RPi_IF.h"
 312              		.file 7 "Generated_Source\\PSoC5/UART.h"
 313              		.file 8 "Generated_Source\\PSoC5/isr_uart_rx.h"
 314              		.file 9 "Generated_Source\\PSoC5/core_cm3.h"
 315              		.section	.debug_info,"",%progbits
 316              	.Ldebug_info0:
 317 0000 D2020000 		.4byte	0x2d2
 318 0004 0400     		.2byte	0x4
 319 0006 00000000 		.4byte	.Ldebug_abbrev0
 320 000a 04       		.byte	0x4
 321 000b 01       		.uleb128 0x1
 322 000c C1000000 		.4byte	.LASF30
 323 0010 0C       		.byte	0xc
 324 0011 A6000000 		.4byte	.LASF31
 325 0015 1E000000 		.4byte	.LASF32
 326 0019 00000000 		.4byte	.Ldebug_ranges0+0
 327 001d 00000000 		.4byte	0
 328 0021 00000000 		.4byte	.Ldebug_line0
 329 0025 02       		.uleb128 0x2
 330 0026 01       		.byte	0x1
 331 0027 06       		.byte	0x6
 332 0028 54020000 		.4byte	.LASF0
 333 002c 02       		.uleb128 0x2
 334 002d 01       		.byte	0x1
 335 002e 08       		.byte	0x8
 336 002f B3000000 		.4byte	.LASF1
 337 0033 02       		.uleb128 0x2
 338 0034 02       		.byte	0x2
 339 0035 05       		.byte	0x5
 340 0036 2A020000 		.4byte	.LASF2
 341 003a 02       		.uleb128 0x2
 342 003b 02       		.byte	0x2
 343 003c 07       		.byte	0x7
 344 003d 6A010000 		.4byte	.LASF3
 345 0041 03       		.uleb128 0x3
 346 0042 14000000 		.4byte	.LASF9
 347 0046 02       		.byte	0x2
 348 0047 3F       		.byte	0x3f
 349 0048 4C000000 		.4byte	0x4c
 350 004c 02       		.uleb128 0x2
 351 004d 04       		.byte	0x4
 352 004e 05       		.byte	0x5
 353 004f 34020000 		.4byte	.LASF4
 354 0053 02       		.uleb128 0x2
 355 0054 04       		.byte	0x4
 356 0055 07       		.byte	0x7
ARM GAS  C:\Users\au576633\AppData\Local\Temp\ccn1iZsn.s 			page 9


 357 0056 58010000 		.4byte	.LASF5
 358 005a 02       		.uleb128 0x2
 359 005b 08       		.byte	0x8
 360 005c 05       		.byte	0x5
 361 005d 0A020000 		.4byte	.LASF6
 362 0061 02       		.uleb128 0x2
 363 0062 08       		.byte	0x8
 364 0063 07       		.byte	0x7
 365 0064 CB010000 		.4byte	.LASF7
 366 0068 04       		.uleb128 0x4
 367 0069 04       		.byte	0x4
 368 006a 05       		.byte	0x5
 369 006b 696E7400 		.ascii	"int\000"
 370 006f 02       		.uleb128 0x2
 371 0070 04       		.byte	0x4
 372 0071 07       		.byte	0x7
 373 0072 BE010000 		.4byte	.LASF8
 374 0076 03       		.uleb128 0x3
 375 0077 EC010000 		.4byte	.LASF10
 376 007b 03       		.byte	0x3
 377 007c 2C       		.byte	0x2c
 378 007d 41000000 		.4byte	0x41
 379 0081 02       		.uleb128 0x2
 380 0082 04       		.byte	0x4
 381 0083 04       		.byte	0x4
 382 0084 A0000000 		.4byte	.LASF11
 383 0088 02       		.uleb128 0x2
 384 0089 08       		.byte	0x8
 385 008a 04       		.byte	0x4
 386 008b 95010000 		.4byte	.LASF12
 387 008f 02       		.uleb128 0x2
 388 0090 01       		.byte	0x1
 389 0091 08       		.byte	0x8
 390 0092 18020000 		.4byte	.LASF13
 391 0096 02       		.uleb128 0x2
 392 0097 08       		.byte	0x8
 393 0098 04       		.byte	0x4
 394 0099 48020000 		.4byte	.LASF14
 395 009d 02       		.uleb128 0x2
 396 009e 04       		.byte	0x4
 397 009f 07       		.byte	0x7
 398 00a0 01020000 		.4byte	.LASF15
 399 00a4 05       		.uleb128 0x5
 400 00a5 87000000 		.4byte	.LASF16
 401 00a9 01       		.byte	0x1
 402 00aa 03       		.byte	0x3
 403 00ab 00000000 		.4byte	.LFB64
 404 00af 90000000 		.4byte	.LFE64-.LFB64
 405 00b3 01       		.uleb128 0x1
 406 00b4 9C       		.byte	0x9c
 407 00b5 40010000 		.4byte	0x140
 408 00b9 06       		.uleb128 0x6
 409 00ba 636D6400 		.ascii	"cmd\000"
 410 00be 01       		.byte	0x1
 411 00bf 03       		.byte	0x3
 412 00c0 8F000000 		.4byte	0x8f
 413 00c4 00000000 		.4byte	.LLST0
ARM GAS  C:\Users\au576633\AppData\Local\Temp\ccn1iZsn.s 			page 10


 414 00c8 07       		.uleb128 0x7
 415 00c9 5C000000 		.4byte	.LVL2
 416 00cd 67020000 		.4byte	0x267
 417 00d1 DB000000 		.4byte	0xdb
 418 00d5 08       		.uleb128 0x8
 419 00d6 01       		.uleb128 0x1
 420 00d7 50       		.byte	0x50
 421 00d8 01       		.uleb128 0x1
 422 00d9 31       		.byte	0x31
 423 00da 00       		.byte	0
 424 00db 07       		.uleb128 0x7
 425 00dc 64000000 		.4byte	.LVL3
 426 00e0 67020000 		.4byte	0x267
 427 00e4 EE000000 		.4byte	0xee
 428 00e8 08       		.uleb128 0x8
 429 00e9 01       		.uleb128 0x1
 430 00ea 50       		.byte	0x50
 431 00eb 01       		.uleb128 0x1
 432 00ec 32       		.byte	0x32
 433 00ed 00       		.byte	0
 434 00ee 09       		.uleb128 0x9
 435 00ef 6A000000 		.4byte	.LVL4
 436 00f3 72020000 		.4byte	0x272
 437 00f7 09       		.uleb128 0x9
 438 00f8 70000000 		.4byte	.LVL5
 439 00fc 7D020000 		.4byte	0x27d
 440 0100 09       		.uleb128 0x9
 441 0101 76000000 		.4byte	.LVL6
 442 0105 88020000 		.4byte	0x288
 443 0109 07       		.uleb128 0x7
 444 010a 7E000000 		.4byte	.LVL7
 445 010e 93020000 		.4byte	0x293
 446 0112 1C010000 		.4byte	0x11c
 447 0116 08       		.uleb128 0x8
 448 0117 01       		.uleb128 0x1
 449 0118 50       		.byte	0x50
 450 0119 01       		.uleb128 0x1
 451 011a 4E       		.byte	0x4e
 452 011b 00       		.byte	0
 453 011c 07       		.uleb128 0x7
 454 011d 86000000 		.4byte	.LVL8
 455 0121 93020000 		.4byte	0x293
 456 0125 2F010000 		.4byte	0x12f
 457 0129 08       		.uleb128 0x8
 458 012a 01       		.uleb128 0x1
 459 012b 50       		.byte	0x50
 460 012c 01       		.uleb128 0x1
 461 012d 4F       		.byte	0x4f
 462 012e 00       		.byte	0
 463 012f 0A       		.uleb128 0xa
 464 0130 8E000000 		.4byte	.LVL9
 465 0134 93020000 		.4byte	0x293
 466 0138 08       		.uleb128 0x8
 467 0139 01       		.uleb128 0x1
 468 013a 50       		.byte	0x50
 469 013b 02       		.uleb128 0x2
 470 013c 08       		.byte	0x8
ARM GAS  C:\Users\au576633\AppData\Local\Temp\ccn1iZsn.s 			page 11


 471 013d 20       		.byte	0x20
 472 013e 00       		.byte	0
 473 013f 00       		.byte	0
 474 0140 0B       		.uleb128 0xb
 475 0141 3D020000 		.4byte	.LASF18
 476 0145 01       		.byte	0x1
 477 0146 3D       		.byte	0x3d
 478 0147 00000000 		.4byte	.LFB65
 479 014b 20000000 		.4byte	.LFE65-.LFB65
 480 014f 01       		.uleb128 0x1
 481 0150 9C       		.byte	0x9c
 482 0151 A9010000 		.4byte	0x1a9
 483 0155 0C       		.uleb128 0xc
 484 0156 6F020000 		.4byte	.LASF33
 485 015a 01       		.byte	0x1
 486 015b 3F       		.byte	0x3f
 487 015c 8F000000 		.4byte	0x8f
 488 0160 21000000 		.4byte	.LLST1
 489 0164 09       		.uleb128 0x9
 490 0165 06000000 		.4byte	.LVL10
 491 0169 9E020000 		.4byte	0x29e
 492 016d 07       		.uleb128 0x7
 493 016e 0E000000 		.4byte	.LVL11
 494 0172 A9020000 		.4byte	0x2a9
 495 0176 81010000 		.4byte	0x181
 496 017a 08       		.uleb128 0x8
 497 017b 01       		.uleb128 0x1
 498 017c 50       		.byte	0x50
 499 017d 02       		.uleb128 0x2
 500 017e 74       		.byte	0x74
 501 017f 00       		.sleb128 0
 502 0180 00       		.byte	0
 503 0181 07       		.uleb128 0x7
 504 0182 14000000 		.4byte	.LVL12
 505 0186 B4020000 		.4byte	0x2b4
 506 018a 98010000 		.4byte	0x198
 507 018e 08       		.uleb128 0x8
 508 018f 01       		.uleb128 0x1
 509 0190 50       		.byte	0x50
 510 0191 05       		.uleb128 0x5
 511 0192 03       		.byte	0x3
 512 0193 00000000 		.4byte	.LC0
 513 0197 00       		.byte	0
 514 0198 0A       		.uleb128 0xa
 515 0199 1A000000 		.4byte	.LVL13
 516 019d A4000000 		.4byte	0xa4
 517 01a1 08       		.uleb128 0x8
 518 01a2 01       		.uleb128 0x1
 519 01a3 50       		.byte	0x50
 520 01a4 02       		.uleb128 0x2
 521 01a5 74       		.byte	0x74
 522 01a6 00       		.sleb128 0
 523 01a7 00       		.byte	0
 524 01a8 00       		.byte	0
 525 01a9 05       		.uleb128 0x5
 526 01aa 9C010000 		.4byte	.LASF17
 527 01ae 01       		.byte	0x1
ARM GAS  C:\Users\au576633\AppData\Local\Temp\ccn1iZsn.s 			page 12


 528 01af 48       		.byte	0x48
 529 01b0 00000000 		.4byte	.LFB66
 530 01b4 08000000 		.4byte	.LFE66-.LFB66
 531 01b8 01       		.uleb128 0x1
 532 01b9 9C       		.byte	0x9c
 533 01ba C8010000 		.4byte	0x1c8
 534 01be 09       		.uleb128 0x9
 535 01bf 06000000 		.4byte	.LVL14
 536 01c3 40010000 		.4byte	0x140
 537 01c7 00       		.byte	0
 538 01c8 0B       		.uleb128 0xb
 539 01c9 4F010000 		.4byte	.LASF19
 540 01cd 01       		.byte	0x1
 541 01ce 4D       		.byte	0x4d
 542 01cf 00000000 		.4byte	.LFB67
 543 01d3 3C000000 		.4byte	.LFE67-.LFB67
 544 01d7 01       		.uleb128 0x1
 545 01d8 9C       		.byte	0x9c
 546 01d9 56020000 		.4byte	0x256
 547 01dd 07       		.uleb128 0x7
 548 01de 08000000 		.4byte	.LVL15
 549 01e2 BF020000 		.4byte	0x2bf
 550 01e6 F4010000 		.4byte	0x1f4
 551 01ea 08       		.uleb128 0x8
 552 01eb 01       		.uleb128 0x1
 553 01ec 50       		.byte	0x50
 554 01ed 05       		.uleb128 0x5
 555 01ee 03       		.byte	0x3
 556 01ef 00000000 		.4byte	ISR_UART_rx_handler
 557 01f3 00       		.byte	0
 558 01f4 09       		.uleb128 0x9
 559 01f5 0C000000 		.4byte	.LVL16
 560 01f9 CA020000 		.4byte	0x2ca
 561 01fd 07       		.uleb128 0x7
 562 01fe 12000000 		.4byte	.LVL17
 563 0202 B4020000 		.4byte	0x2b4
 564 0206 14020000 		.4byte	0x214
 565 020a 08       		.uleb128 0x8
 566 020b 01       		.uleb128 0x1
 567 020c 50       		.byte	0x50
 568 020d 05       		.uleb128 0x5
 569 020e 03       		.byte	0x3
 570 020f 04000000 		.4byte	.LC1
 571 0213 00       		.byte	0
 572 0214 07       		.uleb128 0x7
 573 0215 18000000 		.4byte	.LVL18
 574 0219 B4020000 		.4byte	0x2b4
 575 021d 2B020000 		.4byte	0x22b
 576 0221 08       		.uleb128 0x8
 577 0222 01       		.uleb128 0x1
 578 0223 50       		.byte	0x50
 579 0224 05       		.uleb128 0x5
 580 0225 03       		.byte	0x3
 581 0226 28000000 		.4byte	.LC2
 582 022a 00       		.byte	0
 583 022b 07       		.uleb128 0x7
 584 022c 1E000000 		.4byte	.LVL19
ARM GAS  C:\Users\au576633\AppData\Local\Temp\ccn1iZsn.s 			page 13


 585 0230 B4020000 		.4byte	0x2b4
 586 0234 42020000 		.4byte	0x242
 587 0238 08       		.uleb128 0x8
 588 0239 01       		.uleb128 0x1
 589 023a 50       		.byte	0x50
 590 023b 05       		.uleb128 0x5
 591 023c 03       		.byte	0x3
 592 023d 3C000000 		.4byte	.LC3
 593 0241 00       		.byte	0
 594 0242 0A       		.uleb128 0xa
 595 0243 24000000 		.4byte	.LVL20
 596 0247 B4020000 		.4byte	0x2b4
 597 024b 08       		.uleb128 0x8
 598 024c 01       		.uleb128 0x1
 599 024d 50       		.byte	0x50
 600 024e 05       		.uleb128 0x5
 601 024f 03       		.byte	0x3
 602 0250 50000000 		.4byte	.LC4
 603 0254 00       		.byte	0
 604 0255 00       		.byte	0
 605 0256 0D       		.uleb128 0xd
 606 0257 88010000 		.4byte	.LASF34
 607 025b 09       		.byte	0x9
 608 025c 1207     		.2byte	0x712
 609 025e 62020000 		.4byte	0x262
 610 0262 0E       		.uleb128 0xe
 611 0263 76000000 		.4byte	0x76
 612 0267 0F       		.uleb128 0xf
 613 0268 B0010000 		.4byte	.LASF20
 614 026c B0010000 		.4byte	.LASF20
 615 0270 04       		.byte	0x4
 616 0271 0D       		.byte	0xd
 617 0272 0F       		.uleb128 0xf
 618 0273 95000000 		.4byte	.LASF21
 619 0277 95000000 		.4byte	.LASF21
 620 027b 05       		.byte	0x5
 621 027c 0C       		.byte	0xc
 622 027d 0F       		.uleb128 0xf
 623 027e 7C000000 		.4byte	.LASF22
 624 0282 7C000000 		.4byte	.LASF22
 625 0286 05       		.byte	0x5
 626 0287 0E       		.byte	0xe
 627 0288 0F       		.uleb128 0xf
 628 0289 77020000 		.4byte	.LASF23
 629 028d 77020000 		.4byte	.LASF23
 630 0291 05       		.byte	0x5
 631 0292 16       		.byte	0x16
 632 0293 0F       		.uleb128 0xf
 633 0294 E2010000 		.4byte	.LASF24
 634 0298 E2010000 		.4byte	.LASF24
 635 029c 06       		.byte	0x6
 636 029d 17       		.byte	0x17
 637 029e 0F       		.uleb128 0xf
 638 029f 1D020000 		.4byte	.LASF25
 639 02a3 1D020000 		.4byte	.LASF25
 640 02a7 07       		.byte	0x7
 641 02a8 71       		.byte	0x71
ARM GAS  C:\Users\au576633\AppData\Local\Temp\ccn1iZsn.s 			page 14


 642 02a9 0F       		.uleb128 0xf
 643 02aa F4010000 		.4byte	.LASF26
 644 02ae F4010000 		.4byte	.LASF26
 645 02b2 07       		.byte	0x7
 646 02b3 8A       		.byte	0x8a
 647 02b4 0F       		.uleb128 0xf
 648 02b5 60020000 		.4byte	.LASF27
 649 02b9 60020000 		.4byte	.LASF27
 650 02bd 07       		.byte	0x7
 651 02be 8B       		.byte	0x8b
 652 02bf 0F       		.uleb128 0xf
 653 02c0 00000000 		.4byte	.LASF28
 654 02c4 00000000 		.4byte	.LASF28
 655 02c8 08       		.byte	0x8
 656 02c9 18       		.byte	0x18
 657 02ca 0F       		.uleb128 0xf
 658 02cb 7D010000 		.4byte	.LASF29
 659 02cf 7D010000 		.4byte	.LASF29
 660 02d3 07       		.byte	0x7
 661 02d4 54       		.byte	0x54
 662 02d5 00       		.byte	0
 663              		.section	.debug_abbrev,"",%progbits
 664              	.Ldebug_abbrev0:
 665 0000 01       		.uleb128 0x1
 666 0001 11       		.uleb128 0x11
 667 0002 01       		.byte	0x1
 668 0003 25       		.uleb128 0x25
 669 0004 0E       		.uleb128 0xe
 670 0005 13       		.uleb128 0x13
 671 0006 0B       		.uleb128 0xb
 672 0007 03       		.uleb128 0x3
 673 0008 0E       		.uleb128 0xe
 674 0009 1B       		.uleb128 0x1b
 675 000a 0E       		.uleb128 0xe
 676 000b 55       		.uleb128 0x55
 677 000c 17       		.uleb128 0x17
 678 000d 11       		.uleb128 0x11
 679 000e 01       		.uleb128 0x1
 680 000f 10       		.uleb128 0x10
 681 0010 17       		.uleb128 0x17
 682 0011 00       		.byte	0
 683 0012 00       		.byte	0
 684 0013 02       		.uleb128 0x2
 685 0014 24       		.uleb128 0x24
 686 0015 00       		.byte	0
 687 0016 0B       		.uleb128 0xb
 688 0017 0B       		.uleb128 0xb
 689 0018 3E       		.uleb128 0x3e
 690 0019 0B       		.uleb128 0xb
 691 001a 03       		.uleb128 0x3
 692 001b 0E       		.uleb128 0xe
 693 001c 00       		.byte	0
 694 001d 00       		.byte	0
 695 001e 03       		.uleb128 0x3
 696 001f 16       		.uleb128 0x16
 697 0020 00       		.byte	0
 698 0021 03       		.uleb128 0x3
ARM GAS  C:\Users\au576633\AppData\Local\Temp\ccn1iZsn.s 			page 15


 699 0022 0E       		.uleb128 0xe
 700 0023 3A       		.uleb128 0x3a
 701 0024 0B       		.uleb128 0xb
 702 0025 3B       		.uleb128 0x3b
 703 0026 0B       		.uleb128 0xb
 704 0027 49       		.uleb128 0x49
 705 0028 13       		.uleb128 0x13
 706 0029 00       		.byte	0
 707 002a 00       		.byte	0
 708 002b 04       		.uleb128 0x4
 709 002c 24       		.uleb128 0x24
 710 002d 00       		.byte	0
 711 002e 0B       		.uleb128 0xb
 712 002f 0B       		.uleb128 0xb
 713 0030 3E       		.uleb128 0x3e
 714 0031 0B       		.uleb128 0xb
 715 0032 03       		.uleb128 0x3
 716 0033 08       		.uleb128 0x8
 717 0034 00       		.byte	0
 718 0035 00       		.byte	0
 719 0036 05       		.uleb128 0x5
 720 0037 2E       		.uleb128 0x2e
 721 0038 01       		.byte	0x1
 722 0039 3F       		.uleb128 0x3f
 723 003a 19       		.uleb128 0x19
 724 003b 03       		.uleb128 0x3
 725 003c 0E       		.uleb128 0xe
 726 003d 3A       		.uleb128 0x3a
 727 003e 0B       		.uleb128 0xb
 728 003f 3B       		.uleb128 0x3b
 729 0040 0B       		.uleb128 0xb
 730 0041 27       		.uleb128 0x27
 731 0042 19       		.uleb128 0x19
 732 0043 11       		.uleb128 0x11
 733 0044 01       		.uleb128 0x1
 734 0045 12       		.uleb128 0x12
 735 0046 06       		.uleb128 0x6
 736 0047 40       		.uleb128 0x40
 737 0048 18       		.uleb128 0x18
 738 0049 9742     		.uleb128 0x2117
 739 004b 19       		.uleb128 0x19
 740 004c 01       		.uleb128 0x1
 741 004d 13       		.uleb128 0x13
 742 004e 00       		.byte	0
 743 004f 00       		.byte	0
 744 0050 06       		.uleb128 0x6
 745 0051 05       		.uleb128 0x5
 746 0052 00       		.byte	0
 747 0053 03       		.uleb128 0x3
 748 0054 08       		.uleb128 0x8
 749 0055 3A       		.uleb128 0x3a
 750 0056 0B       		.uleb128 0xb
 751 0057 3B       		.uleb128 0x3b
 752 0058 0B       		.uleb128 0xb
 753 0059 49       		.uleb128 0x49
 754 005a 13       		.uleb128 0x13
 755 005b 02       		.uleb128 0x2
ARM GAS  C:\Users\au576633\AppData\Local\Temp\ccn1iZsn.s 			page 16


 756 005c 17       		.uleb128 0x17
 757 005d 00       		.byte	0
 758 005e 00       		.byte	0
 759 005f 07       		.uleb128 0x7
 760 0060 898201   		.uleb128 0x4109
 761 0063 01       		.byte	0x1
 762 0064 11       		.uleb128 0x11
 763 0065 01       		.uleb128 0x1
 764 0066 31       		.uleb128 0x31
 765 0067 13       		.uleb128 0x13
 766 0068 01       		.uleb128 0x1
 767 0069 13       		.uleb128 0x13
 768 006a 00       		.byte	0
 769 006b 00       		.byte	0
 770 006c 08       		.uleb128 0x8
 771 006d 8A8201   		.uleb128 0x410a
 772 0070 00       		.byte	0
 773 0071 02       		.uleb128 0x2
 774 0072 18       		.uleb128 0x18
 775 0073 9142     		.uleb128 0x2111
 776 0075 18       		.uleb128 0x18
 777 0076 00       		.byte	0
 778 0077 00       		.byte	0
 779 0078 09       		.uleb128 0x9
 780 0079 898201   		.uleb128 0x4109
 781 007c 00       		.byte	0
 782 007d 11       		.uleb128 0x11
 783 007e 01       		.uleb128 0x1
 784 007f 31       		.uleb128 0x31
 785 0080 13       		.uleb128 0x13
 786 0081 00       		.byte	0
 787 0082 00       		.byte	0
 788 0083 0A       		.uleb128 0xa
 789 0084 898201   		.uleb128 0x4109
 790 0087 01       		.byte	0x1
 791 0088 11       		.uleb128 0x11
 792 0089 01       		.uleb128 0x1
 793 008a 31       		.uleb128 0x31
 794 008b 13       		.uleb128 0x13
 795 008c 00       		.byte	0
 796 008d 00       		.byte	0
 797 008e 0B       		.uleb128 0xb
 798 008f 2E       		.uleb128 0x2e
 799 0090 01       		.byte	0x1
 800 0091 3F       		.uleb128 0x3f
 801 0092 19       		.uleb128 0x19
 802 0093 03       		.uleb128 0x3
 803 0094 0E       		.uleb128 0xe
 804 0095 3A       		.uleb128 0x3a
 805 0096 0B       		.uleb128 0xb
 806 0097 3B       		.uleb128 0x3b
 807 0098 0B       		.uleb128 0xb
 808 0099 11       		.uleb128 0x11
 809 009a 01       		.uleb128 0x1
 810 009b 12       		.uleb128 0x12
 811 009c 06       		.uleb128 0x6
 812 009d 40       		.uleb128 0x40
ARM GAS  C:\Users\au576633\AppData\Local\Temp\ccn1iZsn.s 			page 17


 813 009e 18       		.uleb128 0x18
 814 009f 9742     		.uleb128 0x2117
 815 00a1 19       		.uleb128 0x19
 816 00a2 01       		.uleb128 0x1
 817 00a3 13       		.uleb128 0x13
 818 00a4 00       		.byte	0
 819 00a5 00       		.byte	0
 820 00a6 0C       		.uleb128 0xc
 821 00a7 34       		.uleb128 0x34
 822 00a8 00       		.byte	0
 823 00a9 03       		.uleb128 0x3
 824 00aa 0E       		.uleb128 0xe
 825 00ab 3A       		.uleb128 0x3a
 826 00ac 0B       		.uleb128 0xb
 827 00ad 3B       		.uleb128 0x3b
 828 00ae 0B       		.uleb128 0xb
 829 00af 49       		.uleb128 0x49
 830 00b0 13       		.uleb128 0x13
 831 00b1 02       		.uleb128 0x2
 832 00b2 17       		.uleb128 0x17
 833 00b3 00       		.byte	0
 834 00b4 00       		.byte	0
 835 00b5 0D       		.uleb128 0xd
 836 00b6 34       		.uleb128 0x34
 837 00b7 00       		.byte	0
 838 00b8 03       		.uleb128 0x3
 839 00b9 0E       		.uleb128 0xe
 840 00ba 3A       		.uleb128 0x3a
 841 00bb 0B       		.uleb128 0xb
 842 00bc 3B       		.uleb128 0x3b
 843 00bd 05       		.uleb128 0x5
 844 00be 49       		.uleb128 0x49
 845 00bf 13       		.uleb128 0x13
 846 00c0 3F       		.uleb128 0x3f
 847 00c1 19       		.uleb128 0x19
 848 00c2 3C       		.uleb128 0x3c
 849 00c3 19       		.uleb128 0x19
 850 00c4 00       		.byte	0
 851 00c5 00       		.byte	0
 852 00c6 0E       		.uleb128 0xe
 853 00c7 35       		.uleb128 0x35
 854 00c8 00       		.byte	0
 855 00c9 49       		.uleb128 0x49
 856 00ca 13       		.uleb128 0x13
 857 00cb 00       		.byte	0
 858 00cc 00       		.byte	0
 859 00cd 0F       		.uleb128 0xf
 860 00ce 2E       		.uleb128 0x2e
 861 00cf 00       		.byte	0
 862 00d0 3F       		.uleb128 0x3f
 863 00d1 19       		.uleb128 0x19
 864 00d2 3C       		.uleb128 0x3c
 865 00d3 19       		.uleb128 0x19
 866 00d4 6E       		.uleb128 0x6e
 867 00d5 0E       		.uleb128 0xe
 868 00d6 03       		.uleb128 0x3
 869 00d7 0E       		.uleb128 0xe
ARM GAS  C:\Users\au576633\AppData\Local\Temp\ccn1iZsn.s 			page 18


 870 00d8 3A       		.uleb128 0x3a
 871 00d9 0B       		.uleb128 0xb
 872 00da 3B       		.uleb128 0x3b
 873 00db 0B       		.uleb128 0xb
 874 00dc 00       		.byte	0
 875 00dd 00       		.byte	0
 876 00de 00       		.byte	0
 877              		.section	.debug_loc,"",%progbits
 878              	.Ldebug_loc0:
 879              	.LLST0:
 880 0000 00000000 		.4byte	.LVL0
 881 0004 04000000 		.4byte	.LVL1
 882 0008 0100     		.2byte	0x1
 883 000a 50       		.byte	0x50
 884 000b 04000000 		.4byte	.LVL1
 885 000f 90000000 		.4byte	.LFE64
 886 0013 0400     		.2byte	0x4
 887 0015 F3       		.byte	0xf3
 888 0016 01       		.uleb128 0x1
 889 0017 50       		.byte	0x50
 890 0018 9F       		.byte	0x9f
 891 0019 00000000 		.4byte	0
 892 001d 00000000 		.4byte	0
 893              	.LLST1:
 894 0021 06000000 		.4byte	.LVL10
 895 0025 0D000000 		.4byte	.LVL11-1
 896 0029 0100     		.2byte	0x1
 897 002b 50       		.byte	0x50
 898 002c 00000000 		.4byte	0
 899 0030 00000000 		.4byte	0
 900              		.section	.debug_aranges,"",%progbits
 901 0000 34000000 		.4byte	0x34
 902 0004 0200     		.2byte	0x2
 903 0006 00000000 		.4byte	.Ldebug_info0
 904 000a 04       		.byte	0x4
 905 000b 00       		.byte	0
 906 000c 0000     		.2byte	0
 907 000e 0000     		.2byte	0
 908 0010 00000000 		.4byte	.LFB64
 909 0014 90000000 		.4byte	.LFE64-.LFB64
 910 0018 00000000 		.4byte	.LFB65
 911 001c 20000000 		.4byte	.LFE65-.LFB65
 912 0020 00000000 		.4byte	.LFB66
 913 0024 08000000 		.4byte	.LFE66-.LFB66
 914 0028 00000000 		.4byte	.LFB67
 915 002c 3C000000 		.4byte	.LFE67-.LFB67
 916 0030 00000000 		.4byte	0
 917 0034 00000000 		.4byte	0
 918              		.section	.debug_ranges,"",%progbits
 919              	.Ldebug_ranges0:
 920 0000 00000000 		.4byte	.LFB64
 921 0004 90000000 		.4byte	.LFE64
 922 0008 00000000 		.4byte	.LFB65
 923 000c 20000000 		.4byte	.LFE65
 924 0010 00000000 		.4byte	.LFB66
 925 0014 08000000 		.4byte	.LFE66
 926 0018 00000000 		.4byte	.LFB67
ARM GAS  C:\Users\au576633\AppData\Local\Temp\ccn1iZsn.s 			page 19


 927 001c 3C000000 		.4byte	.LFE67
 928 0020 00000000 		.4byte	0
 929 0024 00000000 		.4byte	0
 930              		.section	.debug_line,"",%progbits
 931              	.Ldebug_line0:
 932 0000 F2010000 		.section	.debug_str,"MS",%progbits,1
 932      02009201 
 932      00000201 
 932      FB0E0D00 
 932      01010101 
 933              	.LASF28:
 934 0000 6973725F 		.ascii	"isr_uart_rx_StartEx\000"
 934      75617274 
 934      5F72785F 
 934      53746172 
 934      74457800 
 935              	.LASF9:
 936 0014 5F5F696E 		.ascii	"__int32_t\000"
 936      7433325F 
 936      7400
 937              	.LASF32:
 938 001e 5C5C766D 		.ascii	"\\\\vmware-host\\Shared Folders\\Documents\\BallDis"
 938      77617265 
 938      2D686F73 
 938      745C5368 
 938      61726564 
 939 004c 70417070 		.ascii	"pApp\\Workspace12\\Bolddispenser_CoinMaster.cydsn\000"
 939      5C576F72 
 939      6B737061 
 939      63653132 
 939      5C426F6C 
 940              	.LASF22:
 941 007c 61636365 		.ascii	"acceptCoin\000"
 941      7074436F 
 941      696E00
 942              	.LASF16:
 943 0087 68616E64 		.ascii	"handleCommand\000"
 943      6C65436F 
 943      6D6D616E 
 943      6400
 944              	.LASF21:
 945 0095 72656A65 		.ascii	"rejectCoin\000"
 945      6374436F 
 945      696E00
 946              	.LASF11:
 947 00a0 666C6F61 		.ascii	"float\000"
 947      7400
 948              	.LASF31:
 949 00a6 55415254 		.ascii	"UART_debug.c\000"
 949      5F646562 
 949      75672E63 
 949      00
 950              	.LASF1:
 951 00b3 756E7369 		.ascii	"unsigned char\000"
 951      676E6564 
 951      20636861 
 951      7200
ARM GAS  C:\Users\au576633\AppData\Local\Temp\ccn1iZsn.s 			page 20


 952              	.LASF30:
 953 00c1 474E5520 		.ascii	"GNU C11 5.4.1 20160609 (release) [ARM/embedded-5-br"
 953      43313120 
 953      352E342E 
 953      31203230 
 953      31363036 
 954 00f4 616E6368 		.ascii	"anch revision 237715] -mcpu=cortex-m3 -mthumb -g -O"
 954      20726576 
 954      6973696F 
 954      6E203233 
 954      37373135 
 955 0127 67202D66 		.ascii	"g -ffunction-sections -ffat-lto-objects\000"
 955      66756E63 
 955      74696F6E 
 955      2D736563 
 955      74696F6E 
 956              	.LASF19:
 957 014f 696E6974 		.ascii	"initUART\000"
 957      55415254 
 957      00
 958              	.LASF5:
 959 0158 6C6F6E67 		.ascii	"long unsigned int\000"
 959      20756E73 
 959      69676E65 
 959      6420696E 
 959      7400
 960              	.LASF3:
 961 016a 73686F72 		.ascii	"short unsigned int\000"
 961      7420756E 
 961      7369676E 
 961      65642069 
 961      6E7400
 962              	.LASF29:
 963 017d 55415254 		.ascii	"UART_Start\000"
 963      5F537461 
 963      727400
 964              	.LASF34:
 965 0188 49544D5F 		.ascii	"ITM_RxBuffer\000"
 965      52784275 
 965      66666572 
 965      00
 966              	.LASF12:
 967 0195 646F7562 		.ascii	"double\000"
 967      6C6500
 968              	.LASF17:
 969 019c 4953525F 		.ascii	"ISR_UART_rx_handler\000"
 969      55415254 
 969      5F72785F 
 969      68616E64 
 969      6C657200 
 970              	.LASF20:
 971 01b0 44697370 		.ascii	"DispenseBalls\000"
 971      656E7365 
 971      42616C6C 
 971      7300
 972              	.LASF8:
 973 01be 756E7369 		.ascii	"unsigned int\000"
ARM GAS  C:\Users\au576633\AppData\Local\Temp\ccn1iZsn.s 			page 21


 973      676E6564 
 973      20696E74 
 973      00
 974              	.LASF7:
 975 01cb 6C6F6E67 		.ascii	"long long unsigned int\000"
 975      206C6F6E 
 975      6720756E 
 975      7369676E 
 975      65642069 
 976              	.LASF24:
 977 01e2 53656E64 		.ascii	"SendToRPi\000"
 977      546F5250 
 977      6900
 978              	.LASF10:
 979 01ec 696E7433 		.ascii	"int32_t\000"
 979      325F7400 
 980              	.LASF26:
 981 01f4 55415254 		.ascii	"UART_PutChar\000"
 981      5F507574 
 981      43686172 
 981      00
 982              	.LASF15:
 983 0201 73697A65 		.ascii	"sizetype\000"
 983      74797065 
 983      00
 984              	.LASF6:
 985 020a 6C6F6E67 		.ascii	"long long int\000"
 985      206C6F6E 
 985      6720696E 
 985      7400
 986              	.LASF13:
 987 0218 63686172 		.ascii	"char\000"
 987      00
 988              	.LASF25:
 989 021d 55415254 		.ascii	"UART_GetChar\000"
 989      5F476574 
 989      43686172 
 989      00
 990              	.LASF2:
 991 022a 73686F72 		.ascii	"short int\000"
 991      7420696E 
 991      7400
 992              	.LASF4:
 993 0234 6C6F6E67 		.ascii	"long int\000"
 993      20696E74 
 993      00
 994              	.LASF18:
 995 023d 68616E64 		.ascii	"handleUART\000"
 995      6C655541 
 995      525400
 996              	.LASF14:
 997 0248 6C6F6E67 		.ascii	"long double\000"
 997      20646F75 
 997      626C6500 
 998              	.LASF0:
 999 0254 7369676E 		.ascii	"signed char\000"
 999      65642063 
ARM GAS  C:\Users\au576633\AppData\Local\Temp\ccn1iZsn.s 			page 22


 999      68617200 
 1000              	.LASF27:
 1001 0260 55415254 		.ascii	"UART_PutString\000"
 1001      5F507574 
 1001      53747269 
 1001      6E6700
 1002              	.LASF33:
 1003 026f 636D6463 		.ascii	"cmdchar\000"
 1003      68617200 
 1004              	.LASF23:
 1005 0277 72657365 		.ascii	"resetDetectorISR\000"
 1005      74446574 
 1005      6563746F 
 1005      72495352 
 1005      00
 1006              		.ident	"GCC: (GNU Tools for ARM Embedded Processors) 5.4.1 20160609 (release) [ARM/embedded-5-bran
