ARM GAS  C:\Users\au576633\AppData\Local\Temp\ccKQIUVl.s 			page 1


   1              		.syntax unified
   2              		.cpu cortex-m3
   3              		.fpu softvfp
   4              		.eabi_attribute 20, 1
   5              		.eabi_attribute 21, 1
   6              		.eabi_attribute 23, 3
   7              		.eabi_attribute 24, 1
   8              		.eabi_attribute 25, 1
   9              		.eabi_attribute 26, 1
  10              		.eabi_attribute 30, 1
  11              		.eabi_attribute 34, 1
  12              		.eabi_attribute 18, 4
  13              		.thumb
  14              		.syntax unified
  15              		.file	"Balldispenser.c"
  16              		.text
  17              	.Ltext0:
  18              		.cfi_sections	.debug_frame
  19              		.section	.text.DispenseBalls,"ax",%progbits
  20              		.align	2
  21              		.global	DispenseBalls
  22              		.thumb
  23              		.thumb_func
  24              		.type	DispenseBalls, %function
  25              	DispenseBalls:
  26              	.LFB65:
  27              		.file 1 "Balldispenser.c"
   1:Balldispenser.c **** #include "Balldispenser.h"
   2:Balldispenser.c **** 
   3:Balldispenser.c **** #define NUMBER_OF_BALLS 2
   4:Balldispenser.c **** 
   5:Balldispenser.c **** static uint8 ball_count;
   6:Balldispenser.c **** static uint16 V_Sample;
   7:Balldispenser.c **** 
   8:Balldispenser.c **** /*******************************************************************************
   9:Balldispenser.c **** * Function Name: initBallDispenser
  10:Balldispenser.c **** ********************************************************************************
  11:Balldispenser.c **** *
  12:Balldispenser.c **** * Summary:     
  13:Balldispenser.c **** *
  14:Balldispenser.c **** * Parameters:
  15:Balldispenser.c **** *  None.
  16:Balldispenser.c **** *
  17:Balldispenser.c **** * Return:
  18:Balldispenser.c **** *  None.
  19:Balldispenser.c **** *
  20:Balldispenser.c **** *******************************************************************************/
  21:Balldispenser.c **** void initBallDispenser()
  22:Balldispenser.c **** {
  23:Balldispenser.c ****     UART_PutString("Ball Dispenser INIT\r\n");
  24:Balldispenser.c ****     PWM_1_Start();
  25:Balldispenser.c ****     Sample_Hold_1_Start();
  26:Balldispenser.c ****     ADC_DelSig_1_Start();
  27:Balldispenser.c ****     countBalls();
  28:Balldispenser.c **** }
  29:Balldispenser.c **** 
  30:Balldispenser.c **** void DispenseBalls()
ARM GAS  C:\Users\au576633\AppData\Local\Temp\ccKQIUVl.s 			page 2


  31:Balldispenser.c **** {
  28              		.loc 1 31 0
  29              		.cfi_startproc
  30              		@ args = 0, pretend = 0, frame = 0
  31              		@ frame_needed = 0, uses_anonymous_args = 0
  32 0000 10B5     		push	{r4, lr}
  33              		.cfi_def_cfa_offset 8
  34              		.cfi_offset 4, -8
  35              		.cfi_offset 14, -4
  36              	.LVL0:
  32:Balldispenser.c ****     uint8 count = 0;
  37              		.loc 1 32 0
  38 0002 0022     		movs	r2, #0
  33:Balldispenser.c ****     while(count++<(NUMBER_OF_BALLS))
  39              		.loc 1 33 0
  40 0004 08E0     		b	.L2
  41              	.LVL1:
  42              	.L3:
  34:Balldispenser.c ****     {
  35:Balldispenser.c ****     UART_PutString("Ball Dispensing\r\n");
  43              		.loc 1 35 0
  44 0006 0748     		ldr	r0, .L5
  45 0008 FFF7FEFF 		bl	UART_PutString
  46              	.LVL2:
  36:Balldispenser.c ****     Rotate360();
  47              		.loc 1 36 0
  48 000c FFF7FEFF 		bl	Rotate360
  49              	.LVL3:
  37:Balldispenser.c ****     UART_PutString("Ball Dispensed\r\n");
  50              		.loc 1 37 0
  51 0010 0548     		ldr	r0, .L5+4
  52 0012 FFF7FEFF 		bl	UART_PutString
  53              	.LVL4:
  33:Balldispenser.c ****     {
  54              		.loc 1 33 0
  55 0016 2246     		mov	r2, r4
  56              	.LVL5:
  57              	.L2:
  58 0018 531C     		adds	r3, r2, #1
  59 001a DCB2     		uxtb	r4, r3
  60              	.LVL6:
  61 001c 012A     		cmp	r2, #1
  62 001e F2D9     		bls	.L3
  38:Balldispenser.c ****     }
  39:Balldispenser.c **** }
  63              		.loc 1 39 0
  64 0020 10BD     		pop	{r4, pc}
  65              	.LVL7:
  66              	.L6:
  67 0022 00BF     		.align	2
  68              	.L5:
  69 0024 00000000 		.word	.LC0
  70 0028 14000000 		.word	.LC1
  71              		.cfi_endproc
  72              	.LFE65:
  73              		.size	DispenseBalls, .-DispenseBalls
  74              		.section	.text.UpdateStatusLEDS,"ax",%progbits
ARM GAS  C:\Users\au576633\AppData\Local\Temp\ccKQIUVl.s 			page 3


  75              		.align	2
  76              		.global	UpdateStatusLEDS
  77              		.thumb
  78              		.thumb_func
  79              		.type	UpdateStatusLEDS, %function
  80              	UpdateStatusLEDS:
  81              	.LFB67:
  40:Balldispenser.c **** 
  41:Balldispenser.c **** int countBalls()
  42:Balldispenser.c **** {
  43:Balldispenser.c ****     ADC_DelSig_1_StartConvert();
  44:Balldispenser.c ****     V_Sample = ADC_DelSig_1_GetResult16();
  45:Balldispenser.c ****     if(V_Sample>1 && V_Sample<400)
  46:Balldispenser.c ****     {
  47:Balldispenser.c ****         ball_count = 4;
  48:Balldispenser.c ****     }
  49:Balldispenser.c ****     else if(V_Sample>30000 && V_Sample<40000)
  50:Balldispenser.c ****     {
  51:Balldispenser.c ****         ball_count = 3;
  52:Balldispenser.c ****     }
  53:Balldispenser.c ****     else if(V_Sample>15000 && V_Sample<30000)
  54:Balldispenser.c ****     {
  55:Balldispenser.c ****         ball_count = 2;
  56:Balldispenser.c ****     }
  57:Balldispenser.c ****     else if(V_Sample>1000 && V_Sample<15000)
  58:Balldispenser.c ****     {
  59:Balldispenser.c ****         ball_count = 1;
  60:Balldispenser.c ****         //dispenserEmpty();
  61:Balldispenser.c ****     }
  62:Balldispenser.c ****     else
  63:Balldispenser.c ****     {
  64:Balldispenser.c ****         
  65:Balldispenser.c ****     }
  66:Balldispenser.c ****         UpdateStatusLEDS();
  67:Balldispenser.c ****         return ball_count;
  68:Balldispenser.c **** }
  69:Balldispenser.c **** 
  70:Balldispenser.c **** void UpdateStatusLEDS()
  71:Balldispenser.c **** {
  82              		.loc 1 71 0
  83              		.cfi_startproc
  84              		@ args = 0, pretend = 0, frame = 0
  85              		@ frame_needed = 0, uses_anonymous_args = 0
  86 0000 08B5     		push	{r3, lr}
  87              		.cfi_def_cfa_offset 8
  88              		.cfi_offset 3, -8
  89              		.cfi_offset 14, -4
  72:Balldispenser.c ****     if(ball_count==4){
  90              		.loc 1 72 0
  91 0002 0E4B     		ldr	r3, .L12
  92 0004 1B78     		ldrb	r3, [r3]	@ zero_extendqisi2
  93 0006 042B     		cmp	r3, #4
  94 0008 06D1     		bne	.L8
  73:Balldispenser.c ****         pin_full_Write(1); 
  95              		.loc 1 73 0
  96 000a 0120     		movs	r0, #1
  97 000c FFF7FEFF 		bl	pin_full_Write
ARM GAS  C:\Users\au576633\AppData\Local\Temp\ccKQIUVl.s 			page 4


  98              	.LVL8:
  74:Balldispenser.c ****         pin_empty_Write(0);
  99              		.loc 1 74 0
 100 0010 0020     		movs	r0, #0
 101 0012 FFF7FEFF 		bl	pin_empty_Write
 102              	.LVL9:
 103 0016 08BD     		pop	{r3, pc}
 104              	.L8:
  75:Balldispenser.c ****     }
  76:Balldispenser.c ****     else if(ball_count==3)
 105              		.loc 1 76 0
 106 0018 032B     		cmp	r3, #3
 107 001a 06D1     		bne	.L10
  77:Balldispenser.c ****     {
  78:Balldispenser.c ****         pin_full_Write(0); 
 108              		.loc 1 78 0
 109 001c 0020     		movs	r0, #0
 110 001e FFF7FEFF 		bl	pin_full_Write
 111              	.LVL10:
  79:Balldispenser.c ****         pin_empty_Write(0);
 112              		.loc 1 79 0
 113 0022 0020     		movs	r0, #0
 114 0024 FFF7FEFF 		bl	pin_empty_Write
 115              	.LVL11:
 116 0028 08BD     		pop	{r3, pc}
 117              	.L10:
  80:Balldispenser.c ****     }
  81:Balldispenser.c ****      else if(ball_count<3)
 118              		.loc 1 81 0
 119 002a 022B     		cmp	r3, #2
 120 002c 05D8     		bhi	.L7
  82:Balldispenser.c ****     {
  83:Balldispenser.c ****         pin_full_Write(0); 
 121              		.loc 1 83 0
 122 002e 0020     		movs	r0, #0
 123 0030 FFF7FEFF 		bl	pin_full_Write
 124              	.LVL12:
  84:Balldispenser.c ****         pin_empty_Write(1);
 125              		.loc 1 84 0
 126 0034 0120     		movs	r0, #1
 127 0036 FFF7FEFF 		bl	pin_empty_Write
 128              	.LVL13:
 129              	.L7:
 130 003a 08BD     		pop	{r3, pc}
 131              	.L13:
 132              		.align	2
 133              	.L12:
 134 003c 00000000 		.word	.LANCHOR0
 135              		.cfi_endproc
 136              	.LFE67:
 137              		.size	UpdateStatusLEDS, .-UpdateStatusLEDS
 138              		.section	.text.countBalls,"ax",%progbits
 139              		.align	2
 140              		.global	countBalls
 141              		.thumb
 142              		.thumb_func
 143              		.type	countBalls, %function
ARM GAS  C:\Users\au576633\AppData\Local\Temp\ccKQIUVl.s 			page 5


 144              	countBalls:
 145              	.LFB66:
  42:Balldispenser.c ****     ADC_DelSig_1_StartConvert();
 146              		.loc 1 42 0
 147              		.cfi_startproc
 148              		@ args = 0, pretend = 0, frame = 0
 149              		@ frame_needed = 0, uses_anonymous_args = 0
 150 0000 08B5     		push	{r3, lr}
 151              		.cfi_def_cfa_offset 8
 152              		.cfi_offset 3, -8
 153              		.cfi_offset 14, -4
  43:Balldispenser.c ****     V_Sample = ADC_DelSig_1_GetResult16();
 154              		.loc 1 43 0
 155 0002 FFF7FEFF 		bl	ADC_DelSig_1_StartConvert
 156              	.LVL14:
  44:Balldispenser.c ****     if(V_Sample>1 && V_Sample<400)
 157              		.loc 1 44 0
 158 0006 FFF7FEFF 		bl	ADC_DelSig_1_GetResult16
 159              	.LVL15:
 160 000a 80B2     		uxth	r0, r0
  45:Balldispenser.c ****     {
 161              		.loc 1 45 0
 162 000c 831E     		subs	r3, r0, #2
 163 000e 9BB2     		uxth	r3, r3
 164 0010 B3F5C77F 		cmp	r3, #398
 165 0014 03D2     		bcs	.L15
  47:Balldispenser.c ****     }
 166              		.loc 1 47 0
 167 0016 0422     		movs	r2, #4
 168 0018 144B     		ldr	r3, .L20
 169 001a 1A70     		strb	r2, [r3]
 170 001c 21E0     		b	.L16
 171              	.L15:
  49:Balldispenser.c ****     {
 172              		.loc 1 49 0
 173 001e A0F5EA43 		sub	r3, r0, #29952
 174 0022 313B     		subs	r3, r3, #49
 175 0024 9BB2     		uxth	r3, r3
 176 0026 42F20E72 		movw	r2, #9998
 177 002a 9342     		cmp	r3, r2
 178 002c 03D8     		bhi	.L17
  51:Balldispenser.c ****     }
 179              		.loc 1 51 0
 180 002e 0322     		movs	r2, #3
 181 0030 0E4B     		ldr	r3, .L20
 182 0032 1A70     		strb	r2, [r3]
 183 0034 15E0     		b	.L16
 184              	.L17:
  53:Balldispenser.c ****     {
 185              		.loc 1 53 0
 186 0036 A0F56A53 		sub	r3, r0, #14976
 187 003a 193B     		subs	r3, r3, #25
 188 003c 9BB2     		uxth	r3, r3
 189 003e 43F69622 		movw	r2, #14998
 190 0042 9342     		cmp	r3, r2
 191 0044 03D8     		bhi	.L18
  55:Balldispenser.c ****     }
ARM GAS  C:\Users\au576633\AppData\Local\Temp\ccKQIUVl.s 			page 6


 192              		.loc 1 55 0
 193 0046 0222     		movs	r2, #2
 194 0048 084B     		ldr	r3, .L20
 195 004a 1A70     		strb	r2, [r3]
 196 004c 09E0     		b	.L16
 197              	.L18:
  57:Balldispenser.c ****     {
 198              		.loc 1 57 0
 199 004e A0F2E930 		subw	r0, r0, #1001
 200 0052 80B2     		uxth	r0, r0
 201 0054 43F2AE63 		movw	r3, #13998
 202 0058 9842     		cmp	r0, r3
 203 005a 02D8     		bhi	.L16
  59:Balldispenser.c ****         //dispenserEmpty();
 204              		.loc 1 59 0
 205 005c 0122     		movs	r2, #1
 206 005e 034B     		ldr	r3, .L20
 207 0060 1A70     		strb	r2, [r3]
 208              	.L16:
  66:Balldispenser.c ****         return ball_count;
 209              		.loc 1 66 0
 210 0062 FFF7FEFF 		bl	UpdateStatusLEDS
 211              	.LVL16:
  68:Balldispenser.c **** 
 212              		.loc 1 68 0
 213 0066 014B     		ldr	r3, .L20
 214 0068 1878     		ldrb	r0, [r3]	@ zero_extendqisi2
 215 006a 08BD     		pop	{r3, pc}
 216              	.L21:
 217              		.align	2
 218              	.L20:
 219 006c 00000000 		.word	.LANCHOR0
 220              		.cfi_endproc
 221              	.LFE66:
 222              		.size	countBalls, .-countBalls
 223              		.section	.text.initBallDispenser,"ax",%progbits
 224              		.align	2
 225              		.global	initBallDispenser
 226              		.thumb
 227              		.thumb_func
 228              		.type	initBallDispenser, %function
 229              	initBallDispenser:
 230              	.LFB64:
  22:Balldispenser.c ****     UART_PutString("Ball Dispenser INIT\r\n");
 231              		.loc 1 22 0
 232              		.cfi_startproc
 233              		@ args = 0, pretend = 0, frame = 0
 234              		@ frame_needed = 0, uses_anonymous_args = 0
 235 0000 08B5     		push	{r3, lr}
 236              		.cfi_def_cfa_offset 8
 237              		.cfi_offset 3, -8
 238              		.cfi_offset 14, -4
  23:Balldispenser.c ****     PWM_1_Start();
 239              		.loc 1 23 0
 240 0002 0648     		ldr	r0, .L24
 241 0004 FFF7FEFF 		bl	UART_PutString
 242              	.LVL17:
ARM GAS  C:\Users\au576633\AppData\Local\Temp\ccKQIUVl.s 			page 7


  24:Balldispenser.c ****     Sample_Hold_1_Start();
 243              		.loc 1 24 0
 244 0008 FFF7FEFF 		bl	PWM_1_Start
 245              	.LVL18:
  25:Balldispenser.c ****     ADC_DelSig_1_Start();
 246              		.loc 1 25 0
 247 000c FFF7FEFF 		bl	Sample_Hold_1_Start
 248              	.LVL19:
  26:Balldispenser.c ****     countBalls();
 249              		.loc 1 26 0
 250 0010 FFF7FEFF 		bl	ADC_DelSig_1_Start
 251              	.LVL20:
  27:Balldispenser.c **** }
 252              		.loc 1 27 0
 253 0014 FFF7FEFF 		bl	countBalls
 254              	.LVL21:
 255 0018 08BD     		pop	{r3, pc}
 256              	.L25:
 257 001a 00BF     		.align	2
 258              	.L24:
 259 001c 28000000 		.word	.LC2
 260              		.cfi_endproc
 261              	.LFE64:
 262              		.size	initBallDispenser, .-initBallDispenser
 263              		.section	.rodata.str1.4,"aMS",%progbits,1
 264              		.align	2
 265              	.LC0:
 266 0000 42616C6C 		.ascii	"Ball Dispensing\015\012\000"
 266      20446973 
 266      70656E73 
 266      696E670D 
 266      0A00
 267 0012 0000     		.space	2
 268              	.LC1:
 269 0014 42616C6C 		.ascii	"Ball Dispensed\015\012\000"
 269      20446973 
 269      70656E73 
 269      65640D0A 
 269      00
 270 0025 000000   		.space	3
 271              	.LC2:
 272 0028 42616C6C 		.ascii	"Ball Dispenser INIT\015\012\000"
 272      20446973 
 272      70656E73 
 272      65722049 
 272      4E49540D 
 273              		.bss
 274              		.set	.LANCHOR0,. + 0
 275              		.type	ball_count, %object
 276              		.size	ball_count, 1
 277              	ball_count:
 278 0000 00       		.space	1
 279              		.text
 280              	.Letext0:
 281              		.file 2 "c:\\program files (x86)\\cypress\\psoc creator\\4.2\\psoc creator\\import\\gnu\\arm\\5.4.
 282              		.file 3 "c:\\program files (x86)\\cypress\\psoc creator\\4.2\\psoc creator\\import\\gnu\\arm\\5.4.
 283              		.file 4 "Generated_Source\\PSoC5/cytypes.h"
ARM GAS  C:\Users\au576633\AppData\Local\Temp\ccKQIUVl.s 			page 8


 284              		.file 5 "Generated_Source\\PSoC5/UART.h"
 285              		.file 6 "MotorControl.h"
 286              		.file 7 "Generated_Source\\PSoC5/pin_full.h"
 287              		.file 8 "Generated_Source\\PSoC5/pin_empty.h"
 288              		.file 9 "Generated_Source\\PSoC5/ADC_DelSig_1.h"
 289              		.file 10 "Generated_Source\\PSoC5/PWM_1.h"
 290              		.file 11 "Generated_Source\\PSoC5/Sample_Hold_1.h"
 291              		.file 12 "Generated_Source\\PSoC5/core_cm3.h"
 292              		.section	.debug_info,"",%progbits
 293              	.Ldebug_info0:
 294 0000 AB020000 		.4byte	0x2ab
 295 0004 0400     		.2byte	0x4
 296 0006 00000000 		.4byte	.Ldebug_abbrev0
 297 000a 04       		.byte	0x4
 298 000b 01       		.uleb128 0x1
 299 000c 9E000000 		.4byte	.LASF32
 300 0010 0C       		.byte	0xc
 301 0011 65010000 		.4byte	.LASF33
 302 0015 0A000000 		.4byte	.LASF34
 303 0019 00000000 		.4byte	.Ldebug_ranges0+0
 304 001d 00000000 		.4byte	0
 305 0021 00000000 		.4byte	.Ldebug_line0
 306 0025 02       		.uleb128 0x2
 307 0026 01       		.byte	0x1
 308 0027 06       		.byte	0x6
 309 0028 7E020000 		.4byte	.LASF0
 310 002c 02       		.uleb128 0x2
 311 002d 01       		.byte	0x1
 312 002e 08       		.byte	0x8
 313 002f 90000000 		.4byte	.LASF1
 314 0033 02       		.uleb128 0x2
 315 0034 02       		.byte	0x2
 316 0035 05       		.byte	0x5
 317 0036 21020000 		.4byte	.LASF2
 318 003a 02       		.uleb128 0x2
 319 003b 02       		.byte	0x2
 320 003c 07       		.byte	0x7
 321 003d 68000000 		.4byte	.LASF3
 322 0041 03       		.uleb128 0x3
 323 0042 00000000 		.4byte	.LASF9
 324 0046 02       		.byte	0x2
 325 0047 3F       		.byte	0x3f
 326 0048 4C000000 		.4byte	0x4c
 327 004c 02       		.uleb128 0x2
 328 004d 04       		.byte	0x4
 329 004e 05       		.byte	0x5
 330 004f 4F020000 		.4byte	.LASF4
 331 0053 02       		.uleb128 0x2
 332 0054 04       		.byte	0x4
 333 0055 07       		.byte	0x7
 334 0056 2C010000 		.4byte	.LASF5
 335 005a 02       		.uleb128 0x2
 336 005b 08       		.byte	0x8
 337 005c 05       		.byte	0x5
 338 005d 08020000 		.4byte	.LASF6
 339 0061 02       		.uleb128 0x2
 340 0062 08       		.byte	0x8
ARM GAS  C:\Users\au576633\AppData\Local\Temp\ccKQIUVl.s 			page 9


 341 0063 07       		.byte	0x7
 342 0064 BC010000 		.4byte	.LASF7
 343 0068 04       		.uleb128 0x4
 344 0069 04       		.byte	0x4
 345 006a 05       		.byte	0x5
 346 006b 696E7400 		.ascii	"int\000"
 347 006f 02       		.uleb128 0x2
 348 0070 04       		.byte	0x4
 349 0071 07       		.byte	0x7
 350 0072 AF010000 		.4byte	.LASF8
 351 0076 03       		.uleb128 0x3
 352 0077 E3010000 		.4byte	.LASF10
 353 007b 03       		.byte	0x3
 354 007c 2C       		.byte	0x2c
 355 007d 41000000 		.4byte	0x41
 356 0081 05       		.uleb128 0x5
 357 0082 8A000000 		.4byte	.LASF11
 358 0086 04       		.byte	0x4
 359 0087 E401     		.2byte	0x1e4
 360 0089 2C000000 		.4byte	0x2c
 361 008d 05       		.uleb128 0x5
 362 008e 5E010000 		.4byte	.LASF12
 363 0092 04       		.byte	0x4
 364 0093 E501     		.2byte	0x1e5
 365 0095 3A000000 		.4byte	0x3a
 366 0099 02       		.uleb128 0x2
 367 009a 04       		.byte	0x4
 368 009b 04       		.byte	0x4
 369 009c 7B000000 		.4byte	.LASF13
 370 00a0 02       		.uleb128 0x2
 371 00a1 08       		.byte	0x8
 372 00a2 04       		.byte	0x4
 373 00a3 57010000 		.4byte	.LASF14
 374 00a7 02       		.uleb128 0x2
 375 00a8 01       		.byte	0x1
 376 00a9 08       		.byte	0x8
 377 00aa 16020000 		.4byte	.LASF15
 378 00ae 02       		.uleb128 0x2
 379 00af 08       		.byte	0x8
 380 00b0 04       		.byte	0x4
 381 00b1 72020000 		.4byte	.LASF16
 382 00b5 02       		.uleb128 0x2
 383 00b6 04       		.byte	0x4
 384 00b7 07       		.byte	0x7
 385 00b8 FF010000 		.4byte	.LASF17
 386 00bc 06       		.uleb128 0x6
 387 00bd 75010000 		.4byte	.LASF18
 388 00c1 01       		.byte	0x1
 389 00c2 1E       		.byte	0x1e
 390 00c3 00000000 		.4byte	.LFB65
 391 00c7 2C000000 		.4byte	.LFE65-.LFB65
 392 00cb 01       		.uleb128 0x1
 393 00cc 9C       		.byte	0x9c
 394 00cd 14010000 		.4byte	0x114
 395 00d1 07       		.uleb128 0x7
 396 00d2 1B020000 		.4byte	.LASF21
 397 00d6 01       		.byte	0x1
ARM GAS  C:\Users\au576633\AppData\Local\Temp\ccKQIUVl.s 			page 10


 398 00d7 20       		.byte	0x20
 399 00d8 81000000 		.4byte	0x81
 400 00dc 00000000 		.4byte	.LLST0
 401 00e0 08       		.uleb128 0x8
 402 00e1 0C000000 		.4byte	.LVL2
 403 00e5 4B020000 		.4byte	0x24b
 404 00e9 F7000000 		.4byte	0xf7
 405 00ed 09       		.uleb128 0x9
 406 00ee 01       		.uleb128 0x1
 407 00ef 50       		.byte	0x50
 408 00f0 05       		.uleb128 0x5
 409 00f1 03       		.byte	0x3
 410 00f2 00000000 		.4byte	.LC0
 411 00f6 00       		.byte	0
 412 00f7 0A       		.uleb128 0xa
 413 00f8 10000000 		.4byte	.LVL3
 414 00fc 56020000 		.4byte	0x256
 415 0100 0B       		.uleb128 0xb
 416 0101 16000000 		.4byte	.LVL4
 417 0105 4B020000 		.4byte	0x24b
 418 0109 09       		.uleb128 0x9
 419 010a 01       		.uleb128 0x1
 420 010b 50       		.byte	0x50
 421 010c 05       		.uleb128 0x5
 422 010d 03       		.byte	0x3
 423 010e 14000000 		.4byte	.LC1
 424 0112 00       		.byte	0
 425 0113 00       		.byte	0
 426 0114 06       		.uleb128 0x6
 427 0115 8A020000 		.4byte	.LASF19
 428 0119 01       		.byte	0x1
 429 011a 46       		.byte	0x46
 430 011b 00000000 		.4byte	.LFB67
 431 011f 40000000 		.4byte	.LFE67-.LFB67
 432 0123 01       		.uleb128 0x1
 433 0124 9C       		.byte	0x9c
 434 0125 98010000 		.4byte	0x198
 435 0129 08       		.uleb128 0x8
 436 012a 10000000 		.4byte	.LVL8
 437 012e 61020000 		.4byte	0x261
 438 0132 3C010000 		.4byte	0x13c
 439 0136 09       		.uleb128 0x9
 440 0137 01       		.uleb128 0x1
 441 0138 50       		.byte	0x50
 442 0139 01       		.uleb128 0x1
 443 013a 31       		.byte	0x31
 444 013b 00       		.byte	0
 445 013c 08       		.uleb128 0x8
 446 013d 16000000 		.4byte	.LVL9
 447 0141 6C020000 		.4byte	0x26c
 448 0145 4F010000 		.4byte	0x14f
 449 0149 09       		.uleb128 0x9
 450 014a 01       		.uleb128 0x1
 451 014b 50       		.byte	0x50
 452 014c 01       		.uleb128 0x1
 453 014d 30       		.byte	0x30
 454 014e 00       		.byte	0
ARM GAS  C:\Users\au576633\AppData\Local\Temp\ccKQIUVl.s 			page 11


 455 014f 08       		.uleb128 0x8
 456 0150 22000000 		.4byte	.LVL10
 457 0154 61020000 		.4byte	0x261
 458 0158 62010000 		.4byte	0x162
 459 015c 09       		.uleb128 0x9
 460 015d 01       		.uleb128 0x1
 461 015e 50       		.byte	0x50
 462 015f 01       		.uleb128 0x1
 463 0160 30       		.byte	0x30
 464 0161 00       		.byte	0
 465 0162 08       		.uleb128 0x8
 466 0163 28000000 		.4byte	.LVL11
 467 0167 6C020000 		.4byte	0x26c
 468 016b 75010000 		.4byte	0x175
 469 016f 09       		.uleb128 0x9
 470 0170 01       		.uleb128 0x1
 471 0171 50       		.byte	0x50
 472 0172 01       		.uleb128 0x1
 473 0173 30       		.byte	0x30
 474 0174 00       		.byte	0
 475 0175 08       		.uleb128 0x8
 476 0176 34000000 		.4byte	.LVL12
 477 017a 61020000 		.4byte	0x261
 478 017e 88010000 		.4byte	0x188
 479 0182 09       		.uleb128 0x9
 480 0183 01       		.uleb128 0x1
 481 0184 50       		.byte	0x50
 482 0185 01       		.uleb128 0x1
 483 0186 30       		.byte	0x30
 484 0187 00       		.byte	0
 485 0188 0B       		.uleb128 0xb
 486 0189 3A000000 		.4byte	.LVL13
 487 018d 6C020000 		.4byte	0x26c
 488 0191 09       		.uleb128 0x9
 489 0192 01       		.uleb128 0x1
 490 0193 50       		.byte	0x50
 491 0194 01       		.uleb128 0x1
 492 0195 31       		.byte	0x31
 493 0196 00       		.byte	0
 494 0197 00       		.byte	0
 495 0198 0C       		.uleb128 0xc
 496 0199 AA020000 		.4byte	.LASF35
 497 019d 01       		.byte	0x1
 498 019e 29       		.byte	0x29
 499 019f 68000000 		.4byte	0x68
 500 01a3 00000000 		.4byte	.LFB66
 501 01a7 70000000 		.4byte	.LFE66-.LFB66
 502 01ab 01       		.uleb128 0x1
 503 01ac 9C       		.byte	0x9c
 504 01ad CD010000 		.4byte	0x1cd
 505 01b1 0A       		.uleb128 0xa
 506 01b2 06000000 		.4byte	.LVL14
 507 01b6 77020000 		.4byte	0x277
 508 01ba 0A       		.uleb128 0xa
 509 01bb 0A000000 		.4byte	.LVL15
 510 01bf 82020000 		.4byte	0x282
 511 01c3 0A       		.uleb128 0xa
ARM GAS  C:\Users\au576633\AppData\Local\Temp\ccKQIUVl.s 			page 12


 512 01c4 66000000 		.4byte	.LVL16
 513 01c8 14010000 		.4byte	0x114
 514 01cc 00       		.byte	0
 515 01cd 06       		.uleb128 0x6
 516 01ce B5020000 		.4byte	.LASF20
 517 01d2 01       		.byte	0x1
 518 01d3 15       		.byte	0x15
 519 01d4 00000000 		.4byte	.LFB64
 520 01d8 20000000 		.4byte	.LFE64-.LFB64
 521 01dc 01       		.uleb128 0x1
 522 01dd 9C       		.byte	0x9c
 523 01de 1E020000 		.4byte	0x21e
 524 01e2 08       		.uleb128 0x8
 525 01e3 08000000 		.4byte	.LVL17
 526 01e7 4B020000 		.4byte	0x24b
 527 01eb F9010000 		.4byte	0x1f9
 528 01ef 09       		.uleb128 0x9
 529 01f0 01       		.uleb128 0x1
 530 01f1 50       		.byte	0x50
 531 01f2 05       		.uleb128 0x5
 532 01f3 03       		.byte	0x3
 533 01f4 28000000 		.4byte	.LC2
 534 01f8 00       		.byte	0
 535 01f9 0A       		.uleb128 0xa
 536 01fa 0C000000 		.4byte	.LVL18
 537 01fe 8D020000 		.4byte	0x28d
 538 0202 0A       		.uleb128 0xa
 539 0203 10000000 		.4byte	.LVL19
 540 0207 98020000 		.4byte	0x298
 541 020b 0A       		.uleb128 0xa
 542 020c 14000000 		.4byte	.LVL20
 543 0210 A3020000 		.4byte	0x2a3
 544 0214 0A       		.uleb128 0xa
 545 0215 18000000 		.4byte	.LVL21
 546 0219 98010000 		.4byte	0x198
 547 021d 00       		.byte	0
 548 021e 0D       		.uleb128 0xd
 549 021f 44020000 		.4byte	.LASF22
 550 0223 01       		.byte	0x1
 551 0224 05       		.byte	0x5
 552 0225 81000000 		.4byte	0x81
 553 0229 05       		.uleb128 0x5
 554 022a 03       		.byte	0x3
 555 022b 00000000 		.4byte	ball_count
 556 022f 0E       		.uleb128 0xe
 557 0230 81000000 		.4byte	.LASF36
 558 0234 01       		.byte	0x1
 559 0235 06       		.byte	0x6
 560 0236 8D000000 		.4byte	0x8d
 561 023a 0F       		.uleb128 0xf
 562 023b 4A010000 		.4byte	.LASF37
 563 023f 0C       		.byte	0xc
 564 0240 1207     		.2byte	0x712
 565 0242 46020000 		.4byte	0x246
 566 0246 10       		.uleb128 0x10
 567 0247 76000000 		.4byte	0x76
 568 024b 11       		.uleb128 0x11
ARM GAS  C:\Users\au576633\AppData\Local\Temp\ccKQIUVl.s 			page 13


 569 024c 9B020000 		.4byte	.LASF23
 570 0250 9B020000 		.4byte	.LASF23
 571 0254 05       		.byte	0x5
 572 0255 8B       		.byte	0x8b
 573 0256 11       		.uleb128 0x11
 574 0257 3A020000 		.4byte	.LASF24
 575 025b 3A020000 		.4byte	.LASF24
 576 025f 06       		.byte	0x6
 577 0260 20       		.byte	0x20
 578 0261 11       		.uleb128 0x11
 579 0262 2B020000 		.4byte	.LASF25
 580 0266 2B020000 		.4byte	.LASF25
 581 026a 07       		.byte	0x7
 582 026b 26       		.byte	0x26
 583 026c 11       		.uleb128 0x11
 584 026d D3010000 		.4byte	.LASF26
 585 0271 D3010000 		.4byte	.LASF26
 586 0275 08       		.byte	0x8
 587 0276 26       		.byte	0x26
 588 0277 11       		.uleb128 0x11
 589 0278 58020000 		.4byte	.LASF27
 590 027c 58020000 		.4byte	.LASF27
 591 0280 09       		.byte	0x9
 592 0281 3D       		.byte	0x3d
 593 0282 11       		.uleb128 0x11
 594 0283 83010000 		.4byte	.LASF28
 595 0287 83010000 		.4byte	.LASF28
 596 028b 09       		.byte	0x9
 597 028c 41       		.byte	0x41
 598 028d 11       		.uleb128 0x11
 599 028e 3E010000 		.4byte	.LASF29
 600 0292 3E010000 		.4byte	.LASF29
 601 0296 0A       		.byte	0xa
 602 0297 92       		.byte	0x92
 603 0298 11       		.uleb128 0x11
 604 0299 EB010000 		.4byte	.LASF30
 605 029d EB010000 		.4byte	.LASF30
 606 02a1 0B       		.byte	0xb
 607 02a2 40       		.byte	0x40
 608 02a3 11       		.uleb128 0x11
 609 02a4 9C010000 		.4byte	.LASF31
 610 02a8 9C010000 		.4byte	.LASF31
 611 02ac 09       		.byte	0x9
 612 02ad 3A       		.byte	0x3a
 613 02ae 00       		.byte	0
 614              		.section	.debug_abbrev,"",%progbits
 615              	.Ldebug_abbrev0:
 616 0000 01       		.uleb128 0x1
 617 0001 11       		.uleb128 0x11
 618 0002 01       		.byte	0x1
 619 0003 25       		.uleb128 0x25
 620 0004 0E       		.uleb128 0xe
 621 0005 13       		.uleb128 0x13
 622 0006 0B       		.uleb128 0xb
 623 0007 03       		.uleb128 0x3
 624 0008 0E       		.uleb128 0xe
 625 0009 1B       		.uleb128 0x1b
ARM GAS  C:\Users\au576633\AppData\Local\Temp\ccKQIUVl.s 			page 14


 626 000a 0E       		.uleb128 0xe
 627 000b 55       		.uleb128 0x55
 628 000c 17       		.uleb128 0x17
 629 000d 11       		.uleb128 0x11
 630 000e 01       		.uleb128 0x1
 631 000f 10       		.uleb128 0x10
 632 0010 17       		.uleb128 0x17
 633 0011 00       		.byte	0
 634 0012 00       		.byte	0
 635 0013 02       		.uleb128 0x2
 636 0014 24       		.uleb128 0x24
 637 0015 00       		.byte	0
 638 0016 0B       		.uleb128 0xb
 639 0017 0B       		.uleb128 0xb
 640 0018 3E       		.uleb128 0x3e
 641 0019 0B       		.uleb128 0xb
 642 001a 03       		.uleb128 0x3
 643 001b 0E       		.uleb128 0xe
 644 001c 00       		.byte	0
 645 001d 00       		.byte	0
 646 001e 03       		.uleb128 0x3
 647 001f 16       		.uleb128 0x16
 648 0020 00       		.byte	0
 649 0021 03       		.uleb128 0x3
 650 0022 0E       		.uleb128 0xe
 651 0023 3A       		.uleb128 0x3a
 652 0024 0B       		.uleb128 0xb
 653 0025 3B       		.uleb128 0x3b
 654 0026 0B       		.uleb128 0xb
 655 0027 49       		.uleb128 0x49
 656 0028 13       		.uleb128 0x13
 657 0029 00       		.byte	0
 658 002a 00       		.byte	0
 659 002b 04       		.uleb128 0x4
 660 002c 24       		.uleb128 0x24
 661 002d 00       		.byte	0
 662 002e 0B       		.uleb128 0xb
 663 002f 0B       		.uleb128 0xb
 664 0030 3E       		.uleb128 0x3e
 665 0031 0B       		.uleb128 0xb
 666 0032 03       		.uleb128 0x3
 667 0033 08       		.uleb128 0x8
 668 0034 00       		.byte	0
 669 0035 00       		.byte	0
 670 0036 05       		.uleb128 0x5
 671 0037 16       		.uleb128 0x16
 672 0038 00       		.byte	0
 673 0039 03       		.uleb128 0x3
 674 003a 0E       		.uleb128 0xe
 675 003b 3A       		.uleb128 0x3a
 676 003c 0B       		.uleb128 0xb
 677 003d 3B       		.uleb128 0x3b
 678 003e 05       		.uleb128 0x5
 679 003f 49       		.uleb128 0x49
 680 0040 13       		.uleb128 0x13
 681 0041 00       		.byte	0
 682 0042 00       		.byte	0
ARM GAS  C:\Users\au576633\AppData\Local\Temp\ccKQIUVl.s 			page 15


 683 0043 06       		.uleb128 0x6
 684 0044 2E       		.uleb128 0x2e
 685 0045 01       		.byte	0x1
 686 0046 3F       		.uleb128 0x3f
 687 0047 19       		.uleb128 0x19
 688 0048 03       		.uleb128 0x3
 689 0049 0E       		.uleb128 0xe
 690 004a 3A       		.uleb128 0x3a
 691 004b 0B       		.uleb128 0xb
 692 004c 3B       		.uleb128 0x3b
 693 004d 0B       		.uleb128 0xb
 694 004e 11       		.uleb128 0x11
 695 004f 01       		.uleb128 0x1
 696 0050 12       		.uleb128 0x12
 697 0051 06       		.uleb128 0x6
 698 0052 40       		.uleb128 0x40
 699 0053 18       		.uleb128 0x18
 700 0054 9742     		.uleb128 0x2117
 701 0056 19       		.uleb128 0x19
 702 0057 01       		.uleb128 0x1
 703 0058 13       		.uleb128 0x13
 704 0059 00       		.byte	0
 705 005a 00       		.byte	0
 706 005b 07       		.uleb128 0x7
 707 005c 34       		.uleb128 0x34
 708 005d 00       		.byte	0
 709 005e 03       		.uleb128 0x3
 710 005f 0E       		.uleb128 0xe
 711 0060 3A       		.uleb128 0x3a
 712 0061 0B       		.uleb128 0xb
 713 0062 3B       		.uleb128 0x3b
 714 0063 0B       		.uleb128 0xb
 715 0064 49       		.uleb128 0x49
 716 0065 13       		.uleb128 0x13
 717 0066 02       		.uleb128 0x2
 718 0067 17       		.uleb128 0x17
 719 0068 00       		.byte	0
 720 0069 00       		.byte	0
 721 006a 08       		.uleb128 0x8
 722 006b 898201   		.uleb128 0x4109
 723 006e 01       		.byte	0x1
 724 006f 11       		.uleb128 0x11
 725 0070 01       		.uleb128 0x1
 726 0071 31       		.uleb128 0x31
 727 0072 13       		.uleb128 0x13
 728 0073 01       		.uleb128 0x1
 729 0074 13       		.uleb128 0x13
 730 0075 00       		.byte	0
 731 0076 00       		.byte	0
 732 0077 09       		.uleb128 0x9
 733 0078 8A8201   		.uleb128 0x410a
 734 007b 00       		.byte	0
 735 007c 02       		.uleb128 0x2
 736 007d 18       		.uleb128 0x18
 737 007e 9142     		.uleb128 0x2111
 738 0080 18       		.uleb128 0x18
 739 0081 00       		.byte	0
ARM GAS  C:\Users\au576633\AppData\Local\Temp\ccKQIUVl.s 			page 16


 740 0082 00       		.byte	0
 741 0083 0A       		.uleb128 0xa
 742 0084 898201   		.uleb128 0x4109
 743 0087 00       		.byte	0
 744 0088 11       		.uleb128 0x11
 745 0089 01       		.uleb128 0x1
 746 008a 31       		.uleb128 0x31
 747 008b 13       		.uleb128 0x13
 748 008c 00       		.byte	0
 749 008d 00       		.byte	0
 750 008e 0B       		.uleb128 0xb
 751 008f 898201   		.uleb128 0x4109
 752 0092 01       		.byte	0x1
 753 0093 11       		.uleb128 0x11
 754 0094 01       		.uleb128 0x1
 755 0095 31       		.uleb128 0x31
 756 0096 13       		.uleb128 0x13
 757 0097 00       		.byte	0
 758 0098 00       		.byte	0
 759 0099 0C       		.uleb128 0xc
 760 009a 2E       		.uleb128 0x2e
 761 009b 01       		.byte	0x1
 762 009c 3F       		.uleb128 0x3f
 763 009d 19       		.uleb128 0x19
 764 009e 03       		.uleb128 0x3
 765 009f 0E       		.uleb128 0xe
 766 00a0 3A       		.uleb128 0x3a
 767 00a1 0B       		.uleb128 0xb
 768 00a2 3B       		.uleb128 0x3b
 769 00a3 0B       		.uleb128 0xb
 770 00a4 49       		.uleb128 0x49
 771 00a5 13       		.uleb128 0x13
 772 00a6 11       		.uleb128 0x11
 773 00a7 01       		.uleb128 0x1
 774 00a8 12       		.uleb128 0x12
 775 00a9 06       		.uleb128 0x6
 776 00aa 40       		.uleb128 0x40
 777 00ab 18       		.uleb128 0x18
 778 00ac 9742     		.uleb128 0x2117
 779 00ae 19       		.uleb128 0x19
 780 00af 01       		.uleb128 0x1
 781 00b0 13       		.uleb128 0x13
 782 00b1 00       		.byte	0
 783 00b2 00       		.byte	0
 784 00b3 0D       		.uleb128 0xd
 785 00b4 34       		.uleb128 0x34
 786 00b5 00       		.byte	0
 787 00b6 03       		.uleb128 0x3
 788 00b7 0E       		.uleb128 0xe
 789 00b8 3A       		.uleb128 0x3a
 790 00b9 0B       		.uleb128 0xb
 791 00ba 3B       		.uleb128 0x3b
 792 00bb 0B       		.uleb128 0xb
 793 00bc 49       		.uleb128 0x49
 794 00bd 13       		.uleb128 0x13
 795 00be 02       		.uleb128 0x2
 796 00bf 18       		.uleb128 0x18
ARM GAS  C:\Users\au576633\AppData\Local\Temp\ccKQIUVl.s 			page 17


 797 00c0 00       		.byte	0
 798 00c1 00       		.byte	0
 799 00c2 0E       		.uleb128 0xe
 800 00c3 34       		.uleb128 0x34
 801 00c4 00       		.byte	0
 802 00c5 03       		.uleb128 0x3
 803 00c6 0E       		.uleb128 0xe
 804 00c7 3A       		.uleb128 0x3a
 805 00c8 0B       		.uleb128 0xb
 806 00c9 3B       		.uleb128 0x3b
 807 00ca 0B       		.uleb128 0xb
 808 00cb 49       		.uleb128 0x49
 809 00cc 13       		.uleb128 0x13
 810 00cd 00       		.byte	0
 811 00ce 00       		.byte	0
 812 00cf 0F       		.uleb128 0xf
 813 00d0 34       		.uleb128 0x34
 814 00d1 00       		.byte	0
 815 00d2 03       		.uleb128 0x3
 816 00d3 0E       		.uleb128 0xe
 817 00d4 3A       		.uleb128 0x3a
 818 00d5 0B       		.uleb128 0xb
 819 00d6 3B       		.uleb128 0x3b
 820 00d7 05       		.uleb128 0x5
 821 00d8 49       		.uleb128 0x49
 822 00d9 13       		.uleb128 0x13
 823 00da 3F       		.uleb128 0x3f
 824 00db 19       		.uleb128 0x19
 825 00dc 3C       		.uleb128 0x3c
 826 00dd 19       		.uleb128 0x19
 827 00de 00       		.byte	0
 828 00df 00       		.byte	0
 829 00e0 10       		.uleb128 0x10
 830 00e1 35       		.uleb128 0x35
 831 00e2 00       		.byte	0
 832 00e3 49       		.uleb128 0x49
 833 00e4 13       		.uleb128 0x13
 834 00e5 00       		.byte	0
 835 00e6 00       		.byte	0
 836 00e7 11       		.uleb128 0x11
 837 00e8 2E       		.uleb128 0x2e
 838 00e9 00       		.byte	0
 839 00ea 3F       		.uleb128 0x3f
 840 00eb 19       		.uleb128 0x19
 841 00ec 3C       		.uleb128 0x3c
 842 00ed 19       		.uleb128 0x19
 843 00ee 6E       		.uleb128 0x6e
 844 00ef 0E       		.uleb128 0xe
 845 00f0 03       		.uleb128 0x3
 846 00f1 0E       		.uleb128 0xe
 847 00f2 3A       		.uleb128 0x3a
 848 00f3 0B       		.uleb128 0xb
 849 00f4 3B       		.uleb128 0x3b
 850 00f5 0B       		.uleb128 0xb
 851 00f6 00       		.byte	0
 852 00f7 00       		.byte	0
 853 00f8 00       		.byte	0
ARM GAS  C:\Users\au576633\AppData\Local\Temp\ccKQIUVl.s 			page 18


 854              		.section	.debug_loc,"",%progbits
 855              	.Ldebug_loc0:
 856              	.LLST0:
 857 0000 02000000 		.4byte	.LVL0
 858 0004 06000000 		.4byte	.LVL1
 859 0008 0200     		.2byte	0x2
 860 000a 30       		.byte	0x30
 861 000b 9F       		.byte	0x9f
 862 000c 06000000 		.4byte	.LVL1
 863 0010 18000000 		.4byte	.LVL5
 864 0014 0100     		.2byte	0x1
 865 0016 54       		.byte	0x54
 866 0017 18000000 		.4byte	.LVL5
 867 001b 1C000000 		.4byte	.LVL6
 868 001f 0100     		.2byte	0x1
 869 0021 52       		.byte	0x52
 870 0022 1C000000 		.4byte	.LVL6
 871 0026 22000000 		.4byte	.LVL7
 872 002a 0100     		.2byte	0x1
 873 002c 54       		.byte	0x54
 874 002d 22000000 		.4byte	.LVL7
 875 0031 2C000000 		.4byte	.LFE65
 876 0035 0100     		.2byte	0x1
 877 0037 53       		.byte	0x53
 878 0038 00000000 		.4byte	0
 879 003c 00000000 		.4byte	0
 880              		.section	.debug_aranges,"",%progbits
 881 0000 34000000 		.4byte	0x34
 882 0004 0200     		.2byte	0x2
 883 0006 00000000 		.4byte	.Ldebug_info0
 884 000a 04       		.byte	0x4
 885 000b 00       		.byte	0
 886 000c 0000     		.2byte	0
 887 000e 0000     		.2byte	0
 888 0010 00000000 		.4byte	.LFB65
 889 0014 2C000000 		.4byte	.LFE65-.LFB65
 890 0018 00000000 		.4byte	.LFB67
 891 001c 40000000 		.4byte	.LFE67-.LFB67
 892 0020 00000000 		.4byte	.LFB66
 893 0024 70000000 		.4byte	.LFE66-.LFB66
 894 0028 00000000 		.4byte	.LFB64
 895 002c 20000000 		.4byte	.LFE64-.LFB64
 896 0030 00000000 		.4byte	0
 897 0034 00000000 		.4byte	0
 898              		.section	.debug_ranges,"",%progbits
 899              	.Ldebug_ranges0:
 900 0000 00000000 		.4byte	.LFB65
 901 0004 2C000000 		.4byte	.LFE65
 902 0008 00000000 		.4byte	.LFB67
 903 000c 40000000 		.4byte	.LFE67
 904 0010 00000000 		.4byte	.LFB66
 905 0014 70000000 		.4byte	.LFE66
 906 0018 00000000 		.4byte	.LFB64
 907 001c 20000000 		.4byte	.LFE64
 908 0020 00000000 		.4byte	0
 909 0024 00000000 		.4byte	0
 910              		.section	.debug_line,"",%progbits
ARM GAS  C:\Users\au576633\AppData\Local\Temp\ccKQIUVl.s 			page 19


 911              	.Ldebug_line0:
 912 0000 22020000 		.section	.debug_str,"MS",%progbits,1
 912      0200BE01 
 912      00000201 
 912      FB0E0D00 
 912      01010101 
 913              	.LASF9:
 914 0000 5F5F696E 		.ascii	"__int32_t\000"
 914      7433325F 
 914      7400
 915              	.LASF34:
 916 000a 5C5C766D 		.ascii	"\\\\vmware-host\\Shared Folders\\Documents\\BallDis"
 916      77617265 
 916      2D686F73 
 916      745C5368 
 916      61726564 
 917 0038 70417070 		.ascii	"pApp\\Workspace12\\Bolddispenser_CoinMaster.cydsn\000"
 917      5C576F72 
 917      6B737061 
 917      63653132 
 917      5C426F6C 
 918              	.LASF3:
 919 0068 73686F72 		.ascii	"short unsigned int\000"
 919      7420756E 
 919      7369676E 
 919      65642069 
 919      6E7400
 920              	.LASF13:
 921 007b 666C6F61 		.ascii	"float\000"
 921      7400
 922              	.LASF36:
 923 0081 565F5361 		.ascii	"V_Sample\000"
 923      6D706C65 
 923      00
 924              	.LASF11:
 925 008a 75696E74 		.ascii	"uint8\000"
 925      3800
 926              	.LASF1:
 927 0090 756E7369 		.ascii	"unsigned char\000"
 927      676E6564 
 927      20636861 
 927      7200
 928              	.LASF32:
 929 009e 474E5520 		.ascii	"GNU C11 5.4.1 20160609 (release) [ARM/embedded-5-br"
 929      43313120 
 929      352E342E 
 929      31203230 
 929      31363036 
 930 00d1 616E6368 		.ascii	"anch revision 237715] -mcpu=cortex-m3 -mthumb -g -O"
 930      20726576 
 930      6973696F 
 930      6E203233 
 930      37373135 
 931 0104 67202D66 		.ascii	"g -ffunction-sections -ffat-lto-objects\000"
 931      66756E63 
 931      74696F6E 
 931      2D736563 
ARM GAS  C:\Users\au576633\AppData\Local\Temp\ccKQIUVl.s 			page 20


 931      74696F6E 
 932              	.LASF5:
 933 012c 6C6F6E67 		.ascii	"long unsigned int\000"
 933      20756E73 
 933      69676E65 
 933      6420696E 
 933      7400
 934              	.LASF29:
 935 013e 50574D5F 		.ascii	"PWM_1_Start\000"
 935      315F5374 
 935      61727400 
 936              	.LASF37:
 937 014a 49544D5F 		.ascii	"ITM_RxBuffer\000"
 937      52784275 
 937      66666572 
 937      00
 938              	.LASF14:
 939 0157 646F7562 		.ascii	"double\000"
 939      6C6500
 940              	.LASF12:
 941 015e 75696E74 		.ascii	"uint16\000"
 941      313600
 942              	.LASF33:
 943 0165 42616C6C 		.ascii	"Balldispenser.c\000"
 943      64697370 
 943      656E7365 
 943      722E6300 
 944              	.LASF18:
 945 0175 44697370 		.ascii	"DispenseBalls\000"
 945      656E7365 
 945      42616C6C 
 945      7300
 946              	.LASF28:
 947 0183 4144435F 		.ascii	"ADC_DelSig_1_GetResult16\000"
 947      44656C53 
 947      69675F31 
 947      5F476574 
 947      52657375 
 948              	.LASF31:
 949 019c 4144435F 		.ascii	"ADC_DelSig_1_Start\000"
 949      44656C53 
 949      69675F31 
 949      5F537461 
 949      727400
 950              	.LASF8:
 951 01af 756E7369 		.ascii	"unsigned int\000"
 951      676E6564 
 951      20696E74 
 951      00
 952              	.LASF7:
 953 01bc 6C6F6E67 		.ascii	"long long unsigned int\000"
 953      206C6F6E 
 953      6720756E 
 953      7369676E 
 953      65642069 
 954              	.LASF26:
 955 01d3 70696E5F 		.ascii	"pin_empty_Write\000"
ARM GAS  C:\Users\au576633\AppData\Local\Temp\ccKQIUVl.s 			page 21


 955      656D7074 
 955      795F5772 
 955      69746500 
 956              	.LASF10:
 957 01e3 696E7433 		.ascii	"int32_t\000"
 957      325F7400 
 958              	.LASF30:
 959 01eb 53616D70 		.ascii	"Sample_Hold_1_Start\000"
 959      6C655F48 
 959      6F6C645F 
 959      315F5374 
 959      61727400 
 960              	.LASF17:
 961 01ff 73697A65 		.ascii	"sizetype\000"
 961      74797065 
 961      00
 962              	.LASF6:
 963 0208 6C6F6E67 		.ascii	"long long int\000"
 963      206C6F6E 
 963      6720696E 
 963      7400
 964              	.LASF15:
 965 0216 63686172 		.ascii	"char\000"
 965      00
 966              	.LASF21:
 967 021b 636F756E 		.ascii	"count\000"
 967      7400
 968              	.LASF2:
 969 0221 73686F72 		.ascii	"short int\000"
 969      7420696E 
 969      7400
 970              	.LASF25:
 971 022b 70696E5F 		.ascii	"pin_full_Write\000"
 971      66756C6C 
 971      5F577269 
 971      746500
 972              	.LASF24:
 973 023a 526F7461 		.ascii	"Rotate360\000"
 973      74653336 
 973      3000
 974              	.LASF22:
 975 0244 62616C6C 		.ascii	"ball_count\000"
 975      5F636F75 
 975      6E7400
 976              	.LASF4:
 977 024f 6C6F6E67 		.ascii	"long int\000"
 977      20696E74 
 977      00
 978              	.LASF27:
 979 0258 4144435F 		.ascii	"ADC_DelSig_1_StartConvert\000"
 979      44656C53 
 979      69675F31 
 979      5F537461 
 979      7274436F 
 980              	.LASF16:
 981 0272 6C6F6E67 		.ascii	"long double\000"
 981      20646F75 
ARM GAS  C:\Users\au576633\AppData\Local\Temp\ccKQIUVl.s 			page 22


 981      626C6500 
 982              	.LASF0:
 983 027e 7369676E 		.ascii	"signed char\000"
 983      65642063 
 983      68617200 
 984              	.LASF19:
 985 028a 55706461 		.ascii	"UpdateStatusLEDS\000"
 985      74655374 
 985      61747573 
 985      4C454453 
 985      00
 986              	.LASF23:
 987 029b 55415254 		.ascii	"UART_PutString\000"
 987      5F507574 
 987      53747269 
 987      6E6700
 988              	.LASF35:
 989 02aa 636F756E 		.ascii	"countBalls\000"
 989      7442616C 
 989      6C7300
 990              	.LASF20:
 991 02b5 696E6974 		.ascii	"initBallDispenser\000"
 991      42616C6C 
 991      44697370 
 991      656E7365 
 991      7200
 992              		.ident	"GCC: (GNU Tools for ARM Embedded Processors) 5.4.1 20160609 (release) [ARM/embedded-5-bran
