ARM GAS  C:\Users\au576633\AppData\Local\Temp\cck8fgRm.s 			page 1


   1              		.syntax unified
   2              		.cpu cortex-m3
   3              		.fpu softvfp
   4              		.eabi_attribute 20, 1
   5              		.eabi_attribute 21, 1
   6              		.eabi_attribute 23, 3
   7              		.eabi_attribute 24, 1
   8              		.eabi_attribute 25, 1
   9              		.eabi_attribute 26, 1
  10              		.eabi_attribute 30, 1
  11              		.eabi_attribute 34, 1
  12              		.eabi_attribute 18, 4
  13              		.thumb
  14              		.syntax unified
  15              		.file	"cymetadata.c"
  16              		.text
  17              	.Ltext0:
  18              		.cfi_sections	.debug_frame
  19              		.global	cy_metadata
  20              		.global	cy_meta_flashprotect
  21              		.global	cy_meta_wonvl
  22              		.global	cy_meta_custnvl
  23              		.global	cy_meta_configecc
  24              		.section	.cyconfigecc,"a",%progbits
  25              		.align	2
  26              		.type	cy_meta_configecc, %object
  27              		.size	cy_meta_configecc, 2324
  28              	cy_meta_configecc:
  29 0000 02       		.byte	2
  30 0001 4F       		.byte	79
  31 0002 00       		.byte	0
  32 0003 40       		.byte	64
  33 0004 06       		.byte	6
  34 0005 52       		.byte	82
  35 0006 00       		.byte	0
  36 0007 40       		.byte	64
  37 0008 02       		.byte	2
  38 0009 5A       		.byte	90
  39 000a 00       		.byte	0
  40 000b 40       		.byte	64
  41 000c 03       		.byte	3
  42 000d 64       		.byte	100
  43 000e 00       		.byte	0
  44 000f 40       		.byte	64
  45 0010 02       		.byte	2
  46 0011 65       		.byte	101
  47 0012 00       		.byte	0
  48 0013 40       		.byte	64
  49 0014 03       		.byte	3
  50 0015 07       		.byte	7
  51 0016 01       		.byte	1
  52 0017 40       		.byte	64
  53 0018 58       		.byte	88
  54 0019 08       		.byte	8
  55 001a 01       		.byte	1
  56 001b 40       		.byte	64
  57 001c 4B       		.byte	75
ARM GAS  C:\Users\au576633\AppData\Local\Temp\cck8fgRm.s 			page 2


  58 001d 09       		.byte	9
  59 001e 01       		.byte	1
  60 001f 40       		.byte	64
  61 0020 48       		.byte	72
  62 0021 0A       		.byte	10
  63 0022 01       		.byte	1
  64 0023 40       		.byte	64
  65 0024 3A       		.byte	58
  66 0025 0B       		.byte	11
  67 0026 01       		.byte	1
  68 0027 40       		.byte	64
  69 0028 60       		.byte	96
  70 0029 0C       		.byte	12
  71 002a 01       		.byte	1
  72 002b 40       		.byte	64
  73 002c 3D       		.byte	61
  74 002d 0D       		.byte	13
  75 002e 01       		.byte	1
  76 002f 40       		.byte	64
  77 0030 51       		.byte	81
  78 0031 14       		.byte	20
  79 0032 01       		.byte	1
  80 0033 40       		.byte	64
  81 0034 47       		.byte	71
  82 0035 15       		.byte	21
  83 0036 01       		.byte	1
  84 0037 40       		.byte	64
  85 0038 0C       		.byte	12
  86 0039 17       		.byte	23
  87 003a 01       		.byte	1
  88 003b 40       		.byte	64
  89 003c 4E       		.byte	78
  90 003d 18       		.byte	24
  91 003e 01       		.byte	1
  92 003f 40       		.byte	64
  93 0040 52       		.byte	82
  94 0041 19       		.byte	25
  95 0042 01       		.byte	1
  96 0043 40       		.byte	64
  97 0044 48       		.byte	72
  98 0045 1A       		.byte	26
  99 0046 01       		.byte	1
 100 0047 40       		.byte	64
 101 0048 58       		.byte	88
 102 0049 1B       		.byte	27
 103 004a 01       		.byte	1
 104 004b 40       		.byte	64
 105 004c 05       		.byte	5
 106 004d 40       		.byte	64
 107 004e 01       		.byte	1
 108 004f 40       		.byte	64
 109 0050 04       		.byte	4
 110 0051 41       		.byte	65
 111 0052 01       		.byte	1
 112 0053 40       		.byte	64
 113 0054 08       		.byte	8
 114 0055 42       		.byte	66
ARM GAS  C:\Users\au576633\AppData\Local\Temp\cck8fgRm.s 			page 3


 115 0056 01       		.byte	1
 116 0057 40       		.byte	64
 117 0058 08       		.byte	8
 118 0059 43       		.byte	67
 119 005a 01       		.byte	1
 120 005b 40       		.byte	64
 121 005c 06       		.byte	6
 122 005d 44       		.byte	68
 123 005e 01       		.byte	1
 124 005f 40       		.byte	64
 125 0060 10       		.byte	16
 126 0061 45       		.byte	69
 127 0062 01       		.byte	1
 128 0063 40       		.byte	64
 129 0064 0C       		.byte	12
 130 0065 46       		.byte	70
 131 0066 01       		.byte	1
 132 0067 40       		.byte	64
 133 0068 06       		.byte	6
 134 0069 47       		.byte	71
 135 006a 01       		.byte	1
 136 006b 40       		.byte	64
 137 006c 07       		.byte	7
 138 006d 48       		.byte	72
 139 006e 01       		.byte	1
 140 006f 40       		.byte	64
 141 0070 0D       		.byte	13
 142 0071 49       		.byte	73
 143 0072 01       		.byte	1
 144 0073 40       		.byte	64
 145 0074 10       		.byte	16
 146 0075 4C       		.byte	76
 147 0076 01       		.byte	1
 148 0077 40       		.byte	64
 149 0078 07       		.byte	7
 150 0079 4D       		.byte	77
 151 007a 01       		.byte	1
 152 007b 40       		.byte	64
 153 007c 06       		.byte	6
 154 007d 50       		.byte	80
 155 007e 01       		.byte	1
 156 007f 40       		.byte	64
 157 0080 01       		.byte	1
 158 0081 51       		.byte	81
 159 0082 01       		.byte	1
 160 0083 40       		.byte	64
 161 0084 01       		.byte	1
 162 0085 20       		.byte	32
 163 0086 0A       		.byte	10
 164 0087 4B       		.byte	75
 165 0088 08       		.byte	8
 166 0089 60       		.byte	96
 167 008a 09       		.byte	9
 168 008b 50       		.byte	80
 169 008c 10       		.byte	16
 170 008d 2C       		.byte	44
 171 008e 11       		.byte	17
ARM GAS  C:\Users\au576633\AppData\Local\Temp\cck8fgRm.s 			page 4


 172 008f 09       		.byte	9
 173 0090 60       		.byte	96
 174 0091 02       		.byte	2
 175 0092 64       		.byte	100
 176 0093 43       		.byte	67
 177 0094 0B       		.byte	11
 178 0095 04       		.byte	4
 179 0096 0C       		.byte	12
 180 0097 04       		.byte	4
 181 0098 89       		.byte	-119
 182 0099 38       		.byte	56
 183 009a 8A       		.byte	-118
 184 009b 72       		.byte	114
 185 009c 8C       		.byte	-116
 186 009d 0F       		.byte	15
 187 009e 24       		.byte	36
 188 009f 04       		.byte	4
 189 00a0 8B       		.byte	-117
 190 00a1 07       		.byte	7
 191 00a2 89       		.byte	-119
 192 00a3 01       		.byte	1
 193 00a4 E2       		.byte	-30
 194 00a5 01       		.byte	1
 195 00a6 EA       		.byte	-22
 196 00a7 01       		.byte	1
 197 00a8 00       		.byte	0
 198 00a9 06       		.byte	6
 199 00aa 01       		.byte	1
 200 00ab 26       		.byte	38
 201 00ac 02       		.byte	2
 202 00ad 08       		.byte	8
 203 00ae 03       		.byte	3
 204 00af 41       		.byte	65
 205 00b0 04       		.byte	4
 206 00b1 05       		.byte	5
 207 00b2 07       		.byte	7
 208 00b3 84       		.byte	-124
 209 00b4 08       		.byte	8
 210 00b5 05       		.byte	5
 211 00b6 0C       		.byte	12
 212 00b7 01       		.byte	1
 213 00b8 0D       		.byte	13
 214 00b9 63       		.byte	99
 215 00ba 0F       		.byte	15
 216 00bb 90       		.byte	-112
 217 00bc 10       		.byte	16
 218 00bd 05       		.byte	5
 219 00be 11       		.byte	17
 220 00bf F4       		.byte	-12
 221 00c0 14       		.byte	20
 222 00c1 02       		.byte	2
 223 00c2 15       		.byte	21
 224 00c3 03       		.byte	3
 225 00c4 19       		.byte	25
 226 00c5 44       		.byte	68
 227 00c6 1A       		.byte	26
 228 00c7 07       		.byte	7
ARM GAS  C:\Users\au576633\AppData\Local\Temp\cck8fgRm.s 			page 5


 229 00c8 1B       		.byte	27
 230 00c9 23       		.byte	35
 231 00ca 1C       		.byte	28
 232 00cb 01       		.byte	1
 233 00cc 1E       		.byte	30
 234 00cd 06       		.byte	6
 235 00ce 1F       		.byte	31
 236 00cf 10       		.byte	16
 237 00d0 20       		.byte	32
 238 00d1 03       		.byte	3
 239 00d2 22       		.byte	34
 240 00d3 04       		.byte	4
 241 00d4 23       		.byte	35
 242 00d5 08       		.byte	8
 243 00d6 24       		.byte	36
 244 00d7 01       		.byte	1
 245 00d8 25       		.byte	37
 246 00d9 25       		.byte	37
 247 00da 27       		.byte	39
 248 00db 42       		.byte	66
 249 00dc 28       		.byte	40
 250 00dd 06       		.byte	6
 251 00de 2A       		.byte	42
 252 00df 09       		.byte	9
 253 00e0 2E       		.byte	46
 254 00e1 01       		.byte	1
 255 00e2 31       		.byte	49
 256 00e3 F0       		.byte	-16
 257 00e4 33       		.byte	51
 258 00e5 0F       		.byte	15
 259 00e6 35       		.byte	53
 260 00e7 03       		.byte	3
 261 00e8 36       		.byte	54
 262 00e9 0F       		.byte	15
 263 00ea 3B       		.byte	59
 264 00eb 08       		.byte	8
 265 00ec 3E       		.byte	62
 266 00ed 40       		.byte	64
 267 00ee 3F       		.byte	63
 268 00ef 10       		.byte	16
 269 00f0 58       		.byte	88
 270 00f1 04       		.byte	4
 271 00f2 59       		.byte	89
 272 00f3 04       		.byte	4
 273 00f4 5C       		.byte	92
 274 00f5 10       		.byte	16
 275 00f6 5F       		.byte	95
 276 00f7 01       		.byte	1
 277 00f8 87       		.byte	-121
 278 00f9 02       		.byte	2
 279 00fa 8A       		.byte	-118
 280 00fb 02       		.byte	2
 281 00fc 8C       		.byte	-116
 282 00fd 01       		.byte	1
 283 00fe 8F       		.byte	-113
 284 00ff 04       		.byte	4
 285 0100 9A       		.byte	-102
ARM GAS  C:\Users\au576633\AppData\Local\Temp\cck8fgRm.s 			page 6


 286 0101 02       		.byte	2
 287 0102 9B       		.byte	-101
 288 0103 01       		.byte	1
 289 0104 A4       		.byte	-92
 290 0105 01       		.byte	1
 291 0106 A7       		.byte	-89
 292 0107 02       		.byte	2
 293 0108 A8       		.byte	-88
 294 0109 01       		.byte	1
 295 010a AF       		.byte	-81
 296 010b 04       		.byte	4
 297 010c B1       		.byte	-79
 298 010d 04       		.byte	4
 299 010e B2       		.byte	-78
 300 010f 01       		.byte	1
 301 0110 B4       		.byte	-76
 302 0111 02       		.byte	2
 303 0112 B7       		.byte	-73
 304 0113 03       		.byte	3
 305 0114 BE       		.byte	-66
 306 0115 10       		.byte	16
 307 0116 BF       		.byte	-65
 308 0117 41       		.byte	65
 309 0118 C0       		.byte	-64
 310 0119 63       		.byte	99
 311 011a C1       		.byte	-63
 312 011b 04       		.byte	4
 313 011c C2       		.byte	-62
 314 011d 05       		.byte	5
 315 011e C4       		.byte	-60
 316 011f 01       		.byte	1
 317 0120 C6       		.byte	-58
 318 0121 0C       		.byte	12
 319 0122 C7       		.byte	-57
 320 0123 0E       		.byte	14
 321 0124 C8       		.byte	-56
 322 0125 14       		.byte	20
 323 0126 C9       		.byte	-55
 324 0127 FF       		.byte	-1
 325 0128 CA       		.byte	-54
 326 0129 FF       		.byte	-1
 327 012a CB       		.byte	-53
 328 012b FF       		.byte	-1
 329 012c CC       		.byte	-52
 330 012d 62       		.byte	98
 331 012e CD       		.byte	-51
 332 012f A0       		.byte	-96
 333 0130 CE       		.byte	-50
 334 0131 F0       		.byte	-16
 335 0132 CF       		.byte	-49
 336 0133 41       		.byte	65
 337 0134 D0       		.byte	-48
 338 0135 0C       		.byte	12
 339 0136 D4       		.byte	-44
 340 0137 18       		.byte	24
 341 0138 D6       		.byte	-42
 342 0139 04       		.byte	4
ARM GAS  C:\Users\au576633\AppData\Local\Temp\cck8fgRm.s 			page 7


 343 013a D8       		.byte	-40
 344 013b 04       		.byte	4
 345 013c D9       		.byte	-39
 346 013d 04       		.byte	4
 347 013e DA       		.byte	-38
 348 013f 04       		.byte	4
 349 0140 DB       		.byte	-37
 350 0141 04       		.byte	4
 351 0142 DC       		.byte	-36
 352 0143 03       		.byte	3
 353 0144 DD       		.byte	-35
 354 0145 33       		.byte	51
 355 0146 DF       		.byte	-33
 356 0147 01       		.byte	1
 357 0148 E6       		.byte	-26
 358 0149 40       		.byte	64
 359 014a E7       		.byte	-25
 360 014b 02       		.byte	2
 361 014c E9       		.byte	-23
 362 014d 10       		.byte	16
 363 014e EA       		.byte	-22
 364 014f 30       		.byte	48
 365 0150 EB       		.byte	-21
 366 0151 10       		.byte	16
 367 0152 ED       		.byte	-19
 368 0153 10       		.byte	16
 369 0154 EE       		.byte	-18
 370 0155 10       		.byte	16
 371 0156 EF       		.byte	-17
 372 0157 12       		.byte	18
 373 0158 01       		.byte	1
 374 0159 60       		.byte	96
 375 015a 04       		.byte	4
 376 015b 2A       		.byte	42
 377 015c 05       		.byte	5
 378 015d 80       		.byte	-128
 379 015e 07       		.byte	7
 380 015f 10       		.byte	16
 381 0160 0B       		.byte	11
 382 0161 08       		.byte	8
 383 0162 0C       		.byte	12
 384 0163 04       		.byte	4
 385 0164 0E       		.byte	14
 386 0165 40       		.byte	64
 387 0166 0F       		.byte	15
 388 0167 0A       		.byte	10
 389 0168 11       		.byte	17
 390 0169 14       		.byte	20
 391 016a 14       		.byte	20
 392 016b D0       		.byte	-48
 393 016c 17       		.byte	23
 394 016d 60       		.byte	96
 395 016e 18       		.byte	24
 396 016f 04       		.byte	4
 397 0170 1A       		.byte	26
 398 0171 10       		.byte	16
 399 0172 1F       		.byte	31
ARM GAS  C:\Users\au576633\AppData\Local\Temp\cck8fgRm.s 			page 8


 400 0173 80       		.byte	-128
 401 0174 20       		.byte	32
 402 0175 01       		.byte	1
 403 0176 21       		.byte	33
 404 0177 01       		.byte	1
 405 0178 24       		.byte	36
 406 0179 10       		.byte	16
 407 017a 26       		.byte	38
 408 017b 14       		.byte	20
 409 017c 27       		.byte	39
 410 017d 60       		.byte	96
 411 017e 28       		.byte	40
 412 017f 20       		.byte	32
 413 0180 29       		.byte	41
 414 0181 40       		.byte	64
 415 0182 2F       		.byte	47
 416 0183 90       		.byte	-112
 417 0184 32       		.byte	50
 418 0185 20       		.byte	32
 419 0186 34       		.byte	52
 420 0187 01       		.byte	1
 421 0188 35       		.byte	53
 422 0189 04       		.byte	4
 423 018a 37       		.byte	55
 424 018b 60       		.byte	96
 425 018c 38       		.byte	56
 426 018d 80       		.byte	-128
 427 018e 39       		.byte	57
 428 018f 08       		.byte	8
 429 0190 3A       		.byte	58
 430 0191 20       		.byte	32
 431 0192 3B       		.byte	59
 432 0193 10       		.byte	16
 433 0194 3D       		.byte	61
 434 0195 02       		.byte	2
 435 0196 3E       		.byte	62
 436 0197 08       		.byte	8
 437 0198 3F       		.byte	63
 438 0199 82       		.byte	-126
 439 019a 40       		.byte	64
 440 019b 01       		.byte	1
 441 019c 42       		.byte	66
 442 019d 10       		.byte	16
 443 019e 43       		.byte	67
 444 019f 06       		.byte	6
 445 01a0 49       		.byte	73
 446 01a1 50       		.byte	80
 447 01a2 50       		.byte	80
 448 01a3 40       		.byte	64
 449 01a4 53       		.byte	83
 450 01a5 04       		.byte	4
 451 01a6 59       		.byte	89
 452 01a7 02       		.byte	2
 453 01a8 60       		.byte	96
 454 01a9 06       		.byte	6
 455 01aa 62       		.byte	98
 456 01ab 02       		.byte	2
ARM GAS  C:\Users\au576633\AppData\Local\Temp\cck8fgRm.s 			page 9


 457 01ac 78       		.byte	120
 458 01ad 02       		.byte	2
 459 01ae 79       		.byte	121
 460 01af 02       		.byte	2
 461 01b0 82       		.byte	-126
 462 01b1 02       		.byte	2
 463 01b2 89       		.byte	-119
 464 01b3 80       		.byte	-128
 465 01b4 8A       		.byte	-118
 466 01b5 20       		.byte	32
 467 01b6 91       		.byte	-111
 468 01b7 54       		.byte	84
 469 01b8 92       		.byte	-110
 470 01b9 A0       		.byte	-96
 471 01ba 93       		.byte	-109
 472 01bb 01       		.byte	1
 473 01bc 96       		.byte	-106
 474 01bd 44       		.byte	68
 475 01be 99       		.byte	-103
 476 01bf 20       		.byte	32
 477 01c0 9B       		.byte	-101
 478 01c1 01       		.byte	1
 479 01c2 9C       		.byte	-100
 480 01c3 65       		.byte	101
 481 01c4 9D       		.byte	-99
 482 01c5 10       		.byte	16
 483 01c6 9E       		.byte	-98
 484 01c7 E0       		.byte	-32
 485 01c8 9F       		.byte	-97
 486 01c9 54       		.byte	84
 487 01ca A0       		.byte	-96
 488 01cb A8       		.byte	-88
 489 01cc A1       		.byte	-95
 490 01cd 09       		.byte	9
 491 01ce A3       		.byte	-93
 492 01cf 02       		.byte	2
 493 01d0 A4       		.byte	-92
 494 01d1 10       		.byte	16
 495 01d2 A5       		.byte	-91
 496 01d3 94       		.byte	-108
 497 01d4 A7       		.byte	-89
 498 01d5 04       		.byte	4
 499 01d6 AA       		.byte	-86
 500 01d7 02       		.byte	2
 501 01d8 C0       		.byte	-64
 502 01d9 F3       		.byte	-13
 503 01da C2       		.byte	-62
 504 01db F2       		.byte	-14
 505 01dc C4       		.byte	-60
 506 01dd F6       		.byte	-10
 507 01de CA       		.byte	-54
 508 01df CA       		.byte	-54
 509 01e0 CC       		.byte	-52
 510 01e1 F4       		.byte	-12
 511 01e2 CE       		.byte	-50
 512 01e3 DA       		.byte	-38
 513 01e4 D0       		.byte	-48
ARM GAS  C:\Users\au576633\AppData\Local\Temp\cck8fgRm.s 			page 10


 514 01e5 0B       		.byte	11
 515 01e6 D2       		.byte	-46
 516 01e7 0C       		.byte	12
 517 01e8 D6       		.byte	-42
 518 01e9 01       		.byte	1
 519 01ea D8       		.byte	-40
 520 01eb 0D       		.byte	13
 521 01ec E4       		.byte	-28
 522 01ed 80       		.byte	-128
 523 01ee 01       		.byte	1
 524 01ef 04       		.byte	4
 525 01f0 04       		.byte	4
 526 01f1 01       		.byte	1
 527 01f2 05       		.byte	5
 528 01f3 06       		.byte	6
 529 01f4 09       		.byte	9
 530 01f5 02       		.byte	2
 531 01f6 0D       		.byte	13
 532 01f7 4E       		.byte	78
 533 01f8 0F       		.byte	15
 534 01f9 21       		.byte	33
 535 01fa 10       		.byte	16
 536 01fb 01       		.byte	1
 537 01fc 16       		.byte	22
 538 01fd 01       		.byte	1
 539 01fe 17       		.byte	23
 540 01ff 31       		.byte	49
 541 0200 19       		.byte	25
 542 0201 4E       		.byte	78
 543 0202 1B       		.byte	27
 544 0203 11       		.byte	17
 545 0204 1E       		.byte	30
 546 0205 01       		.byte	1
 547 0206 1F       		.byte	31
 548 0207 40       		.byte	64
 549 0208 21       		.byte	33
 550 0209 7F       		.byte	127
 551 020a 25       		.byte	37
 552 020b 40       		.byte	64
 553 020c 29       		.byte	41
 554 020d 79       		.byte	121
 555 020e 2B       		.byte	43
 556 020f 06       		.byte	6
 557 0210 33       		.byte	51
 558 0211 08       		.byte	8
 559 0212 34       		.byte	52
 560 0213 01       		.byte	1
 561 0214 35       		.byte	53
 562 0215 07       		.byte	7
 563 0216 37       		.byte	55
 564 0217 76       		.byte	118
 565 0218 38       		.byte	56
 566 0219 20       		.byte	32
 567 021a 3A       		.byte	58
 568 021b 02       		.byte	2
 569 021c 3B       		.byte	59
 570 021d A0       		.byte	-96
ARM GAS  C:\Users\au576633\AppData\Local\Temp\cck8fgRm.s 			page 11


 571 021e 3F       		.byte	63
 572 021f 04       		.byte	4
 573 0220 56       		.byte	86
 574 0221 02       		.byte	2
 575 0222 57       		.byte	87
 576 0223 12       		.byte	18
 577 0224 58       		.byte	88
 578 0225 04       		.byte	4
 579 0226 59       		.byte	89
 580 0227 04       		.byte	4
 581 0228 5B       		.byte	91
 582 0229 04       		.byte	4
 583 022a 5C       		.byte	92
 584 022b 33       		.byte	51
 585 022c 5D       		.byte	93
 586 022d 30       		.byte	48
 587 022e 5F       		.byte	95
 588 022f 01       		.byte	1
 589 0230 80       		.byte	-128
 590 0231 80       		.byte	-128
 591 0232 81       		.byte	-127
 592 0233 05       		.byte	5
 593 0234 82       		.byte	-126
 594 0235 13       		.byte	19
 595 0236 83       		.byte	-125
 596 0237 02       		.byte	2
 597 0238 87       		.byte	-121
 598 0239 07       		.byte	7
 599 023a 8B       		.byte	-117
 600 023b 08       		.byte	8
 601 023c 8D       		.byte	-115
 602 023d 02       		.byte	2
 603 023e 8F       		.byte	-113
 604 023f 05       		.byte	5
 605 0240 91       		.byte	-111
 606 0241 05       		.byte	5
 607 0242 92       		.byte	-110
 608 0243 0C       		.byte	12
 609 0244 95       		.byte	-107
 610 0245 02       		.byte	2
 611 0246 98       		.byte	-104
 612 0247 2C       		.byte	44
 613 0248 99       		.byte	-103
 614 0249 05       		.byte	5
 615 024a 9A       		.byte	-102
 616 024b 43       		.byte	67
 617 024c 9C       		.byte	-100
 618 024d 71       		.byte	113
 619 024e 9D       		.byte	-99
 620 024f 04       		.byte	4
 621 0250 9E       		.byte	-98
 622 0251 06       		.byte	6
 623 0252 A1       		.byte	-95
 624 0253 07       		.byte	7
 625 0254 A5       		.byte	-91
 626 0255 05       		.byte	5
 627 0256 A6       		.byte	-90
ARM GAS  C:\Users\au576633\AppData\Local\Temp\cck8fgRm.s 			page 12


 628 0257 08       		.byte	8
 629 0258 A8       		.byte	-88
 630 0259 71       		.byte	113
 631 025a AA       		.byte	-86
 632 025b 0E       		.byte	14
 633 025c AB       		.byte	-85
 634 025d 01       		.byte	1
 635 025e AD       		.byte	-83
 636 025f 05       		.byte	5
 637 0260 B0       		.byte	-80
 638 0261 C0       		.byte	-64
 639 0262 B1       		.byte	-79
 640 0263 0F       		.byte	15
 641 0264 B2       		.byte	-78
 642 0265 30       		.byte	48
 643 0266 B4       		.byte	-76
 644 0267 0F       		.byte	15
 645 0268 B8       		.byte	-72
 646 0269 0A       		.byte	10
 647 026a BA       		.byte	-70
 648 026b 20       		.byte	32
 649 026c BB       		.byte	-69
 650 026d 02       		.byte	2
 651 026e BE       		.byte	-66
 652 026f 04       		.byte	4
 653 0270 D2       		.byte	-46
 654 0271 80       		.byte	-128
 655 0272 D8       		.byte	-40
 656 0273 04       		.byte	4
 657 0274 D9       		.byte	-39
 658 0275 04       		.byte	4
 659 0276 DB       		.byte	-37
 660 0277 04       		.byte	4
 661 0278 DC       		.byte	-36
 662 0279 13       		.byte	19
 663 027a DD       		.byte	-35
 664 027b 40       		.byte	64
 665 027c DF       		.byte	-33
 666 027d 01       		.byte	1
 667 027e 02       		.byte	2
 668 027f 10       		.byte	16
 669 0280 06       		.byte	6
 670 0281 40       		.byte	64
 671 0282 0A       		.byte	10
 672 0283 A0       		.byte	-96
 673 0284 0B       		.byte	11
 674 0285 01       		.byte	1
 675 0286 0C       		.byte	12
 676 0287 10       		.byte	16
 677 0288 0D       		.byte	13
 678 0289 02       		.byte	2
 679 028a 0E       		.byte	14
 680 028b 09       		.byte	9
 681 028c 11       		.byte	17
 682 028d 08       		.byte	8
 683 028e 13       		.byte	19
 684 028f 08       		.byte	8
ARM GAS  C:\Users\au576633\AppData\Local\Temp\cck8fgRm.s 			page 13


 685 0290 17       		.byte	23
 686 0291 28       		.byte	40
 687 0292 19       		.byte	25
 688 0293 21       		.byte	33
 689 0294 1A       		.byte	26
 690 0295 80       		.byte	-128
 691 0296 1B       		.byte	27
 692 0297 02       		.byte	2
 693 0298 1D       		.byte	29
 694 0299 0A       		.byte	10
 695 029a 1E       		.byte	30
 696 029b 08       		.byte	8
 697 029c 21       		.byte	33
 698 029d 40       		.byte	64
 699 029e 22       		.byte	34
 700 029f 14       		.byte	20
 701 02a0 23       		.byte	35
 702 02a1 01       		.byte	1
 703 02a2 25       		.byte	37
 704 02a3 01       		.byte	1
 705 02a4 28       		.byte	40
 706 02a5 20       		.byte	32
 707 02a6 29       		.byte	41
 708 02a7 11       		.byte	17
 709 02a8 2A       		.byte	42
 710 02a9 10       		.byte	16
 711 02aa 2C       		.byte	44
 712 02ab 40       		.byte	64
 713 02ac 2E       		.byte	46
 714 02ad 64       		.byte	100
 715 02ae 31       		.byte	49
 716 02af 80       		.byte	-128
 717 02b0 32       		.byte	50
 718 02b1 10       		.byte	16
 719 02b2 33       		.byte	51
 720 02b3 04       		.byte	4
 721 02b4 34       		.byte	52
 722 02b5 05       		.byte	5
 723 02b6 37       		.byte	55
 724 02b7 50       		.byte	80
 725 02b8 38       		.byte	56
 726 02b9 28       		.byte	40
 727 02ba 39       		.byte	57
 728 02bb 80       		.byte	-128
 729 02bc 3A       		.byte	58
 730 02bd 02       		.byte	2
 731 02be 3D       		.byte	61
 732 02bf 22       		.byte	34
 733 02c0 3E       		.byte	62
 734 02c1 80       		.byte	-128
 735 02c2 3F       		.byte	63
 736 02c3 08       		.byte	8
 737 02c4 5A       		.byte	90
 738 02c5 08       		.byte	8
 739 02c6 69       		.byte	105
 740 02c7 54       		.byte	84
 741 02c8 70       		.byte	112
ARM GAS  C:\Users\au576633\AppData\Local\Temp\cck8fgRm.s 			page 14


 742 02c9 BC       		.byte	-68
 743 02ca 72       		.byte	114
 744 02cb 02       		.byte	2
 745 02cc 75       		.byte	117
 746 02cd 02       		.byte	2
 747 02ce 84       		.byte	-124
 748 02cf 10       		.byte	16
 749 02d0 92       		.byte	-110
 750 02d1 01       		.byte	1
 751 02d2 9B       		.byte	-101
 752 02d3 21       		.byte	33
 753 02d4 9C       		.byte	-100
 754 02d5 10       		.byte	16
 755 02d6 9D       		.byte	-99
 756 02d7 02       		.byte	2
 757 02d8 9E       		.byte	-98
 758 02d9 40       		.byte	64
 759 02da A2       		.byte	-94
 760 02db 02       		.byte	2
 761 02dc A5       		.byte	-91
 762 02dd 06       		.byte	6
 763 02de B3       		.byte	-77
 764 02df 48       		.byte	72
 765 02e0 B7       		.byte	-73
 766 02e1 40       		.byte	64
 767 02e2 C0       		.byte	-64
 768 02e3 14       		.byte	20
 769 02e4 C2       		.byte	-62
 770 02e5 DD       		.byte	-35
 771 02e6 C4       		.byte	-60
 772 02e7 60       		.byte	96
 773 02e8 CA       		.byte	-54
 774 02e9 F7       		.byte	-9
 775 02ea CC       		.byte	-52
 776 02eb FE       		.byte	-2
 777 02ec CE       		.byte	-50
 778 02ed FF       		.byte	-1
 779 02ee D6       		.byte	-42
 780 02ef 02       		.byte	2
 781 02f0 E0       		.byte	-32
 782 02f1 08       		.byte	8
 783 02f2 01       		.byte	1
 784 02f3 10       		.byte	16
 785 02f4 02       		.byte	2
 786 02f5 15       		.byte	21
 787 02f6 03       		.byte	3
 788 02f7 AC       		.byte	-84
 789 02f8 04       		.byte	4
 790 02f9 13       		.byte	19
 791 02fa 05       		.byte	5
 792 02fb 10       		.byte	16
 793 02fc 06       		.byte	6
 794 02fd 04       		.byte	4
 795 02fe 07       		.byte	7
 796 02ff 40       		.byte	64
 797 0300 0B       		.byte	11
 798 0301 03       		.byte	3
ARM GAS  C:\Users\au576633\AppData\Local\Temp\cck8fgRm.s 			page 15


 799 0302 0D       		.byte	13
 800 0303 14       		.byte	20
 801 0304 12       		.byte	18
 802 0305 08       		.byte	8
 803 0306 13       		.byte	19
 804 0307 20       		.byte	32
 805 0308 14       		.byte	20
 806 0309 20       		.byte	32
 807 030a 19       		.byte	25
 808 030b 0C       		.byte	12
 809 030c 1B       		.byte	27
 810 030d 71       		.byte	113
 811 030e 1C       		.byte	28
 812 030f 13       		.byte	19
 813 0310 1E       		.byte	30
 814 0311 0C       		.byte	12
 815 0312 20       		.byte	32
 816 0313 40       		.byte	64
 817 0314 24       		.byte	36
 818 0315 0A       		.byte	10
 819 0316 25       		.byte	37
 820 0317 DC       		.byte	-36
 821 0318 26       		.byte	38
 822 0319 14       		.byte	20
 823 031a 27       		.byte	39
 824 031b 22       		.byte	34
 825 031c 28       		.byte	40
 826 031d 03       		.byte	3
 827 031e 2A       		.byte	42
 828 031f 14       		.byte	20
 829 0320 2D       		.byte	45
 830 0321 09       		.byte	9
 831 0322 2F       		.byte	47
 832 0323 D0       		.byte	-48
 833 0324 30       		.byte	48
 834 0325 20       		.byte	32
 835 0326 32       		.byte	50
 836 0327 10       		.byte	16
 837 0328 33       		.byte	51
 838 0329 E0       		.byte	-32
 839 032a 34       		.byte	52
 840 032b 40       		.byte	64
 841 032c 35       		.byte	53
 842 032d 1F       		.byte	31
 843 032e 36       		.byte	54
 844 032f 0F       		.byte	15
 845 0330 3A       		.byte	58
 846 0331 80       		.byte	-128
 847 0332 3B       		.byte	59
 848 0333 08       		.byte	8
 849 0334 3E       		.byte	62
 850 0335 15       		.byte	21
 851 0336 40       		.byte	64
 852 0337 14       		.byte	20
 853 0338 41       		.byte	65
 854 0339 02       		.byte	2
 855 033a 45       		.byte	69
ARM GAS  C:\Users\au576633\AppData\Local\Temp\cck8fgRm.s 			page 16


 856 033b E0       		.byte	-32
 857 033c 46       		.byte	70
 858 033d 0B       		.byte	11
 859 033e 47       		.byte	71
 860 033f 0C       		.byte	12
 861 0340 48       		.byte	72
 862 0341 16       		.byte	22
 863 0342 49       		.byte	73
 864 0343 FF       		.byte	-1
 865 0344 4A       		.byte	74
 866 0345 FF       		.byte	-1
 867 0346 4B       		.byte	75
 868 0347 FF       		.byte	-1
 869 0348 4E       		.byte	78
 870 0349 F0       		.byte	-16
 871 034a 4F       		.byte	79
 872 034b 44       		.byte	68
 873 034c 50       		.byte	80
 874 034d 0C       		.byte	12
 875 034e 54       		.byte	84
 876 034f 01       		.byte	1
 877 0350 58       		.byte	88
 878 0351 04       		.byte	4
 879 0352 59       		.byte	89
 880 0353 04       		.byte	4
 881 0354 5A       		.byte	90
 882 0355 04       		.byte	4
 883 0356 5B       		.byte	91
 884 0357 04       		.byte	4
 885 0358 5C       		.byte	92
 886 0359 33       		.byte	51
 887 035a 5D       		.byte	93
 888 035b 33       		.byte	51
 889 035c 5F       		.byte	95
 890 035d 01       		.byte	1
 891 035e 66       		.byte	102
 892 035f C0       		.byte	-64
 893 0360 6A       		.byte	106
 894 0361 40       		.byte	64
 895 0362 6B       		.byte	107
 896 0363 02       		.byte	2
 897 0364 82       		.byte	-126
 898 0365 02       		.byte	2
 899 0366 8A       		.byte	-118
 900 0367 01       		.byte	1
 901 0368 8B       		.byte	-117
 902 0369 01       		.byte	1
 903 036a 8C       		.byte	-116
 904 036b 01       		.byte	1
 905 036c A4       		.byte	-92
 906 036d 01       		.byte	1
 907 036e AB       		.byte	-85
 908 036f 01       		.byte	1
 909 0370 B0       		.byte	-80
 910 0371 01       		.byte	1
 911 0372 B4       		.byte	-76
 912 0373 02       		.byte	2
ARM GAS  C:\Users\au576633\AppData\Local\Temp\cck8fgRm.s 			page 17


 913 0374 B5       		.byte	-75
 914 0375 01       		.byte	1
 915 0376 B9       		.byte	-71
 916 0377 02       		.byte	2
 917 0378 BF       		.byte	-65
 918 0379 01       		.byte	1
 919 037a C0       		.byte	-64
 920 037b 20       		.byte	32
 921 037c C1       		.byte	-63
 922 037d 03       		.byte	3
 923 037e C5       		.byte	-59
 924 037f 01       		.byte	1
 925 0380 C6       		.byte	-58
 926 0381 50       		.byte	80
 927 0382 C7       		.byte	-57
 928 0383 02       		.byte	2
 929 0384 C8       		.byte	-56
 930 0385 1B       		.byte	27
 931 0386 C9       		.byte	-55
 932 0387 FF       		.byte	-1
 933 0388 CA       		.byte	-54
 934 0389 FF       		.byte	-1
 935 038a CB       		.byte	-53
 936 038b FF       		.byte	-1
 937 038c CD       		.byte	-51
 938 038d A0       		.byte	-96
 939 038e CF       		.byte	-49
 940 038f 04       		.byte	4
 941 0390 D0       		.byte	-48
 942 0391 18       		.byte	24
 943 0392 D8       		.byte	-40
 944 0393 04       		.byte	4
 945 0394 D9       		.byte	-39
 946 0395 04       		.byte	4
 947 0396 DA       		.byte	-38
 948 0397 04       		.byte	4
 949 0398 DB       		.byte	-37
 950 0399 04       		.byte	4
 951 039a DC       		.byte	-36
 952 039b 44       		.byte	68
 953 039c DD       		.byte	-35
 954 039d 04       		.byte	4
 955 039e DF       		.byte	-33
 956 039f 01       		.byte	1
 957 03a0 E0       		.byte	-32
 958 03a1 40       		.byte	64
 959 03a2 E2       		.byte	-30
 960 03a3 C0       		.byte	-64
 961 03a4 E4       		.byte	-28
 962 03a5 40       		.byte	64
 963 03a6 E5       		.byte	-27
 964 03a7 40       		.byte	64
 965 03a8 E6       		.byte	-26
 966 03a9 C0       		.byte	-64
 967 03aa E8       		.byte	-24
 968 03ab C0       		.byte	-64
 969 03ac EA       		.byte	-22
ARM GAS  C:\Users\au576633\AppData\Local\Temp\cck8fgRm.s 			page 18


 970 03ad C0       		.byte	-64
 971 03ae EC       		.byte	-20
 972 03af C0       		.byte	-64
 973 03b0 EE       		.byte	-18
 974 03b1 C0       		.byte	-64
 975 03b2 00       		.byte	0
 976 03b3 80       		.byte	-128
 977 03b4 01       		.byte	1
 978 03b5 22       		.byte	34
 979 03b6 06       		.byte	6
 980 03b7 40       		.byte	64
 981 03b8 07       		.byte	7
 982 03b9 20       		.byte	32
 983 03ba 0D       		.byte	13
 984 03bb 02       		.byte	2
 985 03bc 0E       		.byte	14
 986 03bd 61       		.byte	97
 987 03be 10       		.byte	16
 988 03bf 20       		.byte	32
 989 03c0 14       		.byte	20
 990 03c1 10       		.byte	16
 991 03c2 15       		.byte	21
 992 03c3 11       		.byte	17
 993 03c4 16       		.byte	22
 994 03c5 04       		.byte	4
 995 03c6 18       		.byte	24
 996 03c7 80       		.byte	-128
 997 03c8 19       		.byte	25
 998 03c9 20       		.byte	32
 999 03ca 1A       		.byte	26
 1000 03cb 04       		.byte	4
 1001 03cc 1D       		.byte	29
 1002 03cd 80       		.byte	-128
 1003 03ce 1E       		.byte	30
 1004 03cf 09       		.byte	9
 1005 03d0 1F       		.byte	31
 1006 03d1 0A       		.byte	10
 1007 03d2 22       		.byte	34
 1008 03d3 02       		.byte	2
 1009 03d4 23       		.byte	35
 1010 03d5 04       		.byte	4
 1011 03d6 25       		.byte	37
 1012 03d7 10       		.byte	16
 1013 03d8 26       		.byte	38
 1014 03d9 10       		.byte	16
 1015 03da 27       		.byte	39
 1016 03db 20       		.byte	32
 1017 03dc 29       		.byte	41
 1018 03dd 20       		.byte	32
 1019 03de 2C       		.byte	44
 1020 03df 10       		.byte	16
 1021 03e0 2E       		.byte	46
 1022 03e1 40       		.byte	64
 1023 03e2 37       		.byte	55
 1024 03e3 22       		.byte	34
 1025 03e4 38       		.byte	56
 1026 03e5 20       		.byte	32
ARM GAS  C:\Users\au576633\AppData\Local\Temp\cck8fgRm.s 			page 19


 1027 03e6 3D       		.byte	61
 1028 03e7 28       		.byte	40
 1029 03e8 3E       		.byte	62
 1030 03e9 01       		.byte	1
 1031 03ea 3F       		.byte	63
 1032 03eb 80       		.byte	-128
 1033 03ec 41       		.byte	65
 1034 03ed 04       		.byte	4
 1035 03ee 42       		.byte	66
 1036 03ef 04       		.byte	4
 1037 03f0 45       		.byte	69
 1038 03f1 80       		.byte	-128
 1039 03f2 46       		.byte	70
 1040 03f3 40       		.byte	64
 1041 03f4 47       		.byte	71
 1042 03f5 22       		.byte	34
 1043 03f6 48       		.byte	72
 1044 03f7 60       		.byte	96
 1045 03f8 4D       		.byte	77
 1046 03f9 01       		.byte	1
 1047 03fa 50       		.byte	80
 1048 03fb 10       		.byte	16
 1049 03fc 51       		.byte	81
 1050 03fd 04       		.byte	4
 1051 03fe 56       		.byte	86
 1052 03ff 04       		.byte	4
 1053 0400 57       		.byte	87
 1054 0401 40       		.byte	64
 1055 0402 5D       		.byte	93
 1056 0403 11       		.byte	17
 1057 0404 5E       		.byte	94
 1058 0405 08       		.byte	8
 1059 0406 5F       		.byte	95
 1060 0407 40       		.byte	64
 1061 0408 69       		.byte	105
 1062 0409 04       		.byte	4
 1063 040a 6A       		.byte	106
 1064 040b 20       		.byte	32
 1065 040c 6B       		.byte	107
 1066 040d 41       		.byte	65
 1067 040e 82       		.byte	-126
 1068 040f 02       		.byte	2
 1069 0410 85       		.byte	-123
 1070 0411 04       		.byte	4
 1071 0412 87       		.byte	-121
 1072 0413 06       		.byte	6
 1073 0414 8C       		.byte	-116
 1074 0415 40       		.byte	64
 1075 0416 8E       		.byte	-114
 1076 0417 10       		.byte	16
 1077 0418 C0       		.byte	-64
 1078 0419 3B       		.byte	59
 1079 041a C2       		.byte	-62
 1080 041b B0       		.byte	-80
 1081 041c C4       		.byte	-60
 1082 041d 74       		.byte	116
 1083 041e CA       		.byte	-54
ARM GAS  C:\Users\au576633\AppData\Local\Temp\cck8fgRm.s 			page 20


 1084 041f 54       		.byte	84
 1085 0420 CC       		.byte	-52
 1086 0421 A0       		.byte	-96
 1087 0422 CE       		.byte	-50
 1088 0423 F4       		.byte	-12
 1089 0424 D0       		.byte	-48
 1090 0425 B6       		.byte	-74
 1091 0426 D6       		.byte	-42
 1092 0427 F0       		.byte	-16
 1093 0428 E0       		.byte	-32
 1094 0429 0B       		.byte	11
 1095 042a E4       		.byte	-28
 1096 042b 02       		.byte	2
 1097 042c 02       		.byte	2
 1098 042d 20       		.byte	32
 1099 042e 04       		.byte	4
 1100 042f 40       		.byte	64
 1101 0430 05       		.byte	5
 1102 0431 FF       		.byte	-1
 1103 0432 06       		.byte	6
 1104 0433 86       		.byte	-122
 1105 0434 09       		.byte	9
 1106 0435 B0       		.byte	-80
 1107 0436 0A       		.byte	10
 1108 0437 01       		.byte	1
 1109 0438 0B       		.byte	11
 1110 0439 03       		.byte	3
 1111 043a 0E       		.byte	14
 1112 043b C1       		.byte	-63
 1113 043c 10       		.byte	16
 1114 043d 81       		.byte	-127
 1115 043e 11       		.byte	17
 1116 043f 03       		.byte	3
 1117 0440 12       		.byte	18
 1118 0441 44       		.byte	68
 1119 0442 14       		.byte	20
 1120 0443 08       		.byte	8
 1121 0444 16       		.byte	22
 1122 0445 20       		.byte	32
 1123 0446 18       		.byte	24
 1124 0447 07       		.byte	7
 1125 0448 19       		.byte	25
 1126 0449 02       		.byte	2
 1127 044a 1B       		.byte	27
 1128 044b 4C       		.byte	76
 1129 044c 1C       		.byte	28
 1130 044d 40       		.byte	64
 1131 044e 1D       		.byte	29
 1132 044f 4C       		.byte	76
 1133 0450 1E       		.byte	30
 1134 0451 83       		.byte	-125
 1135 0452 1F       		.byte	31
 1136 0453 01       		.byte	1
 1137 0454 21       		.byte	33
 1138 0455 14       		.byte	20
 1139 0456 22       		.byte	34
 1140 0457 28       		.byte	40
ARM GAS  C:\Users\au576633\AppData\Local\Temp\cck8fgRm.s 			page 21


 1141 0458 23       		.byte	35
 1142 0459 E8       		.byte	-24
 1143 045a 25       		.byte	37
 1144 045b 3C       		.byte	60
 1145 045c 26       		.byte	38
 1146 045d 20       		.byte	32
 1147 045e 28       		.byte	40
 1148 045f 20       		.byte	32
 1149 0460 29       		.byte	41
 1150 0461 C0       		.byte	-64
 1151 0462 2B       		.byte	43
 1152 0463 14       		.byte	20
 1153 0464 2C       		.byte	44
 1154 0465 10       		.byte	16
 1155 0466 2D       		.byte	45
 1156 0467 E8       		.byte	-24
 1157 0468 2F       		.byte	47
 1158 0469 14       		.byte	20
 1159 046a 30       		.byte	48
 1160 046b 08       		.byte	8
 1161 046c 31       		.byte	49
 1162 046d FF       		.byte	-1
 1163 046e 32       		.byte	50
 1164 046f 07       		.byte	7
 1165 0470 34       		.byte	52
 1166 0471 30       		.byte	48
 1167 0472 36       		.byte	54
 1168 0473 C0       		.byte	-64
 1169 0474 39       		.byte	57
 1170 0475 02       		.byte	2
 1171 0476 3E       		.byte	62
 1172 0477 41       		.byte	65
 1173 0478 40       		.byte	64
 1174 0479 25       		.byte	37
 1175 047a 44       		.byte	68
 1176 047b 03       		.byte	3
 1177 047c 45       		.byte	69
 1178 047d 0B       		.byte	11
 1179 047e 46       		.byte	70
 1180 047f 0D       		.byte	13
 1181 0480 48       		.byte	72
 1182 0481 05       		.byte	5
 1183 0482 49       		.byte	73
 1184 0483 FF       		.byte	-1
 1185 0484 4A       		.byte	74
 1186 0485 7F       		.byte	127
 1187 0486 4B       		.byte	75
 1188 0487 FF       		.byte	-1
 1189 0488 4C       		.byte	76
 1190 0489 42       		.byte	66
 1191 048a 4D       		.byte	77
 1192 048b A0       		.byte	-96
 1193 048c 4E       		.byte	78
 1194 048d 70       		.byte	112
 1195 048e 50       		.byte	80
 1196 048f 0C       		.byte	12
 1197 0490 52       		.byte	82
ARM GAS  C:\Users\au576633\AppData\Local\Temp\cck8fgRm.s 			page 22


 1198 0491 1D       		.byte	29
 1199 0492 58       		.byte	88
 1200 0493 04       		.byte	4
 1201 0494 59       		.byte	89
 1202 0495 04       		.byte	4
 1203 0496 5A       		.byte	90
 1204 0497 04       		.byte	4
 1205 0498 5B       		.byte	91
 1206 0499 04       		.byte	4
 1207 049a 5C       		.byte	92
 1208 049b 11       		.byte	17
 1209 049c 5D       		.byte	93
 1210 049d 11       		.byte	17
 1211 049e 5F       		.byte	95
 1212 049f 01       		.byte	1
 1213 04a0 61       		.byte	97
 1214 04a1 09       		.byte	9
 1215 04a2 62       		.byte	98
 1216 04a3 40       		.byte	64
 1217 04a4 63       		.byte	99
 1218 04a5 09       		.byte	9
 1219 04a6 64       		.byte	100
 1220 04a7 30       		.byte	48
 1221 04a8 65       		.byte	101
 1222 04a9 09       		.byte	9
 1223 04aa 83       		.byte	-125
 1224 04ab 04       		.byte	4
 1225 04ac 87       		.byte	-121
 1226 04ad 02       		.byte	2
 1227 04ae 89       		.byte	-119
 1228 04af 01       		.byte	1
 1229 04b0 93       		.byte	-109
 1230 04b1 01       		.byte	1
 1231 04b2 96       		.byte	-106
 1232 04b3 01       		.byte	1
 1233 04b4 97       		.byte	-105
 1234 04b5 08       		.byte	8
 1235 04b6 9B       		.byte	-101
 1236 04b7 01       		.byte	1
 1237 04b8 9F       		.byte	-97
 1238 04b9 01       		.byte	1
 1239 04ba AB       		.byte	-85
 1240 04bb 01       		.byte	1
 1241 04bc B1       		.byte	-79
 1242 04bd 08       		.byte	8
 1243 04be B2       		.byte	-78
 1244 04bf 01       		.byte	1
 1245 04c0 B3       		.byte	-77
 1246 04c1 02       		.byte	2
 1247 04c2 B5       		.byte	-75
 1248 04c3 01       		.byte	1
 1249 04c4 B7       		.byte	-73
 1250 04c5 04       		.byte	4
 1251 04c6 D8       		.byte	-40
 1252 04c7 04       		.byte	4
 1253 04c8 D9       		.byte	-39
 1254 04c9 04       		.byte	4
ARM GAS  C:\Users\au576633\AppData\Local\Temp\cck8fgRm.s 			page 23


 1255 04ca DC       		.byte	-36
 1256 04cb 11       		.byte	17
 1257 04cc DF       		.byte	-33
 1258 04cd 01       		.byte	1
 1259 04ce 00       		.byte	0
 1260 04cf 62       		.byte	98
 1261 04d0 01       		.byte	1
 1262 04d1 08       		.byte	8
 1263 04d2 08       		.byte	8
 1264 04d3 41       		.byte	65
 1265 04d4 09       		.byte	9
 1266 04d5 80       		.byte	-128
 1267 04d6 0A       		.byte	10
 1268 04d7 38       		.byte	56
 1269 04d8 0F       		.byte	15
 1270 04d9 10       		.byte	16
 1271 04da 11       		.byte	17
 1272 04db 40       		.byte	64
 1273 04dc 12       		.byte	18
 1274 04dd 20       		.byte	32
 1275 04de 13       		.byte	19
 1276 04df 12       		.byte	18
 1277 04e0 18       		.byte	24
 1278 04e1 44       		.byte	68
 1279 04e2 19       		.byte	25
 1280 04e3 48       		.byte	72
 1281 04e4 1A       		.byte	26
 1282 04e5 08       		.byte	8
 1283 04e6 1B       		.byte	27
 1284 04e7 08       		.byte	8
 1285 04e8 1E       		.byte	30
 1286 04e9 20       		.byte	32
 1287 04ea 21       		.byte	33
 1288 04eb 02       		.byte	2
 1289 04ec 25       		.byte	37
 1290 04ed 08       		.byte	8
 1291 04ee 26       		.byte	38
 1292 04ef 82       		.byte	-126
 1293 04f0 27       		.byte	39
 1294 04f1 0A       		.byte	10
 1295 04f2 28       		.byte	40
 1296 04f3 41       		.byte	65
 1297 04f4 29       		.byte	41
 1298 04f5 04       		.byte	4
 1299 04f6 2B       		.byte	43
 1300 04f7 08       		.byte	8
 1301 04f8 2E       		.byte	46
 1302 04f9 10       		.byte	16
 1303 04fa 31       		.byte	49
 1304 04fb 02       		.byte	2
 1305 04fc 32       		.byte	50
 1306 04fd 90       		.byte	-112
 1307 04fe 36       		.byte	54
 1308 04ff 91       		.byte	-111
 1309 0500 37       		.byte	55
 1310 0501 08       		.byte	8
 1311 0502 38       		.byte	56
ARM GAS  C:\Users\au576633\AppData\Local\Temp\cck8fgRm.s 			page 24


 1312 0503 04       		.byte	4
 1313 0504 3A       		.byte	58
 1314 0505 20       		.byte	32
 1315 0506 3D       		.byte	61
 1316 0507 04       		.byte	4
 1317 0508 3E       		.byte	62
 1318 0509 01       		.byte	1
 1319 050a 3F       		.byte	63
 1320 050b 10       		.byte	16
 1321 050c 41       		.byte	65
 1322 050d 08       		.byte	8
 1323 050e 43       		.byte	67
 1324 050f 20       		.byte	32
 1325 0510 49       		.byte	73
 1326 0511 44       		.byte	68
 1327 0512 4A       		.byte	74
 1328 0513 40       		.byte	64
 1329 0514 50       		.byte	80
 1330 0515 80       		.byte	-128
 1331 0516 68       		.byte	104
 1332 0517 10       		.byte	16
 1333 0518 69       		.byte	105
 1334 0519 41       		.byte	65
 1335 051a 72       		.byte	114
 1336 051b 02       		.byte	2
 1337 051c 82       		.byte	-126
 1338 051d 22       		.byte	34
 1339 051e 84       		.byte	-124
 1340 051f 01       		.byte	1
 1341 0520 85       		.byte	-123
 1342 0521 02       		.byte	2
 1343 0522 86       		.byte	-122
 1344 0523 51       		.byte	81
 1345 0524 89       		.byte	-119
 1346 0525 0C       		.byte	12
 1347 0526 8B       		.byte	-117
 1348 0527 10       		.byte	16
 1349 0528 8C       		.byte	-116
 1350 0529 44       		.byte	68
 1351 052a 8E       		.byte	-114
 1352 052b 23       		.byte	35
 1353 052c 92       		.byte	-110
 1354 052d 20       		.byte	32
 1355 052e 95       		.byte	-107
 1356 052f 01       		.byte	1
 1357 0530 98       		.byte	-104
 1358 0531 01       		.byte	1
 1359 0532 9F       		.byte	-97
 1360 0533 02       		.byte	2
 1361 0534 A1       		.byte	-95
 1362 0535 80       		.byte	-128
 1363 0536 A3       		.byte	-93
 1364 0537 20       		.byte	32
 1365 0538 A4       		.byte	-92
 1366 0539 90       		.byte	-112
 1367 053a A7       		.byte	-89
 1368 053b 08       		.byte	8
ARM GAS  C:\Users\au576633\AppData\Local\Temp\cck8fgRm.s 			page 25


 1369 053c AA       		.byte	-86
 1370 053d 10       		.byte	16
 1371 053e B3       		.byte	-77
 1372 053f 08       		.byte	8
 1373 0540 B4       		.byte	-76
 1374 0541 80       		.byte	-128
 1375 0542 C0       		.byte	-64
 1376 0543 0F       		.byte	15
 1377 0544 C2       		.byte	-62
 1378 0545 2F       		.byte	47
 1379 0546 C4       		.byte	-60
 1380 0547 0F       		.byte	15
 1381 0548 CA       		.byte	-54
 1382 0549 2F       		.byte	47
 1383 054a CC       		.byte	-52
 1384 054b FD       		.byte	-3
 1385 054c CE       		.byte	-50
 1386 054d E6       		.byte	-26
 1387 054e D0       		.byte	-48
 1388 054f 06       		.byte	6
 1389 0550 D2       		.byte	-46
 1390 0551 08       		.byte	8
 1391 0552 E0       		.byte	-32
 1392 0553 20       		.byte	32
 1393 0554 E2       		.byte	-30
 1394 0555 04       		.byte	4
 1395 0556 E4       		.byte	-28
 1396 0557 0E       		.byte	14
 1397 0558 EC       		.byte	-20
 1398 0559 10       		.byte	16
 1399 055a EE       		.byte	-18
 1400 055b 04       		.byte	4
 1401 055c 88       		.byte	-120
 1402 055d 10       		.byte	16
 1403 055e 8F       		.byte	-113
 1404 055f 02       		.byte	2
 1405 0560 95       		.byte	-107
 1406 0561 01       		.byte	1
 1407 0562 98       		.byte	-104
 1408 0563 01       		.byte	1
 1409 0564 A1       		.byte	-95
 1410 0565 80       		.byte	-128
 1411 0566 A3       		.byte	-93
 1412 0567 20       		.byte	32
 1413 0568 A9       		.byte	-87
 1414 0569 80       		.byte	-128
 1415 056a AC       		.byte	-84
 1416 056b 01       		.byte	1
 1417 056c AF       		.byte	-81
 1418 056d 20       		.byte	32
 1419 056e E2       		.byte	-30
 1420 056f 80       		.byte	-128
 1421 0570 EA       		.byte	-22
 1422 0571 02       		.byte	2
 1423 0572 EE       		.byte	-18
 1424 0573 09       		.byte	9
 1425 0574 00       		.byte	0
ARM GAS  C:\Users\au576633\AppData\Local\Temp\cck8fgRm.s 			page 26


 1426 0575 02       		.byte	2
 1427 0576 01       		.byte	1
 1428 0577 09       		.byte	9
 1429 0578 03       		.byte	3
 1430 0579 06       		.byte	6
 1431 057a 04       		.byte	4
 1432 057b 03       		.byte	3
 1433 057c 05       		.byte	5
 1434 057d 01       		.byte	1
 1435 057e 08       		.byte	8
 1436 057f 03       		.byte	3
 1437 0580 0B       		.byte	11
 1438 0581 0F       		.byte	15
 1439 0582 0C       		.byte	12
 1440 0583 03       		.byte	3
 1441 0584 0D       		.byte	13
 1442 0585 03       		.byte	3
 1443 0586 0F       		.byte	15
 1444 0587 10       		.byte	16
 1445 0588 10       		.byte	16
 1446 0589 03       		.byte	3
 1447 058a 11       		.byte	17
 1448 058b 0C       		.byte	12
 1449 058c 15       		.byte	21
 1450 058d 0C       		.byte	12
 1451 058e 16       		.byte	22
 1452 058f 01       		.byte	1
 1453 0590 17       		.byte	23
 1454 0591 20       		.byte	32
 1455 0592 1A       		.byte	26
 1456 0593 03       		.byte	3
 1457 0594 1B       		.byte	27
 1458 0595 01       		.byte	1
 1459 0596 1C       		.byte	28
 1460 0597 03       		.byte	3
 1461 0598 1F       		.byte	31
 1462 0599 03       		.byte	3
 1463 059a 20       		.byte	32
 1464 059b 03       		.byte	3
 1465 059c 21       		.byte	33
 1466 059d 03       		.byte	3
 1467 059e 23       		.byte	35
 1468 059f 1C       		.byte	28
 1469 05a0 25       		.byte	37
 1470 05a1 05       		.byte	5
 1471 05a2 26       		.byte	38
 1472 05a3 04       		.byte	4
 1473 05a4 27       		.byte	39
 1474 05a5 0A       		.byte	10
 1475 05a6 29       		.byte	41
 1476 05a7 01       		.byte	1
 1477 05a8 2A       		.byte	42
 1478 05a9 03       		.byte	3
 1479 05aa 2C       		.byte	44
 1480 05ab 03       		.byte	3
 1481 05ac 2D       		.byte	45
 1482 05ad 01       		.byte	1
ARM GAS  C:\Users\au576633\AppData\Local\Temp\cck8fgRm.s 			page 27


 1483 05ae 35       		.byte	53
 1484 05af 1F       		.byte	31
 1485 05b0 36       		.byte	54
 1486 05b1 07       		.byte	7
 1487 05b2 37       		.byte	55
 1488 05b3 20       		.byte	32
 1489 05b4 3A       		.byte	58
 1490 05b5 80       		.byte	-128
 1491 05b6 3F       		.byte	63
 1492 05b7 10       		.byte	16
 1493 05b8 40       		.byte	64
 1494 05b9 03       		.byte	3
 1495 05ba 47       		.byte	71
 1496 05bb 04       		.byte	4
 1497 05bc 49       		.byte	73
 1498 05bd FF       		.byte	-1
 1499 05be 4A       		.byte	74
 1500 05bf 07       		.byte	7
 1501 05c0 4B       		.byte	75
 1502 05c1 FF       		.byte	-1
 1503 05c2 4C       		.byte	76
 1504 05c3 40       		.byte	64
 1505 05c4 4D       		.byte	77
 1506 05c5 20       		.byte	32
 1507 05c6 4E       		.byte	78
 1508 05c7 F0       		.byte	-16
 1509 05c8 4F       		.byte	79
 1510 05c9 05       		.byte	5
 1511 05ca 50       		.byte	80
 1512 05cb 08       		.byte	8
 1513 05cc 54       		.byte	84
 1514 05cd 20       		.byte	32
 1515 05ce 56       		.byte	86
 1516 05cf 04       		.byte	4
 1517 05d0 58       		.byte	88
 1518 05d1 04       		.byte	4
 1519 05d2 59       		.byte	89
 1520 05d3 04       		.byte	4
 1521 05d4 5A       		.byte	90
 1522 05d5 04       		.byte	4
 1523 05d6 5B       		.byte	91
 1524 05d7 04       		.byte	4
 1525 05d8 5C       		.byte	92
 1526 05d9 11       		.byte	17
 1527 05da 5D       		.byte	93
 1528 05db 13       		.byte	19
 1529 05dc 5F       		.byte	95
 1530 05dd 01       		.byte	1
 1531 05de 60       		.byte	96
 1532 05df 40       		.byte	64
 1533 05e0 61       		.byte	97
 1534 05e1 A8       		.byte	-88
 1535 05e2 62       		.byte	98
 1536 05e3 40       		.byte	64
 1537 05e4 63       		.byte	99
 1538 05e5 20       		.byte	32
 1539 05e6 84       		.byte	-124
ARM GAS  C:\Users\au576633\AppData\Local\Temp\cck8fgRm.s 			page 28


 1540 05e7 63       		.byte	99
 1541 05e8 8A       		.byte	-118
 1542 05e9 67       		.byte	103
 1543 05ea 8C       		.byte	-116
 1544 05eb 67       		.byte	103
 1545 05ec 8E       		.byte	-114
 1546 05ed 18       		.byte	24
 1547 05ee 90       		.byte	-112
 1548 05ef 7F       		.byte	127
 1549 05f0 94       		.byte	-108
 1550 05f1 78       		.byte	120
 1551 05f2 96       		.byte	-106
 1552 05f3 07       		.byte	7
 1553 05f4 98       		.byte	-104
 1554 05f5 21       		.byte	33
 1555 05f6 9C       		.byte	-100
 1556 05f7 1C       		.byte	28
 1557 05f8 9E       		.byte	-98
 1558 05f9 63       		.byte	99
 1559 05fa A0       		.byte	-96
 1560 05fb 10       		.byte	16
 1561 05fc A4       		.byte	-92
 1562 05fd 08       		.byte	8
 1563 05fe A8       		.byte	-88
 1564 05ff 18       		.byte	24
 1565 0600 AC       		.byte	-84
 1566 0601 42       		.byte	66
 1567 0602 B0       		.byte	-80
 1568 0603 03       		.byte	3
 1569 0604 B4       		.byte	-76
 1570 0605 78       		.byte	120
 1571 0606 B6       		.byte	-74
 1572 0607 1C       		.byte	28
 1573 0608 BA       		.byte	-70
 1574 0609 20       		.byte	32
 1575 060a D8       		.byte	-40
 1576 060b 04       		.byte	4
 1577 060c DC       		.byte	-36
 1578 060d 03       		.byte	3
 1579 060e DF       		.byte	-33
 1580 060f 01       		.byte	1
 1581 0610 00       		.byte	0
 1582 0611 40       		.byte	64
 1583 0612 02       		.byte	2
 1584 0613 20       		.byte	32
 1585 0614 03       		.byte	3
 1586 0615 04       		.byte	4
 1587 0616 04       		.byte	4
 1588 0617 29       		.byte	41
 1589 0618 06       		.byte	6
 1590 0619 01       		.byte	1
 1591 061a 07       		.byte	7
 1592 061b 40       		.byte	64
 1593 061c 08       		.byte	8
 1594 061d 20       		.byte	32
 1595 061e 0A       		.byte	10
 1596 061f A0       		.byte	-96
ARM GAS  C:\Users\au576633\AppData\Local\Temp\cck8fgRm.s 			page 29


 1597 0620 0B       		.byte	11
 1598 0621 01       		.byte	1
 1599 0622 0E       		.byte	14
 1600 0623 49       		.byte	73
 1601 0624 0F       		.byte	15
 1602 0625 10       		.byte	16
 1603 0626 10       		.byte	16
 1604 0627 AA       		.byte	-86
 1605 0628 14       		.byte	20
 1606 0629 88       		.byte	-120
 1607 062a 16       		.byte	22
 1608 062b 02       		.byte	2
 1609 062c 17       		.byte	23
 1610 062d 08       		.byte	8
 1611 062e 19       		.byte	25
 1612 062f 52       		.byte	82
 1613 0630 1E       		.byte	30
 1614 0631 01       		.byte	1
 1615 0632 1F       		.byte	31
 1616 0633 80       		.byte	-128
 1617 0634 26       		.byte	38
 1618 0635 80       		.byte	-128
 1619 0636 27       		.byte	39
 1620 0637 08       		.byte	8
 1621 0638 28       		.byte	40
 1622 0639 08       		.byte	8
 1623 063a 2A       		.byte	42
 1624 063b 20       		.byte	32
 1625 063c 2B       		.byte	43
 1626 063d 04       		.byte	4
 1627 063e 2E       		.byte	46
 1628 063f 50       		.byte	80
 1629 0640 2F       		.byte	47
 1630 0641 90       		.byte	-112
 1631 0642 34       		.byte	52
 1632 0643 10       		.byte	16
 1633 0644 35       		.byte	53
 1634 0645 84       		.byte	-124
 1635 0646 36       		.byte	54
 1636 0647 02       		.byte	2
 1637 0648 3C       		.byte	60
 1638 0649 10       		.byte	16
 1639 064a 3D       		.byte	61
 1640 064b 42       		.byte	66
 1641 064c 3E       		.byte	62
 1642 064d 06       		.byte	6
 1643 064e 45       		.byte	69
 1644 064f 08       		.byte	8
 1645 0650 4E       		.byte	78
 1646 0651 02       		.byte	2
 1647 0652 4F       		.byte	79
 1648 0653 80       		.byte	-128
 1649 0654 55       		.byte	85
 1650 0655 04       		.byte	4
 1651 0656 56       		.byte	86
 1652 0657 40       		.byte	64
 1653 0658 5C       		.byte	92
ARM GAS  C:\Users\au576633\AppData\Local\Temp\cck8fgRm.s 			page 30


 1654 0659 01       		.byte	1
 1655 065a 5E       		.byte	94
 1656 065b A0       		.byte	-96
 1657 065c 64       		.byte	100
 1658 065d 40       		.byte	64
 1659 065e 65       		.byte	101
 1660 065f 20       		.byte	32
 1661 0660 7A       		.byte	122
 1662 0661 40       		.byte	64
 1663 0662 7B       		.byte	123
 1664 0663 80       		.byte	-128
 1665 0664 84       		.byte	-124
 1666 0665 06       		.byte	6
 1667 0666 85       		.byte	-123
 1668 0667 04       		.byte	4
 1669 0668 88       		.byte	-120
 1670 0669 44       		.byte	68
 1671 066a 8C       		.byte	-116
 1672 066b 40       		.byte	64
 1673 066c 8D       		.byte	-115
 1674 066d 54       		.byte	84
 1675 066e 90       		.byte	-112
 1676 066f 10       		.byte	16
 1677 0670 91       		.byte	-111
 1678 0671 14       		.byte	20
 1679 0672 92       		.byte	-110
 1680 0673 A0       		.byte	-96
 1681 0674 93       		.byte	-109
 1682 0675 11       		.byte	17
 1683 0676 94       		.byte	-108
 1684 0677 2A       		.byte	42
 1685 0678 95       		.byte	-107
 1686 0679 09       		.byte	9
 1687 067a 96       		.byte	-106
 1688 067b 44       		.byte	68
 1689 067c 97       		.byte	-105
 1690 067d 20       		.byte	32
 1691 067e 9B       		.byte	-101
 1692 067f 45       		.byte	69
 1693 0680 9C       		.byte	-100
 1694 0681 B5       		.byte	-75
 1695 0682 9D       		.byte	-99
 1696 0683 56       		.byte	86
 1697 0684 9E       		.byte	-98
 1698 0685 48       		.byte	72
 1699 0686 A0       		.byte	-96
 1700 0687 A8       		.byte	-88
 1701 0688 A1       		.byte	-95
 1702 0689 09       		.byte	9
 1703 068a A2       		.byte	-94
 1704 068b 04       		.byte	4
 1705 068c A4       		.byte	-92
 1706 068d 10       		.byte	16
 1707 068e A5       		.byte	-91
 1708 068f 94       		.byte	-108
 1709 0690 A6       		.byte	-90
 1710 0691 20       		.byte	32
ARM GAS  C:\Users\au576633\AppData\Local\Temp\cck8fgRm.s 			page 31


 1711 0692 A7       		.byte	-89
 1712 0693 44       		.byte	68
 1713 0694 A9       		.byte	-87
 1714 0695 01       		.byte	1
 1715 0696 AE       		.byte	-82
 1716 0697 90       		.byte	-112
 1717 0698 AF       		.byte	-81
 1718 0699 20       		.byte	32
 1719 069a B1       		.byte	-79
 1720 069b 01       		.byte	1
 1721 069c C0       		.byte	-64
 1722 069d F7       		.byte	-9
 1723 069e C2       		.byte	-62
 1724 069f FF       		.byte	-1
 1725 06a0 C4       		.byte	-60
 1726 06a1 FF       		.byte	-1
 1727 06a2 CA       		.byte	-54
 1728 06a3 F0       		.byte	-16
 1729 06a4 CC       		.byte	-52
 1730 06a5 F0       		.byte	-16
 1731 06a6 CE       		.byte	-50
 1732 06a7 F0       		.byte	-16
 1733 06a8 D0       		.byte	-48
 1734 06a9 40       		.byte	64
 1735 06aa D6       		.byte	-42
 1736 06ab B0       		.byte	-80
 1737 06ac D8       		.byte	-40
 1738 06ad A0       		.byte	-96
 1739 06ae E0       		.byte	-32
 1740 06af 10       		.byte	16
 1741 06b0 E2       		.byte	-30
 1742 06b1 80       		.byte	-128
 1743 06b2 E4       		.byte	-28
 1744 06b3 82       		.byte	-126
 1745 06b4 05       		.byte	5
 1746 06b5 1F       		.byte	31
 1747 06b6 09       		.byte	9
 1748 06b7 1F       		.byte	31
 1749 06b8 0E       		.byte	14
 1750 06b9 02       		.byte	2
 1751 06ba 12       		.byte	18
 1752 06bb 02       		.byte	2
 1753 06bc 14       		.byte	20
 1754 06bd 02       		.byte	2
 1755 06be 15       		.byte	21
 1756 06bf 12       		.byte	18
 1757 06c0 17       		.byte	23
 1758 06c1 05       		.byte	5
 1759 06c2 19       		.byte	25
 1760 06c3 04       		.byte	4
 1761 06c4 1B       		.byte	27
 1762 06c5 18       		.byte	24
 1763 06c6 22       		.byte	34
 1764 06c7 03       		.byte	3
 1765 06c8 25       		.byte	37
 1766 06c9 09       		.byte	9
 1767 06ca 27       		.byte	39
ARM GAS  C:\Users\au576633\AppData\Local\Temp\cck8fgRm.s 			page 32


 1768 06cb 26       		.byte	38
 1769 06cc 2A       		.byte	42
 1770 06cd 02       		.byte	2
 1771 06ce 30       		.byte	48
 1772 06cf 01       		.byte	1
 1773 06d0 33       		.byte	51
 1774 06d1 03       		.byte	3
 1775 06d2 34       		.byte	52
 1776 06d3 02       		.byte	2
 1777 06d4 35       		.byte	53
 1778 06d5 1C       		.byte	28
 1779 06d6 37       		.byte	55
 1780 06d7 20       		.byte	32
 1781 06d8 3E       		.byte	62
 1782 06d9 10       		.byte	16
 1783 06da 58       		.byte	88
 1784 06db 04       		.byte	4
 1785 06dc 59       		.byte	89
 1786 06dd 04       		.byte	4
 1787 06de 5B       		.byte	91
 1788 06df 04       		.byte	4
 1789 06e0 5C       		.byte	92
 1790 06e1 31       		.byte	49
 1791 06e2 5F       		.byte	95
 1792 06e3 01       		.byte	1
 1793 06e4 81       		.byte	-127
 1794 06e5 46       		.byte	70
 1795 06e6 83       		.byte	-125
 1796 06e7 39       		.byte	57
 1797 06e8 85       		.byte	-123
 1798 06e9 04       		.byte	4
 1799 06ea 8A       		.byte	-118
 1800 06eb 04       		.byte	4
 1801 06ec 8B       		.byte	-117
 1802 06ed 77       		.byte	119
 1803 06ee 8C       		.byte	-116
 1804 06ef 08       		.byte	8
 1805 06f0 8D       		.byte	-115
 1806 06f1 03       		.byte	3
 1807 06f2 8E       		.byte	-114
 1808 06f3 20       		.byte	32
 1809 06f4 90       		.byte	-112
 1810 06f5 08       		.byte	8
 1811 06f6 91       		.byte	-111
 1812 06f7 04       		.byte	4
 1813 06f8 92       		.byte	-110
 1814 06f9 30       		.byte	48
 1815 06fa 95       		.byte	-107
 1816 06fb 63       		.byte	99
 1817 06fc 9A       		.byte	-102
 1818 06fd 1B       		.byte	27
 1819 06fe 9B       		.byte	-101
 1820 06ff 04       		.byte	4
 1821 0700 9C       		.byte	-100
 1822 0701 01       		.byte	1
 1823 0702 9D       		.byte	-99
 1824 0703 25       		.byte	37
ARM GAS  C:\Users\au576633\AppData\Local\Temp\cck8fgRm.s 			page 33


 1825 0704 9E       		.byte	-98
 1826 0705 1A       		.byte	26
 1827 0706 9F       		.byte	-97
 1828 0707 52       		.byte	82
 1829 0708 A0       		.byte	-96
 1830 0709 01       		.byte	1
 1831 070a A2       		.byte	-94
 1832 070b 1A       		.byte	26
 1833 070c A3       		.byte	-93
 1834 070d 01       		.byte	1
 1835 070e A4       		.byte	-92
 1836 070f 02       		.byte	2
 1837 0710 A6       		.byte	-90
 1838 0711 19       		.byte	25
 1839 0712 A7       		.byte	-89
 1840 0713 14       		.byte	20
 1841 0714 A8       		.byte	-88
 1842 0715 10       		.byte	16
 1843 0716 A9       		.byte	-87
 1844 0717 04       		.byte	4
 1845 0718 AA       		.byte	-86
 1846 0719 48       		.byte	72
 1847 071a AD       		.byte	-83
 1848 071b 66       		.byte	102
 1849 071c AF       		.byte	-81
 1850 071d 08       		.byte	8
 1851 071e B0       		.byte	-80
 1852 071f 38       		.byte	56
 1853 0720 B2       		.byte	-78
 1854 0721 38       		.byte	56
 1855 0722 B3       		.byte	-77
 1856 0723 60       		.byte	96
 1857 0724 B4       		.byte	-76
 1858 0725 07       		.byte	7
 1859 0726 B5       		.byte	-75
 1860 0727 1F       		.byte	31
 1861 0728 B6       		.byte	-74
 1862 0729 40       		.byte	64
 1863 072a B9       		.byte	-71
 1864 072b 08       		.byte	8
 1865 072c BA       		.byte	-70
 1866 072d 0A       		.byte	10
 1867 072e BE       		.byte	-66
 1868 072f 10       		.byte	16
 1869 0730 BF       		.byte	-65
 1870 0731 10       		.byte	16
 1871 0732 D6       		.byte	-42
 1872 0733 02       		.byte	2
 1873 0734 D7       		.byte	-41
 1874 0735 28       		.byte	40
 1875 0736 D8       		.byte	-40
 1876 0737 04       		.byte	4
 1877 0738 D9       		.byte	-39
 1878 0739 04       		.byte	4
 1879 073a DB       		.byte	-37
 1880 073b 04       		.byte	4
 1881 073c DC       		.byte	-36
ARM GAS  C:\Users\au576633\AppData\Local\Temp\cck8fgRm.s 			page 34


 1882 073d 11       		.byte	17
 1883 073e DD       		.byte	-35
 1884 073f 10       		.byte	16
 1885 0740 DE       		.byte	-34
 1886 0741 08       		.byte	8
 1887 0742 DF       		.byte	-33
 1888 0743 01       		.byte	1
 1889 0744 00       		.byte	0
 1890 0745 40       		.byte	64
 1891 0746 06       		.byte	6
 1892 0747 0D       		.byte	13
 1893 0748 08       		.byte	8
 1894 0749 08       		.byte	8
 1895 074a 0B       		.byte	11
 1896 074b 80       		.byte	-128
 1897 074c 0E       		.byte	14
 1898 074d 80       		.byte	-128
 1899 074e 0F       		.byte	15
 1900 074f 0A       		.byte	10
 1901 0750 10       		.byte	16
 1902 0751 04       		.byte	4
 1903 0752 12       		.byte	18
 1904 0753 80       		.byte	-128
 1905 0754 14       		.byte	20
 1906 0755 80       		.byte	-128
 1907 0756 16       		.byte	22
 1908 0757 20       		.byte	32
 1909 0758 17       		.byte	23
 1910 0759 20       		.byte	32
 1911 075a 18       		.byte	24
 1912 075b 40       		.byte	64
 1913 075c 19       		.byte	25
 1914 075d 20       		.byte	32
 1915 075e 1A       		.byte	26
 1916 075f 80       		.byte	-128
 1917 0760 1E       		.byte	30
 1918 0761 A0       		.byte	-96
 1919 0762 1F       		.byte	31
 1920 0763 50       		.byte	80
 1921 0764 21       		.byte	33
 1922 0765 8C       		.byte	-116
 1923 0766 22       		.byte	34
 1924 0767 20       		.byte	32
 1925 0768 25       		.byte	37
 1926 0769 10       		.byte	16
 1927 076a 26       		.byte	38
 1928 076b 08       		.byte	8
 1929 076c 28       		.byte	40
 1930 076d 20       		.byte	32
 1931 076e 2C       		.byte	44
 1932 076f 01       		.byte	1
 1933 0770 2D       		.byte	45
 1934 0771 8A       		.byte	-118
 1935 0772 2E       		.byte	46
 1936 0773 10       		.byte	16
 1937 0774 31       		.byte	49
 1938 0775 08       		.byte	8
ARM GAS  C:\Users\au576633\AppData\Local\Temp\cck8fgRm.s 			page 35


 1939 0776 32       		.byte	50
 1940 0777 20       		.byte	32
 1941 0778 34       		.byte	52
 1942 0779 94       		.byte	-108
 1943 077a 35       		.byte	53
 1944 077b 04       		.byte	4
 1945 077c 37       		.byte	55
 1946 077d 01       		.byte	1
 1947 077e 39       		.byte	57
 1948 077f 14       		.byte	20
 1949 0780 3C       		.byte	60
 1950 0781 10       		.byte	16
 1951 0782 3D       		.byte	61
 1952 0783 02       		.byte	2
 1953 0784 3E       		.byte	62
 1954 0785 24       		.byte	36
 1955 0786 3F       		.byte	63
 1956 0787 82       		.byte	-126
 1957 0788 4C       		.byte	76
 1958 0789 01       		.byte	1
 1959 078a 4D       		.byte	77
 1960 078b C0       		.byte	-64
 1961 078c 67       		.byte	103
 1962 078d 20       		.byte	32
 1963 078e 68       		.byte	104
 1964 078f 14       		.byte	20
 1965 0790 69       		.byte	105
 1966 0791 81       		.byte	-127
 1967 0792 6C       		.byte	108
 1968 0793 14       		.byte	20
 1969 0794 6E       		.byte	110
 1970 0795 54       		.byte	84
 1971 0796 6F       		.byte	111
 1972 0797 01       		.byte	1
 1973 0798 7D       		.byte	125
 1974 0799 40       		.byte	64
 1975 079a 81       		.byte	-127
 1976 079b 02       		.byte	2
 1977 079c 82       		.byte	-126
 1978 079d 08       		.byte	8
 1979 079e 84       		.byte	-124
 1980 079f 18       		.byte	24
 1981 07a0 88       		.byte	-120
 1982 07a1 20       		.byte	32
 1983 07a2 8B       		.byte	-117
 1984 07a3 60       		.byte	96
 1985 07a4 8D       		.byte	-115
 1986 07a5 88       		.byte	-120
 1987 07a6 8E       		.byte	-114
 1988 07a7 45       		.byte	69
 1989 07a8 8F       		.byte	-113
 1990 07a9 04       		.byte	4
 1991 07aa 90       		.byte	-112
 1992 07ab 10       		.byte	16
 1993 07ac 91       		.byte	-111
 1994 07ad 14       		.byte	20
 1995 07ae 94       		.byte	-108
ARM GAS  C:\Users\au576633\AppData\Local\Temp\cck8fgRm.s 			page 36


 1996 07af 2A       		.byte	42
 1997 07b0 95       		.byte	-107
 1998 07b1 C9       		.byte	-55
 1999 07b2 96       		.byte	-106
 2000 07b3 54       		.byte	84
 2001 07b4 98       		.byte	-104
 2002 07b5 80       		.byte	-128
 2003 07b6 99       		.byte	-103
 2004 07b7 04       		.byte	4
 2005 07b8 9C       		.byte	-100
 2006 07b9 31       		.byte	49
 2007 07ba 9D       		.byte	-99
 2008 07bb 20       		.byte	32
 2009 07bc 9E       		.byte	-98
 2010 07bd 09       		.byte	9
 2011 07be A1       		.byte	-95
 2012 07bf 01       		.byte	1
 2013 07c0 A2       		.byte	-94
 2014 07c1 80       		.byte	-128
 2015 07c2 A3       		.byte	-93
 2016 07c3 40       		.byte	64
 2017 07c4 A4       		.byte	-92
 2018 07c5 14       		.byte	20
 2019 07c6 A5       		.byte	-91
 2020 07c7 90       		.byte	-112
 2021 07c8 A6       		.byte	-90
 2022 07c9 30       		.byte	48
 2023 07ca A7       		.byte	-89
 2024 07cb 04       		.byte	4
 2025 07cc AA       		.byte	-86
 2026 07cd 80       		.byte	-128
 2027 07ce B0       		.byte	-80
 2028 07cf 80       		.byte	-128
 2029 07d0 B1       		.byte	-79
 2030 07d1 80       		.byte	-128
 2031 07d2 B2       		.byte	-78
 2032 07d3 20       		.byte	32
 2033 07d4 B3       		.byte	-77
 2034 07d5 11       		.byte	17
 2035 07d6 B7       		.byte	-73
 2036 07d7 40       		.byte	64
 2037 07d8 C0       		.byte	-64
 2038 07d9 C1       		.byte	-63
 2039 07da C2       		.byte	-62
 2040 07db DC       		.byte	-36
 2041 07dc C4       		.byte	-60
 2042 07dd 7A       		.byte	122
 2043 07de CA       		.byte	-54
 2044 07df F2       		.byte	-14
 2045 07e0 CC       		.byte	-52
 2046 07e1 F6       		.byte	-10
 2047 07e2 CE       		.byte	-50
 2048 07e3 F6       		.byte	-10
 2049 07e4 D8       		.byte	-40
 2050 07e5 40       		.byte	64
 2051 07e6 DE       		.byte	-34
 2052 07e7 10       		.byte	16
ARM GAS  C:\Users\au576633\AppData\Local\Temp\cck8fgRm.s 			page 37


 2053 07e8 E0       		.byte	-32
 2054 07e9 40       		.byte	64
 2055 07ea E2       		.byte	-30
 2056 07eb 10       		.byte	16
 2057 07ec E4       		.byte	-28
 2058 07ed 70       		.byte	112
 2059 07ee E6       		.byte	-26
 2060 07ef 80       		.byte	-128
 2061 07f0 E8       		.byte	-24
 2062 07f1 20       		.byte	32
 2063 07f2 EC       		.byte	-20
 2064 07f3 50       		.byte	80
 2065 07f4 30       		.byte	48
 2066 07f5 40       		.byte	64
 2067 07f6 32       		.byte	50
 2068 07f7 04       		.byte	4
 2069 07f8 35       		.byte	53
 2070 07f9 80       		.byte	-128
 2071 07fa 37       		.byte	55
 2072 07fb 04       		.byte	4
 2073 07fc CC       		.byte	-52
 2074 07fd F0       		.byte	-16
 2075 07fe 96       		.byte	-106
 2076 07ff 08       		.byte	8
 2077 0800 9C       		.byte	-100
 2078 0801 40       		.byte	64
 2079 0802 9D       		.byte	-99
 2080 0803 80       		.byte	-128
 2081 0804 9F       		.byte	-97
 2082 0805 04       		.byte	4
 2083 0806 12       		.byte	18
 2084 0807 80       		.byte	-128
 2085 0808 60       		.byte	96
 2086 0809 01       		.byte	1
 2087 080a 96       		.byte	-106
 2088 080b 08       		.byte	8
 2089 080c 9C       		.byte	-100
 2090 080d 40       		.byte	64
 2091 080e 9D       		.byte	-99
 2092 080f 80       		.byte	-128
 2093 0810 9F       		.byte	-97
 2094 0811 04       		.byte	4
 2095 0812 C4       		.byte	-60
 2096 0813 10       		.byte	16
 2097 0814 D6       		.byte	-42
 2098 0815 40       		.byte	64
 2099 0816 83       		.byte	-125
 2100 0817 04       		.byte	4
 2101 0818 9C       		.byte	-100
 2102 0819 40       		.byte	64
 2103 081a 9D       		.byte	-99
 2104 081b 80       		.byte	-128
 2105 081c 9F       		.byte	-97
 2106 081d 04       		.byte	4
 2107 081e A8       		.byte	-88
 2108 081f 01       		.byte	1
 2109 0820 AE       		.byte	-82
ARM GAS  C:\Users\au576633\AppData\Local\Temp\cck8fgRm.s 			page 38


 2110 0821 84       		.byte	-124
 2111 0822 E2       		.byte	-30
 2112 0823 80       		.byte	-128
 2113 0824 EA       		.byte	-22
 2114 0825 80       		.byte	-128
 2115 0826 31       		.byte	49
 2116 0827 08       		.byte	8
 2117 0828 70       		.byte	112
 2118 0829 02       		.byte	2
 2119 082a 7D       		.byte	125
 2120 082b 20       		.byte	32
 2121 082c CC       		.byte	-52
 2122 082d 02       		.byte	2
 2123 082e DC       		.byte	-36
 2124 082f 01       		.byte	1
 2125 0830 DE       		.byte	-34
 2126 0831 01       		.byte	1
 2127 0832 51       		.byte	81
 2128 0833 80       		.byte	-128
 2129 0834 54       		.byte	84
 2130 0835 80       		.byte	-128
 2131 0836 5B       		.byte	91
 2132 0837 20       		.byte	32
 2133 0838 5D       		.byte	93
 2134 0839 80       		.byte	-128
 2135 083a 66       		.byte	102
 2136 083b 80       		.byte	-128
 2137 083c 81       		.byte	-127
 2138 083d 10       		.byte	16
 2139 083e 84       		.byte	-124
 2140 083f 02       		.byte	2
 2141 0840 86       		.byte	-122
 2142 0841 80       		.byte	-128
 2143 0842 87       		.byte	-121
 2144 0843 02       		.byte	2
 2145 0844 8D       		.byte	-115
 2146 0845 0A       		.byte	10
 2147 0846 A4       		.byte	-92
 2148 0847 02       		.byte	2
 2149 0848 A5       		.byte	-91
 2150 0849 18       		.byte	24
 2151 084a D4       		.byte	-44
 2152 084b 07       		.byte	7
 2153 084c D6       		.byte	-42
 2154 084d 05       		.byte	5
 2155 084e E0       		.byte	-32
 2156 084f 02       		.byte	2
 2157 0850 E4       		.byte	-28
 2158 0851 08       		.byte	8
 2159 0852 45       		.byte	69
 2160 0853 08       		.byte	8
 2161 0854 84       		.byte	-124
 2162 0855 80       		.byte	-128
 2163 0856 99       		.byte	-103
 2164 0857 02       		.byte	2
 2165 0858 9B       		.byte	-101
 2166 0859 02       		.byte	2
ARM GAS  C:\Users\au576633\AppData\Local\Temp\cck8fgRm.s 			page 39


 2167 085a 9D       		.byte	-99
 2168 085b 80       		.byte	-128
 2169 085c 9F       		.byte	-97
 2170 085d 20       		.byte	32
 2171 085e A3       		.byte	-93
 2172 085f 10       		.byte	16
 2173 0860 A4       		.byte	-92
 2174 0861 80       		.byte	-128
 2175 0862 A5       		.byte	-91
 2176 0863 80       		.byte	-128
 2177 0864 B7       		.byte	-73
 2178 0865 10       		.byte	16
 2179 0866 D0       		.byte	-48
 2180 0867 01       		.byte	1
 2181 0868 E8       		.byte	-24
 2182 0869 08       		.byte	8
 2183 086a 99       		.byte	-103
 2184 086b 02       		.byte	2
 2185 086c 9B       		.byte	-101
 2186 086d 02       		.byte	2
 2187 086e 9D       		.byte	-99
 2188 086f 80       		.byte	-128
 2189 0870 9F       		.byte	-97
 2190 0871 20       		.byte	32
 2191 0872 A3       		.byte	-93
 2192 0873 10       		.byte	16
 2193 0874 A5       		.byte	-91
 2194 0875 88       		.byte	-120
 2195 0876 05       		.byte	5
 2196 0877 80       		.byte	-128
 2197 0878 25       		.byte	37
 2198 0879 10       		.byte	16
 2199 087a 88       		.byte	-120
 2200 087b 40       		.byte	64
 2201 087c 9C       		.byte	-100
 2202 087d 40       		.byte	64
 2203 087e 9D       		.byte	-99
 2204 087f 80       		.byte	-128
 2205 0880 C0       		.byte	-64
 2206 0881 80       		.byte	-128
 2207 0882 C8       		.byte	-56
 2208 0883 20       		.byte	32
 2209 0884 12       		.byte	18
 2210 0885 40       		.byte	64
 2211 0886 14       		.byte	20
 2212 0887 80       		.byte	-128
 2213 0888 76       		.byte	118
 2214 0889 10       		.byte	16
 2215 088a 7B       		.byte	123
 2216 088b 02       		.byte	2
 2217 088c 83       		.byte	-125
 2218 088d 02       		.byte	2
 2219 088e 86       		.byte	-122
 2220 088f 50       		.byte	80
 2221 0890 88       		.byte	-120
 2222 0891 80       		.byte	-128
 2223 0892 B5       		.byte	-75
ARM GAS  C:\Users\au576633\AppData\Local\Temp\cck8fgRm.s 			page 40


 2224 0893 10       		.byte	16
 2225 0894 C4       		.byte	-60
 2226 0895 30       		.byte	48
 2227 0896 DC       		.byte	-36
 2228 0897 80       		.byte	-128
 2229 0898 DE       		.byte	-34
 2230 0899 20       		.byte	32
 2231 089a E0       		.byte	-32
 2232 089b 10       		.byte	16
 2233 089c E2       		.byte	-30
 2234 089d 60       		.byte	96
 2235 089e 58       		.byte	88
 2236 089f 01       		.byte	1
 2237 08a0 5F       		.byte	95
 2238 08a1 02       		.byte	2
 2239 08a2 63       		.byte	99
 2240 08a3 20       		.byte	32
 2241 08a4 65       		.byte	101
 2242 08a5 02       		.byte	2
 2243 08a6 85       		.byte	-123
 2244 08a7 80       		.byte	-128
 2245 08a8 8F       		.byte	-113
 2246 08a9 20       		.byte	32
 2247 08aa 99       		.byte	-103
 2248 08ab 02       		.byte	2
 2249 08ac 9B       		.byte	-101
 2250 08ad 02       		.byte	2
 2251 08ae 9F       		.byte	-97
 2252 08af 20       		.byte	32
 2253 08b0 A3       		.byte	-93
 2254 08b1 10       		.byte	16
 2255 08b2 A5       		.byte	-91
 2256 08b3 88       		.byte	-120
 2257 08b4 B1       		.byte	-79
 2258 08b5 80       		.byte	-128
 2259 08b6 D6       		.byte	-42
 2260 08b7 03       		.byte	3
 2261 08b8 D8       		.byte	-40
 2262 08b9 03       		.byte	3
 2263 08ba E4       		.byte	-28
 2264 08bb 08       		.byte	8
 2265 08bc EC       		.byte	-20
 2266 08bd 01       		.byte	1
 2267 08be 10       		.byte	16
 2268 08bf 40       		.byte	64
 2269 08c0 88       		.byte	-120
 2270 08c1 40       		.byte	64
 2271 08c2 B0       		.byte	-80
 2272 08c3 01       		.byte	1
 2273 08c4 B5       		.byte	-75
 2274 08c5 08       		.byte	8
 2275 08c6 C4       		.byte	-60
 2276 08c7 08       		.byte	8
 2277 08c8 E2       		.byte	-30
 2278 08c9 01       		.byte	1
 2279 08ca EC       		.byte	-20
 2280 08cb 0C       		.byte	12
ARM GAS  C:\Users\au576633\AppData\Local\Temp\cck8fgRm.s 			page 41


 2281 08cc 00       		.byte	0
 2282 08cd 1A       		.byte	26
 2283 08ce 0C       		.byte	12
 2284 08cf 1A       		.byte	26
 2285 08d0 0E       		.byte	14
 2286 08d1 18       		.byte	24
 2287 08d2 10       		.byte	16
 2288 08d3 0A       		.byte	10
 2289 08d4 1A       		.byte	26
 2290 08d5 02       		.byte	2
 2291 08d6 1C       		.byte	28
 2292 08d7 0A       		.byte	10
 2293 08d8 00       		.byte	0
 2294 08d9 EF       		.byte	-17
 2295 08da 00       		.byte	0
 2296 08db 00       		.byte	0
 2297 08dc 00       		.byte	0
 2298 08dd 00       		.byte	0
 2299 08de 00       		.byte	0
 2300 08df 00       		.byte	0
 2301 08e0 00       		.byte	0
 2302 08e1 00       		.byte	0
 2303 08e2 01       		.byte	1
 2304 08e3 00       		.byte	0
 2305 08e4 87       		.byte	-121
 2306 08e5 00       		.byte	0
 2307 08e6 40       		.byte	64
 2308 08e7 80       		.byte	-128
 2309 08e8 87       		.byte	-121
 2310 08e9 00       		.byte	0
 2311 08ea 83       		.byte	-125
 2312 08eb 00       		.byte	0
 2313 08ec 00       		.byte	0
 2314 08ed 00       		.byte	0
 2315 08ee 00       		.byte	0
 2316 08ef 00       		.byte	0
 2317 08f0 08       		.byte	8
 2318 08f1 00       		.byte	0
 2319 08f2 00       		.byte	0
 2320 08f3 00       		.byte	0
 2321 08f4 00       		.byte	0
 2322 08f5 00       		.byte	0
 2323 08f6 00       		.byte	0
 2324 08f7 00       		.byte	0
 2325 08f8 90       		.byte	-112
 2326 08f9 00       		.byte	0
 2327 08fa 00       		.byte	0
 2328 08fb FB       		.byte	-5
 2329 08fc FB       		.byte	-5
 2330 08fd 00       		.byte	0
 2331 08fe F0       		.byte	-16
 2332 08ff 00       		.byte	0
 2333 0900 00       		.byte	0
 2334 0901 00       		.byte	0
 2335 0902 00       		.byte	0
 2336 0903 00       		.byte	0
 2337 0904 09       		.byte	9
ARM GAS  C:\Users\au576633\AppData\Local\Temp\cck8fgRm.s 			page 42


 2338 0905 00       		.byte	0
 2339 0906 00       		.byte	0
 2340 0907 EF       		.byte	-17
 2341 0908 EF       		.byte	-17
 2342 0909 00       		.byte	0
 2343 090a 2F       		.byte	47
 2344 090b 00       		.byte	0
 2345 090c 00       		.byte	0
 2346 090d 00       		.byte	0
 2347 090e 00       		.byte	0
 2348 090f 00       		.byte	0
 2349 0910 22       		.byte	34
 2350 0911 00       		.byte	0
 2351 0912 18       		.byte	24
 2352 0913 01       		.byte	1
 2353              		.section	.cywolatch,"a",%progbits
 2354              		.align	2
 2355              		.type	cy_meta_wonvl, %object
 2356              		.size	cy_meta_wonvl, 4
 2357              	cy_meta_wonvl:
 2358 0000 BC       		.byte	-68
 2359 0001 90       		.byte	-112
 2360 0002 AC       		.byte	-84
 2361 0003 AF       		.byte	-81
 2362              		.section	.cycustnvl,"a",%progbits
 2363              		.align	2
 2364              		.type	cy_meta_custnvl, %object
 2365              		.size	cy_meta_custnvl, 4
 2366              	cy_meta_custnvl:
 2367 0000 00       		.byte	0
 2368 0001 00       		.byte	0
 2369 0002 40       		.byte	64
 2370 0003 05       		.byte	5
 2371              		.section	.cymeta,"a",%progbits
 2372              		.align	2
 2373              		.type	cy_metadata, %object
 2374              		.size	cy_metadata, 12
 2375              	cy_metadata:
 2376 0000 00       		.byte	0
 2377 0001 01       		.byte	1
 2378 0002 2E       		.byte	46
 2379 0003 16       		.byte	22
 2380 0004 10       		.byte	16
 2381 0005 69       		.byte	105
 2382 0006 00       		.byte	0
 2383 0007 01       		.byte	1
 2384 0008 00       		.byte	0
 2385 0009 00       		.byte	0
 2386 000a 00       		.byte	0
 2387 000b 00       		.byte	0
 2388              		.section	.cyflashprotect,"a",%progbits
 2389              		.align	2
 2390              		.type	cy_meta_flashprotect, %object
 2391              		.size	cy_meta_flashprotect, 256
 2392              	cy_meta_flashprotect:
 2393 0000 00000000 		.space	256
 2393      00000000 
ARM GAS  C:\Users\au576633\AppData\Local\Temp\cck8fgRm.s 			page 43


 2393      00000000 
 2393      00000000 
 2393      00000000 
 2394              		.text
 2395              	.Letext0:
 2396              		.file 1 "c:\\program files (x86)\\cypress\\psoc creator\\4.2\\psoc creator\\import\\gnu\\arm\\5.4.
 2397              		.file 2 "c:\\program files (x86)\\cypress\\psoc creator\\4.2\\psoc creator\\import\\gnu\\arm\\5.4.
 2398              		.file 3 "Generated_Source\\PSoC5\\cymetadata.c"
 2399              		.section	.debug_info,"",%progbits
 2400              	.Ldebug_info0:
 2401 0000 35010000 		.4byte	0x135
 2402 0004 0400     		.2byte	0x4
 2403 0006 00000000 		.4byte	.Ldebug_abbrev0
 2404 000a 04       		.byte	0x4
 2405 000b 01       		.uleb128 0x1
 2406 000c 82000000 		.4byte	.LASF17
 2407 0010 0C       		.byte	0xc
 2408 0011 DC010000 		.4byte	.LASF18
 2409 0015 0A000000 		.4byte	.LASF19
 2410 0019 00000000 		.4byte	.Ldebug_line0
 2411 001d 02       		.uleb128 0x2
 2412 001e 01       		.byte	0x1
 2413 001f 06       		.byte	0x6
 2414 0020 D0010000 		.4byte	.LASF0
 2415 0024 03       		.uleb128 0x3
 2416 0025 00000000 		.4byte	.LASF9
 2417 0029 01       		.byte	0x1
 2418 002a 1D       		.byte	0x1d
 2419 002b 2F000000 		.4byte	0x2f
 2420 002f 02       		.uleb128 0x2
 2421 0030 01       		.byte	0x1
 2422 0031 08       		.byte	0x8
 2423 0032 74000000 		.4byte	.LASF1
 2424 0036 02       		.uleb128 0x2
 2425 0037 02       		.byte	0x2
 2426 0038 05       		.byte	0x5
 2427 0039 BD010000 		.4byte	.LASF2
 2428 003d 02       		.uleb128 0x2
 2429 003e 02       		.byte	0x2
 2430 003f 07       		.byte	0x7
 2431 0040 22010000 		.4byte	.LASF3
 2432 0044 02       		.uleb128 0x2
 2433 0045 04       		.byte	0x4
 2434 0046 05       		.byte	0x5
 2435 0047 C7010000 		.4byte	.LASF4
 2436 004b 02       		.uleb128 0x2
 2437 004c 04       		.byte	0x4
 2438 004d 07       		.byte	0x7
 2439 004e 10010000 		.4byte	.LASF5
 2440 0052 02       		.uleb128 0x2
 2441 0053 08       		.byte	0x8
 2442 0054 05       		.byte	0x5
 2443 0055 AF010000 		.4byte	.LASF6
 2444 0059 02       		.uleb128 0x2
 2445 005a 08       		.byte	0x8
 2446 005b 07       		.byte	0x7
 2447 005c 64010000 		.4byte	.LASF7
ARM GAS  C:\Users\au576633\AppData\Local\Temp\cck8fgRm.s 			page 44


 2448 0060 04       		.uleb128 0x4
 2449 0061 04       		.byte	0x4
 2450 0062 05       		.byte	0x5
 2451 0063 696E7400 		.ascii	"int\000"
 2452 0067 02       		.uleb128 0x2
 2453 0068 04       		.byte	0x4
 2454 0069 07       		.byte	0x7
 2455 006a 57010000 		.4byte	.LASF8
 2456 006e 03       		.uleb128 0x3
 2457 006f 7B010000 		.4byte	.LASF10
 2458 0073 02       		.byte	0x2
 2459 0074 18       		.byte	0x18
 2460 0075 24000000 		.4byte	0x24
 2461 0079 05       		.uleb128 0x5
 2462 007a 91000000 		.4byte	0x91
 2463 007e 8A000000 		.4byte	0x8a
 2464 0082 06       		.uleb128 0x6
 2465 0083 8A000000 		.4byte	0x8a
 2466 0087 1309     		.2byte	0x913
 2467 0089 00       		.byte	0
 2468 008a 02       		.uleb128 0x2
 2469 008b 04       		.byte	0x4
 2470 008c 07       		.byte	0x7
 2471 008d A6010000 		.4byte	.LASF11
 2472 0091 07       		.uleb128 0x7
 2473 0092 6E000000 		.4byte	0x6e
 2474 0096 08       		.uleb128 0x8
 2475 0097 45010000 		.4byte	.LASF12
 2476 009b 03       		.byte	0x3
 2477 009c 1F       		.byte	0x1f
 2478 009d A7000000 		.4byte	0xa7
 2479 00a1 05       		.uleb128 0x5
 2480 00a2 03       		.byte	0x3
 2481 00a3 00000000 		.4byte	cy_meta_configecc
 2482 00a7 07       		.uleb128 0x7
 2483 00a8 79000000 		.4byte	0x79
 2484 00ac 05       		.uleb128 0x5
 2485 00ad 91000000 		.4byte	0x91
 2486 00b1 BC000000 		.4byte	0xbc
 2487 00b5 09       		.uleb128 0x9
 2488 00b6 8A000000 		.4byte	0x8a
 2489 00ba 03       		.byte	0x3
 2490 00bb 00       		.byte	0
 2491 00bc 0A       		.uleb128 0xa
 2492 00bd 35010000 		.4byte	.LASF13
 2493 00c1 03       		.byte	0x3
 2494 00c2 4F01     		.2byte	0x14f
 2495 00c4 CE000000 		.4byte	0xce
 2496 00c8 05       		.uleb128 0x5
 2497 00c9 03       		.byte	0x3
 2498 00ca 00000000 		.4byte	cy_meta_custnvl
 2499 00ce 07       		.uleb128 0x7
 2500 00cf AC000000 		.4byte	0xac
 2501 00d3 0A       		.uleb128 0xa
 2502 00d4 98010000 		.4byte	.LASF14
 2503 00d8 03       		.byte	0x3
 2504 00d9 5D01     		.2byte	0x15d
ARM GAS  C:\Users\au576633\AppData\Local\Temp\cck8fgRm.s 			page 45


 2505 00db E5000000 		.4byte	0xe5
 2506 00df 05       		.uleb128 0x5
 2507 00e0 03       		.byte	0x3
 2508 00e1 00000000 		.4byte	cy_meta_wonvl
 2509 00e5 07       		.uleb128 0x7
 2510 00e6 AC000000 		.4byte	0xac
 2511 00ea 05       		.uleb128 0x5
 2512 00eb 91000000 		.4byte	0x91
 2513 00ef FA000000 		.4byte	0xfa
 2514 00f3 09       		.uleb128 0x9
 2515 00f4 8A000000 		.4byte	0x8a
 2516 00f8 FF       		.byte	0xff
 2517 00f9 00       		.byte	0
 2518 00fa 0A       		.uleb128 0xa
 2519 00fb 83010000 		.4byte	.LASF15
 2520 00ff 03       		.byte	0x3
 2521 0100 6B01     		.2byte	0x16b
 2522 0102 0C010000 		.4byte	0x10c
 2523 0106 05       		.uleb128 0x5
 2524 0107 03       		.byte	0x3
 2525 0108 00000000 		.4byte	cy_meta_flashprotect
 2526 010c 07       		.uleb128 0x7
 2527 010d EA000000 		.4byte	0xea
 2528 0111 05       		.uleb128 0x5
 2529 0112 91000000 		.4byte	0x91
 2530 0116 21010000 		.4byte	0x121
 2531 011a 09       		.uleb128 0x9
 2532 011b 8A000000 		.4byte	0x8a
 2533 011f 0B       		.byte	0xb
 2534 0120 00       		.byte	0
 2535 0121 0A       		.uleb128 0xa
 2536 0122 68000000 		.4byte	.LASF16
 2537 0126 03       		.byte	0x3
 2538 0127 9801     		.2byte	0x198
 2539 0129 33010000 		.4byte	0x133
 2540 012d 05       		.uleb128 0x5
 2541 012e 03       		.byte	0x3
 2542 012f 00000000 		.4byte	cy_metadata
 2543 0133 07       		.uleb128 0x7
 2544 0134 11010000 		.4byte	0x111
 2545 0138 00       		.byte	0
 2546              		.section	.debug_abbrev,"",%progbits
 2547              	.Ldebug_abbrev0:
 2548 0000 01       		.uleb128 0x1
 2549 0001 11       		.uleb128 0x11
 2550 0002 01       		.byte	0x1
 2551 0003 25       		.uleb128 0x25
 2552 0004 0E       		.uleb128 0xe
 2553 0005 13       		.uleb128 0x13
 2554 0006 0B       		.uleb128 0xb
 2555 0007 03       		.uleb128 0x3
 2556 0008 0E       		.uleb128 0xe
 2557 0009 1B       		.uleb128 0x1b
 2558 000a 0E       		.uleb128 0xe
 2559 000b 10       		.uleb128 0x10
 2560 000c 17       		.uleb128 0x17
 2561 000d 00       		.byte	0
ARM GAS  C:\Users\au576633\AppData\Local\Temp\cck8fgRm.s 			page 46


 2562 000e 00       		.byte	0
 2563 000f 02       		.uleb128 0x2
 2564 0010 24       		.uleb128 0x24
 2565 0011 00       		.byte	0
 2566 0012 0B       		.uleb128 0xb
 2567 0013 0B       		.uleb128 0xb
 2568 0014 3E       		.uleb128 0x3e
 2569 0015 0B       		.uleb128 0xb
 2570 0016 03       		.uleb128 0x3
 2571 0017 0E       		.uleb128 0xe
 2572 0018 00       		.byte	0
 2573 0019 00       		.byte	0
 2574 001a 03       		.uleb128 0x3
 2575 001b 16       		.uleb128 0x16
 2576 001c 00       		.byte	0
 2577 001d 03       		.uleb128 0x3
 2578 001e 0E       		.uleb128 0xe
 2579 001f 3A       		.uleb128 0x3a
 2580 0020 0B       		.uleb128 0xb
 2581 0021 3B       		.uleb128 0x3b
 2582 0022 0B       		.uleb128 0xb
 2583 0023 49       		.uleb128 0x49
 2584 0024 13       		.uleb128 0x13
 2585 0025 00       		.byte	0
 2586 0026 00       		.byte	0
 2587 0027 04       		.uleb128 0x4
 2588 0028 24       		.uleb128 0x24
 2589 0029 00       		.byte	0
 2590 002a 0B       		.uleb128 0xb
 2591 002b 0B       		.uleb128 0xb
 2592 002c 3E       		.uleb128 0x3e
 2593 002d 0B       		.uleb128 0xb
 2594 002e 03       		.uleb128 0x3
 2595 002f 08       		.uleb128 0x8
 2596 0030 00       		.byte	0
 2597 0031 00       		.byte	0
 2598 0032 05       		.uleb128 0x5
 2599 0033 01       		.uleb128 0x1
 2600 0034 01       		.byte	0x1
 2601 0035 49       		.uleb128 0x49
 2602 0036 13       		.uleb128 0x13
 2603 0037 01       		.uleb128 0x1
 2604 0038 13       		.uleb128 0x13
 2605 0039 00       		.byte	0
 2606 003a 00       		.byte	0
 2607 003b 06       		.uleb128 0x6
 2608 003c 21       		.uleb128 0x21
 2609 003d 00       		.byte	0
 2610 003e 49       		.uleb128 0x49
 2611 003f 13       		.uleb128 0x13
 2612 0040 2F       		.uleb128 0x2f
 2613 0041 05       		.uleb128 0x5
 2614 0042 00       		.byte	0
 2615 0043 00       		.byte	0
 2616 0044 07       		.uleb128 0x7
 2617 0045 26       		.uleb128 0x26
 2618 0046 00       		.byte	0
ARM GAS  C:\Users\au576633\AppData\Local\Temp\cck8fgRm.s 			page 47


 2619 0047 49       		.uleb128 0x49
 2620 0048 13       		.uleb128 0x13
 2621 0049 00       		.byte	0
 2622 004a 00       		.byte	0
 2623 004b 08       		.uleb128 0x8
 2624 004c 34       		.uleb128 0x34
 2625 004d 00       		.byte	0
 2626 004e 03       		.uleb128 0x3
 2627 004f 0E       		.uleb128 0xe
 2628 0050 3A       		.uleb128 0x3a
 2629 0051 0B       		.uleb128 0xb
 2630 0052 3B       		.uleb128 0x3b
 2631 0053 0B       		.uleb128 0xb
 2632 0054 49       		.uleb128 0x49
 2633 0055 13       		.uleb128 0x13
 2634 0056 3F       		.uleb128 0x3f
 2635 0057 19       		.uleb128 0x19
 2636 0058 02       		.uleb128 0x2
 2637 0059 18       		.uleb128 0x18
 2638 005a 00       		.byte	0
 2639 005b 00       		.byte	0
 2640 005c 09       		.uleb128 0x9
 2641 005d 21       		.uleb128 0x21
 2642 005e 00       		.byte	0
 2643 005f 49       		.uleb128 0x49
 2644 0060 13       		.uleb128 0x13
 2645 0061 2F       		.uleb128 0x2f
 2646 0062 0B       		.uleb128 0xb
 2647 0063 00       		.byte	0
 2648 0064 00       		.byte	0
 2649 0065 0A       		.uleb128 0xa
 2650 0066 34       		.uleb128 0x34
 2651 0067 00       		.byte	0
 2652 0068 03       		.uleb128 0x3
 2653 0069 0E       		.uleb128 0xe
 2654 006a 3A       		.uleb128 0x3a
 2655 006b 0B       		.uleb128 0xb
 2656 006c 3B       		.uleb128 0x3b
 2657 006d 05       		.uleb128 0x5
 2658 006e 49       		.uleb128 0x49
 2659 006f 13       		.uleb128 0x13
 2660 0070 3F       		.uleb128 0x3f
 2661 0071 19       		.uleb128 0x19
 2662 0072 02       		.uleb128 0x2
 2663 0073 18       		.uleb128 0x18
 2664 0074 00       		.byte	0
 2665 0075 00       		.byte	0
 2666 0076 00       		.byte	0
 2667              		.section	.debug_aranges,"",%progbits
 2668 0000 14000000 		.4byte	0x14
 2669 0004 0200     		.2byte	0x2
 2670 0006 00000000 		.4byte	.Ldebug_info0
 2671 000a 04       		.byte	0x4
 2672 000b 00       		.byte	0
 2673 000c 0000     		.2byte	0
 2674 000e 0000     		.2byte	0
 2675 0010 00000000 		.4byte	0
ARM GAS  C:\Users\au576633\AppData\Local\Temp\cck8fgRm.s 			page 48


 2676 0014 00000000 		.4byte	0
 2677              		.section	.debug_line,"",%progbits
 2678              	.Ldebug_line0:
 2679 0000 3D010000 		.section	.debug_str,"MS",%progbits,1
 2679      02003701 
 2679      00000201 
 2679      FB0E0D00 
 2679      01010101 
 2680              	.LASF9:
 2681 0000 5F5F7569 		.ascii	"__uint8_t\000"
 2681      6E74385F 
 2681      7400
 2682              	.LASF19:
 2683 000a 5C5C766D 		.ascii	"\\\\vmware-host\\Shared Folders\\Documents\\BallDis"
 2683      77617265 
 2683      2D686F73 
 2683      745C5368 
 2683      61726564 
 2684 0038 70417070 		.ascii	"pApp\\Workspace12\\Bolddispenser_CoinMaster.cydsn\000"
 2684      5C576F72 
 2684      6B737061 
 2684      63653132 
 2684      5C426F6C 
 2685              	.LASF16:
 2686 0068 63795F6D 		.ascii	"cy_metadata\000"
 2686      65746164 
 2686      61746100 
 2687              	.LASF1:
 2688 0074 756E7369 		.ascii	"unsigned char\000"
 2688      676E6564 
 2688      20636861 
 2688      7200
 2689              	.LASF17:
 2690 0082 474E5520 		.ascii	"GNU C11 5.4.1 20160609 (release) [ARM/embedded-5-br"
 2690      43313120 
 2690      352E342E 
 2690      31203230 
 2690      31363036 
 2691 00b5 616E6368 		.ascii	"anch revision 237715] -mcpu=cortex-m3 -mthumb -g -O"
 2691      20726576 
 2691      6973696F 
 2691      6E203233 
 2691      37373135 
 2692 00e8 67202D66 		.ascii	"g -ffunction-sections -ffat-lto-objects\000"
 2692      66756E63 
 2692      74696F6E 
 2692      2D736563 
 2692      74696F6E 
 2693              	.LASF5:
 2694 0110 6C6F6E67 		.ascii	"long unsigned int\000"
 2694      20756E73 
 2694      69676E65 
 2694      6420696E 
 2694      7400
 2695              	.LASF3:
 2696 0122 73686F72 		.ascii	"short unsigned int\000"
 2696      7420756E 
ARM GAS  C:\Users\au576633\AppData\Local\Temp\cck8fgRm.s 			page 49


 2696      7369676E 
 2696      65642069 
 2696      6E7400
 2697              	.LASF13:
 2698 0135 63795F6D 		.ascii	"cy_meta_custnvl\000"
 2698      6574615F 
 2698      63757374 
 2698      6E766C00 
 2699              	.LASF12:
 2700 0145 63795F6D 		.ascii	"cy_meta_configecc\000"
 2700      6574615F 
 2700      636F6E66 
 2700      69676563 
 2700      6300
 2701              	.LASF8:
 2702 0157 756E7369 		.ascii	"unsigned int\000"
 2702      676E6564 
 2702      20696E74 
 2702      00
 2703              	.LASF7:
 2704 0164 6C6F6E67 		.ascii	"long long unsigned int\000"
 2704      206C6F6E 
 2704      6720756E 
 2704      7369676E 
 2704      65642069 
 2705              	.LASF10:
 2706 017b 75696E74 		.ascii	"uint8_t\000"
 2706      385F7400 
 2707              	.LASF15:
 2708 0183 63795F6D 		.ascii	"cy_meta_flashprotect\000"
 2708      6574615F 
 2708      666C6173 
 2708      6870726F 
 2708      74656374 
 2709              	.LASF14:
 2710 0198 63795F6D 		.ascii	"cy_meta_wonvl\000"
 2710      6574615F 
 2710      776F6E76 
 2710      6C00
 2711              	.LASF11:
 2712 01a6 73697A65 		.ascii	"sizetype\000"
 2712      74797065 
 2712      00
 2713              	.LASF6:
 2714 01af 6C6F6E67 		.ascii	"long long int\000"
 2714      206C6F6E 
 2714      6720696E 
 2714      7400
 2715              	.LASF2:
 2716 01bd 73686F72 		.ascii	"short int\000"
 2716      7420696E 
 2716      7400
 2717              	.LASF4:
 2718 01c7 6C6F6E67 		.ascii	"long int\000"
 2718      20696E74 
 2718      00
 2719              	.LASF0:
ARM GAS  C:\Users\au576633\AppData\Local\Temp\cck8fgRm.s 			page 50


 2720 01d0 7369676E 		.ascii	"signed char\000"
 2720      65642063 
 2720      68617200 
 2721              	.LASF18:
 2722 01dc 47656E65 		.ascii	"Generated_Source\\PSoC5\\cymetadata.c\000"
 2722      72617465 
 2722      645F536F 
 2722      75726365 
 2722      5C50536F 
 2723              		.ident	"GCC: (GNU Tools for ARM Embedded Processors) 5.4.1 20160609 (release) [ARM/embedded-5-bran
