ARM GAS  C:\Users\au576633\AppData\Local\Temp\cc8qfDKJ.s 			page 1


   1              		.syntax unified
   2              		.cpu cortex-m3
   3              		.fpu softvfp
   4              		.eabi_attribute 20, 1
   5              		.eabi_attribute 21, 1
   6              		.eabi_attribute 23, 3
   7              		.eabi_attribute 24, 1
   8              		.eabi_attribute 25, 1
   9              		.eabi_attribute 26, 1
  10              		.eabi_attribute 30, 1
  11              		.eabi_attribute 34, 1
  12              		.eabi_attribute 18, 4
  13              		.thumb
  14              		.syntax unified
  15              		.file	"RPi_IF.c"
  16              		.text
  17              	.Ltext0:
  18              		.cfi_sections	.debug_frame
  19              		.section	.text.resetReadBuffer,"ax",%progbits
  20              		.align	2
  21              		.global	resetReadBuffer
  22              		.thumb
  23              		.thumb_func
  24              		.type	resetReadBuffer, %function
  25              	resetReadBuffer:
  26              	.LFB65:
  27              		.file 1 "RPi_IF.c"
   1:RPi_IF.c      **** #include "RPi_IF.h"
   2:RPi_IF.c      **** 
   3:RPi_IF.c      **** #define DISPENSE_OFF 0x15
   4:RPi_IF.c      **** #define DISPENSE_ON 0x14
   5:RPi_IF.c      **** #define COIN_DETECTED 0x1E
   6:RPi_IF.c      **** #define DISPENSER_EMPTY 0x1F
   7:RPi_IF.c      **** #define DISPENSER_NOT_EMPTY 0x20
   8:RPi_IF.c      **** 
   9:RPi_IF.c      **** int n;
  10:RPi_IF.c      **** 
  11:RPi_IF.c      **** 
  12:RPi_IF.c      **** 
  13:RPi_IF.c      **** uint8_t readBuffer[256];
  14:RPi_IF.c      **** uint8_t writeBuffer[256];
  15:RPi_IF.c      **** 
  16:RPi_IF.c      **** 
  17:RPi_IF.c      **** /*******************************************************************************
  18:RPi_IF.c      **** * Function Name: RPI_IF_init
  19:RPi_IF.c      **** ********************************************************************************
  20:RPi_IF.c      **** *
  21:RPi_IF.c      **** * Summary:    This function initialises the I2C communication between the PSoC
  22:RPi_IF.c      ****               and the GameController
  23:RPi_IF.c      **** *
  24:RPi_IF.c      **** * Parameters:
  25:RPi_IF.c      **** *  None.
  26:RPi_IF.c      **** *
  27:RPi_IF.c      **** * Return:
  28:RPi_IF.c      **** *  None.
  29:RPi_IF.c      **** *
  30:RPi_IF.c      **** *******************************************************************************/
ARM GAS  C:\Users\au576633\AppData\Local\Temp\cc8qfDKJ.s 			page 2


  31:RPi_IF.c      **** void RPI_IF_init()
  32:RPi_IF.c      **** {
  33:RPi_IF.c      ****     I2C_Start();
  34:RPi_IF.c      ****     I2C_EnableInt();
  35:RPi_IF.c      ****     
  36:RPi_IF.c      ****     I2C_SlaveInitReadBuf((uint8_t*)readBuffer,255);
  37:RPi_IF.c      ****     I2C_SlaveInitWriteBuf((uint8_t*)writeBuffer,255);
  38:RPi_IF.c      ****     
  39:RPi_IF.c      ****     resetReadBuffer();
  40:RPi_IF.c      **** 
  41:RPi_IF.c      **** }
  42:RPi_IF.c      **** 
  43:RPi_IF.c      **** 
  44:RPi_IF.c      **** 
  45:RPi_IF.c      **** /*******************************************************************************
  46:RPi_IF.c      **** * Function Name: resetReadBuffer
  47:RPi_IF.c      **** ********************************************************************************
  48:RPi_IF.c      **** *
  49:RPi_IF.c      **** * Summary:    This function clears the I2C readbuffer during initialisation
  50:RPi_IF.c      **** *
  51:RPi_IF.c      **** * Parameters:
  52:RPi_IF.c      **** *  None.
  53:RPi_IF.c      **** *
  54:RPi_IF.c      **** * Return:
  55:RPi_IF.c      **** *  None.
  56:RPi_IF.c      **** *
  57:RPi_IF.c      **** *******************************************************************************/
  58:RPi_IF.c      **** void resetReadBuffer()
  59:RPi_IF.c      **** {
  28              		.loc 1 59 0
  29              		.cfi_startproc
  30              		@ args = 0, pretend = 0, frame = 0
  31              		@ frame_needed = 0, uses_anonymous_args = 0
  32              		@ link register save eliminated.
  33              	.LVL0:
  34              	.LBB2:
  60:RPi_IF.c      ****     for(int i = 0; i < 255; i++)
  35              		.loc 1 60 0
  36 0000 0023     		movs	r3, #0
  37 0002 03E0     		b	.L2
  38              	.LVL1:
  39              	.L3:
  61:RPi_IF.c      ****     {
  62:RPi_IF.c      ****         readBuffer[i] = 0xFF;
  40              		.loc 1 62 0 discriminator 3
  41 0004 FF21     		movs	r1, #255
  42 0006 034A     		ldr	r2, .L4
  43 0008 D154     		strb	r1, [r2, r3]
  60:RPi_IF.c      ****     for(int i = 0; i < 255; i++)
  44              		.loc 1 60 0 discriminator 3
  45 000a 0133     		adds	r3, r3, #1
  46              	.LVL2:
  47              	.L2:
  60:RPi_IF.c      ****     for(int i = 0; i < 255; i++)
  48              		.loc 1 60 0 is_stmt 0 discriminator 1
  49 000c FE2B     		cmp	r3, #254
  50 000e F9DD     		ble	.L3
ARM GAS  C:\Users\au576633\AppData\Local\Temp\cc8qfDKJ.s 			page 3


  51              	.LBE2:
  63:RPi_IF.c      ****     }
  64:RPi_IF.c      ****  
  65:RPi_IF.c      **** }
  52              		.loc 1 65 0 is_stmt 1
  53 0010 7047     		bx	lr
  54              	.L5:
  55 0012 00BF     		.align	2
  56              	.L4:
  57 0014 00000000 		.word	readBuffer
  58              		.cfi_endproc
  59              	.LFE65:
  60              		.size	resetReadBuffer, .-resetReadBuffer
  61              		.section	.text.RPI_IF_init,"ax",%progbits
  62              		.align	2
  63              		.global	RPI_IF_init
  64              		.thumb
  65              		.thumb_func
  66              		.type	RPI_IF_init, %function
  67              	RPI_IF_init:
  68              	.LFB64:
  32:RPi_IF.c      ****     I2C_Start();
  69              		.loc 1 32 0
  70              		.cfi_startproc
  71              		@ args = 0, pretend = 0, frame = 0
  72              		@ frame_needed = 0, uses_anonymous_args = 0
  73 0000 08B5     		push	{r3, lr}
  74              		.cfi_def_cfa_offset 8
  75              		.cfi_offset 3, -8
  76              		.cfi_offset 14, -4
  33:RPi_IF.c      ****     I2C_EnableInt();
  77              		.loc 1 33 0
  78 0002 FFF7FEFF 		bl	I2C_Start
  79              	.LVL3:
  34:RPi_IF.c      ****     
  80              		.loc 1 34 0
  81 0006 0122     		movs	r2, #1
  82 0008 064B     		ldr	r3, .L8
  83 000a 1A60     		str	r2, [r3]
  36:RPi_IF.c      ****     I2C_SlaveInitWriteBuf((uint8_t*)writeBuffer,255);
  84              		.loc 1 36 0
  85 000c FF21     		movs	r1, #255
  86 000e 0648     		ldr	r0, .L8+4
  87 0010 FFF7FEFF 		bl	I2C_SlaveInitReadBuf
  88              	.LVL4:
  37:RPi_IF.c      ****     
  89              		.loc 1 37 0
  90 0014 FF21     		movs	r1, #255
  91 0016 0548     		ldr	r0, .L8+8
  92 0018 FFF7FEFF 		bl	I2C_SlaveInitWriteBuf
  93              	.LVL5:
  39:RPi_IF.c      **** 
  94              		.loc 1 39 0
  95 001c FFF7FEFF 		bl	resetReadBuffer
  96              	.LVL6:
  97 0020 08BD     		pop	{r3, pc}
  98              	.L9:
ARM GAS  C:\Users\au576633\AppData\Local\Temp\cc8qfDKJ.s 			page 4


  99 0022 00BF     		.align	2
 100              	.L8:
 101 0024 00E100E0 		.word	-536813312
 102 0028 00000000 		.word	readBuffer
 103 002c 00000000 		.word	writeBuffer
 104              		.cfi_endproc
 105              	.LFE64:
 106              		.size	RPI_IF_init, .-RPI_IF_init
 107              		.section	.text.SendToRPi,"ax",%progbits
 108              		.align	2
 109              		.global	SendToRPi
 110              		.thumb
 111              		.thumb_func
 112              		.type	SendToRPi, %function
 113              	SendToRPi:
 114              	.LFB68:
  66:RPi_IF.c      **** 
  67:RPi_IF.c      **** 
  68:RPi_IF.c      **** 
  69:RPi_IF.c      **** void coinInserted()
  70:RPi_IF.c      **** {
  71:RPi_IF.c      ****     handleCoinDetection();
  72:RPi_IF.c      ****     if(countBalls() <= 2)
  73:RPi_IF.c      ****         {
  74:RPi_IF.c      ****             disableDispenser();
  75:RPi_IF.c      ****             dispenserStatus();
  76:RPi_IF.c      ****         }
  77:RPi_IF.c      ****     SendToRPi(COIN_DETECTED); 
  78:RPi_IF.c      ****     DispenseBalls();
  79:RPi_IF.c      ****     isr_detection_Enable();
  80:RPi_IF.c      ****     isr_detection_ClearPending();
  81:RPi_IF.c      **** }
  82:RPi_IF.c      **** 
  83:RPi_IF.c      **** void dispenserStatus()
  84:RPi_IF.c      **** {
  85:RPi_IF.c      ****     if(countBalls() == 4)
  86:RPi_IF.c      ****     {
  87:RPi_IF.c      ****         SendToRPi(DISPENSER_NOT_EMPTY);
  88:RPi_IF.c      ****     }
  89:RPi_IF.c      ****     else if(countBalls() < 2)
  90:RPi_IF.c      ****     {
  91:RPi_IF.c      ****         SendToRPi(DISPENSER_EMPTY);
  92:RPi_IF.c      ****     }
  93:RPi_IF.c      **** }
  94:RPi_IF.c      **** 
  95:RPi_IF.c      **** 
  96:RPi_IF.c      **** void SendToRPi(uint8_t message)
  97:RPi_IF.c      **** {
 115              		.loc 1 97 0
 116              		.cfi_startproc
 117              		@ args = 0, pretend = 0, frame = 0
 118              		@ frame_needed = 0, uses_anonymous_args = 0
 119              	.LVL7:
 120 0000 10B5     		push	{r4, lr}
 121              		.cfi_def_cfa_offset 8
 122              		.cfi_offset 4, -8
 123              		.cfi_offset 14, -4
ARM GAS  C:\Users\au576633\AppData\Local\Temp\cc8qfDKJ.s 			page 5


 124 0002 0446     		mov	r4, r0
  98:RPi_IF.c      ****     resetReadBuffer();
 125              		.loc 1 98 0
 126 0004 FFF7FEFF 		bl	resetReadBuffer
 127              	.LVL8:
  99:RPi_IF.c      ****     readBuffer[0] = message;
 128              		.loc 1 99 0
 129 0008 084B     		ldr	r3, .L12
 130 000a 1C70     		strb	r4, [r3]
 100:RPi_IF.c      ****     I2C_SlaveClearReadBuf();
 131              		.loc 1 100 0
 132 000c FFF7FEFF 		bl	I2C_SlaveClearReadBuf
 133              	.LVL9:
 101:RPi_IF.c      ****     CyDelay(1);
 134              		.loc 1 101 0
 135 0010 0120     		movs	r0, #1
 136 0012 FFF7FEFF 		bl	CyDelay
 137              	.LVL10:
 102:RPi_IF.c      ****     Interrupt_Write(0);
 138              		.loc 1 102 0
 139 0016 0020     		movs	r0, #0
 140 0018 FFF7FEFF 		bl	Interrupt_Write
 141              	.LVL11:
 103:RPi_IF.c      ****     CyDelay(15);
 142              		.loc 1 103 0
 143 001c 0F20     		movs	r0, #15
 144 001e FFF7FEFF 		bl	CyDelay
 145              	.LVL12:
 104:RPi_IF.c      ****     Interrupt_Write(1);
 146              		.loc 1 104 0
 147 0022 0120     		movs	r0, #1
 148 0024 FFF7FEFF 		bl	Interrupt_Write
 149              	.LVL13:
 150 0028 10BD     		pop	{r4, pc}
 151              	.L13:
 152 002a 00BF     		.align	2
 153              	.L12:
 154 002c 00000000 		.word	readBuffer
 155              		.cfi_endproc
 156              	.LFE68:
 157              		.size	SendToRPi, .-SendToRPi
 158              		.section	.text.dispenserStatus,"ax",%progbits
 159              		.align	2
 160              		.global	dispenserStatus
 161              		.thumb
 162              		.thumb_func
 163              		.type	dispenserStatus, %function
 164              	dispenserStatus:
 165              	.LFB67:
  84:RPi_IF.c      ****     if(countBalls() == 4)
 166              		.loc 1 84 0
 167              		.cfi_startproc
 168              		@ args = 0, pretend = 0, frame = 0
 169              		@ frame_needed = 0, uses_anonymous_args = 0
 170 0000 08B5     		push	{r3, lr}
 171              		.cfi_def_cfa_offset 8
 172              		.cfi_offset 3, -8
ARM GAS  C:\Users\au576633\AppData\Local\Temp\cc8qfDKJ.s 			page 6


 173              		.cfi_offset 14, -4
  85:RPi_IF.c      ****     {
 174              		.loc 1 85 0
 175 0002 FFF7FEFF 		bl	countBalls
 176              	.LVL14:
 177 0006 0428     		cmp	r0, #4
 178 0008 03D1     		bne	.L15
  87:RPi_IF.c      ****     }
 179              		.loc 1 87 0
 180 000a 2020     		movs	r0, #32
 181 000c FFF7FEFF 		bl	SendToRPi
 182              	.LVL15:
 183 0010 08BD     		pop	{r3, pc}
 184              	.L15:
  89:RPi_IF.c      ****     {
 185              		.loc 1 89 0
 186 0012 FFF7FEFF 		bl	countBalls
 187              	.LVL16:
 188 0016 0128     		cmp	r0, #1
 189 0018 02DC     		bgt	.L14
  91:RPi_IF.c      ****     }
 190              		.loc 1 91 0
 191 001a 1F20     		movs	r0, #31
 192 001c FFF7FEFF 		bl	SendToRPi
 193              	.LVL17:
 194              	.L14:
 195 0020 08BD     		pop	{r3, pc}
 196              		.cfi_endproc
 197              	.LFE67:
 198              		.size	dispenserStatus, .-dispenserStatus
 199 0022 00BF     		.section	.text.coinInserted,"ax",%progbits
 200              		.align	2
 201              		.global	coinInserted
 202              		.thumb
 203              		.thumb_func
 204              		.type	coinInserted, %function
 205              	coinInserted:
 206              	.LFB66:
  70:RPi_IF.c      ****     handleCoinDetection();
 207              		.loc 1 70 0
 208              		.cfi_startproc
 209              		@ args = 0, pretend = 0, frame = 0
 210              		@ frame_needed = 0, uses_anonymous_args = 0
 211 0000 08B5     		push	{r3, lr}
 212              		.cfi_def_cfa_offset 8
 213              		.cfi_offset 3, -8
 214              		.cfi_offset 14, -4
  71:RPi_IF.c      ****     if(countBalls() <= 2)
 215              		.loc 1 71 0
 216 0002 FFF7FEFF 		bl	handleCoinDetection
 217              	.LVL18:
  72:RPi_IF.c      ****         {
 218              		.loc 1 72 0
 219 0006 FFF7FEFF 		bl	countBalls
 220              	.LVL19:
 221 000a 0228     		cmp	r0, #2
 222 000c 03DC     		bgt	.L19
ARM GAS  C:\Users\au576633\AppData\Local\Temp\cc8qfDKJ.s 			page 7


  74:RPi_IF.c      ****             dispenserStatus();
 223              		.loc 1 74 0
 224 000e FFF7FEFF 		bl	disableDispenser
 225              	.LVL20:
  75:RPi_IF.c      ****         }
 226              		.loc 1 75 0
 227 0012 FFF7FEFF 		bl	dispenserStatus
 228              	.LVL21:
 229              	.L19:
  77:RPi_IF.c      ****     DispenseBalls();
 230              		.loc 1 77 0
 231 0016 1E20     		movs	r0, #30
 232 0018 FFF7FEFF 		bl	SendToRPi
 233              	.LVL22:
  78:RPi_IF.c      ****     isr_detection_Enable();
 234              		.loc 1 78 0
 235 001c FFF7FEFF 		bl	DispenseBalls
 236              	.LVL23:
  79:RPi_IF.c      ****     isr_detection_ClearPending();
 237              		.loc 1 79 0
 238 0020 FFF7FEFF 		bl	isr_detection_Enable
 239              	.LVL24:
  80:RPi_IF.c      **** }
 240              		.loc 1 80 0
 241 0024 FFF7FEFF 		bl	isr_detection_ClearPending
 242              	.LVL25:
 243 0028 08BD     		pop	{r3, pc}
 244              		.cfi_endproc
 245              	.LFE66:
 246              		.size	coinInserted, .-coinInserted
 247 002a 00BF     		.section	.text.RPi_IF_handleData,"ax",%progbits
 248              		.align	2
 249              		.global	RPi_IF_handleData
 250              		.thumb
 251              		.thumb_func
 252              		.type	RPi_IF_handleData, %function
 253              	RPi_IF_handleData:
 254              	.LFB69:
 105:RPi_IF.c      **** }
 106:RPi_IF.c      **** 
 107:RPi_IF.c      **** 
 108:RPi_IF.c      **** 
 109:RPi_IF.c      **** /*******************************************************************************
 110:RPi_IF.c      **** * Function Name: RPi_IF_handleData
 111:RPi_IF.c      **** ********************************************************************************
 112:RPi_IF.c      **** *
 113:RPi_IF.c      **** * Summary:    This function reads the write buffer and calls the correct 
 114:RPi_IF.c      ****               function depending on the contents of the buffer
 115:RPi_IF.c      **** *
 116:RPi_IF.c      **** * Parameters:
 117:RPi_IF.c      **** *  None.
 118:RPi_IF.c      **** *
 119:RPi_IF.c      **** * Return:
 120:RPi_IF.c      **** *  None.
 121:RPi_IF.c      **** *
 122:RPi_IF.c      **** *******************************************************************************/
 123:RPi_IF.c      **** void RPi_IF_handleData()
ARM GAS  C:\Users\au576633\AppData\Local\Temp\cc8qfDKJ.s 			page 8


 124:RPi_IF.c      **** {
 255              		.loc 1 124 0
 256              		.cfi_startproc
 257              		@ args = 0, pretend = 0, frame = 0
 258              		@ frame_needed = 0, uses_anonymous_args = 0
 259 0000 38B5     		push	{r3, r4, r5, lr}
 260              		.cfi_def_cfa_offset 16
 261              		.cfi_offset 3, -16
 262              		.cfi_offset 4, -12
 263              		.cfi_offset 5, -8
 264              		.cfi_offset 14, -4
 125:RPi_IF.c      ****     if(I2C_SlaveClearWriteStatus() & I2C_SSTAT_WR_CMPLT)
 265              		.loc 1 125 0
 266 0002 FFF7FEFF 		bl	I2C_SlaveClearWriteStatus
 267              	.LVL26:
 268 0006 10F0100F 		tst	r0, #16
 269 000a 19D0     		beq	.L21
 270              	.LBB3:
 126:RPi_IF.c      ****     {
 127:RPi_IF.c      ****         
 128:RPi_IF.c      ****         int writeSize = I2C_SlaveGetWriteBufSize();
 271              		.loc 1 128 0
 272 000c FFF7FEFF 		bl	I2C_SlaveGetWriteBufSize
 273              	.LVL27:
 274 0010 0546     		mov	r5, r0
 275              	.LVL28:
 276              	.LBB4:
 129:RPi_IF.c      ****         for(int i = 0; i < writeSize; i++)
 277              		.loc 1 129 0
 278 0012 0024     		movs	r4, #0
 279 0014 12E0     		b	.L23
 280              	.LVL29:
 281              	.L27:
 130:RPi_IF.c      ****         {
 131:RPi_IF.c      ****             switch (writeBuffer[i])
 282              		.loc 1 131 0
 283 0016 0B4B     		ldr	r3, .L29
 284 0018 1B5D     		ldrb	r3, [r3, r4]	@ zero_extendqisi2
 285 001a 142B     		cmp	r3, #20
 286 001c 02D0     		beq	.L25
 287 001e 152B     		cmp	r3, #21
 288 0020 06D0     		beq	.L26
 289 0022 0AE0     		b	.L24
 290              	.L25:
 132:RPi_IF.c      ****             {
 133:RPi_IF.c      ****                 case DISPENSE_ON:{
 134:RPi_IF.c      ****                     UART_PutString("Enable\r\n");
 291              		.loc 1 134 0
 292 0024 0848     		ldr	r0, .L29+4
 293 0026 FFF7FEFF 		bl	UART_PutString
 294              	.LVL30:
 135:RPi_IF.c      ****                     enableDispenser();
 295              		.loc 1 135 0
 296 002a FFF7FEFF 		bl	enableDispenser
 297              	.LVL31:
 136:RPi_IF.c      ****                     break;}
 298              		.loc 1 136 0
ARM GAS  C:\Users\au576633\AppData\Local\Temp\cc8qfDKJ.s 			page 9


 299 002e 04E0     		b	.L24
 300              	.L26:
 137:RPi_IF.c      ****                 case DISPENSE_OFF:{
 138:RPi_IF.c      ****                     UART_PutString("Disable\r\n");
 301              		.loc 1 138 0
 302 0030 0648     		ldr	r0, .L29+8
 303 0032 FFF7FEFF 		bl	UART_PutString
 304              	.LVL32:
 139:RPi_IF.c      ****                     disableDispenser();
 305              		.loc 1 139 0
 306 0036 FFF7FEFF 		bl	disableDispenser
 307              	.LVL33:
 308              	.L24:
 129:RPi_IF.c      ****         {
 309              		.loc 1 129 0 discriminator 2
 310 003a 0134     		adds	r4, r4, #1
 311              	.LVL34:
 312              	.L23:
 129:RPi_IF.c      ****         {
 313              		.loc 1 129 0 is_stmt 0 discriminator 1
 314 003c AC42     		cmp	r4, r5
 315 003e EADB     		blt	.L27
 316              	.LVL35:
 317              	.L21:
 318 0040 38BD     		pop	{r3, r4, r5, pc}
 319              	.L30:
 320 0042 00BF     		.align	2
 321              	.L29:
 322 0044 00000000 		.word	writeBuffer
 323 0048 00000000 		.word	.LC0
 324 004c 0C000000 		.word	.LC1
 325              	.LBE4:
 326              	.LBE3:
 327              		.cfi_endproc
 328              	.LFE69:
 329              		.size	RPi_IF_handleData, .-RPi_IF_handleData
 330              		.comm	writeBuffer,256,4
 331              		.comm	readBuffer,256,4
 332              		.comm	n,4,4
 333              		.section	.rodata.str1.4,"aMS",%progbits,1
 334              		.align	2
 335              	.LC0:
 336 0000 456E6162 		.ascii	"Enable\015\012\000"
 336      6C650D0A 
 336      00
 337 0009 000000   		.space	3
 338              	.LC1:
 339 000c 44697361 		.ascii	"Disable\015\012\000"
 339      626C650D 
 339      0A00
 340              		.text
 341              	.Letext0:
 342              		.file 2 "c:\\program files (x86)\\cypress\\psoc creator\\4.2\\psoc creator\\import\\gnu\\arm\\5.4.
 343              		.file 3 "c:\\program files (x86)\\cypress\\psoc creator\\4.2\\psoc creator\\import\\gnu\\arm\\5.4.
 344              		.file 4 "Generated_Source\\PSoC5/cytypes.h"
 345              		.file 5 "Generated_Source\\PSoC5/core_cm3.h"
 346              		.file 6 "Generated_Source\\PSoC5/I2C.h"
ARM GAS  C:\Users\au576633\AppData\Local\Temp\cc8qfDKJ.s 			page 10


 347              		.file 7 "Generated_Source\\PSoC5/CyLib.h"
 348              		.file 8 "Generated_Source\\PSoC5/Interrupt.h"
 349              		.file 9 "Balldispenser.h"
 350              		.file 10 "CoinDetection.h"
 351              		.file 11 "Generated_Source\\PSoC5/isr_detection.h"
 352              		.file 12 "Generated_Source\\PSoC5/UART.h"
 353              		.section	.debug_info,"",%progbits
 354              	.Ldebug_info0:
 355 0000 43040000 		.4byte	0x443
 356 0004 0400     		.2byte	0x4
 357 0006 00000000 		.4byte	.Ldebug_abbrev0
 358 000a 04       		.byte	0x4
 359 000b 01       		.uleb128 0x1
 360 000c B9000000 		.4byte	.LASF46
 361 0010 0C       		.byte	0xc
 362 0011 A2000000 		.4byte	.LASF47
 363 0015 89010000 		.4byte	.LASF48
 364 0019 00000000 		.4byte	.Ldebug_ranges0+0
 365 001d 00000000 		.4byte	0
 366 0021 00000000 		.4byte	.Ldebug_line0
 367 0025 02       		.uleb128 0x2
 368 0026 01       		.byte	0x1
 369 0027 06       		.byte	0x6
 370 0028 01030000 		.4byte	.LASF0
 371 002c 03       		.uleb128 0x3
 372 002d 0E000000 		.4byte	.LASF4
 373 0031 02       		.byte	0x2
 374 0032 1D       		.byte	0x1d
 375 0033 37000000 		.4byte	0x37
 376 0037 02       		.uleb128 0x2
 377 0038 01       		.byte	0x1
 378 0039 08       		.byte	0x8
 379 003a AB000000 		.4byte	.LASF1
 380 003e 02       		.uleb128 0x2
 381 003f 02       		.byte	0x2
 382 0040 05       		.byte	0x5
 383 0041 B8020000 		.4byte	.LASF2
 384 0045 02       		.uleb128 0x2
 385 0046 02       		.byte	0x2
 386 0047 07       		.byte	0x7
 387 0048 59010000 		.4byte	.LASF3
 388 004c 03       		.uleb128 0x3
 389 004d 22000000 		.4byte	.LASF5
 390 0051 02       		.byte	0x2
 391 0052 3F       		.byte	0x3f
 392 0053 57000000 		.4byte	0x57
 393 0057 02       		.uleb128 0x2
 394 0058 04       		.byte	0x4
 395 0059 05       		.byte	0x5
 396 005a E1020000 		.4byte	.LASF6
 397 005e 02       		.uleb128 0x2
 398 005f 04       		.byte	0x4
 399 0060 07       		.byte	0x7
 400 0061 47010000 		.4byte	.LASF7
 401 0065 02       		.uleb128 0x2
 402 0066 08       		.byte	0x8
 403 0067 05       		.byte	0x5
ARM GAS  C:\Users\au576633\AppData\Local\Temp\cc8qfDKJ.s 			page 11


 404 0068 94000000 		.4byte	.LASF8
 405 006c 02       		.uleb128 0x2
 406 006d 08       		.byte	0x8
 407 006e 07       		.byte	0x7
 408 006f 45020000 		.4byte	.LASF9
 409 0073 04       		.uleb128 0x4
 410 0074 04       		.byte	0x4
 411 0075 05       		.byte	0x5
 412 0076 696E7400 		.ascii	"int\000"
 413 007a 02       		.uleb128 0x2
 414 007b 04       		.byte	0x4
 415 007c 07       		.byte	0x7
 416 007d 38020000 		.4byte	.LASF10
 417 0081 03       		.uleb128 0x3
 418 0082 5C020000 		.4byte	.LASF11
 419 0086 03       		.byte	0x3
 420 0087 18       		.byte	0x18
 421 0088 2C000000 		.4byte	0x2c
 422 008c 03       		.uleb128 0x3
 423 008d 6E020000 		.4byte	.LASF12
 424 0091 03       		.byte	0x3
 425 0092 2C       		.byte	0x2c
 426 0093 4C000000 		.4byte	0x4c
 427 0097 05       		.uleb128 0x5
 428 0098 C2020000 		.4byte	.LASF13
 429 009c 04       		.byte	0x4
 430 009d E401     		.2byte	0x1e4
 431 009f 37000000 		.4byte	0x37
 432 00a3 05       		.uleb128 0x5
 433 00a4 23020000 		.4byte	.LASF14
 434 00a8 04       		.byte	0x4
 435 00a9 E601     		.2byte	0x1e6
 436 00ab 5E000000 		.4byte	0x5e
 437 00af 02       		.uleb128 0x2
 438 00b0 04       		.byte	0x4
 439 00b1 04       		.byte	0x4
 440 00b2 8E000000 		.4byte	.LASF15
 441 00b6 02       		.uleb128 0x2
 442 00b7 08       		.byte	0x8
 443 00b8 04       		.byte	0x4
 444 00b9 E7010000 		.4byte	.LASF16
 445 00bd 02       		.uleb128 0x2
 446 00be 01       		.byte	0x1
 447 00bf 08       		.byte	0x8
 448 00c0 9D020000 		.4byte	.LASF17
 449 00c4 05       		.uleb128 0x5
 450 00c5 08000000 		.4byte	.LASF18
 451 00c9 04       		.byte	0x4
 452 00ca 9002     		.2byte	0x290
 453 00cc D0000000 		.4byte	0xd0
 454 00d0 06       		.uleb128 0x6
 455 00d1 A3000000 		.4byte	0xa3
 456 00d5 02       		.uleb128 0x2
 457 00d6 08       		.byte	0x8
 458 00d7 04       		.byte	0x4
 459 00d8 F5020000 		.4byte	.LASF19
 460 00dc 02       		.uleb128 0x2
ARM GAS  C:\Users\au576633\AppData\Local\Temp\cc8qfDKJ.s 			page 12


 461 00dd 04       		.byte	0x4
 462 00de 07       		.byte	0x7
 463 00df 76020000 		.4byte	.LASF20
 464 00e3 07       		.uleb128 0x7
 465 00e4 3C030000 		.4byte	.LASF21
 466 00e8 01       		.byte	0x1
 467 00e9 3A       		.byte	0x3a
 468 00ea 00000000 		.4byte	.LFB65
 469 00ee 18000000 		.4byte	.LFE65-.LFB65
 470 00f2 01       		.uleb128 0x1
 471 00f3 9C       		.byte	0x9c
 472 00f4 10010000 		.4byte	0x110
 473 00f8 08       		.uleb128 0x8
 474 00f9 00000000 		.4byte	.LBB2
 475 00fd 10000000 		.4byte	.LBE2-.LBB2
 476 0101 09       		.uleb128 0x9
 477 0102 6900     		.ascii	"i\000"
 478 0104 01       		.byte	0x1
 479 0105 3C       		.byte	0x3c
 480 0106 73000000 		.4byte	0x73
 481 010a 00000000 		.4byte	.LLST0
 482 010e 00       		.byte	0
 483 010f 00       		.byte	0
 484 0110 07       		.uleb128 0x7
 485 0111 91020000 		.4byte	.LASF22
 486 0115 01       		.byte	0x1
 487 0116 1F       		.byte	0x1f
 488 0117 00000000 		.4byte	.LFB64
 489 011b 30000000 		.4byte	.LFE64-.LFB64
 490 011f 01       		.uleb128 0x1
 491 0120 9C       		.byte	0x9c
 492 0121 72010000 		.4byte	0x172
 493 0125 0A       		.uleb128 0xa
 494 0126 06000000 		.4byte	.LVL3
 495 012a 96030000 		.4byte	0x396
 496 012e 0B       		.uleb128 0xb
 497 012f 14000000 		.4byte	.LVL4
 498 0133 A1030000 		.4byte	0x3a1
 499 0137 4B010000 		.4byte	0x14b
 500 013b 0C       		.uleb128 0xc
 501 013c 01       		.uleb128 0x1
 502 013d 50       		.byte	0x50
 503 013e 05       		.uleb128 0x5
 504 013f 03       		.byte	0x3
 505 0140 00000000 		.4byte	readBuffer
 506 0144 0C       		.uleb128 0xc
 507 0145 01       		.uleb128 0x1
 508 0146 51       		.byte	0x51
 509 0147 02       		.uleb128 0x2
 510 0148 09       		.byte	0x9
 511 0149 FF       		.byte	0xff
 512 014a 00       		.byte	0
 513 014b 0B       		.uleb128 0xb
 514 014c 1C000000 		.4byte	.LVL5
 515 0150 AC030000 		.4byte	0x3ac
 516 0154 68010000 		.4byte	0x168
 517 0158 0C       		.uleb128 0xc
ARM GAS  C:\Users\au576633\AppData\Local\Temp\cc8qfDKJ.s 			page 13


 518 0159 01       		.uleb128 0x1
 519 015a 50       		.byte	0x50
 520 015b 05       		.uleb128 0x5
 521 015c 03       		.byte	0x3
 522 015d 00000000 		.4byte	writeBuffer
 523 0161 0C       		.uleb128 0xc
 524 0162 01       		.uleb128 0x1
 525 0163 51       		.byte	0x51
 526 0164 02       		.uleb128 0x2
 527 0165 09       		.byte	0x9
 528 0166 FF       		.byte	0xff
 529 0167 00       		.byte	0
 530 0168 0A       		.uleb128 0xa
 531 0169 20000000 		.4byte	.LVL6
 532 016d E3000000 		.4byte	0xe3
 533 0171 00       		.byte	0
 534 0172 0D       		.uleb128 0xd
 535 0173 64020000 		.4byte	.LASF49
 536 0177 01       		.byte	0x1
 537 0178 60       		.byte	0x60
 538 0179 00000000 		.4byte	.LFB68
 539 017d 30000000 		.4byte	.LFE68-.LFB68
 540 0181 01       		.uleb128 0x1
 541 0182 9C       		.byte	0x9c
 542 0183 F1010000 		.4byte	0x1f1
 543 0187 0E       		.uleb128 0xe
 544 0188 00000000 		.4byte	.LASF50
 545 018c 01       		.byte	0x1
 546 018d 60       		.byte	0x60
 547 018e 81000000 		.4byte	0x81
 548 0192 1F000000 		.4byte	.LLST1
 549 0196 0A       		.uleb128 0xa
 550 0197 08000000 		.4byte	.LVL8
 551 019b E3000000 		.4byte	0xe3
 552 019f 0A       		.uleb128 0xa
 553 01a0 10000000 		.4byte	.LVL9
 554 01a4 B7030000 		.4byte	0x3b7
 555 01a8 0B       		.uleb128 0xb
 556 01a9 16000000 		.4byte	.LVL10
 557 01ad C2030000 		.4byte	0x3c2
 558 01b1 BB010000 		.4byte	0x1bb
 559 01b5 0C       		.uleb128 0xc
 560 01b6 01       		.uleb128 0x1
 561 01b7 50       		.byte	0x50
 562 01b8 01       		.uleb128 0x1
 563 01b9 31       		.byte	0x31
 564 01ba 00       		.byte	0
 565 01bb 0B       		.uleb128 0xb
 566 01bc 1C000000 		.4byte	.LVL11
 567 01c0 CD030000 		.4byte	0x3cd
 568 01c4 CE010000 		.4byte	0x1ce
 569 01c8 0C       		.uleb128 0xc
 570 01c9 01       		.uleb128 0x1
 571 01ca 50       		.byte	0x50
 572 01cb 01       		.uleb128 0x1
 573 01cc 30       		.byte	0x30
 574 01cd 00       		.byte	0
ARM GAS  C:\Users\au576633\AppData\Local\Temp\cc8qfDKJ.s 			page 14


 575 01ce 0B       		.uleb128 0xb
 576 01cf 22000000 		.4byte	.LVL12
 577 01d3 C2030000 		.4byte	0x3c2
 578 01d7 E1010000 		.4byte	0x1e1
 579 01db 0C       		.uleb128 0xc
 580 01dc 01       		.uleb128 0x1
 581 01dd 50       		.byte	0x50
 582 01de 01       		.uleb128 0x1
 583 01df 3F       		.byte	0x3f
 584 01e0 00       		.byte	0
 585 01e1 0F       		.uleb128 0xf
 586 01e2 28000000 		.4byte	.LVL13
 587 01e6 CD030000 		.4byte	0x3cd
 588 01ea 0C       		.uleb128 0xc
 589 01eb 01       		.uleb128 0x1
 590 01ec 50       		.byte	0x50
 591 01ed 01       		.uleb128 0x1
 592 01ee 31       		.byte	0x31
 593 01ef 00       		.byte	0
 594 01f0 00       		.byte	0
 595 01f1 07       		.uleb128 0x7
 596 01f2 79010000 		.4byte	.LASF23
 597 01f6 01       		.byte	0x1
 598 01f7 53       		.byte	0x53
 599 01f8 00000000 		.4byte	.LFB67
 600 01fc 22000000 		.4byte	.LFE67-.LFB67
 601 0200 01       		.uleb128 0x1
 602 0201 9C       		.byte	0x9c
 603 0202 3C020000 		.4byte	0x23c
 604 0206 0A       		.uleb128 0xa
 605 0207 06000000 		.4byte	.LVL14
 606 020b D8030000 		.4byte	0x3d8
 607 020f 0B       		.uleb128 0xb
 608 0210 10000000 		.4byte	.LVL15
 609 0214 72010000 		.4byte	0x172
 610 0218 23020000 		.4byte	0x223
 611 021c 0C       		.uleb128 0xc
 612 021d 01       		.uleb128 0x1
 613 021e 50       		.byte	0x50
 614 021f 02       		.uleb128 0x2
 615 0220 08       		.byte	0x8
 616 0221 20       		.byte	0x20
 617 0222 00       		.byte	0
 618 0223 0A       		.uleb128 0xa
 619 0224 16000000 		.4byte	.LVL16
 620 0228 D8030000 		.4byte	0x3d8
 621 022c 0F       		.uleb128 0xf
 622 022d 20000000 		.4byte	.LVL17
 623 0231 72010000 		.4byte	0x172
 624 0235 0C       		.uleb128 0xc
 625 0236 01       		.uleb128 0x1
 626 0237 50       		.byte	0x50
 627 0238 01       		.uleb128 0x1
 628 0239 4F       		.byte	0x4f
 629 023a 00       		.byte	0
 630 023b 00       		.byte	0
 631 023c 07       		.uleb128 0x7
ARM GAS  C:\Users\au576633\AppData\Local\Temp\cc8qfDKJ.s 			page 15


 632 023d 81000000 		.4byte	.LASF24
 633 0241 01       		.byte	0x1
 634 0242 45       		.byte	0x45
 635 0243 00000000 		.4byte	.LFB66
 636 0247 2A000000 		.4byte	.LFE66-.LFB66
 637 024b 01       		.uleb128 0x1
 638 024c 9C       		.byte	0x9c
 639 024d A4020000 		.4byte	0x2a4
 640 0251 0A       		.uleb128 0xa
 641 0252 06000000 		.4byte	.LVL18
 642 0256 E3030000 		.4byte	0x3e3
 643 025a 0A       		.uleb128 0xa
 644 025b 0A000000 		.4byte	.LVL19
 645 025f D8030000 		.4byte	0x3d8
 646 0263 0A       		.uleb128 0xa
 647 0264 12000000 		.4byte	.LVL20
 648 0268 EE030000 		.4byte	0x3ee
 649 026c 0A       		.uleb128 0xa
 650 026d 16000000 		.4byte	.LVL21
 651 0271 F1010000 		.4byte	0x1f1
 652 0275 0B       		.uleb128 0xb
 653 0276 1C000000 		.4byte	.LVL22
 654 027a 72010000 		.4byte	0x172
 655 027e 88020000 		.4byte	0x288
 656 0282 0C       		.uleb128 0xc
 657 0283 01       		.uleb128 0x1
 658 0284 50       		.byte	0x50
 659 0285 01       		.uleb128 0x1
 660 0286 4E       		.byte	0x4e
 661 0287 00       		.byte	0
 662 0288 0A       		.uleb128 0xa
 663 0289 20000000 		.4byte	.LVL23
 664 028d F9030000 		.4byte	0x3f9
 665 0291 0A       		.uleb128 0xa
 666 0292 24000000 		.4byte	.LVL24
 667 0296 04040000 		.4byte	0x404
 668 029a 0A       		.uleb128 0xa
 669 029b 28000000 		.4byte	.LVL25
 670 029f 0F040000 		.4byte	0x40f
 671 02a3 00       		.byte	0
 672 02a4 07       		.uleb128 0x7
 673 02a5 7F020000 		.4byte	.LASF25
 674 02a9 01       		.byte	0x1
 675 02aa 7B       		.byte	0x7b
 676 02ab 00000000 		.4byte	.LFB69
 677 02af 50000000 		.4byte	.LFE69-.LFB69
 678 02b3 01       		.uleb128 0x1
 679 02b4 9C       		.byte	0x9c
 680 02b5 44030000 		.4byte	0x344
 681 02b9 10       		.uleb128 0x10
 682 02ba 0C000000 		.4byte	.LBB3
 683 02be 44000000 		.4byte	.LBE3-.LBB3
 684 02c2 3A030000 		.4byte	0x33a
 685 02c6 11       		.uleb128 0x11
 686 02c7 18000000 		.4byte	.LASF26
 687 02cb 01       		.byte	0x1
 688 02cc 80       		.byte	0x80
ARM GAS  C:\Users\au576633\AppData\Local\Temp\cc8qfDKJ.s 			page 16


 689 02cd 73000000 		.4byte	0x73
 690 02d1 40000000 		.4byte	.LLST2
 691 02d5 10       		.uleb128 0x10
 692 02d6 12000000 		.4byte	.LBB4
 693 02da 3E000000 		.4byte	.LBE4-.LBB4
 694 02de 30030000 		.4byte	0x330
 695 02e2 09       		.uleb128 0x9
 696 02e3 6900     		.ascii	"i\000"
 697 02e5 01       		.byte	0x1
 698 02e6 81       		.byte	0x81
 699 02e7 73000000 		.4byte	0x73
 700 02eb 5E000000 		.4byte	.LLST3
 701 02ef 0B       		.uleb128 0xb
 702 02f0 2A000000 		.4byte	.LVL30
 703 02f4 1A040000 		.4byte	0x41a
 704 02f8 06030000 		.4byte	0x306
 705 02fc 0C       		.uleb128 0xc
 706 02fd 01       		.uleb128 0x1
 707 02fe 50       		.byte	0x50
 708 02ff 05       		.uleb128 0x5
 709 0300 03       		.byte	0x3
 710 0301 00000000 		.4byte	.LC0
 711 0305 00       		.byte	0
 712 0306 0A       		.uleb128 0xa
 713 0307 2E000000 		.4byte	.LVL31
 714 030b 25040000 		.4byte	0x425
 715 030f 0B       		.uleb128 0xb
 716 0310 36000000 		.4byte	.LVL32
 717 0314 1A040000 		.4byte	0x41a
 718 0318 26030000 		.4byte	0x326
 719 031c 0C       		.uleb128 0xc
 720 031d 01       		.uleb128 0x1
 721 031e 50       		.byte	0x50
 722 031f 05       		.uleb128 0x5
 723 0320 03       		.byte	0x3
 724 0321 0C000000 		.4byte	.LC1
 725 0325 00       		.byte	0
 726 0326 0A       		.uleb128 0xa
 727 0327 3A000000 		.4byte	.LVL33
 728 032b EE030000 		.4byte	0x3ee
 729 032f 00       		.byte	0
 730 0330 0A       		.uleb128 0xa
 731 0331 10000000 		.4byte	.LVL27
 732 0335 30040000 		.4byte	0x430
 733 0339 00       		.byte	0
 734 033a 0A       		.uleb128 0xa
 735 033b 06000000 		.4byte	.LVL26
 736 033f 3B040000 		.4byte	0x43b
 737 0343 00       		.byte	0
 738 0344 12       		.uleb128 0x12
 739 0345 6C010000 		.4byte	.LASF27
 740 0349 05       		.byte	0x5
 741 034a 1207     		.2byte	0x712
 742 034c 50030000 		.4byte	0x350
 743 0350 06       		.uleb128 0x6
 744 0351 8C000000 		.4byte	0x8c
 745 0355 13       		.uleb128 0x13
ARM GAS  C:\Users\au576633\AppData\Local\Temp\cc8qfDKJ.s 			page 17


 746 0356 6E00     		.ascii	"n\000"
 747 0358 01       		.byte	0x1
 748 0359 09       		.byte	0x9
 749 035a 73000000 		.4byte	0x73
 750 035e 05       		.uleb128 0x5
 751 035f 03       		.byte	0x3
 752 0360 00000000 		.4byte	n
 753 0364 14       		.uleb128 0x14
 754 0365 81000000 		.4byte	0x81
 755 0369 74030000 		.4byte	0x374
 756 036d 15       		.uleb128 0x15
 757 036e DC000000 		.4byte	0xdc
 758 0372 FF       		.byte	0xff
 759 0373 00       		.byte	0
 760 0374 16       		.uleb128 0x16
 761 0375 EA020000 		.4byte	.LASF28
 762 0379 01       		.byte	0x1
 763 037a 0D       		.byte	0xd
 764 037b 64030000 		.4byte	0x364
 765 037f 05       		.uleb128 0x5
 766 0380 03       		.byte	0x3
 767 0381 00000000 		.4byte	readBuffer
 768 0385 16       		.uleb128 0x16
 769 0386 2C000000 		.4byte	.LASF29
 770 038a 01       		.byte	0x1
 771 038b 0E       		.byte	0xe
 772 038c 64030000 		.4byte	0x364
 773 0390 05       		.uleb128 0x5
 774 0391 03       		.byte	0x3
 775 0392 00000000 		.4byte	writeBuffer
 776 0396 17       		.uleb128 0x17
 777 0397 77000000 		.4byte	.LASF30
 778 039b 77000000 		.4byte	.LASF30
 779 039f 06       		.byte	0x6
 780 03a0 93       		.byte	0x93
 781 03a1 17       		.uleb128 0x17
 782 03a2 0D030000 		.4byte	.LASF31
 783 03a6 0D030000 		.4byte	.LASF31
 784 03aa 06       		.byte	0x6
 785 03ab C5       		.byte	0xc5
 786 03ac 17       		.uleb128 0x17
 787 03ad A2020000 		.4byte	.LASF32
 788 03b1 A2020000 		.4byte	.LASF32
 789 03b5 06       		.byte	0x6
 790 03b6 C7       		.byte	0xc7
 791 03b7 17       		.uleb128 0x17
 792 03b8 54030000 		.4byte	.LASF33
 793 03bc 54030000 		.4byte	.LASF33
 794 03c0 06       		.byte	0x6
 795 03c1 CB       		.byte	0xcb
 796 03c2 17       		.uleb128 0x17
 797 03c3 4C030000 		.4byte	.LASF34
 798 03c7 4C030000 		.4byte	.LASF34
 799 03cb 07       		.byte	0x7
 800 03cc 76       		.byte	0x76
 801 03cd 17       		.uleb128 0x17
 802 03ce EE010000 		.4byte	.LASF35
ARM GAS  C:\Users\au576633\AppData\Local\Temp\cc8qfDKJ.s 			page 18


 803 03d2 EE010000 		.4byte	.LASF35
 804 03d6 08       		.byte	0x8
 805 03d7 26       		.byte	0x26
 806 03d8 17       		.uleb128 0x17
 807 03d9 31030000 		.4byte	.LASF36
 808 03dd 31030000 		.4byte	.LASF36
 809 03e1 09       		.byte	0x9
 810 03e2 0E       		.byte	0xe
 811 03e3 17       		.uleb128 0x17
 812 03e4 0F020000 		.4byte	.LASF37
 813 03e8 0F020000 		.4byte	.LASF37
 814 03ec 0A       		.byte	0xa
 815 03ed 10       		.byte	0x10
 816 03ee 17       		.uleb128 0x17
 817 03ef FE010000 		.4byte	.LASF38
 818 03f3 FE010000 		.4byte	.LASF38
 819 03f7 0A       		.byte	0xa
 820 03f8 12       		.byte	0x12
 821 03f9 17       		.uleb128 0x17
 822 03fa 2A020000 		.4byte	.LASF39
 823 03fe 2A020000 		.4byte	.LASF39
 824 0402 09       		.byte	0x9
 825 0403 0D       		.byte	0xd
 826 0404 17       		.uleb128 0x17
 827 0405 48000000 		.4byte	.LASF40
 828 0409 48000000 		.4byte	.LASF40
 829 040d 0B       		.byte	0xb
 830 040e 23       		.byte	0x23
 831 040f 17       		.uleb128 0x17
 832 0410 6A030000 		.4byte	.LASF41
 833 0414 6A030000 		.4byte	.LASF41
 834 0418 0B       		.byte	0xb
 835 0419 28       		.byte	0x28
 836 041a 17       		.uleb128 0x17
 837 041b 22030000 		.4byte	.LASF42
 838 041f 22030000 		.4byte	.LASF42
 839 0423 0C       		.byte	0xc
 840 0424 8B       		.byte	0x8b
 841 0425 17       		.uleb128 0x17
 842 0426 38000000 		.4byte	.LASF43
 843 042a 38000000 		.4byte	.LASF43
 844 042e 0A       		.byte	0xa
 845 042f 14       		.byte	0x14
 846 0430 17       		.uleb128 0x17
 847 0431 C8020000 		.4byte	.LASF44
 848 0435 C8020000 		.4byte	.LASF44
 849 0439 06       		.byte	0x6
 850 043a CA       		.byte	0xca
 851 043b 17       		.uleb128 0x17
 852 043c 5D000000 		.4byte	.LASF45
 853 0440 5D000000 		.4byte	.LASF45
 854 0444 06       		.byte	0x6
 855 0445 C0       		.byte	0xc0
 856 0446 00       		.byte	0
 857              		.section	.debug_abbrev,"",%progbits
 858              	.Ldebug_abbrev0:
 859 0000 01       		.uleb128 0x1
ARM GAS  C:\Users\au576633\AppData\Local\Temp\cc8qfDKJ.s 			page 19


 860 0001 11       		.uleb128 0x11
 861 0002 01       		.byte	0x1
 862 0003 25       		.uleb128 0x25
 863 0004 0E       		.uleb128 0xe
 864 0005 13       		.uleb128 0x13
 865 0006 0B       		.uleb128 0xb
 866 0007 03       		.uleb128 0x3
 867 0008 0E       		.uleb128 0xe
 868 0009 1B       		.uleb128 0x1b
 869 000a 0E       		.uleb128 0xe
 870 000b 55       		.uleb128 0x55
 871 000c 17       		.uleb128 0x17
 872 000d 11       		.uleb128 0x11
 873 000e 01       		.uleb128 0x1
 874 000f 10       		.uleb128 0x10
 875 0010 17       		.uleb128 0x17
 876 0011 00       		.byte	0
 877 0012 00       		.byte	0
 878 0013 02       		.uleb128 0x2
 879 0014 24       		.uleb128 0x24
 880 0015 00       		.byte	0
 881 0016 0B       		.uleb128 0xb
 882 0017 0B       		.uleb128 0xb
 883 0018 3E       		.uleb128 0x3e
 884 0019 0B       		.uleb128 0xb
 885 001a 03       		.uleb128 0x3
 886 001b 0E       		.uleb128 0xe
 887 001c 00       		.byte	0
 888 001d 00       		.byte	0
 889 001e 03       		.uleb128 0x3
 890 001f 16       		.uleb128 0x16
 891 0020 00       		.byte	0
 892 0021 03       		.uleb128 0x3
 893 0022 0E       		.uleb128 0xe
 894 0023 3A       		.uleb128 0x3a
 895 0024 0B       		.uleb128 0xb
 896 0025 3B       		.uleb128 0x3b
 897 0026 0B       		.uleb128 0xb
 898 0027 49       		.uleb128 0x49
 899 0028 13       		.uleb128 0x13
 900 0029 00       		.byte	0
 901 002a 00       		.byte	0
 902 002b 04       		.uleb128 0x4
 903 002c 24       		.uleb128 0x24
 904 002d 00       		.byte	0
 905 002e 0B       		.uleb128 0xb
 906 002f 0B       		.uleb128 0xb
 907 0030 3E       		.uleb128 0x3e
 908 0031 0B       		.uleb128 0xb
 909 0032 03       		.uleb128 0x3
 910 0033 08       		.uleb128 0x8
 911 0034 00       		.byte	0
 912 0035 00       		.byte	0
 913 0036 05       		.uleb128 0x5
 914 0037 16       		.uleb128 0x16
 915 0038 00       		.byte	0
 916 0039 03       		.uleb128 0x3
ARM GAS  C:\Users\au576633\AppData\Local\Temp\cc8qfDKJ.s 			page 20


 917 003a 0E       		.uleb128 0xe
 918 003b 3A       		.uleb128 0x3a
 919 003c 0B       		.uleb128 0xb
 920 003d 3B       		.uleb128 0x3b
 921 003e 05       		.uleb128 0x5
 922 003f 49       		.uleb128 0x49
 923 0040 13       		.uleb128 0x13
 924 0041 00       		.byte	0
 925 0042 00       		.byte	0
 926 0043 06       		.uleb128 0x6
 927 0044 35       		.uleb128 0x35
 928 0045 00       		.byte	0
 929 0046 49       		.uleb128 0x49
 930 0047 13       		.uleb128 0x13
 931 0048 00       		.byte	0
 932 0049 00       		.byte	0
 933 004a 07       		.uleb128 0x7
 934 004b 2E       		.uleb128 0x2e
 935 004c 01       		.byte	0x1
 936 004d 3F       		.uleb128 0x3f
 937 004e 19       		.uleb128 0x19
 938 004f 03       		.uleb128 0x3
 939 0050 0E       		.uleb128 0xe
 940 0051 3A       		.uleb128 0x3a
 941 0052 0B       		.uleb128 0xb
 942 0053 3B       		.uleb128 0x3b
 943 0054 0B       		.uleb128 0xb
 944 0055 11       		.uleb128 0x11
 945 0056 01       		.uleb128 0x1
 946 0057 12       		.uleb128 0x12
 947 0058 06       		.uleb128 0x6
 948 0059 40       		.uleb128 0x40
 949 005a 18       		.uleb128 0x18
 950 005b 9742     		.uleb128 0x2117
 951 005d 19       		.uleb128 0x19
 952 005e 01       		.uleb128 0x1
 953 005f 13       		.uleb128 0x13
 954 0060 00       		.byte	0
 955 0061 00       		.byte	0
 956 0062 08       		.uleb128 0x8
 957 0063 0B       		.uleb128 0xb
 958 0064 01       		.byte	0x1
 959 0065 11       		.uleb128 0x11
 960 0066 01       		.uleb128 0x1
 961 0067 12       		.uleb128 0x12
 962 0068 06       		.uleb128 0x6
 963 0069 00       		.byte	0
 964 006a 00       		.byte	0
 965 006b 09       		.uleb128 0x9
 966 006c 34       		.uleb128 0x34
 967 006d 00       		.byte	0
 968 006e 03       		.uleb128 0x3
 969 006f 08       		.uleb128 0x8
 970 0070 3A       		.uleb128 0x3a
 971 0071 0B       		.uleb128 0xb
 972 0072 3B       		.uleb128 0x3b
 973 0073 0B       		.uleb128 0xb
ARM GAS  C:\Users\au576633\AppData\Local\Temp\cc8qfDKJ.s 			page 21


 974 0074 49       		.uleb128 0x49
 975 0075 13       		.uleb128 0x13
 976 0076 02       		.uleb128 0x2
 977 0077 17       		.uleb128 0x17
 978 0078 00       		.byte	0
 979 0079 00       		.byte	0
 980 007a 0A       		.uleb128 0xa
 981 007b 898201   		.uleb128 0x4109
 982 007e 00       		.byte	0
 983 007f 11       		.uleb128 0x11
 984 0080 01       		.uleb128 0x1
 985 0081 31       		.uleb128 0x31
 986 0082 13       		.uleb128 0x13
 987 0083 00       		.byte	0
 988 0084 00       		.byte	0
 989 0085 0B       		.uleb128 0xb
 990 0086 898201   		.uleb128 0x4109
 991 0089 01       		.byte	0x1
 992 008a 11       		.uleb128 0x11
 993 008b 01       		.uleb128 0x1
 994 008c 31       		.uleb128 0x31
 995 008d 13       		.uleb128 0x13
 996 008e 01       		.uleb128 0x1
 997 008f 13       		.uleb128 0x13
 998 0090 00       		.byte	0
 999 0091 00       		.byte	0
 1000 0092 0C       		.uleb128 0xc
 1001 0093 8A8201   		.uleb128 0x410a
 1002 0096 00       		.byte	0
 1003 0097 02       		.uleb128 0x2
 1004 0098 18       		.uleb128 0x18
 1005 0099 9142     		.uleb128 0x2111
 1006 009b 18       		.uleb128 0x18
 1007 009c 00       		.byte	0
 1008 009d 00       		.byte	0
 1009 009e 0D       		.uleb128 0xd
 1010 009f 2E       		.uleb128 0x2e
 1011 00a0 01       		.byte	0x1
 1012 00a1 3F       		.uleb128 0x3f
 1013 00a2 19       		.uleb128 0x19
 1014 00a3 03       		.uleb128 0x3
 1015 00a4 0E       		.uleb128 0xe
 1016 00a5 3A       		.uleb128 0x3a
 1017 00a6 0B       		.uleb128 0xb
 1018 00a7 3B       		.uleb128 0x3b
 1019 00a8 0B       		.uleb128 0xb
 1020 00a9 27       		.uleb128 0x27
 1021 00aa 19       		.uleb128 0x19
 1022 00ab 11       		.uleb128 0x11
 1023 00ac 01       		.uleb128 0x1
 1024 00ad 12       		.uleb128 0x12
 1025 00ae 06       		.uleb128 0x6
 1026 00af 40       		.uleb128 0x40
 1027 00b0 18       		.uleb128 0x18
 1028 00b1 9742     		.uleb128 0x2117
 1029 00b3 19       		.uleb128 0x19
 1030 00b4 01       		.uleb128 0x1
ARM GAS  C:\Users\au576633\AppData\Local\Temp\cc8qfDKJ.s 			page 22


 1031 00b5 13       		.uleb128 0x13
 1032 00b6 00       		.byte	0
 1033 00b7 00       		.byte	0
 1034 00b8 0E       		.uleb128 0xe
 1035 00b9 05       		.uleb128 0x5
 1036 00ba 00       		.byte	0
 1037 00bb 03       		.uleb128 0x3
 1038 00bc 0E       		.uleb128 0xe
 1039 00bd 3A       		.uleb128 0x3a
 1040 00be 0B       		.uleb128 0xb
 1041 00bf 3B       		.uleb128 0x3b
 1042 00c0 0B       		.uleb128 0xb
 1043 00c1 49       		.uleb128 0x49
 1044 00c2 13       		.uleb128 0x13
 1045 00c3 02       		.uleb128 0x2
 1046 00c4 17       		.uleb128 0x17
 1047 00c5 00       		.byte	0
 1048 00c6 00       		.byte	0
 1049 00c7 0F       		.uleb128 0xf
 1050 00c8 898201   		.uleb128 0x4109
 1051 00cb 01       		.byte	0x1
 1052 00cc 11       		.uleb128 0x11
 1053 00cd 01       		.uleb128 0x1
 1054 00ce 31       		.uleb128 0x31
 1055 00cf 13       		.uleb128 0x13
 1056 00d0 00       		.byte	0
 1057 00d1 00       		.byte	0
 1058 00d2 10       		.uleb128 0x10
 1059 00d3 0B       		.uleb128 0xb
 1060 00d4 01       		.byte	0x1
 1061 00d5 11       		.uleb128 0x11
 1062 00d6 01       		.uleb128 0x1
 1063 00d7 12       		.uleb128 0x12
 1064 00d8 06       		.uleb128 0x6
 1065 00d9 01       		.uleb128 0x1
 1066 00da 13       		.uleb128 0x13
 1067 00db 00       		.byte	0
 1068 00dc 00       		.byte	0
 1069 00dd 11       		.uleb128 0x11
 1070 00de 34       		.uleb128 0x34
 1071 00df 00       		.byte	0
 1072 00e0 03       		.uleb128 0x3
 1073 00e1 0E       		.uleb128 0xe
 1074 00e2 3A       		.uleb128 0x3a
 1075 00e3 0B       		.uleb128 0xb
 1076 00e4 3B       		.uleb128 0x3b
 1077 00e5 0B       		.uleb128 0xb
 1078 00e6 49       		.uleb128 0x49
 1079 00e7 13       		.uleb128 0x13
 1080 00e8 02       		.uleb128 0x2
 1081 00e9 17       		.uleb128 0x17
 1082 00ea 00       		.byte	0
 1083 00eb 00       		.byte	0
 1084 00ec 12       		.uleb128 0x12
 1085 00ed 34       		.uleb128 0x34
 1086 00ee 00       		.byte	0
 1087 00ef 03       		.uleb128 0x3
ARM GAS  C:\Users\au576633\AppData\Local\Temp\cc8qfDKJ.s 			page 23


 1088 00f0 0E       		.uleb128 0xe
 1089 00f1 3A       		.uleb128 0x3a
 1090 00f2 0B       		.uleb128 0xb
 1091 00f3 3B       		.uleb128 0x3b
 1092 00f4 05       		.uleb128 0x5
 1093 00f5 49       		.uleb128 0x49
 1094 00f6 13       		.uleb128 0x13
 1095 00f7 3F       		.uleb128 0x3f
 1096 00f8 19       		.uleb128 0x19
 1097 00f9 3C       		.uleb128 0x3c
 1098 00fa 19       		.uleb128 0x19
 1099 00fb 00       		.byte	0
 1100 00fc 00       		.byte	0
 1101 00fd 13       		.uleb128 0x13
 1102 00fe 34       		.uleb128 0x34
 1103 00ff 00       		.byte	0
 1104 0100 03       		.uleb128 0x3
 1105 0101 08       		.uleb128 0x8
 1106 0102 3A       		.uleb128 0x3a
 1107 0103 0B       		.uleb128 0xb
 1108 0104 3B       		.uleb128 0x3b
 1109 0105 0B       		.uleb128 0xb
 1110 0106 49       		.uleb128 0x49
 1111 0107 13       		.uleb128 0x13
 1112 0108 3F       		.uleb128 0x3f
 1113 0109 19       		.uleb128 0x19
 1114 010a 02       		.uleb128 0x2
 1115 010b 18       		.uleb128 0x18
 1116 010c 00       		.byte	0
 1117 010d 00       		.byte	0
 1118 010e 14       		.uleb128 0x14
 1119 010f 01       		.uleb128 0x1
 1120 0110 01       		.byte	0x1
 1121 0111 49       		.uleb128 0x49
 1122 0112 13       		.uleb128 0x13
 1123 0113 01       		.uleb128 0x1
 1124 0114 13       		.uleb128 0x13
 1125 0115 00       		.byte	0
 1126 0116 00       		.byte	0
 1127 0117 15       		.uleb128 0x15
 1128 0118 21       		.uleb128 0x21
 1129 0119 00       		.byte	0
 1130 011a 49       		.uleb128 0x49
 1131 011b 13       		.uleb128 0x13
 1132 011c 2F       		.uleb128 0x2f
 1133 011d 0B       		.uleb128 0xb
 1134 011e 00       		.byte	0
 1135 011f 00       		.byte	0
 1136 0120 16       		.uleb128 0x16
 1137 0121 34       		.uleb128 0x34
 1138 0122 00       		.byte	0
 1139 0123 03       		.uleb128 0x3
 1140 0124 0E       		.uleb128 0xe
 1141 0125 3A       		.uleb128 0x3a
 1142 0126 0B       		.uleb128 0xb
 1143 0127 3B       		.uleb128 0x3b
 1144 0128 0B       		.uleb128 0xb
ARM GAS  C:\Users\au576633\AppData\Local\Temp\cc8qfDKJ.s 			page 24


 1145 0129 49       		.uleb128 0x49
 1146 012a 13       		.uleb128 0x13
 1147 012b 3F       		.uleb128 0x3f
 1148 012c 19       		.uleb128 0x19
 1149 012d 02       		.uleb128 0x2
 1150 012e 18       		.uleb128 0x18
 1151 012f 00       		.byte	0
 1152 0130 00       		.byte	0
 1153 0131 17       		.uleb128 0x17
 1154 0132 2E       		.uleb128 0x2e
 1155 0133 00       		.byte	0
 1156 0134 3F       		.uleb128 0x3f
 1157 0135 19       		.uleb128 0x19
 1158 0136 3C       		.uleb128 0x3c
 1159 0137 19       		.uleb128 0x19
 1160 0138 6E       		.uleb128 0x6e
 1161 0139 0E       		.uleb128 0xe
 1162 013a 03       		.uleb128 0x3
 1163 013b 0E       		.uleb128 0xe
 1164 013c 3A       		.uleb128 0x3a
 1165 013d 0B       		.uleb128 0xb
 1166 013e 3B       		.uleb128 0x3b
 1167 013f 0B       		.uleb128 0xb
 1168 0140 00       		.byte	0
 1169 0141 00       		.byte	0
 1170 0142 00       		.byte	0
 1171              		.section	.debug_loc,"",%progbits
 1172              	.Ldebug_loc0:
 1173              	.LLST0:
 1174 0000 00000000 		.4byte	.LVL0
 1175 0004 04000000 		.4byte	.LVL1
 1176 0008 0200     		.2byte	0x2
 1177 000a 30       		.byte	0x30
 1178 000b 9F       		.byte	0x9f
 1179 000c 04000000 		.4byte	.LVL1
 1180 0010 18000000 		.4byte	.LFE65
 1181 0014 0100     		.2byte	0x1
 1182 0016 53       		.byte	0x53
 1183 0017 00000000 		.4byte	0
 1184 001b 00000000 		.4byte	0
 1185              	.LLST1:
 1186 001f 00000000 		.4byte	.LVL7
 1187 0023 07000000 		.4byte	.LVL8-1
 1188 0027 0100     		.2byte	0x1
 1189 0029 50       		.byte	0x50
 1190 002a 07000000 		.4byte	.LVL8-1
 1191 002e 30000000 		.4byte	.LFE68
 1192 0032 0400     		.2byte	0x4
 1193 0034 F3       		.byte	0xf3
 1194 0035 01       		.uleb128 0x1
 1195 0036 50       		.byte	0x50
 1196 0037 9F       		.byte	0x9f
 1197 0038 00000000 		.4byte	0
 1198 003c 00000000 		.4byte	0
 1199              	.LLST2:
 1200 0040 12000000 		.4byte	.LVL28
 1201 0044 16000000 		.4byte	.LVL29
ARM GAS  C:\Users\au576633\AppData\Local\Temp\cc8qfDKJ.s 			page 25


 1202 0048 0100     		.2byte	0x1
 1203 004a 50       		.byte	0x50
 1204 004b 16000000 		.4byte	.LVL29
 1205 004f 40000000 		.4byte	.LVL35
 1206 0053 0100     		.2byte	0x1
 1207 0055 55       		.byte	0x55
 1208 0056 00000000 		.4byte	0
 1209 005a 00000000 		.4byte	0
 1210              	.LLST3:
 1211 005e 12000000 		.4byte	.LVL28
 1212 0062 16000000 		.4byte	.LVL29
 1213 0066 0200     		.2byte	0x2
 1214 0068 30       		.byte	0x30
 1215 0069 9F       		.byte	0x9f
 1216 006a 16000000 		.4byte	.LVL29
 1217 006e 40000000 		.4byte	.LVL35
 1218 0072 0100     		.2byte	0x1
 1219 0074 54       		.byte	0x54
 1220 0075 00000000 		.4byte	0
 1221 0079 00000000 		.4byte	0
 1222              		.section	.debug_aranges,"",%progbits
 1223 0000 44000000 		.4byte	0x44
 1224 0004 0200     		.2byte	0x2
 1225 0006 00000000 		.4byte	.Ldebug_info0
 1226 000a 04       		.byte	0x4
 1227 000b 00       		.byte	0
 1228 000c 0000     		.2byte	0
 1229 000e 0000     		.2byte	0
 1230 0010 00000000 		.4byte	.LFB65
 1231 0014 18000000 		.4byte	.LFE65-.LFB65
 1232 0018 00000000 		.4byte	.LFB64
 1233 001c 30000000 		.4byte	.LFE64-.LFB64
 1234 0020 00000000 		.4byte	.LFB68
 1235 0024 30000000 		.4byte	.LFE68-.LFB68
 1236 0028 00000000 		.4byte	.LFB67
 1237 002c 22000000 		.4byte	.LFE67-.LFB67
 1238 0030 00000000 		.4byte	.LFB66
 1239 0034 2A000000 		.4byte	.LFE66-.LFB66
 1240 0038 00000000 		.4byte	.LFB69
 1241 003c 50000000 		.4byte	.LFE69-.LFB69
 1242 0040 00000000 		.4byte	0
 1243 0044 00000000 		.4byte	0
 1244              		.section	.debug_ranges,"",%progbits
 1245              	.Ldebug_ranges0:
 1246 0000 00000000 		.4byte	.LFB65
 1247 0004 18000000 		.4byte	.LFE65
 1248 0008 00000000 		.4byte	.LFB64
 1249 000c 30000000 		.4byte	.LFE64
 1250 0010 00000000 		.4byte	.LFB68
 1251 0014 30000000 		.4byte	.LFE68
 1252 0018 00000000 		.4byte	.LFB67
 1253 001c 22000000 		.4byte	.LFE67
 1254 0020 00000000 		.4byte	.LFB66
 1255 0024 2A000000 		.4byte	.LFE66
 1256 0028 00000000 		.4byte	.LFB69
 1257 002c 50000000 		.4byte	.LFE69
 1258 0030 00000000 		.4byte	0
ARM GAS  C:\Users\au576633\AppData\Local\Temp\cc8qfDKJ.s 			page 26


 1259 0034 00000000 		.4byte	0
 1260              		.section	.debug_line,"",%progbits
 1261              	.Ldebug_line0:
 1262 0000 59020000 		.section	.debug_str,"MS",%progbits,1
 1262      0200B401 
 1262      00000201 
 1262      FB0E0D00 
 1262      01010101 
 1263              	.LASF50:
 1264 0000 6D657373 		.ascii	"message\000"
 1264      61676500 
 1265              	.LASF18:
 1266 0008 72656733 		.ascii	"reg32\000"
 1266      3200
 1267              	.LASF4:
 1268 000e 5F5F7569 		.ascii	"__uint8_t\000"
 1268      6E74385F 
 1268      7400
 1269              	.LASF26:
 1270 0018 77726974 		.ascii	"writeSize\000"
 1270      6553697A 
 1270      6500
 1271              	.LASF5:
 1272 0022 5F5F696E 		.ascii	"__int32_t\000"
 1272      7433325F 
 1272      7400
 1273              	.LASF29:
 1274 002c 77726974 		.ascii	"writeBuffer\000"
 1274      65427566 
 1274      66657200 
 1275              	.LASF43:
 1276 0038 656E6162 		.ascii	"enableDispenser\000"
 1276      6C654469 
 1276      7370656E 
 1276      73657200 
 1277              	.LASF40:
 1278 0048 6973725F 		.ascii	"isr_detection_Enable\000"
 1278      64657465 
 1278      6374696F 
 1278      6E5F456E 
 1278      61626C65 
 1279              	.LASF45:
 1280 005d 4932435F 		.ascii	"I2C_SlaveClearWriteStatus\000"
 1280      536C6176 
 1280      65436C65 
 1280      61725772 
 1280      69746553 
 1281              	.LASF30:
 1282 0077 4932435F 		.ascii	"I2C_Start\000"
 1282      53746172 
 1282      7400
 1283              	.LASF24:
 1284 0081 636F696E 		.ascii	"coinInserted\000"
 1284      496E7365 
 1284      72746564 
 1284      00
 1285              	.LASF15:
ARM GAS  C:\Users\au576633\AppData\Local\Temp\cc8qfDKJ.s 			page 27


 1286 008e 666C6F61 		.ascii	"float\000"
 1286      7400
 1287              	.LASF8:
 1288 0094 6C6F6E67 		.ascii	"long long int\000"
 1288      206C6F6E 
 1288      6720696E 
 1288      7400
 1289              	.LASF47:
 1290 00a2 5250695F 		.ascii	"RPi_IF.c\000"
 1290      49462E63 
 1290      00
 1291              	.LASF1:
 1292 00ab 756E7369 		.ascii	"unsigned char\000"
 1292      676E6564 
 1292      20636861 
 1292      7200
 1293              	.LASF46:
 1294 00b9 474E5520 		.ascii	"GNU C11 5.4.1 20160609 (release) [ARM/embedded-5-br"
 1294      43313120 
 1294      352E342E 
 1294      31203230 
 1294      31363036 
 1295 00ec 616E6368 		.ascii	"anch revision 237715] -mcpu=cortex-m3 -mthumb -g -O"
 1295      20726576 
 1295      6973696F 
 1295      6E203233 
 1295      37373135 
 1296 011f 67202D66 		.ascii	"g -ffunction-sections -ffat-lto-objects\000"
 1296      66756E63 
 1296      74696F6E 
 1296      2D736563 
 1296      74696F6E 
 1297              	.LASF7:
 1298 0147 6C6F6E67 		.ascii	"long unsigned int\000"
 1298      20756E73 
 1298      69676E65 
 1298      6420696E 
 1298      7400
 1299              	.LASF3:
 1300 0159 73686F72 		.ascii	"short unsigned int\000"
 1300      7420756E 
 1300      7369676E 
 1300      65642069 
 1300      6E7400
 1301              	.LASF27:
 1302 016c 49544D5F 		.ascii	"ITM_RxBuffer\000"
 1302      52784275 
 1302      66666572 
 1302      00
 1303              	.LASF23:
 1304 0179 64697370 		.ascii	"dispenserStatus\000"
 1304      656E7365 
 1304      72537461 
 1304      74757300 
 1305              	.LASF48:
 1306 0189 5C5C766D 		.ascii	"\\\\vmware-host\\Shared Folders\\Documents\\BallDis"
 1306      77617265 
ARM GAS  C:\Users\au576633\AppData\Local\Temp\cc8qfDKJ.s 			page 28


 1306      2D686F73 
 1306      745C5368 
 1306      61726564 
 1307 01b7 70417070 		.ascii	"pApp\\Workspace12\\Bolddispenser_CoinMaster.cydsn\000"
 1307      5C576F72 
 1307      6B737061 
 1307      63653132 
 1307      5C426F6C 
 1308              	.LASF16:
 1309 01e7 646F7562 		.ascii	"double\000"
 1309      6C6500
 1310              	.LASF35:
 1311 01ee 496E7465 		.ascii	"Interrupt_Write\000"
 1311      72727570 
 1311      745F5772 
 1311      69746500 
 1312              	.LASF38:
 1313 01fe 64697361 		.ascii	"disableDispenser\000"
 1313      626C6544 
 1313      69737065 
 1313      6E736572 
 1313      00
 1314              	.LASF37:
 1315 020f 68616E64 		.ascii	"handleCoinDetection\000"
 1315      6C65436F 
 1315      696E4465 
 1315      74656374 
 1315      696F6E00 
 1316              	.LASF14:
 1317 0223 75696E74 		.ascii	"uint32\000"
 1317      333200
 1318              	.LASF39:
 1319 022a 44697370 		.ascii	"DispenseBalls\000"
 1319      656E7365 
 1319      42616C6C 
 1319      7300
 1320              	.LASF10:
 1321 0238 756E7369 		.ascii	"unsigned int\000"
 1321      676E6564 
 1321      20696E74 
 1321      00
 1322              	.LASF9:
 1323 0245 6C6F6E67 		.ascii	"long long unsigned int\000"
 1323      206C6F6E 
 1323      6720756E 
 1323      7369676E 
 1323      65642069 
 1324              	.LASF11:
 1325 025c 75696E74 		.ascii	"uint8_t\000"
 1325      385F7400 
 1326              	.LASF49:
 1327 0264 53656E64 		.ascii	"SendToRPi\000"
 1327      546F5250 
 1327      6900
 1328              	.LASF12:
 1329 026e 696E7433 		.ascii	"int32_t\000"
 1329      325F7400 
ARM GAS  C:\Users\au576633\AppData\Local\Temp\cc8qfDKJ.s 			page 29


 1330              	.LASF20:
 1331 0276 73697A65 		.ascii	"sizetype\000"
 1331      74797065 
 1331      00
 1332              	.LASF25:
 1333 027f 5250695F 		.ascii	"RPi_IF_handleData\000"
 1333      49465F68 
 1333      616E646C 
 1333      65446174 
 1333      6100
 1334              	.LASF22:
 1335 0291 5250495F 		.ascii	"RPI_IF_init\000"
 1335      49465F69 
 1335      6E697400 
 1336              	.LASF17:
 1337 029d 63686172 		.ascii	"char\000"
 1337      00
 1338              	.LASF32:
 1339 02a2 4932435F 		.ascii	"I2C_SlaveInitWriteBuf\000"
 1339      536C6176 
 1339      65496E69 
 1339      74577269 
 1339      74654275 
 1340              	.LASF2:
 1341 02b8 73686F72 		.ascii	"short int\000"
 1341      7420696E 
 1341      7400
 1342              	.LASF13:
 1343 02c2 75696E74 		.ascii	"uint8\000"
 1343      3800
 1344              	.LASF44:
 1345 02c8 4932435F 		.ascii	"I2C_SlaveGetWriteBufSize\000"
 1345      536C6176 
 1345      65476574 
 1345      57726974 
 1345      65427566 
 1346              	.LASF6:
 1347 02e1 6C6F6E67 		.ascii	"long int\000"
 1347      20696E74 
 1347      00
 1348              	.LASF28:
 1349 02ea 72656164 		.ascii	"readBuffer\000"
 1349      42756666 
 1349      657200
 1350              	.LASF19:
 1351 02f5 6C6F6E67 		.ascii	"long double\000"
 1351      20646F75 
 1351      626C6500 
 1352              	.LASF0:
 1353 0301 7369676E 		.ascii	"signed char\000"
 1353      65642063 
 1353      68617200 
 1354              	.LASF31:
 1355 030d 4932435F 		.ascii	"I2C_SlaveInitReadBuf\000"
 1355      536C6176 
 1355      65496E69 
 1355      74526561 
ARM GAS  C:\Users\au576633\AppData\Local\Temp\cc8qfDKJ.s 			page 30


 1355      64427566 
 1356              	.LASF42:
 1357 0322 55415254 		.ascii	"UART_PutString\000"
 1357      5F507574 
 1357      53747269 
 1357      6E6700
 1358              	.LASF36:
 1359 0331 636F756E 		.ascii	"countBalls\000"
 1359      7442616C 
 1359      6C7300
 1360              	.LASF21:
 1361 033c 72657365 		.ascii	"resetReadBuffer\000"
 1361      74526561 
 1361      64427566 
 1361      66657200 
 1362              	.LASF34:
 1363 034c 43794465 		.ascii	"CyDelay\000"
 1363      6C617900 
 1364              	.LASF33:
 1365 0354 4932435F 		.ascii	"I2C_SlaveClearReadBuf\000"
 1365      536C6176 
 1365      65436C65 
 1365      61725265 
 1365      61644275 
 1366              	.LASF41:
 1367 036a 6973725F 		.ascii	"isr_detection_ClearPending\000"
 1367      64657465 
 1367      6374696F 
 1367      6E5F436C 
 1367      65617250 
 1368              		.ident	"GCC: (GNU Tools for ARM Embedded Processors) 5.4.1 20160609 (release) [ARM/embedded-5-bran
