ARM GAS  C:\Users\au576633\AppData\Local\Temp\ccrSkLhH.s 			page 1


   1              		.syntax unified
   2              		.cpu cortex-m3
   3              		.fpu softvfp
   4              		.eabi_attribute 20, 1
   5              		.eabi_attribute 21, 1
   6              		.eabi_attribute 23, 3
   7              		.eabi_attribute 24, 1
   8              		.eabi_attribute 25, 1
   9              		.eabi_attribute 26, 1
  10              		.eabi_attribute 30, 1
  11              		.eabi_attribute 34, 1
  12              		.eabi_attribute 18, 4
  13              		.thumb
  14              		.syntax unified
  15              		.file	"UART_debug.c"
  16              		.text
  17              	.Ltext0:
  18              		.cfi_sections	.debug_frame
  19              		.section	.text.handleCommand,"ax",%progbits
  20              		.align	2
  21              		.global	handleCommand
  22              		.thumb
  23              		.thumb_func
  24              		.type	handleCommand, %function
  25              	handleCommand:
  26              	.LFB64:
  27              		.file 1 "UART_debug.c"
   1:UART_debug.c  ****  #include "UART_debug.h"
   2:UART_debug.c  **** 
   3:UART_debug.c  **** void handleCommand(char cmd)
   4:UART_debug.c  **** {
  28              		.loc 1 4 0
  29              		.cfi_startproc
  30              		@ args = 0, pretend = 0, frame = 0
  31              		@ frame_needed = 0, uses_anonymous_args = 0
  32              	.LVL0:
  33 0000 08B5     		push	{r3, lr}
  34              		.cfi_def_cfa_offset 8
  35              		.cfi_offset 3, -8
  36              		.cfi_offset 14, -4
   5:UART_debug.c  ****     switch(cmd)
  37              		.loc 1 5 0
  38 0002 3138     		subs	r0, r0, #49
  39              	.LVL1:
  40 0004 4828     		cmp	r0, #72
  41 0006 41D8     		bhi	.L1
  42 0008 DFE800F0 		tbb	[pc, r0]
  43              	.L4:
  44 000c 25       		.byte	(.L3-.L4)/2
  45 000d 29       		.byte	(.L5-.L4)/2
  46 000e 40       		.byte	(.L1-.L4)/2
  47 000f 40       		.byte	(.L1-.L4)/2
  48 0010 40       		.byte	(.L1-.L4)/2
  49 0011 40       		.byte	(.L1-.L4)/2
  50 0012 40       		.byte	(.L1-.L4)/2
  51 0013 40       		.byte	(.L1-.L4)/2
  52 0014 40       		.byte	(.L1-.L4)/2
ARM GAS  C:\Users\au576633\AppData\Local\Temp\ccrSkLhH.s 			page 2


  53 0015 40       		.byte	(.L1-.L4)/2
  54 0016 40       		.byte	(.L1-.L4)/2
  55 0017 40       		.byte	(.L1-.L4)/2
  56 0018 40       		.byte	(.L1-.L4)/2
  57 0019 40       		.byte	(.L1-.L4)/2
  58 001a 40       		.byte	(.L1-.L4)/2
  59 001b 40       		.byte	(.L1-.L4)/2
  60 001c 40       		.byte	(.L1-.L4)/2
  61 001d 40       		.byte	(.L1-.L4)/2
  62 001e 40       		.byte	(.L1-.L4)/2
  63 001f 40       		.byte	(.L1-.L4)/2
  64 0020 40       		.byte	(.L1-.L4)/2
  65 0021 40       		.byte	(.L1-.L4)/2
  66 0022 40       		.byte	(.L1-.L4)/2
  67 0023 40       		.byte	(.L1-.L4)/2
  68 0024 40       		.byte	(.L1-.L4)/2
  69 0025 40       		.byte	(.L1-.L4)/2
  70 0026 40       		.byte	(.L1-.L4)/2
  71 0027 40       		.byte	(.L1-.L4)/2
  72 0028 40       		.byte	(.L1-.L4)/2
  73 0029 40       		.byte	(.L1-.L4)/2
  74 002a 40       		.byte	(.L1-.L4)/2
  75 002b 40       		.byte	(.L1-.L4)/2
  76 002c 40       		.byte	(.L1-.L4)/2
  77 002d 40       		.byte	(.L1-.L4)/2
  78 002e 40       		.byte	(.L1-.L4)/2
  79 002f 40       		.byte	(.L1-.L4)/2
  80 0030 40       		.byte	(.L1-.L4)/2
  81 0031 40       		.byte	(.L1-.L4)/2
  82 0032 40       		.byte	(.L1-.L4)/2
  83 0033 40       		.byte	(.L1-.L4)/2
  84 0034 40       		.byte	(.L1-.L4)/2
  85 0035 40       		.byte	(.L1-.L4)/2
  86 0036 40       		.byte	(.L1-.L4)/2
  87 0037 40       		.byte	(.L1-.L4)/2
  88 0038 40       		.byte	(.L1-.L4)/2
  89 0039 40       		.byte	(.L1-.L4)/2
  90 003a 40       		.byte	(.L1-.L4)/2
  91 003b 40       		.byte	(.L1-.L4)/2
  92 003c 30       		.byte	(.L6-.L4)/2
  93 003d 40       		.byte	(.L1-.L4)/2
  94 003e 40       		.byte	(.L1-.L4)/2
  95 003f 40       		.byte	(.L1-.L4)/2
  96 0040 40       		.byte	(.L1-.L4)/2
  97 0041 40       		.byte	(.L1-.L4)/2
  98 0042 40       		.byte	(.L1-.L4)/2
  99 0043 40       		.byte	(.L1-.L4)/2
 100 0044 40       		.byte	(.L1-.L4)/2
 101 0045 40       		.byte	(.L1-.L4)/2
 102 0046 40       		.byte	(.L1-.L4)/2
 103 0047 40       		.byte	(.L1-.L4)/2
 104 0048 40       		.byte	(.L1-.L4)/2
 105 0049 40       		.byte	(.L1-.L4)/2
 106 004a 40       		.byte	(.L1-.L4)/2
 107 004b 3E       		.byte	(.L7-.L4)/2
 108 004c 40       		.byte	(.L1-.L4)/2
 109 004d 2D       		.byte	(.L8-.L4)/2
ARM GAS  C:\Users\au576633\AppData\Local\Temp\ccrSkLhH.s 			page 3


 110 004e 40       		.byte	(.L1-.L4)/2
 111 004f 33       		.byte	(.L9-.L4)/2
 112 0050 3A       		.byte	(.L10-.L4)/2
 113 0051 40       		.byte	(.L1-.L4)/2
 114 0052 40       		.byte	(.L1-.L4)/2
 115 0053 40       		.byte	(.L1-.L4)/2
 116 0054 36       		.byte	(.L11-.L4)/2
 117 0055 00       		.p2align 1
 118              	.L3:
   6:UART_debug.c  ****     {
   7:UART_debug.c  ****         
   8:UART_debug.c  ****         case '1' :
   9:UART_debug.c  ****         {
  10:UART_debug.c  ****             DispenseBalls(1);
 119              		.loc 1 10 0
 120 0056 0120     		movs	r0, #1
 121 0058 FFF7FEFF 		bl	DispenseBalls
 122              	.LVL2:
  11:UART_debug.c  ****         }
  12:UART_debug.c  ****             break;
 123              		.loc 1 12 0
 124 005c 08BD     		pop	{r3, pc}
 125              	.L5:
  13:UART_debug.c  ****         
  14:UART_debug.c  ****         case '2' :
  15:UART_debug.c  ****         {
  16:UART_debug.c  ****             DispenseBalls(2);
 126              		.loc 1 16 0
 127 005e 0220     		movs	r0, #2
 128 0060 FFF7FEFF 		bl	DispenseBalls
 129              	.LVL3:
  17:UART_debug.c  ****         }
  18:UART_debug.c  ****             break;
 130              		.loc 1 18 0
 131 0064 08BD     		pop	{r3, pc}
 132              	.L8:
  19:UART_debug.c  ****         
  20:UART_debug.c  ****         case 'r' :
  21:UART_debug.c  ****         {
  22:UART_debug.c  ****             rejectCoin();
 133              		.loc 1 22 0
 134 0066 FFF7FEFF 		bl	rejectCoin
 135              	.LVL4:
  23:UART_debug.c  ****         }
  24:UART_debug.c  ****             break;
 136              		.loc 1 24 0
 137 006a 08BD     		pop	{r3, pc}
 138              	.L6:
  25:UART_debug.c  **** 
  26:UART_debug.c  ****         case 'a' :
  27:UART_debug.c  ****         {
  28:UART_debug.c  ****             acceptCoin();
 139              		.loc 1 28 0
 140 006c FFF7FEFF 		bl	acceptCoin
 141              	.LVL5:
  29:UART_debug.c  ****         }
  30:UART_debug.c  ****             break;
ARM GAS  C:\Users\au576633\AppData\Local\Temp\ccrSkLhH.s 			page 4


 142              		.loc 1 30 0
 143 0070 08BD     		pop	{r3, pc}
 144              	.L9:
  31:UART_debug.c  ****         case 't' :
  32:UART_debug.c  ****         {
  33:UART_debug.c  ****             coinInserted();
 145              		.loc 1 33 0
 146 0072 FFF7FEFF 		bl	coinInserted
 147              	.LVL6:
  34:UART_debug.c  ****         }
  35:UART_debug.c  ****             break;
 148              		.loc 1 35 0
 149 0076 08BD     		pop	{r3, pc}
 150              	.L11:
  36:UART_debug.c  ****         case 'y' :
  37:UART_debug.c  ****         {
  38:UART_debug.c  ****             SendToRPi(0x1f);
 151              		.loc 1 38 0
 152 0078 1F20     		movs	r0, #31
 153 007a FFF7FEFF 		bl	SendToRPi
 154              	.LVL7:
  39:UART_debug.c  ****         }
  40:UART_debug.c  ****             break;
 155              		.loc 1 40 0
 156 007e 08BD     		pop	{r3, pc}
 157              	.L10:
  41:UART_debug.c  ****         case 'u' :
  42:UART_debug.c  ****         {
  43:UART_debug.c  ****             SendToRPi(0x20);
 158              		.loc 1 43 0
 159 0080 2020     		movs	r0, #32
 160 0082 FFF7FEFF 		bl	SendToRPi
 161              	.LVL8:
  44:UART_debug.c  ****         }
  45:UART_debug.c  ****             break;
 162              		.loc 1 45 0
 163 0086 08BD     		pop	{r3, pc}
 164              	.L7:
  46:UART_debug.c  ****         
  47:UART_debug.c  ****         case 'p' :
  48:UART_debug.c  ****         {
  49:UART_debug.c  ****             countBalls();
 165              		.loc 1 49 0
 166 0088 FFF7FEFF 		bl	countBalls
 167              	.LVL9:
 168              	.L1:
 169 008c 08BD     		pop	{r3, pc}
 170              		.cfi_endproc
 171              	.LFE64:
 172              		.size	handleCommand, .-handleCommand
 173 008e 00BF     		.section	.text.handleUART,"ax",%progbits
 174              		.align	2
 175              		.global	handleUART
 176              		.thumb
 177              		.thumb_func
 178              		.type	handleUART, %function
 179              	handleUART:
ARM GAS  C:\Users\au576633\AppData\Local\Temp\ccrSkLhH.s 			page 5


 180              	.LFB65:
  50:UART_debug.c  ****         }
  51:UART_debug.c  ****             break;
  52:UART_debug.c  **** 
  53:UART_debug.c  ****         default :
  54:UART_debug.c  ****         {
  55:UART_debug.c  ****             // nothing
  56:UART_debug.c  ****         }
  57:UART_debug.c  ****             break;
  58:UART_debug.c  ****     }
  59:UART_debug.c  **** };
  60:UART_debug.c  **** 
  61:UART_debug.c  **** void handleUART()
  62:UART_debug.c  **** {
 181              		.loc 1 62 0
 182              		.cfi_startproc
 183              		@ args = 0, pretend = 0, frame = 0
 184              		@ frame_needed = 0, uses_anonymous_args = 0
 185 0000 10B5     		push	{r4, lr}
 186              		.cfi_def_cfa_offset 8
 187              		.cfi_offset 4, -8
 188              		.cfi_offset 14, -4
  63:UART_debug.c  ****     char cmdchar = UART_GetChar();
 189              		.loc 1 63 0
 190 0002 FFF7FEFF 		bl	UART_GetChar
 191              	.LVL10:
  64:UART_debug.c  ****     if (cmdchar)
 192              		.loc 1 64 0
 193 0006 40B1     		cbz	r0, .L13
 194 0008 0446     		mov	r4, r0
  65:UART_debug.c  ****     {
  66:UART_debug.c  ****         UART_PutChar(cmdchar); // echo back
 195              		.loc 1 66 0
 196 000a FFF7FEFF 		bl	UART_PutChar
 197              	.LVL11:
  67:UART_debug.c  ****         UART_PutString("\r\n");
 198              		.loc 1 67 0
 199 000e 0348     		ldr	r0, .L16
 200 0010 FFF7FEFF 		bl	UART_PutString
 201              	.LVL12:
  68:UART_debug.c  ****         handleCommand(cmdchar);
 202              		.loc 1 68 0
 203 0014 2046     		mov	r0, r4
 204 0016 FFF7FEFF 		bl	handleCommand
 205              	.LVL13:
 206              	.L13:
 207 001a 10BD     		pop	{r4, pc}
 208              	.L17:
 209              		.align	2
 210              	.L16:
 211 001c 00000000 		.word	.LC0
 212              		.cfi_endproc
 213              	.LFE65:
 214              		.size	handleUART, .-handleUART
 215              		.section	.text.ISR_UART_rx_handler,"ax",%progbits
 216              		.align	2
 217              		.global	ISR_UART_rx_handler
ARM GAS  C:\Users\au576633\AppData\Local\Temp\ccrSkLhH.s 			page 6


 218              		.thumb
 219              		.thumb_func
 220              		.type	ISR_UART_rx_handler, %function
 221              	ISR_UART_rx_handler:
 222              	.LFB66:
  69:UART_debug.c  ****     }
  70:UART_debug.c  **** };
  71:UART_debug.c  **** 
  72:UART_debug.c  **** CY_ISR(ISR_UART_rx_handler)
  73:UART_debug.c  ****         {
 223              		.loc 1 73 0
 224              		.cfi_startproc
 225              		@ args = 0, pretend = 0, frame = 0
 226              		@ frame_needed = 0, uses_anonymous_args = 0
 227 0000 08B5     		push	{r3, lr}
 228              		.cfi_def_cfa_offset 8
 229              		.cfi_offset 3, -8
 230              		.cfi_offset 14, -4
  74:UART_debug.c  ****                 handleUART();
 231              		.loc 1 74 0
 232 0002 FFF7FEFF 		bl	handleUART
 233              	.LVL14:
 234 0006 08BD     		pop	{r3, pc}
 235              		.cfi_endproc
 236              	.LFE66:
 237              		.size	ISR_UART_rx_handler, .-ISR_UART_rx_handler
 238              		.section	.text.initUART,"ax",%progbits
 239              		.align	2
 240              		.global	initUART
 241              		.thumb
 242              		.thumb_func
 243              		.type	initUART, %function
 244              	initUART:
 245              	.LFB67:
  75:UART_debug.c  ****         }
  76:UART_debug.c  **** 
  77:UART_debug.c  **** void initUART()
  78:UART_debug.c  **** {
 246              		.loc 1 78 0
 247              		.cfi_startproc
 248              		@ args = 0, pretend = 0, frame = 0
 249              		@ frame_needed = 0, uses_anonymous_args = 0
 250 0000 08B5     		push	{r3, lr}
 251              		.cfi_def_cfa_offset 8
 252              		.cfi_offset 3, -8
 253              		.cfi_offset 14, -4
  79:UART_debug.c  ****     isr_uart_rx_StartEx(ISR_UART_rx_handler);
 254              		.loc 1 79 0
 255 0002 0948     		ldr	r0, .L22
 256 0004 FFF7FEFF 		bl	isr_uart_rx_StartEx
 257              	.LVL15:
  80:UART_debug.c  ****     UART_Start();
 258              		.loc 1 80 0
 259 0008 FFF7FEFF 		bl	UART_Start
 260              	.LVL16:
  81:UART_debug.c  ****     UART_PutString("Coinmaster 2000 ready for service\r\n");
 261              		.loc 1 81 0
ARM GAS  C:\Users\au576633\AppData\Local\Temp\ccrSkLhH.s 			page 7


 262 000c 0748     		ldr	r0, .L22+4
 263 000e FFF7FEFF 		bl	UART_PutString
 264              	.LVL17:
  82:UART_debug.c  ****     UART_PutString("r: Reject Coin\r\n");
 265              		.loc 1 82 0
 266 0012 0748     		ldr	r0, .L22+8
 267 0014 FFF7FEFF 		bl	UART_PutString
 268              	.LVL18:
  83:UART_debug.c  ****     UART_PutString("a: Accept Coin\r\n");
 269              		.loc 1 83 0
 270 0018 0648     		ldr	r0, .L22+12
 271 001a FFF7FEFF 		bl	UART_PutString
 272              	.LVL19:
  84:UART_debug.c  ****     UART_PutString("R: Reset Detector ISR");
 273              		.loc 1 84 0
 274 001e 0648     		ldr	r0, .L22+16
 275 0020 FFF7FEFF 		bl	UART_PutString
 276              	.LVL20:
 277 0024 08BD     		pop	{r3, pc}
 278              	.L23:
 279 0026 00BF     		.align	2
 280              	.L22:
 281 0028 00000000 		.word	ISR_UART_rx_handler
 282 002c 04000000 		.word	.LC1
 283 0030 28000000 		.word	.LC2
 284 0034 3C000000 		.word	.LC3
 285 0038 50000000 		.word	.LC4
 286              		.cfi_endproc
 287              	.LFE67:
 288              		.size	initUART, .-initUART
 289              		.section	.rodata.str1.4,"aMS",%progbits,1
 290              		.align	2
 291              	.LC0:
 292 0000 0D0A00   		.ascii	"\015\012\000"
 293 0003 00       		.space	1
 294              	.LC1:
 295 0004 436F696E 		.ascii	"Coinmaster 2000 ready for service\015\012\000"
 295      6D617374 
 295      65722032 
 295      30303020 
 295      72656164 
 296              	.LC2:
 297 0028 723A2052 		.ascii	"r: Reject Coin\015\012\000"
 297      656A6563 
 297      7420436F 
 297      696E0D0A 
 297      00
 298 0039 000000   		.space	3
 299              	.LC3:
 300 003c 613A2041 		.ascii	"a: Accept Coin\015\012\000"
 300      63636570 
 300      7420436F 
 300      696E0D0A 
 300      00
 301 004d 000000   		.space	3
 302              	.LC4:
 303 0050 523A2052 		.ascii	"R: Reset Detector ISR\000"
ARM GAS  C:\Users\au576633\AppData\Local\Temp\ccrSkLhH.s 			page 8


 303      65736574 
 303      20446574 
 303      6563746F 
 303      72204953 
 304              		.text
 305              	.Letext0:
 306              		.file 2 "c:\\program files (x86)\\cypress\\psoc creator\\4.2\\psoc creator\\import\\gnu\\arm\\5.4.
 307              		.file 3 "c:\\program files (x86)\\cypress\\psoc creator\\4.2\\psoc creator\\import\\gnu\\arm\\5.4.
 308              		.file 4 "Balldispenser.h"
 309              		.file 5 "CoinDetection.h"
 310              		.file 6 "controller.h"
 311              		.file 7 "Generated_Source\\PSoC5/UART.h"
 312              		.file 8 "Generated_Source\\PSoC5/isr_uart_rx.h"
 313              		.file 9 "Generated_Source\\PSoC5/core_cm3.h"
 314              		.section	.debug_info,"",%progbits
 315              	.Ldebug_info0:
 316 0000 D7020000 		.4byte	0x2d7
 317 0004 0400     		.2byte	0x4
 318 0006 00000000 		.4byte	.Ldebug_abbrev0
 319 000a 04       		.byte	0x4
 320 000b 01       		.uleb128 0x1
 321 000c D6000000 		.4byte	.LASF31
 322 0010 0C       		.byte	0xc
 323 0011 BB000000 		.4byte	.LASF32
 324 0015 26000000 		.4byte	.LASF33
 325 0019 00000000 		.4byte	.Ldebug_ranges0+0
 326 001d 00000000 		.4byte	0
 327 0021 00000000 		.4byte	.Ldebug_line0
 328 0025 02       		.uleb128 0x2
 329 0026 01       		.byte	0x1
 330 0027 06       		.byte	0x6
 331 0028 5E020000 		.4byte	.LASF0
 332 002c 02       		.uleb128 0x2
 333 002d 01       		.byte	0x1
 334 002e 08       		.byte	0x8
 335 002f C8000000 		.4byte	.LASF1
 336 0033 02       		.uleb128 0x2
 337 0034 02       		.byte	0x2
 338 0035 05       		.byte	0x5
 339 0036 3F020000 		.4byte	.LASF2
 340 003a 02       		.uleb128 0x2
 341 003b 02       		.byte	0x2
 342 003c 07       		.byte	0x7
 343 003d 7F010000 		.4byte	.LASF3
 344 0041 03       		.uleb128 0x3
 345 0042 1C000000 		.4byte	.LASF9
 346 0046 02       		.byte	0x2
 347 0047 3F       		.byte	0x3f
 348 0048 4C000000 		.4byte	0x4c
 349 004c 02       		.uleb128 0x2
 350 004d 04       		.byte	0x4
 351 004e 05       		.byte	0x5
 352 004f 49020000 		.4byte	.LASF4
 353 0053 02       		.uleb128 0x2
 354 0054 04       		.byte	0x4
 355 0055 07       		.byte	0x7
 356 0056 6D010000 		.4byte	.LASF5
ARM GAS  C:\Users\au576633\AppData\Local\Temp\ccrSkLhH.s 			page 9


 357 005a 02       		.uleb128 0x2
 358 005b 08       		.byte	0x8
 359 005c 05       		.byte	0x5
 360 005d 1F020000 		.4byte	.LASF6
 361 0061 02       		.uleb128 0x2
 362 0062 08       		.byte	0x8
 363 0063 07       		.byte	0x7
 364 0064 E0010000 		.4byte	.LASF7
 365 0068 04       		.uleb128 0x4
 366 0069 04       		.byte	0x4
 367 006a 05       		.byte	0x5
 368 006b 696E7400 		.ascii	"int\000"
 369 006f 02       		.uleb128 0x2
 370 0070 04       		.byte	0x4
 371 0071 07       		.byte	0x7
 372 0072 D3010000 		.4byte	.LASF8
 373 0076 03       		.uleb128 0x3
 374 0077 01020000 		.4byte	.LASF10
 375 007b 03       		.byte	0x3
 376 007c 2C       		.byte	0x2c
 377 007d 41000000 		.4byte	0x41
 378 0081 02       		.uleb128 0x2
 379 0082 04       		.byte	0x4
 380 0083 04       		.byte	0x4
 381 0084 B5000000 		.4byte	.LASF11
 382 0088 02       		.uleb128 0x2
 383 0089 08       		.byte	0x8
 384 008a 04       		.byte	0x4
 385 008b AA010000 		.4byte	.LASF12
 386 008f 02       		.uleb128 0x2
 387 0090 01       		.byte	0x1
 388 0091 08       		.byte	0x8
 389 0092 2D020000 		.4byte	.LASF13
 390 0096 02       		.uleb128 0x2
 391 0097 08       		.byte	0x8
 392 0098 04       		.byte	0x4
 393 0099 52020000 		.4byte	.LASF14
 394 009d 02       		.uleb128 0x2
 395 009e 04       		.byte	0x4
 396 009f 07       		.byte	0x7
 397 00a0 16020000 		.4byte	.LASF15
 398 00a4 05       		.uleb128 0x5
 399 00a5 8F000000 		.4byte	.LASF16
 400 00a9 01       		.byte	0x1
 401 00aa 03       		.byte	0x3
 402 00ab 00000000 		.4byte	.LFB64
 403 00af 8E000000 		.4byte	.LFE64-.LFB64
 404 00b3 01       		.uleb128 0x1
 405 00b4 9C       		.byte	0x9c
 406 00b5 3A010000 		.4byte	0x13a
 407 00b9 06       		.uleb128 0x6
 408 00ba 636D6400 		.ascii	"cmd\000"
 409 00be 01       		.byte	0x1
 410 00bf 03       		.byte	0x3
 411 00c0 8F000000 		.4byte	0x8f
 412 00c4 00000000 		.4byte	.LLST0
 413 00c8 07       		.uleb128 0x7
ARM GAS  C:\Users\au576633\AppData\Local\Temp\ccrSkLhH.s 			page 10


 414 00c9 5C000000 		.4byte	.LVL2
 415 00cd 61020000 		.4byte	0x261
 416 00d1 DB000000 		.4byte	0xdb
 417 00d5 08       		.uleb128 0x8
 418 00d6 01       		.uleb128 0x1
 419 00d7 50       		.byte	0x50
 420 00d8 01       		.uleb128 0x1
 421 00d9 31       		.byte	0x31
 422 00da 00       		.byte	0
 423 00db 07       		.uleb128 0x7
 424 00dc 64000000 		.4byte	.LVL3
 425 00e0 61020000 		.4byte	0x261
 426 00e4 EE000000 		.4byte	0xee
 427 00e8 08       		.uleb128 0x8
 428 00e9 01       		.uleb128 0x1
 429 00ea 50       		.byte	0x50
 430 00eb 01       		.uleb128 0x1
 431 00ec 32       		.byte	0x32
 432 00ed 00       		.byte	0
 433 00ee 09       		.uleb128 0x9
 434 00ef 6A000000 		.4byte	.LVL4
 435 00f3 6C020000 		.4byte	0x26c
 436 00f7 09       		.uleb128 0x9
 437 00f8 70000000 		.4byte	.LVL5
 438 00fc 77020000 		.4byte	0x277
 439 0100 09       		.uleb128 0x9
 440 0101 76000000 		.4byte	.LVL6
 441 0105 82020000 		.4byte	0x282
 442 0109 07       		.uleb128 0x7
 443 010a 7E000000 		.4byte	.LVL7
 444 010e 8D020000 		.4byte	0x28d
 445 0112 1C010000 		.4byte	0x11c
 446 0116 08       		.uleb128 0x8
 447 0117 01       		.uleb128 0x1
 448 0118 50       		.byte	0x50
 449 0119 01       		.uleb128 0x1
 450 011a 4F       		.byte	0x4f
 451 011b 00       		.byte	0
 452 011c 07       		.uleb128 0x7
 453 011d 86000000 		.4byte	.LVL8
 454 0121 8D020000 		.4byte	0x28d
 455 0125 30010000 		.4byte	0x130
 456 0129 08       		.uleb128 0x8
 457 012a 01       		.uleb128 0x1
 458 012b 50       		.byte	0x50
 459 012c 02       		.uleb128 0x2
 460 012d 08       		.byte	0x8
 461 012e 20       		.byte	0x20
 462 012f 00       		.byte	0
 463 0130 09       		.uleb128 0x9
 464 0131 8C000000 		.4byte	.LVL9
 465 0135 98020000 		.4byte	0x298
 466 0139 00       		.byte	0
 467 013a 0A       		.uleb128 0xa
 468 013b 84020000 		.4byte	.LASF18
 469 013f 01       		.byte	0x1
 470 0140 3D       		.byte	0x3d
ARM GAS  C:\Users\au576633\AppData\Local\Temp\ccrSkLhH.s 			page 11


 471 0141 00000000 		.4byte	.LFB65
 472 0145 20000000 		.4byte	.LFE65-.LFB65
 473 0149 01       		.uleb128 0x1
 474 014a 9C       		.byte	0x9c
 475 014b A3010000 		.4byte	0x1a3
 476 014f 0B       		.uleb128 0xb
 477 0150 14000000 		.4byte	.LASF34
 478 0154 01       		.byte	0x1
 479 0155 3F       		.byte	0x3f
 480 0156 8F000000 		.4byte	0x8f
 481 015a 21000000 		.4byte	.LLST1
 482 015e 09       		.uleb128 0x9
 483 015f 06000000 		.4byte	.LVL10
 484 0163 A3020000 		.4byte	0x2a3
 485 0167 07       		.uleb128 0x7
 486 0168 0E000000 		.4byte	.LVL11
 487 016c AE020000 		.4byte	0x2ae
 488 0170 7B010000 		.4byte	0x17b
 489 0174 08       		.uleb128 0x8
 490 0175 01       		.uleb128 0x1
 491 0176 50       		.byte	0x50
 492 0177 02       		.uleb128 0x2
 493 0178 74       		.byte	0x74
 494 0179 00       		.sleb128 0
 495 017a 00       		.byte	0
 496 017b 07       		.uleb128 0x7
 497 017c 14000000 		.4byte	.LVL12
 498 0180 B9020000 		.4byte	0x2b9
 499 0184 92010000 		.4byte	0x192
 500 0188 08       		.uleb128 0x8
 501 0189 01       		.uleb128 0x1
 502 018a 50       		.byte	0x50
 503 018b 05       		.uleb128 0x5
 504 018c 03       		.byte	0x3
 505 018d 00000000 		.4byte	.LC0
 506 0191 00       		.byte	0
 507 0192 0C       		.uleb128 0xc
 508 0193 1A000000 		.4byte	.LVL13
 509 0197 A4000000 		.4byte	0xa4
 510 019b 08       		.uleb128 0x8
 511 019c 01       		.uleb128 0x1
 512 019d 50       		.byte	0x50
 513 019e 02       		.uleb128 0x2
 514 019f 74       		.byte	0x74
 515 01a0 00       		.sleb128 0
 516 01a1 00       		.byte	0
 517 01a2 00       		.byte	0
 518 01a3 05       		.uleb128 0x5
 519 01a4 B1010000 		.4byte	.LASF17
 520 01a8 01       		.byte	0x1
 521 01a9 48       		.byte	0x48
 522 01aa 00000000 		.4byte	.LFB66
 523 01ae 08000000 		.4byte	.LFE66-.LFB66
 524 01b2 01       		.uleb128 0x1
 525 01b3 9C       		.byte	0x9c
 526 01b4 C2010000 		.4byte	0x1c2
 527 01b8 09       		.uleb128 0x9
ARM GAS  C:\Users\au576633\AppData\Local\Temp\ccrSkLhH.s 			page 12


 528 01b9 06000000 		.4byte	.LVL14
 529 01bd 3A010000 		.4byte	0x13a
 530 01c1 00       		.byte	0
 531 01c2 0A       		.uleb128 0xa
 532 01c3 64010000 		.4byte	.LASF19
 533 01c7 01       		.byte	0x1
 534 01c8 4D       		.byte	0x4d
 535 01c9 00000000 		.4byte	.LFB67
 536 01cd 3C000000 		.4byte	.LFE67-.LFB67
 537 01d1 01       		.uleb128 0x1
 538 01d2 9C       		.byte	0x9c
 539 01d3 50020000 		.4byte	0x250
 540 01d7 07       		.uleb128 0x7
 541 01d8 08000000 		.4byte	.LVL15
 542 01dc C4020000 		.4byte	0x2c4
 543 01e0 EE010000 		.4byte	0x1ee
 544 01e4 08       		.uleb128 0x8
 545 01e5 01       		.uleb128 0x1
 546 01e6 50       		.byte	0x50
 547 01e7 05       		.uleb128 0x5
 548 01e8 03       		.byte	0x3
 549 01e9 00000000 		.4byte	ISR_UART_rx_handler
 550 01ed 00       		.byte	0
 551 01ee 09       		.uleb128 0x9
 552 01ef 0C000000 		.4byte	.LVL16
 553 01f3 CF020000 		.4byte	0x2cf
 554 01f7 07       		.uleb128 0x7
 555 01f8 12000000 		.4byte	.LVL17
 556 01fc B9020000 		.4byte	0x2b9
 557 0200 0E020000 		.4byte	0x20e
 558 0204 08       		.uleb128 0x8
 559 0205 01       		.uleb128 0x1
 560 0206 50       		.byte	0x50
 561 0207 05       		.uleb128 0x5
 562 0208 03       		.byte	0x3
 563 0209 04000000 		.4byte	.LC1
 564 020d 00       		.byte	0
 565 020e 07       		.uleb128 0x7
 566 020f 18000000 		.4byte	.LVL18
 567 0213 B9020000 		.4byte	0x2b9
 568 0217 25020000 		.4byte	0x225
 569 021b 08       		.uleb128 0x8
 570 021c 01       		.uleb128 0x1
 571 021d 50       		.byte	0x50
 572 021e 05       		.uleb128 0x5
 573 021f 03       		.byte	0x3
 574 0220 28000000 		.4byte	.LC2
 575 0224 00       		.byte	0
 576 0225 07       		.uleb128 0x7
 577 0226 1E000000 		.4byte	.LVL19
 578 022a B9020000 		.4byte	0x2b9
 579 022e 3C020000 		.4byte	0x23c
 580 0232 08       		.uleb128 0x8
 581 0233 01       		.uleb128 0x1
 582 0234 50       		.byte	0x50
 583 0235 05       		.uleb128 0x5
 584 0236 03       		.byte	0x3
ARM GAS  C:\Users\au576633\AppData\Local\Temp\ccrSkLhH.s 			page 13


 585 0237 3C000000 		.4byte	.LC3
 586 023b 00       		.byte	0
 587 023c 0C       		.uleb128 0xc
 588 023d 24000000 		.4byte	.LVL20
 589 0241 B9020000 		.4byte	0x2b9
 590 0245 08       		.uleb128 0x8
 591 0246 01       		.uleb128 0x1
 592 0247 50       		.byte	0x50
 593 0248 05       		.uleb128 0x5
 594 0249 03       		.byte	0x3
 595 024a 50000000 		.4byte	.LC4
 596 024e 00       		.byte	0
 597 024f 00       		.byte	0
 598 0250 0D       		.uleb128 0xd
 599 0251 9D010000 		.4byte	.LASF35
 600 0255 09       		.byte	0x9
 601 0256 1207     		.2byte	0x712
 602 0258 5C020000 		.4byte	0x25c
 603 025c 0E       		.uleb128 0xe
 604 025d 76000000 		.4byte	0x76
 605 0261 0F       		.uleb128 0xf
 606 0262 C5010000 		.4byte	.LASF20
 607 0266 C5010000 		.4byte	.LASF20
 608 026a 04       		.byte	0x4
 609 026b 0D       		.byte	0xd
 610 026c 0F       		.uleb128 0xf
 611 026d AA000000 		.4byte	.LASF21
 612 0271 AA000000 		.4byte	.LASF21
 613 0275 05       		.byte	0x5
 614 0276 0C       		.byte	0xc
 615 0277 0F       		.uleb128 0xf
 616 0278 84000000 		.4byte	.LASF22
 617 027c 84000000 		.4byte	.LASF22
 618 0280 05       		.byte	0x5
 619 0281 0E       		.byte	0xe
 620 0282 0F       		.uleb128 0xf
 621 0283 9D000000 		.4byte	.LASF23
 622 0287 9D000000 		.4byte	.LASF23
 623 028b 06       		.byte	0x6
 624 028c 0F       		.byte	0xf
 625 028d 0F       		.uleb128 0xf
 626 028e F7010000 		.4byte	.LASF24
 627 0292 F7010000 		.4byte	.LASF24
 628 0296 06       		.byte	0x6
 629 0297 17       		.byte	0x17
 630 0298 0F       		.uleb128 0xf
 631 0299 79020000 		.4byte	.LASF25
 632 029d 79020000 		.4byte	.LASF25
 633 02a1 04       		.byte	0x4
 634 02a2 0E       		.byte	0xe
 635 02a3 0F       		.uleb128 0xf
 636 02a4 32020000 		.4byte	.LASF26
 637 02a8 32020000 		.4byte	.LASF26
 638 02ac 07       		.byte	0x7
 639 02ad 71       		.byte	0x71
 640 02ae 0F       		.uleb128 0xf
 641 02af 09020000 		.4byte	.LASF27
ARM GAS  C:\Users\au576633\AppData\Local\Temp\ccrSkLhH.s 			page 14


 642 02b3 09020000 		.4byte	.LASF27
 643 02b7 07       		.byte	0x7
 644 02b8 8A       		.byte	0x8a
 645 02b9 0F       		.uleb128 0xf
 646 02ba 6A020000 		.4byte	.LASF28
 647 02be 6A020000 		.4byte	.LASF28
 648 02c2 07       		.byte	0x7
 649 02c3 8B       		.byte	0x8b
 650 02c4 0F       		.uleb128 0xf
 651 02c5 00000000 		.4byte	.LASF29
 652 02c9 00000000 		.4byte	.LASF29
 653 02cd 08       		.byte	0x8
 654 02ce 18       		.byte	0x18
 655 02cf 0F       		.uleb128 0xf
 656 02d0 92010000 		.4byte	.LASF30
 657 02d4 92010000 		.4byte	.LASF30
 658 02d8 07       		.byte	0x7
 659 02d9 54       		.byte	0x54
 660 02da 00       		.byte	0
 661              		.section	.debug_abbrev,"",%progbits
 662              	.Ldebug_abbrev0:
 663 0000 01       		.uleb128 0x1
 664 0001 11       		.uleb128 0x11
 665 0002 01       		.byte	0x1
 666 0003 25       		.uleb128 0x25
 667 0004 0E       		.uleb128 0xe
 668 0005 13       		.uleb128 0x13
 669 0006 0B       		.uleb128 0xb
 670 0007 03       		.uleb128 0x3
 671 0008 0E       		.uleb128 0xe
 672 0009 1B       		.uleb128 0x1b
 673 000a 0E       		.uleb128 0xe
 674 000b 55       		.uleb128 0x55
 675 000c 17       		.uleb128 0x17
 676 000d 11       		.uleb128 0x11
 677 000e 01       		.uleb128 0x1
 678 000f 10       		.uleb128 0x10
 679 0010 17       		.uleb128 0x17
 680 0011 00       		.byte	0
 681 0012 00       		.byte	0
 682 0013 02       		.uleb128 0x2
 683 0014 24       		.uleb128 0x24
 684 0015 00       		.byte	0
 685 0016 0B       		.uleb128 0xb
 686 0017 0B       		.uleb128 0xb
 687 0018 3E       		.uleb128 0x3e
 688 0019 0B       		.uleb128 0xb
 689 001a 03       		.uleb128 0x3
 690 001b 0E       		.uleb128 0xe
 691 001c 00       		.byte	0
 692 001d 00       		.byte	0
 693 001e 03       		.uleb128 0x3
 694 001f 16       		.uleb128 0x16
 695 0020 00       		.byte	0
 696 0021 03       		.uleb128 0x3
 697 0022 0E       		.uleb128 0xe
 698 0023 3A       		.uleb128 0x3a
ARM GAS  C:\Users\au576633\AppData\Local\Temp\ccrSkLhH.s 			page 15


 699 0024 0B       		.uleb128 0xb
 700 0025 3B       		.uleb128 0x3b
 701 0026 0B       		.uleb128 0xb
 702 0027 49       		.uleb128 0x49
 703 0028 13       		.uleb128 0x13
 704 0029 00       		.byte	0
 705 002a 00       		.byte	0
 706 002b 04       		.uleb128 0x4
 707 002c 24       		.uleb128 0x24
 708 002d 00       		.byte	0
 709 002e 0B       		.uleb128 0xb
 710 002f 0B       		.uleb128 0xb
 711 0030 3E       		.uleb128 0x3e
 712 0031 0B       		.uleb128 0xb
 713 0032 03       		.uleb128 0x3
 714 0033 08       		.uleb128 0x8
 715 0034 00       		.byte	0
 716 0035 00       		.byte	0
 717 0036 05       		.uleb128 0x5
 718 0037 2E       		.uleb128 0x2e
 719 0038 01       		.byte	0x1
 720 0039 3F       		.uleb128 0x3f
 721 003a 19       		.uleb128 0x19
 722 003b 03       		.uleb128 0x3
 723 003c 0E       		.uleb128 0xe
 724 003d 3A       		.uleb128 0x3a
 725 003e 0B       		.uleb128 0xb
 726 003f 3B       		.uleb128 0x3b
 727 0040 0B       		.uleb128 0xb
 728 0041 27       		.uleb128 0x27
 729 0042 19       		.uleb128 0x19
 730 0043 11       		.uleb128 0x11
 731 0044 01       		.uleb128 0x1
 732 0045 12       		.uleb128 0x12
 733 0046 06       		.uleb128 0x6
 734 0047 40       		.uleb128 0x40
 735 0048 18       		.uleb128 0x18
 736 0049 9742     		.uleb128 0x2117
 737 004b 19       		.uleb128 0x19
 738 004c 01       		.uleb128 0x1
 739 004d 13       		.uleb128 0x13
 740 004e 00       		.byte	0
 741 004f 00       		.byte	0
 742 0050 06       		.uleb128 0x6
 743 0051 05       		.uleb128 0x5
 744 0052 00       		.byte	0
 745 0053 03       		.uleb128 0x3
 746 0054 08       		.uleb128 0x8
 747 0055 3A       		.uleb128 0x3a
 748 0056 0B       		.uleb128 0xb
 749 0057 3B       		.uleb128 0x3b
 750 0058 0B       		.uleb128 0xb
 751 0059 49       		.uleb128 0x49
 752 005a 13       		.uleb128 0x13
 753 005b 02       		.uleb128 0x2
 754 005c 17       		.uleb128 0x17
 755 005d 00       		.byte	0
ARM GAS  C:\Users\au576633\AppData\Local\Temp\ccrSkLhH.s 			page 16


 756 005e 00       		.byte	0
 757 005f 07       		.uleb128 0x7
 758 0060 898201   		.uleb128 0x4109
 759 0063 01       		.byte	0x1
 760 0064 11       		.uleb128 0x11
 761 0065 01       		.uleb128 0x1
 762 0066 31       		.uleb128 0x31
 763 0067 13       		.uleb128 0x13
 764 0068 01       		.uleb128 0x1
 765 0069 13       		.uleb128 0x13
 766 006a 00       		.byte	0
 767 006b 00       		.byte	0
 768 006c 08       		.uleb128 0x8
 769 006d 8A8201   		.uleb128 0x410a
 770 0070 00       		.byte	0
 771 0071 02       		.uleb128 0x2
 772 0072 18       		.uleb128 0x18
 773 0073 9142     		.uleb128 0x2111
 774 0075 18       		.uleb128 0x18
 775 0076 00       		.byte	0
 776 0077 00       		.byte	0
 777 0078 09       		.uleb128 0x9
 778 0079 898201   		.uleb128 0x4109
 779 007c 00       		.byte	0
 780 007d 11       		.uleb128 0x11
 781 007e 01       		.uleb128 0x1
 782 007f 31       		.uleb128 0x31
 783 0080 13       		.uleb128 0x13
 784 0081 00       		.byte	0
 785 0082 00       		.byte	0
 786 0083 0A       		.uleb128 0xa
 787 0084 2E       		.uleb128 0x2e
 788 0085 01       		.byte	0x1
 789 0086 3F       		.uleb128 0x3f
 790 0087 19       		.uleb128 0x19
 791 0088 03       		.uleb128 0x3
 792 0089 0E       		.uleb128 0xe
 793 008a 3A       		.uleb128 0x3a
 794 008b 0B       		.uleb128 0xb
 795 008c 3B       		.uleb128 0x3b
 796 008d 0B       		.uleb128 0xb
 797 008e 11       		.uleb128 0x11
 798 008f 01       		.uleb128 0x1
 799 0090 12       		.uleb128 0x12
 800 0091 06       		.uleb128 0x6
 801 0092 40       		.uleb128 0x40
 802 0093 18       		.uleb128 0x18
 803 0094 9742     		.uleb128 0x2117
 804 0096 19       		.uleb128 0x19
 805 0097 01       		.uleb128 0x1
 806 0098 13       		.uleb128 0x13
 807 0099 00       		.byte	0
 808 009a 00       		.byte	0
 809 009b 0B       		.uleb128 0xb
 810 009c 34       		.uleb128 0x34
 811 009d 00       		.byte	0
 812 009e 03       		.uleb128 0x3
ARM GAS  C:\Users\au576633\AppData\Local\Temp\ccrSkLhH.s 			page 17


 813 009f 0E       		.uleb128 0xe
 814 00a0 3A       		.uleb128 0x3a
 815 00a1 0B       		.uleb128 0xb
 816 00a2 3B       		.uleb128 0x3b
 817 00a3 0B       		.uleb128 0xb
 818 00a4 49       		.uleb128 0x49
 819 00a5 13       		.uleb128 0x13
 820 00a6 02       		.uleb128 0x2
 821 00a7 17       		.uleb128 0x17
 822 00a8 00       		.byte	0
 823 00a9 00       		.byte	0
 824 00aa 0C       		.uleb128 0xc
 825 00ab 898201   		.uleb128 0x4109
 826 00ae 01       		.byte	0x1
 827 00af 11       		.uleb128 0x11
 828 00b0 01       		.uleb128 0x1
 829 00b1 31       		.uleb128 0x31
 830 00b2 13       		.uleb128 0x13
 831 00b3 00       		.byte	0
 832 00b4 00       		.byte	0
 833 00b5 0D       		.uleb128 0xd
 834 00b6 34       		.uleb128 0x34
 835 00b7 00       		.byte	0
 836 00b8 03       		.uleb128 0x3
 837 00b9 0E       		.uleb128 0xe
 838 00ba 3A       		.uleb128 0x3a
 839 00bb 0B       		.uleb128 0xb
 840 00bc 3B       		.uleb128 0x3b
 841 00bd 05       		.uleb128 0x5
 842 00be 49       		.uleb128 0x49
 843 00bf 13       		.uleb128 0x13
 844 00c0 3F       		.uleb128 0x3f
 845 00c1 19       		.uleb128 0x19
 846 00c2 3C       		.uleb128 0x3c
 847 00c3 19       		.uleb128 0x19
 848 00c4 00       		.byte	0
 849 00c5 00       		.byte	0
 850 00c6 0E       		.uleb128 0xe
 851 00c7 35       		.uleb128 0x35
 852 00c8 00       		.byte	0
 853 00c9 49       		.uleb128 0x49
 854 00ca 13       		.uleb128 0x13
 855 00cb 00       		.byte	0
 856 00cc 00       		.byte	0
 857 00cd 0F       		.uleb128 0xf
 858 00ce 2E       		.uleb128 0x2e
 859 00cf 00       		.byte	0
 860 00d0 3F       		.uleb128 0x3f
 861 00d1 19       		.uleb128 0x19
 862 00d2 3C       		.uleb128 0x3c
 863 00d3 19       		.uleb128 0x19
 864 00d4 6E       		.uleb128 0x6e
 865 00d5 0E       		.uleb128 0xe
 866 00d6 03       		.uleb128 0x3
 867 00d7 0E       		.uleb128 0xe
 868 00d8 3A       		.uleb128 0x3a
 869 00d9 0B       		.uleb128 0xb
ARM GAS  C:\Users\au576633\AppData\Local\Temp\ccrSkLhH.s 			page 18


 870 00da 3B       		.uleb128 0x3b
 871 00db 0B       		.uleb128 0xb
 872 00dc 00       		.byte	0
 873 00dd 00       		.byte	0
 874 00de 00       		.byte	0
 875              		.section	.debug_loc,"",%progbits
 876              	.Ldebug_loc0:
 877              	.LLST0:
 878 0000 00000000 		.4byte	.LVL0
 879 0004 04000000 		.4byte	.LVL1
 880 0008 0100     		.2byte	0x1
 881 000a 50       		.byte	0x50
 882 000b 04000000 		.4byte	.LVL1
 883 000f 8E000000 		.4byte	.LFE64
 884 0013 0400     		.2byte	0x4
 885 0015 F3       		.byte	0xf3
 886 0016 01       		.uleb128 0x1
 887 0017 50       		.byte	0x50
 888 0018 9F       		.byte	0x9f
 889 0019 00000000 		.4byte	0
 890 001d 00000000 		.4byte	0
 891              	.LLST1:
 892 0021 06000000 		.4byte	.LVL10
 893 0025 0D000000 		.4byte	.LVL11-1
 894 0029 0100     		.2byte	0x1
 895 002b 50       		.byte	0x50
 896 002c 00000000 		.4byte	0
 897 0030 00000000 		.4byte	0
 898              		.section	.debug_aranges,"",%progbits
 899 0000 34000000 		.4byte	0x34
 900 0004 0200     		.2byte	0x2
 901 0006 00000000 		.4byte	.Ldebug_info0
 902 000a 04       		.byte	0x4
 903 000b 00       		.byte	0
 904 000c 0000     		.2byte	0
 905 000e 0000     		.2byte	0
 906 0010 00000000 		.4byte	.LFB64
 907 0014 8E000000 		.4byte	.LFE64-.LFB64
 908 0018 00000000 		.4byte	.LFB65
 909 001c 20000000 		.4byte	.LFE65-.LFB65
 910 0020 00000000 		.4byte	.LFB66
 911 0024 08000000 		.4byte	.LFE66-.LFB66
 912 0028 00000000 		.4byte	.LFB67
 913 002c 3C000000 		.4byte	.LFE67-.LFB67
 914 0030 00000000 		.4byte	0
 915 0034 00000000 		.4byte	0
 916              		.section	.debug_ranges,"",%progbits
 917              	.Ldebug_ranges0:
 918 0000 00000000 		.4byte	.LFB64
 919 0004 8E000000 		.4byte	.LFE64
 920 0008 00000000 		.4byte	.LFB65
 921 000c 20000000 		.4byte	.LFE65
 922 0010 00000000 		.4byte	.LFB66
 923 0014 08000000 		.4byte	.LFE66
 924 0018 00000000 		.4byte	.LFB67
 925 001c 3C000000 		.4byte	.LFE67
 926 0020 00000000 		.4byte	0
ARM GAS  C:\Users\au576633\AppData\Local\Temp\ccrSkLhH.s 			page 19


 927 0024 00000000 		.4byte	0
 928              		.section	.debug_line,"",%progbits
 929              	.Ldebug_line0:
 930 0000 F6010000 		.section	.debug_str,"MS",%progbits,1
 930      02009601 
 930      00000201 
 930      FB0E0D00 
 930      01010101 
 931              	.LASF29:
 932 0000 6973725F 		.ascii	"isr_uart_rx_StartEx\000"
 932      75617274 
 932      5F72785F 
 932      53746172 
 932      74457800 
 933              	.LASF34:
 934 0014 636D6463 		.ascii	"cmdchar\000"
 934      68617200 
 935              	.LASF9:
 936 001c 5F5F696E 		.ascii	"__int32_t\000"
 936      7433325F 
 936      7400
 937              	.LASF33:
 938 0026 5C5C766D 		.ascii	"\\\\vmware-host\\Shared Folders\\Documents\\BallDis"
 938      77617265 
 938      2D686F73 
 938      745C5368 
 938      61726564 
 939 0054 70417070 		.ascii	"pApp\\Workspace12\\Bolddispenser_CoinMaster.cydsn\000"
 939      5C576F72 
 939      6B737061 
 939      63653132 
 939      5C426F6C 
 940              	.LASF22:
 941 0084 61636365 		.ascii	"acceptCoin\000"
 941      7074436F 
 941      696E00
 942              	.LASF16:
 943 008f 68616E64 		.ascii	"handleCommand\000"
 943      6C65436F 
 943      6D6D616E 
 943      6400
 944              	.LASF23:
 945 009d 636F696E 		.ascii	"coinInserted\000"
 945      496E7365 
 945      72746564 
 945      00
 946              	.LASF21:
 947 00aa 72656A65 		.ascii	"rejectCoin\000"
 947      6374436F 
 947      696E00
 948              	.LASF11:
 949 00b5 666C6F61 		.ascii	"float\000"
 949      7400
 950              	.LASF32:
 951 00bb 55415254 		.ascii	"UART_debug.c\000"
 951      5F646562 
 951      75672E63 
ARM GAS  C:\Users\au576633\AppData\Local\Temp\ccrSkLhH.s 			page 20


 951      00
 952              	.LASF1:
 953 00c8 756E7369 		.ascii	"unsigned char\000"
 953      676E6564 
 953      20636861 
 953      7200
 954              	.LASF31:
 955 00d6 474E5520 		.ascii	"GNU C11 5.4.1 20160609 (release) [ARM/embedded-5-br"
 955      43313120 
 955      352E342E 
 955      31203230 
 955      31363036 
 956 0109 616E6368 		.ascii	"anch revision 237715] -mcpu=cortex-m3 -mthumb -g -O"
 956      20726576 
 956      6973696F 
 956      6E203233 
 956      37373135 
 957 013c 67202D66 		.ascii	"g -ffunction-sections -ffat-lto-objects\000"
 957      66756E63 
 957      74696F6E 
 957      2D736563 
 957      74696F6E 
 958              	.LASF19:
 959 0164 696E6974 		.ascii	"initUART\000"
 959      55415254 
 959      00
 960              	.LASF5:
 961 016d 6C6F6E67 		.ascii	"long unsigned int\000"
 961      20756E73 
 961      69676E65 
 961      6420696E 
 961      7400
 962              	.LASF3:
 963 017f 73686F72 		.ascii	"short unsigned int\000"
 963      7420756E 
 963      7369676E 
 963      65642069 
 963      6E7400
 964              	.LASF30:
 965 0192 55415254 		.ascii	"UART_Start\000"
 965      5F537461 
 965      727400
 966              	.LASF35:
 967 019d 49544D5F 		.ascii	"ITM_RxBuffer\000"
 967      52784275 
 967      66666572 
 967      00
 968              	.LASF12:
 969 01aa 646F7562 		.ascii	"double\000"
 969      6C6500
 970              	.LASF17:
 971 01b1 4953525F 		.ascii	"ISR_UART_rx_handler\000"
 971      55415254 
 971      5F72785F 
 971      68616E64 
 971      6C657200 
 972              	.LASF20:
ARM GAS  C:\Users\au576633\AppData\Local\Temp\ccrSkLhH.s 			page 21


 973 01c5 44697370 		.ascii	"DispenseBalls\000"
 973      656E7365 
 973      42616C6C 
 973      7300
 974              	.LASF8:
 975 01d3 756E7369 		.ascii	"unsigned int\000"
 975      676E6564 
 975      20696E74 
 975      00
 976              	.LASF7:
 977 01e0 6C6F6E67 		.ascii	"long long unsigned int\000"
 977      206C6F6E 
 977      6720756E 
 977      7369676E 
 977      65642069 
 978              	.LASF24:
 979 01f7 53656E64 		.ascii	"SendToRPi\000"
 979      546F5250 
 979      6900
 980              	.LASF10:
 981 0201 696E7433 		.ascii	"int32_t\000"
 981      325F7400 
 982              	.LASF27:
 983 0209 55415254 		.ascii	"UART_PutChar\000"
 983      5F507574 
 983      43686172 
 983      00
 984              	.LASF15:
 985 0216 73697A65 		.ascii	"sizetype\000"
 985      74797065 
 985      00
 986              	.LASF6:
 987 021f 6C6F6E67 		.ascii	"long long int\000"
 987      206C6F6E 
 987      6720696E 
 987      7400
 988              	.LASF13:
 989 022d 63686172 		.ascii	"char\000"
 989      00
 990              	.LASF26:
 991 0232 55415254 		.ascii	"UART_GetChar\000"
 991      5F476574 
 991      43686172 
 991      00
 992              	.LASF2:
 993 023f 73686F72 		.ascii	"short int\000"
 993      7420696E 
 993      7400
 994              	.LASF4:
 995 0249 6C6F6E67 		.ascii	"long int\000"
 995      20696E74 
 995      00
 996              	.LASF14:
 997 0252 6C6F6E67 		.ascii	"long double\000"
 997      20646F75 
 997      626C6500 
 998              	.LASF0:
ARM GAS  C:\Users\au576633\AppData\Local\Temp\ccrSkLhH.s 			page 22


 999 025e 7369676E 		.ascii	"signed char\000"
 999      65642063 
 999      68617200 
 1000              	.LASF28:
 1001 026a 55415254 		.ascii	"UART_PutString\000"
 1001      5F507574 
 1001      53747269 
 1001      6E6700
 1002              	.LASF25:
 1003 0279 636F756E 		.ascii	"countBalls\000"
 1003      7442616C 
 1003      6C7300
 1004              	.LASF18:
 1005 0284 68616E64 		.ascii	"handleUART\000"
 1005      6C655541 
 1005      525400
 1006              		.ident	"GCC: (GNU Tools for ARM Embedded Processors) 5.4.1 20160609 (release) [ARM/embedded-5-bran
